2022-04-25 18:15:30.938 INFO  [acme.Launcher@main] Starting Launcher using Java 1.8.0_261 on LAPTOP-KD3M7QQ5 with PID 15700 (C:\Users\manol\Desktop\dp2\Workspace-22.0\Workspace-22.0\Frameworks\Acme-Framework-22.3\target\classes started by manol in C:\Users\manol\git\Acme-Toolkit) 
2022-04-25 18:15:30.938 DEBUG [acme.Launcher@main] Running with Spring Boot v2.4.2, Spring v5.3.3 
2022-04-25 18:15:30.939 INFO  [acme.Launcher@main] The following profiles are active: development,default 
2022-04-25 18:15:32.656 DEBUG [org.apache.jasper.servlet.JasperInitializer@main] Initializing Jasper for context [application] 
2022-04-25 18:15:35.892 DEBUG [org.apache.jasper.servlet.JspServlet@main] Scratch dir for the JSP engine is: [C:\Users\manol\AppData\Local\Temp\tomcat.8080.2719108052060743889\work\Tomcat\localhost\acme-toolkit-22.1] 
2022-04-25 18:15:35.893 DEBUG [org.apache.jasper.servlet.JspServlet@main] IMPORTANT: Do not modify the generated servlets 
2022-04-25 18:15:35.900 INFO  [acme.Launcher@main] Started Launcher in 5.411 seconds (JVM running for 5.842) 
2022-04-25 18:15:35.904 DEBUG [acme.Launcher@main] Found classpath entry '/C:/Users/manol/git/Acme-Toolkit/target/test-classes/' 
2022-04-25 18:15:35.905 DEBUG [acme.Launcher@main] Found classpath entry '/C:/Users/manol/git/Acme-Toolkit/target/classes/' 
2022-04-25 18:15:35.905 DEBUG [acme.Launcher@main] Found classpath entry '/C:/Users/manol/Desktop/dp2/Workspace-22.0/Workspace-22.0/Frameworks/Acme-Framework-22.3/target/classes/' 
2022-04-25 18:15:35.905 DEBUG [acme.Launcher@main] Found classpath entry '/C:/Users/manol/Desktop/dp2/Workspace-22.0/Workspace-22.0/Frameworks/Acme-Framework-22.3/target/test-classes/' 
2022-04-25 18:15:35.905 DEBUG [acme.Launcher@main] Found classpath entry '/C:/Users/manol/.m2/repository/org/springframework/boot/spring-boot-starter-tomcat/2.4.2/spring-boot-starter-tomcat-2.4.2.jar' 
2022-04-25 18:15:35.905 DEBUG [acme.Launcher@main] Found classpath entry '/C:/Users/manol/.m2/repository/jakarta/annotation/jakarta.annotation-api/1.3.5/jakarta.annotation-api-1.3.5.jar' 
2022-04-25 18:15:35.905 DEBUG [acme.Launcher@main] Found classpath entry '/C:/Users/manol/.m2/repository/org/apache/tomcat/embed/tomcat-embed-core/9.0.41/tomcat-embed-core-9.0.41.jar' 
2022-04-25 18:15:35.905 DEBUG [acme.Launcher@main] Found classpath entry '/C:/Users/manol/.m2/repository/org/glassfish/jakarta.el/3.0.3/jakarta.el-3.0.3.jar' 
2022-04-25 18:15:35.905 DEBUG [acme.Launcher@main] Found classpath entry '/C:/Users/manol/.m2/repository/org/apache/tomcat/embed/tomcat-embed-websocket/9.0.41/tomcat-embed-websocket-9.0.41.jar' 
2022-04-25 18:15:35.906 DEBUG [acme.Launcher@main] Found classpath entry '/C:/Users/manol/.m2/repository/org/apache/tomcat/embed/tomcat-embed-jasper/9.0.41/tomcat-embed-jasper-9.0.41.jar' 
2022-04-25 18:15:35.906 DEBUG [acme.Launcher@main] Found classpath entry '/C:/Users/manol/.m2/repository/org/apache/tomcat/embed/tomcat-embed-el/9.0.41/tomcat-embed-el-9.0.41.jar' 
2022-04-25 18:15:35.906 DEBUG [acme.Launcher@main] Found classpath entry '/C:/Users/manol/.m2/repository/org/eclipse/jdt/ecj/3.18.0/ecj-3.18.0.jar' 
2022-04-25 18:15:35.906 DEBUG [acme.Launcher@main] Found classpath entry '/C:/Users/manol/.m2/repository/javax/servlet/jstl/1.2/jstl-1.2.jar' 
2022-04-25 18:15:35.906 DEBUG [acme.Launcher@main] Found classpath entry '/C:/Users/manol/.m2/repository/org/springframework/boot/spring-boot-starter-test/2.4.2/spring-boot-starter-test-2.4.2.jar' 
2022-04-25 18:15:35.906 DEBUG [acme.Launcher@main] Found classpath entry '/C:/Users/manol/.m2/repository/org/springframework/boot/spring-boot-starter/2.4.2/spring-boot-starter-2.4.2.jar' 
2022-04-25 18:15:35.906 DEBUG [acme.Launcher@main] Found classpath entry '/C:/Users/manol/.m2/repository/org/springframework/boot/spring-boot/2.4.2/spring-boot-2.4.2.jar' 
2022-04-25 18:15:35.907 DEBUG [acme.Launcher@main] Found classpath entry '/C:/Users/manol/.m2/repository/org/springframework/boot/spring-boot-autoconfigure/2.4.2/spring-boot-autoconfigure-2.4.2.jar' 
2022-04-25 18:15:35.907 DEBUG [acme.Launcher@main] Found classpath entry '/C:/Users/manol/.m2/repository/org/springframework/boot/spring-boot-starter-logging/2.4.2/spring-boot-starter-logging-2.4.2.jar' 
2022-04-25 18:15:35.907 DEBUG [acme.Launcher@main] Found classpath entry '/C:/Users/manol/.m2/repository/ch/qos/logback/logback-classic/1.2.3/logback-classic-1.2.3.jar' 
2022-04-25 18:15:35.907 DEBUG [acme.Launcher@main] Found classpath entry '/C:/Users/manol/.m2/repository/ch/qos/logback/logback-core/1.2.3/logback-core-1.2.3.jar' 
2022-04-25 18:15:35.907 DEBUG [acme.Launcher@main] Found classpath entry '/C:/Users/manol/.m2/repository/org/apache/logging/log4j/log4j-to-slf4j/2.13.3/log4j-to-slf4j-2.13.3.jar' 
2022-04-25 18:15:35.907 DEBUG [acme.Launcher@main] Found classpath entry '/C:/Users/manol/.m2/repository/org/apache/logging/log4j/log4j-api/2.13.3/log4j-api-2.13.3.jar' 
2022-04-25 18:15:35.907 DEBUG [acme.Launcher@main] Found classpath entry '/C:/Users/manol/.m2/repository/org/slf4j/jul-to-slf4j/1.7.30/jul-to-slf4j-1.7.30.jar' 
2022-04-25 18:15:35.908 DEBUG [acme.Launcher@main] Found classpath entry '/C:/Users/manol/.m2/repository/org/yaml/snakeyaml/1.27/snakeyaml-1.27.jar' 
2022-04-25 18:15:35.908 DEBUG [acme.Launcher@main] Found classpath entry '/C:/Users/manol/.m2/repository/org/springframework/boot/spring-boot-test/2.4.2/spring-boot-test-2.4.2.jar' 
2022-04-25 18:15:35.908 DEBUG [acme.Launcher@main] Found classpath entry '/C:/Users/manol/.m2/repository/org/springframework/boot/spring-boot-test-autoconfigure/2.4.2/spring-boot-test-autoconfigure-2.4.2.jar' 
2022-04-25 18:15:35.908 DEBUG [acme.Launcher@main] Found classpath entry '/C:/Users/manol/.m2/repository/com/jayway/jsonpath/json-path/2.4.0/json-path-2.4.0.jar' 
2022-04-25 18:15:35.908 DEBUG [acme.Launcher@main] Found classpath entry '/C:/Users/manol/.m2/repository/net/minidev/json-smart/2.3/json-smart-2.3.jar' 
2022-04-25 18:15:35.908 DEBUG [acme.Launcher@main] Found classpath entry '/C:/Users/manol/.m2/repository/net/minidev/accessors-smart/1.2/accessors-smart-1.2.jar' 
2022-04-25 18:15:35.908 DEBUG [acme.Launcher@main] Found classpath entry '/C:/Users/manol/.m2/repository/org/ow2/asm/asm/5.0.4/asm-5.0.4.jar' 
2022-04-25 18:15:35.908 DEBUG [acme.Launcher@main] Found classpath entry '/C:/Users/manol/.m2/repository/jakarta/xml/bind/jakarta.xml.bind-api/2.3.3/jakarta.xml.bind-api-2.3.3.jar' 
2022-04-25 18:15:35.909 DEBUG [acme.Launcher@main] Found classpath entry '/C:/Users/manol/.m2/repository/jakarta/activation/jakarta.activation-api/1.2.2/jakarta.activation-api-1.2.2.jar' 
2022-04-25 18:15:35.909 DEBUG [acme.Launcher@main] Found classpath entry '/C:/Users/manol/.m2/repository/org/assertj/assertj-core/3.18.1/assertj-core-3.18.1.jar' 
2022-04-25 18:15:35.909 DEBUG [acme.Launcher@main] Found classpath entry '/C:/Users/manol/.m2/repository/org/hamcrest/hamcrest/2.2/hamcrest-2.2.jar' 
2022-04-25 18:15:35.909 DEBUG [acme.Launcher@main] Found classpath entry '/C:/Users/manol/.m2/repository/org/junit/jupiter/junit-jupiter/5.7.0/junit-jupiter-5.7.0.jar' 
2022-04-25 18:15:35.909 DEBUG [acme.Launcher@main] Found classpath entry '/C:/Users/manol/.m2/repository/org/mockito/mockito-core/3.6.28/mockito-core-3.6.28.jar' 
2022-04-25 18:15:35.909 DEBUG [acme.Launcher@main] Found classpath entry '/C:/Users/manol/.m2/repository/net/bytebuddy/byte-buddy-agent/1.10.19/byte-buddy-agent-1.10.19.jar' 
2022-04-25 18:15:35.909 DEBUG [acme.Launcher@main] Found classpath entry '/C:/Users/manol/.m2/repository/org/objenesis/objenesis/3.1/objenesis-3.1.jar' 
2022-04-25 18:15:35.910 DEBUG [acme.Launcher@main] Found classpath entry '/C:/Users/manol/.m2/repository/org/mockito/mockito-junit-jupiter/3.6.28/mockito-junit-jupiter-3.6.28.jar' 
2022-04-25 18:15:35.910 DEBUG [acme.Launcher@main] Found classpath entry '/C:/Users/manol/.m2/repository/org/skyscreamer/jsonassert/1.5.0/jsonassert-1.5.0.jar' 
2022-04-25 18:15:35.910 DEBUG [acme.Launcher@main] Found classpath entry '/C:/Users/manol/.m2/repository/com/vaadin/external/google/android-json/0.0.20131108.vaadin1/android-json-0.0.20131108.vaadin1.jar' 
2022-04-25 18:15:35.910 DEBUG [acme.Launcher@main] Found classpath entry '/C:/Users/manol/.m2/repository/org/springframework/spring-core/5.3.3/spring-core-5.3.3.jar' 
2022-04-25 18:15:35.910 DEBUG [acme.Launcher@main] Found classpath entry '/C:/Users/manol/.m2/repository/org/springframework/spring-jcl/5.3.3/spring-jcl-5.3.3.jar' 
2022-04-25 18:15:35.910 DEBUG [acme.Launcher@main] Found classpath entry '/C:/Users/manol/.m2/repository/org/springframework/spring-test/5.3.3/spring-test-5.3.3.jar' 
2022-04-25 18:15:35.910 DEBUG [acme.Launcher@main] Found classpath entry '/C:/Users/manol/.m2/repository/org/xmlunit/xmlunit-core/2.7.0/xmlunit-core-2.7.0.jar' 
2022-04-25 18:15:35.910 DEBUG [acme.Launcher@main] Found classpath entry '/C:/Users/manol/.m2/repository/org/springframework/boot/spring-boot-starter-security/2.4.2/spring-boot-starter-security-2.4.2.jar' 
2022-04-25 18:15:35.910 DEBUG [acme.Launcher@main] Found classpath entry '/C:/Users/manol/.m2/repository/org/springframework/spring-aop/5.3.3/spring-aop-5.3.3.jar' 
2022-04-25 18:15:35.911 DEBUG [acme.Launcher@main] Found classpath entry '/C:/Users/manol/.m2/repository/org/springframework/security/spring-security-web/5.4.2/spring-security-web-5.4.2.jar' 
2022-04-25 18:15:35.911 DEBUG [acme.Launcher@main] Found classpath entry '/C:/Users/manol/.m2/repository/org/springframework/security/spring-security-core/5.4.2/spring-security-core-5.4.2.jar' 
2022-04-25 18:15:35.911 DEBUG [acme.Launcher@main] Found classpath entry '/C:/Users/manol/.m2/repository/org/springframework/spring-beans/5.3.3/spring-beans-5.3.3.jar' 
2022-04-25 18:15:35.911 DEBUG [acme.Launcher@main] Found classpath entry '/C:/Users/manol/.m2/repository/org/springframework/spring-context/5.3.3/spring-context-5.3.3.jar' 
2022-04-25 18:15:35.911 DEBUG [acme.Launcher@main] Found classpath entry '/C:/Users/manol/.m2/repository/org/springframework/spring-expression/5.3.3/spring-expression-5.3.3.jar' 
2022-04-25 18:15:35.911 DEBUG [acme.Launcher@main] Found classpath entry '/C:/Users/manol/.m2/repository/org/springframework/spring-web/5.3.3/spring-web-5.3.3.jar' 
2022-04-25 18:15:35.911 DEBUG [acme.Launcher@main] Found classpath entry '/C:/Users/manol/.m2/repository/org/springframework/security/spring-security-config/5.4.2/spring-security-config-5.4.2.jar' 
2022-04-25 18:15:35.911 DEBUG [acme.Launcher@main] Found classpath entry '/C:/Users/manol/.m2/repository/org/springframework/security/spring-security-taglibs/5.4.2/spring-security-taglibs-5.4.2.jar' 
2022-04-25 18:15:35.911 DEBUG [acme.Launcher@main] Found classpath entry '/C:/Users/manol/.m2/repository/org/springframework/security/spring-security-acl/5.4.2/spring-security-acl-5.4.2.jar' 
2022-04-25 18:15:35.912 DEBUG [acme.Launcher@main] Found classpath entry '/C:/Users/manol/.m2/repository/org/springframework/spring-jdbc/5.3.3/spring-jdbc-5.3.3.jar' 
2022-04-25 18:15:35.912 DEBUG [acme.Launcher@main] Found classpath entry '/C:/Users/manol/.m2/repository/org/springframework/spring-tx/5.3.3/spring-tx-5.3.3.jar' 
2022-04-25 18:15:35.912 DEBUG [acme.Launcher@main] Found classpath entry '/C:/Users/manol/.m2/repository/org/springframework/boot/spring-boot-starter-web/2.4.2/spring-boot-starter-web-2.4.2.jar' 
2022-04-25 18:15:35.912 DEBUG [acme.Launcher@main] Found classpath entry '/C:/Users/manol/.m2/repository/org/springframework/boot/spring-boot-starter-json/2.4.2/spring-boot-starter-json-2.4.2.jar' 
2022-04-25 18:15:35.912 DEBUG [acme.Launcher@main] Found classpath entry '/C:/Users/manol/.m2/repository/com/fasterxml/jackson/core/jackson-databind/2.11.4/jackson-databind-2.11.4.jar' 
2022-04-25 18:15:35.912 DEBUG [acme.Launcher@main] Found classpath entry '/C:/Users/manol/.m2/repository/com/fasterxml/jackson/core/jackson-annotations/2.11.4/jackson-annotations-2.11.4.jar' 
2022-04-25 18:15:35.912 DEBUG [acme.Launcher@main] Found classpath entry '/C:/Users/manol/.m2/repository/com/fasterxml/jackson/core/jackson-core/2.11.4/jackson-core-2.11.4.jar' 
2022-04-25 18:15:35.912 DEBUG [acme.Launcher@main] Found classpath entry '/C:/Users/manol/.m2/repository/com/fasterxml/jackson/datatype/jackson-datatype-jdk8/2.11.4/jackson-datatype-jdk8-2.11.4.jar' 
2022-04-25 18:15:35.913 DEBUG [acme.Launcher@main] Found classpath entry '/C:/Users/manol/.m2/repository/com/fasterxml/jackson/datatype/jackson-datatype-jsr310/2.11.4/jackson-datatype-jsr310-2.11.4.jar' 
2022-04-25 18:15:35.913 DEBUG [acme.Launcher@main] Found classpath entry '/C:/Users/manol/.m2/repository/com/fasterxml/jackson/module/jackson-module-parameter-names/2.11.4/jackson-module-parameter-names-2.11.4.jar' 
2022-04-25 18:15:35.913 DEBUG [acme.Launcher@main] Found classpath entry '/C:/Users/manol/.m2/repository/org/springframework/spring-webmvc/5.3.3/spring-webmvc-5.3.3.jar' 
2022-04-25 18:15:35.913 DEBUG [acme.Launcher@main] Found classpath entry '/C:/Users/manol/.m2/repository/org/apache/tiles/tiles-jsp/3.0.8/tiles-jsp-3.0.8.jar' 
2022-04-25 18:15:35.913 DEBUG [acme.Launcher@main] Found classpath entry '/C:/Users/manol/.m2/repository/org/apache/tiles/tiles-servlet/3.0.8/tiles-servlet-3.0.8.jar' 
2022-04-25 18:15:35.913 DEBUG [acme.Launcher@main] Found classpath entry '/C:/Users/manol/.m2/repository/org/apache/tiles/tiles-core/3.0.8/tiles-core-3.0.8.jar' 
2022-04-25 18:15:35.914 DEBUG [acme.Launcher@main] Found classpath entry '/C:/Users/manol/.m2/repository/commons-digester/commons-digester/2.0/commons-digester-2.0.jar' 
2022-04-25 18:15:35.914 DEBUG [acme.Launcher@main] Found classpath entry '/C:/Users/manol/.m2/repository/org/slf4j/jcl-over-slf4j/1.7.30/jcl-over-slf4j-1.7.30.jar' 
2022-04-25 18:15:35.914 DEBUG [acme.Launcher@main] Found classpath entry '/C:/Users/manol/.m2/repository/org/apache/tiles/tiles-request-servlet/1.0.7/tiles-request-servlet-1.0.7.jar' 
2022-04-25 18:15:35.914 DEBUG [acme.Launcher@main] Found classpath entry '/C:/Users/manol/.m2/repository/org/apache/tiles/tiles-template/3.0.8/tiles-template-3.0.8.jar' 
2022-04-25 18:15:35.914 DEBUG [acme.Launcher@main] Found classpath entry '/C:/Users/manol/.m2/repository/org/apache/tiles/tiles-api/3.0.8/tiles-api-3.0.8.jar' 
2022-04-25 18:15:35.914 DEBUG [acme.Launcher@main] Found classpath entry '/C:/Users/manol/.m2/repository/org/apache/tiles/tiles-autotag-core-runtime/1.2/tiles-autotag-core-runtime-1.2.jar' 
2022-04-25 18:15:35.914 DEBUG [acme.Launcher@main] Found classpath entry '/C:/Users/manol/.m2/repository/org/slf4j/slf4j-api/1.7.30/slf4j-api-1.7.30.jar' 
2022-04-25 18:15:35.915 DEBUG [acme.Launcher@main] Found classpath entry '/C:/Users/manol/.m2/repository/org/apache/tiles/tiles-request-jsp/1.0.7/tiles-request-jsp-1.0.7.jar' 
2022-04-25 18:15:35.915 DEBUG [acme.Launcher@main] Found classpath entry '/C:/Users/manol/.m2/repository/org/apache/tiles/tiles-request-api/1.0.7/tiles-request-api-1.0.7.jar' 
2022-04-25 18:15:35.915 DEBUG [acme.Launcher@main] Found classpath entry '/C:/Users/manol/.m2/repository/org/springframework/boot/spring-boot-starter-data-jpa/2.4.2/spring-boot-starter-data-jpa-2.4.2.jar' 
2022-04-25 18:15:35.915 DEBUG [acme.Launcher@main] Found classpath entry '/C:/Users/manol/.m2/repository/org/springframework/boot/spring-boot-starter-aop/2.4.2/spring-boot-starter-aop-2.4.2.jar' 
2022-04-25 18:15:35.915 DEBUG [acme.Launcher@main] Found classpath entry '/C:/Users/manol/.m2/repository/org/aspectj/aspectjweaver/1.9.6/aspectjweaver-1.9.6.jar' 
2022-04-25 18:15:35.915 DEBUG [acme.Launcher@main] Found classpath entry '/C:/Users/manol/.m2/repository/org/springframework/boot/spring-boot-starter-jdbc/2.4.2/spring-boot-starter-jdbc-2.4.2.jar' 
2022-04-25 18:15:35.915 DEBUG [acme.Launcher@main] Found classpath entry '/C:/Users/manol/.m2/repository/jakarta/transaction/jakarta.transaction-api/1.3.3/jakarta.transaction-api-1.3.3.jar' 
2022-04-25 18:15:35.916 DEBUG [acme.Launcher@main] Found classpath entry '/C:/Users/manol/.m2/repository/jakarta/persistence/jakarta.persistence-api/2.2.3/jakarta.persistence-api-2.2.3.jar' 
2022-04-25 18:15:35.916 DEBUG [acme.Launcher@main] Found classpath entry '/C:/Users/manol/.m2/repository/org/hibernate/hibernate-core/5.4.27.Final/hibernate-core-5.4.27.Final.jar' 
2022-04-25 18:15:35.916 DEBUG [acme.Launcher@main] Found classpath entry '/C:/Users/manol/.m2/repository/org/jboss/logging/jboss-logging/3.4.1.Final/jboss-logging-3.4.1.Final.jar' 
2022-04-25 18:15:35.916 DEBUG [acme.Launcher@main] Found classpath entry '/C:/Users/manol/.m2/repository/org/javassist/javassist/3.27.0-GA/javassist-3.27.0-GA.jar' 
2022-04-25 18:15:35.916 DEBUG [acme.Launcher@main] Found classpath entry '/C:/Users/manol/.m2/repository/antlr/antlr/2.7.7/antlr-2.7.7.jar' 
2022-04-25 18:15:35.916 DEBUG [acme.Launcher@main] Found classpath entry '/C:/Users/manol/.m2/repository/org/jboss/jandex/2.1.3.Final/jandex-2.1.3.Final.jar' 
2022-04-25 18:15:35.916 DEBUG [acme.Launcher@main] Found classpath entry '/C:/Users/manol/.m2/repository/com/fasterxml/classmate/1.5.1/classmate-1.5.1.jar' 
2022-04-25 18:15:35.917 DEBUG [acme.Launcher@main] Found classpath entry '/C:/Users/manol/.m2/repository/org/dom4j/dom4j/2.1.3/dom4j-2.1.3.jar' 
2022-04-25 18:15:35.917 DEBUG [acme.Launcher@main] Found classpath entry '/C:/Users/manol/.m2/repository/org/hibernate/common/hibernate-commons-annotations/5.1.2.Final/hibernate-commons-annotations-5.1.2.Final.jar' 
2022-04-25 18:15:35.917 DEBUG [acme.Launcher@main] Found classpath entry '/C:/Users/manol/.m2/repository/org/glassfish/jaxb/jaxb-runtime/2.3.3/jaxb-runtime-2.3.3.jar' 
2022-04-25 18:15:35.917 DEBUG [acme.Launcher@main] Found classpath entry '/C:/Users/manol/.m2/repository/org/glassfish/jaxb/txw2/2.3.3/txw2-2.3.3.jar' 
2022-04-25 18:15:35.917 DEBUG [acme.Launcher@main] Found classpath entry '/C:/Users/manol/.m2/repository/com/sun/istack/istack-commons-runtime/3.0.11/istack-commons-runtime-3.0.11.jar' 
2022-04-25 18:15:35.917 DEBUG [acme.Launcher@main] Found classpath entry '/C:/Users/manol/.m2/repository/com/sun/activation/jakarta.activation/1.2.2/jakarta.activation-1.2.2.jar' 
2022-04-25 18:15:35.917 DEBUG [acme.Launcher@main] Found classpath entry '/C:/Users/manol/.m2/repository/org/springframework/data/spring-data-jpa/2.4.3/spring-data-jpa-2.4.3.jar' 
2022-04-25 18:15:35.918 DEBUG [acme.Launcher@main] Found classpath entry '/C:/Users/manol/.m2/repository/org/springframework/data/spring-data-commons/2.4.3/spring-data-commons-2.4.3.jar' 
2022-04-25 18:15:35.918 DEBUG [acme.Launcher@main] Found classpath entry '/C:/Users/manol/.m2/repository/org/springframework/spring-orm/5.3.3/spring-orm-5.3.3.jar' 
2022-04-25 18:15:35.918 DEBUG [acme.Launcher@main] Found classpath entry '/C:/Users/manol/.m2/repository/org/springframework/spring-aspects/5.3.3/spring-aspects-5.3.3.jar' 
2022-04-25 18:15:35.918 DEBUG [acme.Launcher@main] Found classpath entry '/C:/Users/manol/.m2/repository/org/springframework/boot/spring-boot-starter-validation/2.4.2/spring-boot-starter-validation-2.4.2.jar' 
2022-04-25 18:15:35.918 DEBUG [acme.Launcher@main] Found classpath entry '/C:/Users/manol/.m2/repository/org/hibernate/validator/hibernate-validator/6.1.7.Final/hibernate-validator-6.1.7.Final.jar' 
2022-04-25 18:15:35.918 DEBUG [acme.Launcher@main] Found classpath entry '/C:/Users/manol/.m2/repository/jakarta/validation/jakarta.validation-api/2.0.2/jakarta.validation-api-2.0.2.jar' 
2022-04-25 18:15:35.918 DEBUG [acme.Launcher@main] Found classpath entry '/C:/Users/manol/.m2/repository/mysql/mysql-connector-java/8.0.22/mysql-connector-java-8.0.22.jar' 
2022-04-25 18:15:35.918 DEBUG [acme.Launcher@main] Found classpath entry '/C:/Users/manol/.m2/repository/com/zaxxer/HikariCP/3.4.5/HikariCP-3.4.5.jar' 
2022-04-25 18:15:35.919 DEBUG [acme.Launcher@main] Found classpath entry '/C:/Users/manol/.m2/repository/org/junit/jupiter/junit-jupiter-engine/5.7.0/junit-jupiter-engine-5.7.0.jar' 
2022-04-25 18:15:35.919 DEBUG [acme.Launcher@main] Found classpath entry '/C:/Users/manol/.m2/repository/org/apiguardian/apiguardian-api/1.1.0/apiguardian-api-1.1.0.jar' 
2022-04-25 18:15:35.919 DEBUG [acme.Launcher@main] Found classpath entry '/C:/Users/manol/.m2/repository/org/junit/platform/junit-platform-engine/1.7.0/junit-platform-engine-1.7.0.jar' 
2022-04-25 18:15:35.919 DEBUG [acme.Launcher@main] Found classpath entry '/C:/Users/manol/.m2/repository/org/junit/jupiter/junit-jupiter-api/5.7.0/junit-jupiter-api-5.7.0.jar' 
2022-04-25 18:15:35.919 DEBUG [acme.Launcher@main] Found classpath entry '/C:/Users/manol/.m2/repository/org/opentest4j/opentest4j/1.2.0/opentest4j-1.2.0.jar' 
2022-04-25 18:15:35.919 DEBUG [acme.Launcher@main] Found classpath entry '/C:/Users/manol/.m2/repository/org/junit/platform/junit-platform-commons/1.7.0/junit-platform-commons-1.7.0.jar' 
2022-04-25 18:15:35.919 DEBUG [acme.Launcher@main] Found classpath entry '/C:/Users/manol/.m2/repository/org/junit/jupiter/junit-jupiter-params/5.7.0/junit-jupiter-params-5.7.0.jar' 
2022-04-25 18:15:35.920 DEBUG [acme.Launcher@main] Found classpath entry '/C:/Users/manol/.m2/repository/org/junit/platform/junit-platform-launcher/1.7.0/junit-platform-launcher-1.7.0.jar' 
2022-04-25 18:15:35.920 DEBUG [acme.Launcher@main] Found classpath entry '/C:/Users/manol/.m2/repository/org/seleniumhq/selenium/selenium-java/3.141.59/selenium-java-3.141.59.jar' 
2022-04-25 18:15:35.920 DEBUG [acme.Launcher@main] Found classpath entry '/C:/Users/manol/.m2/repository/org/seleniumhq/selenium/selenium-api/3.141.59/selenium-api-3.141.59.jar' 
2022-04-25 18:15:35.920 DEBUG [acme.Launcher@main] Found classpath entry '/C:/Users/manol/.m2/repository/org/seleniumhq/selenium/selenium-chrome-driver/3.141.59/selenium-chrome-driver-3.141.59.jar' 
2022-04-25 18:15:35.920 DEBUG [acme.Launcher@main] Found classpath entry '/C:/Users/manol/.m2/repository/org/seleniumhq/selenium/selenium-edge-driver/3.141.59/selenium-edge-driver-3.141.59.jar' 
2022-04-25 18:15:35.920 DEBUG [acme.Launcher@main] Found classpath entry '/C:/Users/manol/.m2/repository/org/seleniumhq/selenium/selenium-firefox-driver/3.141.59/selenium-firefox-driver-3.141.59.jar' 
2022-04-25 18:15:35.920 DEBUG [acme.Launcher@main] Found classpath entry '/C:/Users/manol/.m2/repository/org/seleniumhq/selenium/selenium-ie-driver/3.141.59/selenium-ie-driver-3.141.59.jar' 
2022-04-25 18:15:35.921 DEBUG [acme.Launcher@main] Found classpath entry '/C:/Users/manol/.m2/repository/org/seleniumhq/selenium/selenium-opera-driver/3.141.59/selenium-opera-driver-3.141.59.jar' 
2022-04-25 18:15:35.921 DEBUG [acme.Launcher@main] Found classpath entry '/C:/Users/manol/.m2/repository/org/seleniumhq/selenium/selenium-remote-driver/3.141.59/selenium-remote-driver-3.141.59.jar' 
2022-04-25 18:15:35.921 DEBUG [acme.Launcher@main] Found classpath entry '/C:/Users/manol/.m2/repository/org/seleniumhq/selenium/selenium-safari-driver/3.141.59/selenium-safari-driver-3.141.59.jar' 
2022-04-25 18:15:35.921 DEBUG [acme.Launcher@main] Found classpath entry '/C:/Users/manol/.m2/repository/org/seleniumhq/selenium/selenium-support/3.141.59/selenium-support-3.141.59.jar' 
2022-04-25 18:15:35.921 DEBUG [acme.Launcher@main] Found classpath entry '/C:/Users/manol/.m2/repository/net/bytebuddy/byte-buddy/1.10.19/byte-buddy-1.10.19.jar' 
2022-04-25 18:15:35.921 DEBUG [acme.Launcher@main] Found classpath entry '/C:/Users/manol/.m2/repository/org/apache/commons/commons-exec/1.3/commons-exec-1.3.jar' 
2022-04-25 18:15:35.921 DEBUG [acme.Launcher@main] Found classpath entry '/C:/Users/manol/.m2/repository/com/google/guava/guava/25.0-jre/guava-25.0-jre.jar' 
2022-04-25 18:15:35.922 DEBUG [acme.Launcher@main] Found classpath entry '/C:/Users/manol/.m2/repository/com/google/code/findbugs/jsr305/1.3.9/jsr305-1.3.9.jar' 
2022-04-25 18:15:35.922 DEBUG [acme.Launcher@main] Found classpath entry '/C:/Users/manol/.m2/repository/org/checkerframework/checker-compat-qual/2.0.0/checker-compat-qual-2.0.0.jar' 
2022-04-25 18:15:35.922 DEBUG [acme.Launcher@main] Found classpath entry '/C:/Users/manol/.m2/repository/com/google/errorprone/error_prone_annotations/2.1.3/error_prone_annotations-2.1.3.jar' 
2022-04-25 18:15:35.922 DEBUG [acme.Launcher@main] Found classpath entry '/C:/Users/manol/.m2/repository/com/google/j2objc/j2objc-annotations/1.1/j2objc-annotations-1.1.jar' 
2022-04-25 18:15:35.922 DEBUG [acme.Launcher@main] Found classpath entry '/C:/Users/manol/.m2/repository/org/codehaus/mojo/animal-sniffer-annotations/1.14/animal-sniffer-annotations-1.14.jar' 
2022-04-25 18:15:35.922 DEBUG [acme.Launcher@main] Found classpath entry '/C:/Users/manol/.m2/repository/com/squareup/okhttp3/okhttp/3.14.9/okhttp-3.14.9.jar' 
2022-04-25 18:15:35.922 DEBUG [acme.Launcher@main] Found classpath entry '/C:/Users/manol/.m2/repository/com/squareup/okio/okio/1.14.0/okio-1.14.0.jar' 
2022-04-25 18:15:35.923 DEBUG [acme.Launcher@main] Found classpath entry '/C:/Users/manol/.m2/repository/org/apache/commons/commons-lang3/3.11/commons-lang3-3.11.jar' 
2022-04-25 18:15:35.923 DEBUG [acme.Launcher@main] Found classpath entry '/C:/Users/manol/.m2/repository/org/apache/commons/commons-text/1.8/commons-text-1.8.jar' 
2022-04-25 18:15:35.923 DEBUG [acme.Launcher@main] Found classpath entry '/C:/Users/manol/.m2/repository/commons-io/commons-io/2.6/commons-io-2.6.jar' 
2022-04-25 18:15:35.923 DEBUG [acme.Launcher@main] Found classpath entry '/C:/Users/manol/.m2/repository/commons-cli/commons-cli/1.4/commons-cli-1.4.jar' 
2022-04-25 18:15:35.923 DEBUG [acme.Launcher@main] Found classpath entry '/C:/Users/manol/.m2/repository/org/projectlombok/lombok/1.18.16/lombok-1.18.16.jar' 
2022-04-25 18:15:35.923 DEBUG [acme.Launcher@main] Found classpath entry '/C:/Users/manol/.m2/repository/com/opencsv/opencsv/5.4/opencsv-5.4.jar' 
2022-04-25 18:15:35.923 DEBUG [acme.Launcher@main] Found classpath entry '/C:/Users/manol/.m2/repository/commons-beanutils/commons-beanutils/1.9.4/commons-beanutils-1.9.4.jar' 
2022-04-25 18:15:35.923 DEBUG [acme.Launcher@main] Found classpath entry '/C:/Users/manol/.m2/repository/commons-logging/commons-logging/1.2/commons-logging-1.2.jar' 
2022-04-25 18:15:35.924 DEBUG [acme.Launcher@main] Found classpath entry '/C:/Users/manol/.m2/repository/commons-collections/commons-collections/3.2.2/commons-collections-3.2.2.jar' 
2022-04-25 18:15:35.924 DEBUG [acme.Launcher@main] Found classpath entry '/C:/Users/manol/.m2/repository/org/apache/commons/commons-collections4/4.4/commons-collections4-4.4.jar' 
2022-04-25 18:15:35.995 DEBUG [acme.Launcher@main] Found entity class 'acme.artifact.Artifact 
2022-04-25 18:15:35.996 DEBUG [acme.Launcher@main] Found entity class 'acme.artifact.PartOf 
2022-04-25 18:15:35.996 DEBUG [acme.Launcher@main] Found entity class 'acme.artifact.ToolKit 
2022-04-25 18:15:35.996 DEBUG [acme.Launcher@main] Found entity class 'acme.entities.announcement.Announcement 
2022-04-25 18:15:35.996 DEBUG [acme.Launcher@main] Found entity class 'acme.entities.chirp.Chirp 
2022-04-25 18:15:35.996 DEBUG [acme.Launcher@main] Found entity class 'acme.entities.patronage.Patronage 
2022-04-25 18:15:35.996 DEBUG [acme.Launcher@main] Found entity class 'acme.entities.patronage.PatronageReport 
2022-04-25 18:15:35.996 DEBUG [acme.Launcher@main] Found entity class 'acme.roles.Consumer 
2022-04-25 18:15:35.996 DEBUG [acme.Launcher@main] Found entity class 'acme.roles.Inventor 
2022-04-25 18:15:35.996 DEBUG [acme.Launcher@main] Found entity class 'acme.roles.Patron 
2022-04-25 18:15:35.996 DEBUG [acme.Launcher@main] Found entity class 'acme.roles.Provider 
2022-04-25 18:15:35.997 DEBUG [acme.Launcher@main] Found entity class 'acme.systemSetting.SystemSetting 
2022-04-25 18:15:35.997 DEBUG [acme.Launcher@main] Found entity class 'acme.framework.entities.UserAccount 
2022-04-25 18:15:35.997 DEBUG [acme.Launcher@main] Found entity class 'acme.framework.roles.Administrator 
2022-04-25 18:15:35.997 DEBUG [acme.Launcher@main] Found entity class 'acme.framework.roles.Anonymous 
2022-04-25 18:15:35.997 DEBUG [acme.Launcher@main] Found entity class 'acme.framework.roles.Any 
2022-04-25 18:15:35.997 DEBUG [acme.Launcher@main] Found entity class 'acme.framework.roles.Authenticated 
2022-04-25 18:15:36 INFO  [acme.Launcher@main] Running application (Standalone) 
2022-04-25 18:15:38.071 DEBUG [acme.framework.components.tiles.DynamicTilesView@http-nio-8080-exec-2] View name 'fragments/welcome', model {} 
2022-04-25 18:15:38.083 DEBUG [org.apache.tiles.definition.dao.BaseLocaleUrlDefinitionDAO@http-nio-8080-exec-2] File Resource file:/C:/Users/manol/git/Acme-Toolkit/target/classes/WEB-INF/views/master/tiles_es.xml at file:/C:/Users/manol/git/Acme-Toolkit/target/classes/WEB-INF/views/master/tiles_es.xml not found, continue 
2022-04-25 18:15:38.088 DEBUG [org.apache.jasper.servlet.JspServlet@http-nio-8080-exec-2] JspEngine --> /WEB-INF/views/master/page.jsp 
2022-04-25 18:15:38.088 DEBUG [org.apache.jasper.servlet.JspServlet@http-nio-8080-exec-2] ServletPath: /WEB-INF/views/master/page.jsp 
2022-04-25 18:15:38.088 DEBUG [org.apache.jasper.servlet.JspServlet@http-nio-8080-exec-2] PathInfo: null 
2022-04-25 18:15:38.090 DEBUG [org.apache.jasper.servlet.JspServlet@http-nio-8080-exec-2] RealPath: C:\Users\manol\git\Acme-Toolkit\target\classes\WEB-INF\views\master\page.jsp 
2022-04-25 18:15:38.090 DEBUG [org.apache.jasper.servlet.JspServlet@http-nio-8080-exec-2] RequestURI: /acme-toolkit-22.1/WEB-INF/views/master/page.jsp 
2022-04-25 18:15:38.090 DEBUG [org.apache.jasper.servlet.JspServlet@http-nio-8080-exec-2] QueryString: null 
2022-04-25 18:15:40.512 DEBUG [acme.framework.configuration.ExtendedMessageSource@http-nio-8080-exec-2] Loading properties [C:\Users\manol\git\Acme-Toolkit\target\classes\WEB-INF\views\administrator\user-account\messages-en.i18n] with encoding 'utf-8' 
2022-04-25 18:15:40.513 DEBUG [acme.framework.configuration.ExtendedMessageSource@http-nio-8080-exec-2] Loading properties [C:\Users\manol\git\Acme-Toolkit\target\classes\WEB-INF\views\anonymous\user-account\messages-en.i18n] with encoding 'utf-8' 
2022-04-25 18:15:40.514 DEBUG [acme.framework.configuration.ExtendedMessageSource@http-nio-8080-exec-2] Loading properties [C:\Users\manol\git\Acme-Toolkit\target\classes\WEB-INF\views\any\artifact\messages-en.i18n] with encoding 'utf-8' 
2022-04-25 18:15:40.515 DEBUG [acme.framework.configuration.ExtendedMessageSource@http-nio-8080-exec-2] Loading properties [C:\Users\manol\git\Acme-Toolkit\target\classes\WEB-INF\views\any\chirp\messages-en.i18n] with encoding 'utf-8' 
2022-04-25 18:15:40.515 DEBUG [acme.framework.configuration.ExtendedMessageSource@http-nio-8080-exec-2] Loading properties [C:\Users\manol\git\Acme-Toolkit\target\classes\WEB-INF\views\authenticated\announcement\messages-en.i18n] with encoding 'utf-8' 
2022-04-25 18:15:40.517 DEBUG [acme.framework.configuration.ExtendedMessageSource@http-nio-8080-exec-2] Loading properties [C:\Users\manol\git\Acme-Toolkit\target\classes\WEB-INF\views\authenticated\consumer\messsages-en.i18n] with encoding 'utf-8' 
2022-04-25 18:15:40.518 DEBUG [acme.framework.configuration.ExtendedMessageSource@http-nio-8080-exec-2] Loading properties [C:\Users\manol\git\Acme-Toolkit\target\classes\WEB-INF\views\authenticated\provider\messsages-en.i18n] with encoding 'utf-8' 
2022-04-25 18:15:40.518 DEBUG [acme.framework.configuration.ExtendedMessageSource@http-nio-8080-exec-2] Loading properties [C:\Users\manol\git\Acme-Toolkit\target\classes\WEB-INF\views\authenticated\user-account\messages-en.i18n] with encoding 'utf-8' 
2022-04-25 18:15:40.519 DEBUG [acme.framework.configuration.ExtendedMessageSource@http-nio-8080-exec-2] Loading properties [C:\Users\manol\git\Acme-Toolkit\target\classes\WEB-INF\views\fragments\banner-en.i18n] with encoding 'utf-8' 
2022-04-25 18:15:40.519 DEBUG [acme.framework.configuration.ExtendedMessageSource@http-nio-8080-exec-2] Loading properties [C:\Users\manol\git\Acme-Toolkit\target\classes\WEB-INF\views\fragments\company-en.i18n] with encoding 'utf-8' 
2022-04-25 18:15:40.520 DEBUG [acme.framework.configuration.ExtendedMessageSource@http-nio-8080-exec-2] Loading properties [C:\Users\manol\git\Acme-Toolkit\target\classes\WEB-INF\views\fragments\footer-en.i18n] with encoding 'utf-8' 
2022-04-25 18:15:40.520 DEBUG [acme.framework.configuration.ExtendedMessageSource@http-nio-8080-exec-2] Loading properties [C:\Users\manol\git\Acme-Toolkit\target\classes\WEB-INF\views\fragments\license-en.i18n] with encoding 'utf-8' 
2022-04-25 18:15:40.521 DEBUG [acme.framework.configuration.ExtendedMessageSource@http-nio-8080-exec-2] Loading properties [C:\Users\manol\git\Acme-Toolkit\target\classes\WEB-INF\views\fragments\menu-en.i18n] with encoding 'utf-8' 
2022-04-25 18:15:40.521 DEBUG [acme.framework.configuration.ExtendedMessageSource@http-nio-8080-exec-2] Loading properties [C:\Users\manol\git\Acme-Toolkit\target\classes\WEB-INF\views\fragments\messsages-en.i18n] with encoding 'utf-8' 
2022-04-25 18:15:40.522 DEBUG [acme.framework.configuration.ExtendedMessageSource@http-nio-8080-exec-2] Loading properties [C:\Users\manol\git\Acme-Toolkit\target\classes\WEB-INF\views\fragments\title-en.i18n] with encoding 'utf-8' 
2022-04-25 18:15:40.522 DEBUG [acme.framework.configuration.ExtendedMessageSource@http-nio-8080-exec-2] Loading properties [C:\Users\manol\git\Acme-Toolkit\target\classes\WEB-INF\views\fragments\welcome-en.i18n] with encoding 'utf-8' 
2022-04-25 18:15:40.523 DEBUG [acme.framework.configuration.ExtendedMessageSource@http-nio-8080-exec-2] Loading properties [C:\Users\manol\git\Acme-Toolkit\target\classes\WEB-INF\views\inventor\patronage\messages-en.i18n] with encoding 'utf-8' 
2022-04-25 18:15:40.523 DEBUG [acme.framework.configuration.ExtendedMessageSource@http-nio-8080-exec-2] Loading properties [C:\Users\manol\git\Acme-Toolkit\target\classes\WEB-INF\views\inventor\patronage-report\messages-en.i18n] with encoding 'utf-8' 
2022-04-25 18:15:40.524 DEBUG [acme.framework.configuration.ExtendedMessageSource@http-nio-8080-exec-2] Loading properties [C:\Users\manol\git\Acme-Toolkit\target\classes\WEB-INF\views\master\defaults-en.i18n] with encoding 'utf-8' 
2022-04-25 18:15:40.524 DEBUG [acme.framework.configuration.ExtendedMessageSource@http-nio-8080-exec-2] Loading properties [C:\Users\manol\git\Acme-Toolkit\target\classes\WEB-INF\views\master\master-en.i18n] with encoding 'utf-8' 
2022-04-25 18:15:40.525 DEBUG [acme.framework.configuration.ExtendedMessageSource@http-nio-8080-exec-2] Loading properties [C:\Users\manol\git\Acme-Toolkit\target\classes\WEB-INF\views\master\throwables-en.i18n] with encoding 'utf-8' 
2022-04-25 18:15:40.525 DEBUG [acme.framework.configuration.ExtendedMessageSource@http-nio-8080-exec-2] Loading properties [C:\Users\manol\git\Acme-Toolkit\target\classes\WEB-INF\views\master\validation-en.i18n] with encoding 'utf-8' 
2022-04-25 18:15:40.526 DEBUG [acme.framework.configuration.ExtendedMessageSource@http-nio-8080-exec-2] Loading properties [C:\Users\manol\git\Acme-Toolkit\target\classes\WEB-INF\views\patron\patronage\messages-en.i18n] with encoding 'utf-8' 
2022-04-25 18:15:40.531 DEBUG [acme.framework.configuration.ExtendedMessageSource@http-nio-8080-exec-2] Loading properties [C:\Users\manol\git\Acme-Toolkit\target\classes\WEB-INF\views\administrator\user-account\messages-es.i18n] with encoding 'utf-8' 
2022-04-25 18:15:40.532 DEBUG [acme.framework.configuration.ExtendedMessageSource@http-nio-8080-exec-2] Loading properties [C:\Users\manol\git\Acme-Toolkit\target\classes\WEB-INF\views\anonymous\user-account\messages-es.i18n] with encoding 'utf-8' 
2022-04-25 18:15:40.533 DEBUG [acme.framework.configuration.ExtendedMessageSource@http-nio-8080-exec-2] Loading properties [C:\Users\manol\git\Acme-Toolkit\target\classes\WEB-INF\views\any\artifact\messages-es.i18n] with encoding 'utf-8' 
2022-04-25 18:15:40.534 DEBUG [acme.framework.configuration.ExtendedMessageSource@http-nio-8080-exec-2] Loading properties [C:\Users\manol\git\Acme-Toolkit\target\classes\WEB-INF\views\any\chirp\messages-es.i18n] with encoding 'utf-8' 
2022-04-25 18:15:40.535 DEBUG [acme.framework.configuration.ExtendedMessageSource@http-nio-8080-exec-2] Loading properties [C:\Users\manol\git\Acme-Toolkit\target\classes\WEB-INF\views\authenticated\announcement\messages-es.i18n] with encoding 'utf-8' 
2022-04-25 18:15:40.535 DEBUG [acme.framework.configuration.ExtendedMessageSource@http-nio-8080-exec-2] Loading properties [C:\Users\manol\git\Acme-Toolkit\target\classes\WEB-INF\views\authenticated\consumer\messsages-es.i18n] with encoding 'utf-8' 
2022-04-25 18:15:40.536 DEBUG [acme.framework.configuration.ExtendedMessageSource@http-nio-8080-exec-2] Loading properties [C:\Users\manol\git\Acme-Toolkit\target\classes\WEB-INF\views\authenticated\provider\messsages-es.i18n] with encoding 'utf-8' 
2022-04-25 18:15:40.536 DEBUG [acme.framework.configuration.ExtendedMessageSource@http-nio-8080-exec-2] Loading properties [C:\Users\manol\git\Acme-Toolkit\target\classes\WEB-INF\views\authenticated\user-account\messages-es.i18n] with encoding 'utf-8' 
2022-04-25 18:15:40.536 DEBUG [acme.framework.configuration.ExtendedMessageSource@http-nio-8080-exec-2] Loading properties [C:\Users\manol\git\Acme-Toolkit\target\classes\WEB-INF\views\fragments\banner-es.i18n] with encoding 'utf-8' 
2022-04-25 18:15:40.537 DEBUG [acme.framework.configuration.ExtendedMessageSource@http-nio-8080-exec-2] Loading properties [C:\Users\manol\git\Acme-Toolkit\target\classes\WEB-INF\views\fragments\company-es.i18n] with encoding 'utf-8' 
2022-04-25 18:15:40.537 DEBUG [acme.framework.configuration.ExtendedMessageSource@http-nio-8080-exec-2] Loading properties [C:\Users\manol\git\Acme-Toolkit\target\classes\WEB-INF\views\fragments\footer-es.i18n] with encoding 'utf-8' 
2022-04-25 18:15:40.538 DEBUG [acme.framework.configuration.ExtendedMessageSource@http-nio-8080-exec-2] Loading properties [C:\Users\manol\git\Acme-Toolkit\target\classes\WEB-INF\views\fragments\license-es.i18n] with encoding 'utf-8' 
2022-04-25 18:15:40.538 DEBUG [acme.framework.configuration.ExtendedMessageSource@http-nio-8080-exec-2] Loading properties [C:\Users\manol\git\Acme-Toolkit\target\classes\WEB-INF\views\fragments\menu-es.i18n] with encoding 'utf-8' 
2022-04-25 18:15:40.539 DEBUG [acme.framework.configuration.ExtendedMessageSource@http-nio-8080-exec-2] Loading properties [C:\Users\manol\git\Acme-Toolkit\target\classes\WEB-INF\views\fragments\messsages-es.i18n] with encoding 'utf-8' 
2022-04-25 18:15:40.539 DEBUG [acme.framework.configuration.ExtendedMessageSource@http-nio-8080-exec-2] Loading properties [C:\Users\manol\git\Acme-Toolkit\target\classes\WEB-INF\views\fragments\title-es.i18n] with encoding 'utf-8' 
2022-04-25 18:15:40.539 DEBUG [acme.framework.configuration.ExtendedMessageSource@http-nio-8080-exec-2] Loading properties [C:\Users\manol\git\Acme-Toolkit\target\classes\WEB-INF\views\fragments\welcome-es.i18n] with encoding 'utf-8' 
2022-04-25 18:15:40.540 DEBUG [acme.framework.configuration.ExtendedMessageSource@http-nio-8080-exec-2] Loading properties [C:\Users\manol\git\Acme-Toolkit\target\classes\WEB-INF\views\inventor\patronage\messages-es.i18n] with encoding 'utf-8' 
2022-04-25 18:15:40.540 DEBUG [acme.framework.configuration.ExtendedMessageSource@http-nio-8080-exec-2] Loading properties [C:\Users\manol\git\Acme-Toolkit\target\classes\WEB-INF\views\inventor\patronage-report\messages-es.i18n] with encoding 'utf-8' 
2022-04-25 18:15:40.541 DEBUG [acme.framework.configuration.ExtendedMessageSource@http-nio-8080-exec-2] Loading properties [C:\Users\manol\git\Acme-Toolkit\target\classes\WEB-INF\views\master\defaults-es.i18n] with encoding 'utf-8' 
2022-04-25 18:15:40.541 DEBUG [acme.framework.configuration.ExtendedMessageSource@http-nio-8080-exec-2] Loading properties [C:\Users\manol\git\Acme-Toolkit\target\classes\WEB-INF\views\master\master-es.i18n] with encoding 'utf-8' 
2022-04-25 18:15:40.541 DEBUG [acme.framework.configuration.ExtendedMessageSource@http-nio-8080-exec-2] Loading properties [C:\Users\manol\git\Acme-Toolkit\target\classes\WEB-INF\views\master\throwables-es.i18n] with encoding 'utf-8' 
2022-04-25 18:15:40.542 DEBUG [acme.framework.configuration.ExtendedMessageSource@http-nio-8080-exec-2] Loading properties [C:\Users\manol\git\Acme-Toolkit\target\classes\WEB-INF\views\master\validation-es.i18n] with encoding 'utf-8' 
2022-04-25 18:15:40.542 DEBUG [acme.framework.configuration.ExtendedMessageSource@http-nio-8080-exec-2] Loading properties [C:\Users\manol\git\Acme-Toolkit\target\classes\WEB-INF\views\patron\patronage\messages-es.i18n] with encoding 'utf-8' 
2022-04-25 18:15:40.646 DEBUG [org.apache.jasper.servlet.JspServlet@http-nio-8080-exec-2] JspEngine --> /WEB-INF/views/fragments/welcome.jsp 
2022-04-25 18:15:40.646 DEBUG [org.apache.jasper.servlet.JspServlet@http-nio-8080-exec-2] ServletPath: /WEB-INF/views/master/page.jsp 
2022-04-25 18:15:40.646 DEBUG [org.apache.jasper.servlet.JspServlet@http-nio-8080-exec-2] PathInfo: null 
2022-04-25 18:15:40.647 DEBUG [org.apache.jasper.servlet.JspServlet@http-nio-8080-exec-2] RealPath: C:\Users\manol\git\Acme-Toolkit\target\classes\WEB-INF\views\fragments\welcome.jsp 
2022-04-25 18:15:40.647 DEBUG [org.apache.jasper.servlet.JspServlet@http-nio-8080-exec-2] RequestURI: /acme-toolkit-22.1/WEB-INF/views/master/page.jsp 
2022-04-25 18:15:40.648 DEBUG [org.apache.jasper.servlet.JspServlet@http-nio-8080-exec-2] QueryString: null 
2022-04-25 18:15:40.818 DEBUG [org.hibernate.SQL@http-nio-8080-exec-2] select useraccoun0_.id as id1_0_, useraccoun0_.version as version2_0_, useraccoun0_.enabled as enabled1_17_, useraccoun0_.identity as identity2_17_, useraccoun0_.password as password3_17_, useraccoun0_.username as username4_17_ from user_account useraccoun0_ where useraccoun0_.username=? 
2022-04-25 18:15:40.831 TRACE [org.hibernate.type.descriptor.sql.BasicBinder@http-nio-8080-exec-2] binding parameter [1] as [VARCHAR] - [anonymous] 
2022-04-25 18:15:40.863 DEBUG [org.hibernate.SQL@http-nio-8080-exec-2] select roles0_.user_account_id as user_acc1_18_0_, roles0_.id as id1_18_0_, roles0_.id as id1_0_1_, roles0_.version as version2_0_1_, roles0_.user_account_id as user_acc1_18_1_, roles0_.company as company1_8_1_, roles0_.sector as sector2_8_1_, roles0_.company as company1_9_1_, roles0_.link as link2_9_1_, roles0_.statement as statemen3_9_1_, roles0_.company as company1_11_1_, roles0_.link as link2_11_1_, roles0_.statement as statemen3_11_1_, roles0_.company as company1_14_1_, roles0_.sector as sector2_14_1_, roles0_.clazz_ as clazz_1_ from ( select id, version, user_account_id, company, sector, null as link, null as statement, 9 as clazz_ from consumer union all select id, version, user_account_id, company, null as sector, link, statement, 10 as clazz_ from inventor union all select id, version, user_account_id, company, null as sector, link, statement, 11 as clazz_ from patron union all select id, version, user_account_id, company, sector, null as link, null as statement, 12 as clazz_ from provider union all select id, version, user_account_id, null as company, null as sector, null as link, null as statement, 15 as clazz_ from administrator union all select id, version, user_account_id, null as company, null as sector, null as link, null as statement, 16 as clazz_ from anonymous union all select id, version, user_account_id, null as company, null as sector, null as link, null as statement, 17 as clazz_ from any union all select id, version, user_account_id, null as company, null as sector, null as link, null as statement, 18 as clazz_ from authenticated ) roles0_ where roles0_.user_account_id=? 
2022-04-25 18:15:40.864 TRACE [org.hibernate.type.descriptor.sql.BasicBinder@http-nio-8080-exec-2] binding parameter [1] as [INTEGER] - [1] 
2022-04-25 18:15:42.260 DEBUG [acme.framework.components.tiles.DynamicTilesView@http-nio-8080-exec-9] View name 'master/sign-in', model {username=, password=, remember=false} 
2022-04-25 18:15:42.261 DEBUG [org.apache.jasper.servlet.JspServlet@http-nio-8080-exec-9] JspEngine --> /WEB-INF/views/master/page.jsp 
2022-04-25 18:15:42.261 DEBUG [org.apache.jasper.servlet.JspServlet@http-nio-8080-exec-9] ServletPath: /WEB-INF/views/master/page.jsp 
2022-04-25 18:15:42.261 DEBUG [org.apache.jasper.servlet.JspServlet@http-nio-8080-exec-9] PathInfo: null 
2022-04-25 18:15:42.262 DEBUG [org.apache.jasper.servlet.JspServlet@http-nio-8080-exec-9] RealPath: C:\Users\manol\git\Acme-Toolkit\target\classes\WEB-INF\views\master\page.jsp 
2022-04-25 18:15:42.262 DEBUG [org.apache.jasper.servlet.JspServlet@http-nio-8080-exec-9] RequestURI: /acme-toolkit-22.1/WEB-INF/views/master/page.jsp 
2022-04-25 18:15:42.262 DEBUG [org.apache.jasper.servlet.JspServlet@http-nio-8080-exec-9] QueryString: null 
2022-04-25 18:15:42.327 DEBUG [org.apache.jasper.servlet.JspServlet@http-nio-8080-exec-9] JspEngine --> /WEB-INF/views/master/sign-in.jsp 
2022-04-25 18:15:42.327 DEBUG [org.apache.jasper.servlet.JspServlet@http-nio-8080-exec-9] ServletPath: /WEB-INF/views/master/page.jsp 
2022-04-25 18:15:42.327 DEBUG [org.apache.jasper.servlet.JspServlet@http-nio-8080-exec-9] PathInfo: null 
2022-04-25 18:15:42.328 DEBUG [org.apache.jasper.servlet.JspServlet@http-nio-8080-exec-9] RealPath: C:\Users\manol\git\Acme-Toolkit\target\classes\WEB-INF\views\master\sign-in.jsp 
2022-04-25 18:15:42.328 DEBUG [org.apache.jasper.servlet.JspServlet@http-nio-8080-exec-9] RequestURI: /acme-toolkit-22.1/WEB-INF/views/master/page.jsp 
2022-04-25 18:15:42.328 DEBUG [org.apache.jasper.servlet.JspServlet@http-nio-8080-exec-9] QueryString: null 
2022-04-25 18:15:43.319 DEBUG [org.hibernate.SQL@http-nio-8080-exec-9] select useraccoun0_.id as id1_0_, useraccoun0_.version as version2_0_, useraccoun0_.enabled as enabled1_17_, useraccoun0_.identity as identity2_17_, useraccoun0_.password as password3_17_, useraccoun0_.username as username4_17_ from user_account useraccoun0_ where useraccoun0_.username=? 
2022-04-25 18:15:43.319 TRACE [org.hibernate.type.descriptor.sql.BasicBinder@http-nio-8080-exec-9] binding parameter [1] as [VARCHAR] - [anonymous] 
2022-04-25 18:15:43.321 DEBUG [org.hibernate.SQL@http-nio-8080-exec-9] select roles0_.user_account_id as user_acc1_18_0_, roles0_.id as id1_18_0_, roles0_.id as id1_0_1_, roles0_.version as version2_0_1_, roles0_.user_account_id as user_acc1_18_1_, roles0_.company as company1_8_1_, roles0_.sector as sector2_8_1_, roles0_.company as company1_9_1_, roles0_.link as link2_9_1_, roles0_.statement as statemen3_9_1_, roles0_.company as company1_11_1_, roles0_.link as link2_11_1_, roles0_.statement as statemen3_11_1_, roles0_.company as company1_14_1_, roles0_.sector as sector2_14_1_, roles0_.clazz_ as clazz_1_ from ( select id, version, user_account_id, company, sector, null as link, null as statement, 9 as clazz_ from consumer union all select id, version, user_account_id, company, null as sector, link, statement, 10 as clazz_ from inventor union all select id, version, user_account_id, company, null as sector, link, statement, 11 as clazz_ from patron union all select id, version, user_account_id, company, sector, null as link, null as statement, 12 as clazz_ from provider union all select id, version, user_account_id, null as company, null as sector, null as link, null as statement, 15 as clazz_ from administrator union all select id, version, user_account_id, null as company, null as sector, null as link, null as statement, 16 as clazz_ from anonymous union all select id, version, user_account_id, null as company, null as sector, null as link, null as statement, 17 as clazz_ from any union all select id, version, user_account_id, null as company, null as sector, null as link, null as statement, 18 as clazz_ from authenticated ) roles0_ where roles0_.user_account_id=? 
2022-04-25 18:15:43.321 TRACE [org.hibernate.type.descriptor.sql.BasicBinder@http-nio-8080-exec-9] binding parameter [1] as [INTEGER] - [1] 
2022-04-25 18:15:48.822 DEBUG [org.hibernate.SQL@http-nio-8080-exec-5] select useraccoun0_.id as id1_0_, useraccoun0_.version as version2_0_, useraccoun0_.enabled as enabled1_17_, useraccoun0_.identity as identity2_17_, useraccoun0_.password as password3_17_, useraccoun0_.username as username4_17_ from user_account useraccoun0_ where useraccoun0_.username=? 
2022-04-25 18:15:48.823 TRACE [org.hibernate.type.descriptor.sql.BasicBinder@http-nio-8080-exec-5] binding parameter [1] as [VARCHAR] - [inventor1] 
2022-04-25 18:15:48.824 DEBUG [org.hibernate.SQL@http-nio-8080-exec-5] select roles0_.user_account_id as user_acc1_18_0_, roles0_.id as id1_18_0_, roles0_.id as id1_0_1_, roles0_.version as version2_0_1_, roles0_.user_account_id as user_acc1_18_1_, roles0_.company as company1_8_1_, roles0_.sector as sector2_8_1_, roles0_.company as company1_9_1_, roles0_.link as link2_9_1_, roles0_.statement as statemen3_9_1_, roles0_.company as company1_11_1_, roles0_.link as link2_11_1_, roles0_.statement as statemen3_11_1_, roles0_.company as company1_14_1_, roles0_.sector as sector2_14_1_, roles0_.clazz_ as clazz_1_ from ( select id, version, user_account_id, company, sector, null as link, null as statement, 9 as clazz_ from consumer union all select id, version, user_account_id, company, null as sector, link, statement, 10 as clazz_ from inventor union all select id, version, user_account_id, company, null as sector, link, statement, 11 as clazz_ from patron union all select id, version, user_account_id, company, sector, null as link, null as statement, 12 as clazz_ from provider union all select id, version, user_account_id, null as company, null as sector, null as link, null as statement, 15 as clazz_ from administrator union all select id, version, user_account_id, null as company, null as sector, null as link, null as statement, 16 as clazz_ from anonymous union all select id, version, user_account_id, null as company, null as sector, null as link, null as statement, 17 as clazz_ from any union all select id, version, user_account_id, null as company, null as sector, null as link, null as statement, 18 as clazz_ from authenticated ) roles0_ where roles0_.user_account_id=? 
2022-04-25 18:15:48.825 TRACE [org.hibernate.type.descriptor.sql.BasicBinder@http-nio-8080-exec-5] binding parameter [1] as [INTEGER] - [6] 
2022-04-25 18:15:48.839 DEBUG [acme.framework.components.tiles.DynamicTilesView@http-nio-8080-exec-1] View name 'fragments/welcome', model {} 
2022-04-25 18:15:48.840 DEBUG [org.apache.jasper.servlet.JspServlet@http-nio-8080-exec-1] JspEngine --> /WEB-INF/views/master/page.jsp 
2022-04-25 18:15:48.840 DEBUG [org.apache.jasper.servlet.JspServlet@http-nio-8080-exec-1] ServletPath: /WEB-INF/views/master/page.jsp 
2022-04-25 18:15:48.840 DEBUG [org.apache.jasper.servlet.JspServlet@http-nio-8080-exec-1] PathInfo: null 
2022-04-25 18:15:48.841 DEBUG [org.apache.jasper.servlet.JspServlet@http-nio-8080-exec-1] RealPath: C:\Users\manol\git\Acme-Toolkit\target\classes\WEB-INF\views\master\page.jsp 
2022-04-25 18:15:48.842 DEBUG [org.apache.jasper.servlet.JspServlet@http-nio-8080-exec-1] RequestURI: /acme-toolkit-22.1/WEB-INF/views/master/page.jsp 
2022-04-25 18:15:48.842 DEBUG [org.apache.jasper.servlet.JspServlet@http-nio-8080-exec-1] QueryString: null 
2022-04-25 18:15:48.895 DEBUG [org.apache.jasper.servlet.JspServlet@http-nio-8080-exec-1] JspEngine --> /WEB-INF/views/fragments/welcome.jsp 
2022-04-25 18:15:48.896 DEBUG [org.apache.jasper.servlet.JspServlet@http-nio-8080-exec-1] ServletPath: /WEB-INF/views/master/page.jsp 
2022-04-25 18:15:48.896 DEBUG [org.apache.jasper.servlet.JspServlet@http-nio-8080-exec-1] PathInfo: null 
2022-04-25 18:15:48.897 DEBUG [org.apache.jasper.servlet.JspServlet@http-nio-8080-exec-1] RealPath: C:\Users\manol\git\Acme-Toolkit\target\classes\WEB-INF\views\fragments\welcome.jsp 
2022-04-25 18:15:48.897 DEBUG [org.apache.jasper.servlet.JspServlet@http-nio-8080-exec-1] RequestURI: /acme-toolkit-22.1/WEB-INF/views/master/page.jsp 
2022-04-25 18:15:48.897 DEBUG [org.apache.jasper.servlet.JspServlet@http-nio-8080-exec-1] QueryString: null 
2022-04-25 18:15:53.017 DEBUG [acme.framework.controllers.AbstractController@http-nio-8080-exec-9] DISPATCHING GET /acme-toolkit-22.1/inventor/patronage/list 
2022-04-25 18:15:53.018 DEBUG [acme.framework.controllers.AbstractController@http-nio-8080-exec-9] Command: list 
2022-04-25 18:15:53.018 DEBUG [acme.framework.controllers.AbstractController@http-nio-8080-exec-9] Model:   {} 
2022-04-25 18:15:53.018 DEBUG [acme.framework.controllers.AbstractController@http-nio-8080-exec-9] Locale:  es 
2022-04-25 18:15:53.033 DEBUG [org.hibernate.SQL@http-nio-8080-exec-9] select patronage0_.id as id1_0_, patronage0_.version as version2_0_, patronage0_.budget_amount as budget_a1_12_, patronage0_.budget_currency as budget_c2_12_, patronage0_.code as code3_12_, patronage0_.finish_date as finish_d4_12_, patronage0_.inventor_id as inventor9_12_, patronage0_.legal_stuff as legal_st5_12_, patronage0_.link as link6_12_, patronage0_.patron_id as patron_10_12_, patronage0_.start_date as start_da7_12_, patronage0_.status as status8_12_ from patronage patronage0_ 
2022-04-25 18:15:53.037 DEBUG [org.hibernate.SQL@http-nio-8080-exec-9] select inventor0_.id as id1_0_0_, inventor0_.version as version2_0_0_, inventor0_.user_account_id as user_acc1_18_0_, inventor0_.company as company1_9_0_, inventor0_.link as link2_9_0_, inventor0_.statement as statemen3_9_0_, useraccoun1_.id as id1_0_1_, useraccoun1_.version as version2_0_1_, useraccoun1_.enabled as enabled1_17_1_, useraccoun1_.identity as identity2_17_1_, useraccoun1_.password as password3_17_1_, useraccoun1_.username as username4_17_1_ from inventor inventor0_ inner join user_account useraccoun1_ on inventor0_.user_account_id=useraccoun1_.id where inventor0_.id=? 
2022-04-25 18:15:53.038 TRACE [org.hibernate.type.descriptor.sql.BasicBinder@http-nio-8080-exec-9] binding parameter [1] as [INTEGER] - [9] 
2022-04-25 18:15:53.040 DEBUG [org.hibernate.SQL@http-nio-8080-exec-9] select patron0_.id as id1_0_0_, patron0_.version as version2_0_0_, patron0_.user_account_id as user_acc1_18_0_, patron0_.company as company1_11_0_, patron0_.link as link2_11_0_, patron0_.statement as statemen3_11_0_, useraccoun1_.id as id1_0_1_, useraccoun1_.version as version2_0_1_, useraccoun1_.enabled as enabled1_17_1_, useraccoun1_.identity as identity2_17_1_, useraccoun1_.password as password3_17_1_, useraccoun1_.username as username4_17_1_ from patron patron0_ inner join user_account useraccoun1_ on patron0_.user_account_id=useraccoun1_.id where patron0_.id=? 
2022-04-25 18:15:53.040 TRACE [org.hibernate.type.descriptor.sql.BasicBinder@http-nio-8080-exec-9] binding parameter [1] as [INTEGER] - [16] 
2022-04-25 18:15:53.042 DEBUG [org.hibernate.SQL@http-nio-8080-exec-9] select patron0_.id as id1_0_0_, patron0_.version as version2_0_0_, patron0_.user_account_id as user_acc1_18_0_, patron0_.company as company1_11_0_, patron0_.link as link2_11_0_, patron0_.statement as statemen3_11_0_, useraccoun1_.id as id1_0_1_, useraccoun1_.version as version2_0_1_, useraccoun1_.enabled as enabled1_17_1_, useraccoun1_.identity as identity2_17_1_, useraccoun1_.password as password3_17_1_, useraccoun1_.username as username4_17_1_ from patron patron0_ inner join user_account useraccoun1_ on patron0_.user_account_id=useraccoun1_.id where patron0_.id=? 
2022-04-25 18:15:53.043 TRACE [org.hibernate.type.descriptor.sql.BasicBinder@http-nio-8080-exec-9] binding parameter [1] as [INTEGER] - [17] 
2022-04-25 18:15:53.044 DEBUG [org.hibernate.SQL@http-nio-8080-exec-9] select inventor0_.id as id1_0_0_, inventor0_.version as version2_0_0_, inventor0_.user_account_id as user_acc1_18_0_, inventor0_.company as company1_9_0_, inventor0_.link as link2_9_0_, inventor0_.statement as statemen3_9_0_, useraccoun1_.id as id1_0_1_, useraccoun1_.version as version2_0_1_, useraccoun1_.enabled as enabled1_17_1_, useraccoun1_.identity as identity2_17_1_, useraccoun1_.password as password3_17_1_, useraccoun1_.username as username4_17_1_ from inventor inventor0_ inner join user_account useraccoun1_ on inventor0_.user_account_id=useraccoun1_.id where inventor0_.id=? 
2022-04-25 18:15:53.045 TRACE [org.hibernate.type.descriptor.sql.BasicBinder@http-nio-8080-exec-9] binding parameter [1] as [INTEGER] - [8] 
2022-04-25 18:15:53.064 DEBUG [acme.framework.controllers.AbstractController@http-nio-8080-exec-9] SERVING GET /acme-toolkit-22.1/inventor/patronage/list 
2022-04-25 18:15:53.065 DEBUG [acme.framework.controllers.AbstractController@http-nio-8080-exec-9] Result: ModelAndView [view="inventor/patronage/list"; model={version[2]=0, version[1]=0, list$size=3, budget[0]=<<EUR 15000.98>>, budget[1]=<<EUR 16000.69>>, budget[2]=<<EUR 17069.69>>, code[0]=AZX-000-J, version[0]=0, code[1]=AOP-346-Z, id[1]=19, code[2]=CBD-990-A, id[0]=18, id[2]=20, command=list, principal=acme.framework.entities.Principal@6045e5a6}] 
2022-04-25 18:15:53.068 DEBUG [acme.framework.components.tiles.DynamicTilesView@http-nio-8080-exec-9] View name 'inventor/patronage/list', model {version[2]=0, version[1]=0, list$size=3, budget[0]=<<EUR 15000.98>>, budget[1]=<<EUR 16000.69>>, budget[2]=<<EUR 17069.69>>, code[0]=AZX-000-J, version[0]=0, code[1]=AOP-346-Z, id[1]=19, code[2]=CBD-990-A, id[0]=18, id[2]=20, command=list, principal=acme.framework.entities.Principal@6045e5a6, org.springframework.validation.BindingResult.budget[0]=org.springframework.validation.BeanPropertyBindingResult: 0 errors, org.springframework.validation.BindingResult.budget[1]=org.springframework.validation.BeanPropertyBindingResult: 0 errors, org.springframework.validation.BindingResult.budget[2]=org.springframework.validation.BeanPropertyBindingResult: 0 errors, org.springframework.validation.BindingResult.principal=org.springframework.validation.BeanPropertyBindingResult: 0 errors} 
2022-04-25 18:15:53.069 DEBUG [org.apache.jasper.servlet.JspServlet@http-nio-8080-exec-9] JspEngine --> /WEB-INF/views/master/page.jsp 
2022-04-25 18:15:53.069 DEBUG [org.apache.jasper.servlet.JspServlet@http-nio-8080-exec-9] ServletPath: /WEB-INF/views/master/page.jsp 
2022-04-25 18:15:53.069 DEBUG [org.apache.jasper.servlet.JspServlet@http-nio-8080-exec-9] PathInfo: null 
2022-04-25 18:15:53.069 DEBUG [org.apache.jasper.servlet.JspServlet@http-nio-8080-exec-9] RealPath: C:\Users\manol\git\Acme-Toolkit\target\classes\WEB-INF\views\master\page.jsp 
2022-04-25 18:15:53.069 DEBUG [org.apache.jasper.servlet.JspServlet@http-nio-8080-exec-9] RequestURI: /acme-toolkit-22.1/WEB-INF/views/master/page.jsp 
2022-04-25 18:15:53.070 DEBUG [org.apache.jasper.servlet.JspServlet@http-nio-8080-exec-9] QueryString: null 
2022-04-25 18:15:53.112 DEBUG [org.apache.jasper.servlet.JspServlet@http-nio-8080-exec-9] JspEngine --> /WEB-INF/views/inventor/patronage/list.jsp 
2022-04-25 18:15:53.112 DEBUG [org.apache.jasper.servlet.JspServlet@http-nio-8080-exec-9] ServletPath: /WEB-INF/views/master/page.jsp 
2022-04-25 18:15:53.112 DEBUG [org.apache.jasper.servlet.JspServlet@http-nio-8080-exec-9] PathInfo: null 
2022-04-25 18:15:53.113 DEBUG [org.apache.jasper.servlet.JspServlet@http-nio-8080-exec-9] RealPath: C:\Users\manol\git\Acme-Toolkit\target\classes\WEB-INF\views\inventor\patronage\list.jsp 
2022-04-25 18:15:53.113 DEBUG [org.apache.jasper.servlet.JspServlet@http-nio-8080-exec-9] RequestURI: /acme-toolkit-22.1/WEB-INF/views/master/page.jsp 
2022-04-25 18:15:53.113 DEBUG [org.apache.jasper.servlet.JspServlet@http-nio-8080-exec-9] QueryString: null 
2022-04-25 18:15:54.511 DEBUG [acme.framework.controllers.AbstractController@http-nio-8080-exec-4] DISPATCHING GET /acme-toolkit-22.1/inventor/patronage/show 
2022-04-25 18:15:54.511 DEBUG [acme.framework.controllers.AbstractController@http-nio-8080-exec-4] Command: show 
2022-04-25 18:15:54.511 DEBUG [acme.framework.controllers.AbstractController@http-nio-8080-exec-4] Model:   {id=18} 
2022-04-25 18:15:54.511 DEBUG [acme.framework.controllers.AbstractController@http-nio-8080-exec-4] Locale:  es 
2022-04-25 18:15:54.527 DEBUG [org.hibernate.SQL@http-nio-8080-exec-4] select patronage0_.id as id1_0_, patronage0_.version as version2_0_, patronage0_.budget_amount as budget_a1_12_, patronage0_.budget_currency as budget_c2_12_, patronage0_.code as code3_12_, patronage0_.finish_date as finish_d4_12_, patronage0_.inventor_id as inventor9_12_, patronage0_.legal_stuff as legal_st5_12_, patronage0_.link as link6_12_, patronage0_.patron_id as patron_10_12_, patronage0_.start_date as start_da7_12_, patronage0_.status as status8_12_ from patronage patronage0_ where patronage0_.id=? 
2022-04-25 18:15:54.528 TRACE [org.hibernate.type.descriptor.sql.BasicBinder@http-nio-8080-exec-4] binding parameter [1] as [INTEGER] - [18] 
2022-04-25 18:15:54.529 DEBUG [org.hibernate.SQL@http-nio-8080-exec-4] select inventor0_.id as id1_0_0_, inventor0_.version as version2_0_0_, inventor0_.user_account_id as user_acc1_18_0_, inventor0_.company as company1_9_0_, inventor0_.link as link2_9_0_, inventor0_.statement as statemen3_9_0_, useraccoun1_.id as id1_0_1_, useraccoun1_.version as version2_0_1_, useraccoun1_.enabled as enabled1_17_1_, useraccoun1_.identity as identity2_17_1_, useraccoun1_.password as password3_17_1_, useraccoun1_.username as username4_17_1_ from inventor inventor0_ inner join user_account useraccoun1_ on inventor0_.user_account_id=useraccoun1_.id where inventor0_.id=? 
2022-04-25 18:15:54.529 TRACE [org.hibernate.type.descriptor.sql.BasicBinder@http-nio-8080-exec-4] binding parameter [1] as [INTEGER] - [9] 
2022-04-25 18:15:54.531 DEBUG [org.hibernate.SQL@http-nio-8080-exec-4] select patron0_.id as id1_0_0_, patron0_.version as version2_0_0_, patron0_.user_account_id as user_acc1_18_0_, patron0_.company as company1_11_0_, patron0_.link as link2_11_0_, patron0_.statement as statemen3_11_0_, useraccoun1_.id as id1_0_1_, useraccoun1_.version as version2_0_1_, useraccoun1_.enabled as enabled1_17_1_, useraccoun1_.identity as identity2_17_1_, useraccoun1_.password as password3_17_1_, useraccoun1_.username as username4_17_1_ from patron patron0_ inner join user_account useraccoun1_ on patron0_.user_account_id=useraccoun1_.id where patron0_.id=? 
2022-04-25 18:15:54.531 TRACE [org.hibernate.type.descriptor.sql.BasicBinder@http-nio-8080-exec-4] binding parameter [1] as [INTEGER] - [16] 
2022-04-25 18:15:54.534 DEBUG [acme.framework.controllers.AbstractController@http-nio-8080-exec-4] SERVING GET /acme-toolkit-22.1/inventor/patronage/show 
2022-04-25 18:15:54.535 DEBUG [acme.framework.controllers.AbstractController@http-nio-8080-exec-4] Result: ModelAndView [view="inventor/patronage/form"; model={code=AZX-000-J, patronId=2, link=http://www.example.com, id=18, inventorId=6, version=0, startDate=2019-08-25 22:15:00.0, status=PROPOSED, legalStuff=a, budget=<<EUR 15000.98>>, command=show, principal=acme.framework.entities.Principal@6045e5a6}] 
2022-04-25 18:15:54.535 DEBUG [acme.framework.components.tiles.DynamicTilesView@http-nio-8080-exec-4] View name 'inventor/patronage/form', model {code=AZX-000-J, patronId=2, link=http://www.example.com, id=18, inventorId=6, version=0, startDate=2019-08-25 22:15:00.0, status=PROPOSED, legalStuff=a, budget=<<EUR 15000.98>>, command=show, principal=acme.framework.entities.Principal@6045e5a6, org.springframework.validation.BindingResult.budget=org.springframework.validation.BeanPropertyBindingResult: 0 errors, org.springframework.validation.BindingResult.principal=org.springframework.validation.BeanPropertyBindingResult: 0 errors} 
2022-04-25 18:15:54.536 DEBUG [org.apache.jasper.servlet.JspServlet@http-nio-8080-exec-4] JspEngine --> /WEB-INF/views/master/page.jsp 
2022-04-25 18:15:54.536 DEBUG [org.apache.jasper.servlet.JspServlet@http-nio-8080-exec-4] ServletPath: /WEB-INF/views/master/page.jsp 
2022-04-25 18:15:54.536 DEBUG [org.apache.jasper.servlet.JspServlet@http-nio-8080-exec-4] PathInfo: null 
2022-04-25 18:15:54.537 DEBUG [org.apache.jasper.servlet.JspServlet@http-nio-8080-exec-4] RealPath: C:\Users\manol\git\Acme-Toolkit\target\classes\WEB-INF\views\master\page.jsp 
2022-04-25 18:15:54.537 DEBUG [org.apache.jasper.servlet.JspServlet@http-nio-8080-exec-4] RequestURI: /acme-toolkit-22.1/WEB-INF/views/master/page.jsp 
2022-04-25 18:15:54.538 DEBUG [org.apache.jasper.servlet.JspServlet@http-nio-8080-exec-4] QueryString: id=18 
2022-04-25 18:15:54.589 DEBUG [org.apache.jasper.servlet.JspServlet@http-nio-8080-exec-4] JspEngine --> /WEB-INF/views/inventor/patronage/form.jsp 
2022-04-25 18:15:54.589 DEBUG [org.apache.jasper.servlet.JspServlet@http-nio-8080-exec-4] ServletPath: /WEB-INF/views/master/page.jsp 
2022-04-25 18:15:54.590 DEBUG [org.apache.jasper.servlet.JspServlet@http-nio-8080-exec-4] PathInfo: null 
2022-04-25 18:15:54.591 DEBUG [org.apache.jasper.servlet.JspServlet@http-nio-8080-exec-4] RealPath: C:\Users\manol\git\Acme-Toolkit\target\classes\WEB-INF\views\inventor\patronage\form.jsp 
2022-04-25 18:15:54.591 DEBUG [org.apache.jasper.servlet.JspServlet@http-nio-8080-exec-4] RequestURI: /acme-toolkit-22.1/WEB-INF/views/master/page.jsp 
2022-04-25 18:15:54.591 DEBUG [org.apache.jasper.servlet.JspServlet@http-nio-8080-exec-4] QueryString: id=18 
2022-04-25 18:15:56.535 DEBUG [acme.framework.controllers.AbstractController@http-nio-8080-exec-2] DISPATCHING GET /acme-toolkit-22.1/inventor/patronage-report/list 
2022-04-25 18:15:56.536 DEBUG [acme.framework.controllers.AbstractController@http-nio-8080-exec-2] Command: list 
2022-04-25 18:15:56.536 DEBUG [acme.framework.controllers.AbstractController@http-nio-8080-exec-2] Model:   {patronageId=18} 
2022-04-25 18:15:56.536 DEBUG [acme.framework.controllers.AbstractController@http-nio-8080-exec-2] Locale:  es 
2022-04-25 18:15:56.542 DEBUG [org.hibernate.SQL@http-nio-8080-exec-2] select patronager0_.id as id1_0_, patronager0_.version as version2_0_, patronager0_.creation_moment as creation1_13_, patronager0_.link as link2_13_, patronager0_.memorandum as memorand3_13_, patronager0_.patronage_id as patronag5_13_, patronager0_.sequence_number as sequence4_13_ from patronage_report patronager0_ where patronager0_.patronage_id=? 
2022-04-25 18:15:56.542 TRACE [org.hibernate.type.descriptor.sql.BasicBinder@http-nio-8080-exec-2] binding parameter [1] as [INTEGER] - [18] 
2022-04-25 18:15:56.549 DEBUG [org.hibernate.SQL@http-nio-8080-exec-2] select patronage0_.id as id1_0_0_, patronage0_.version as version2_0_0_, patronage0_.budget_amount as budget_a1_12_0_, patronage0_.budget_currency as budget_c2_12_0_, patronage0_.code as code3_12_0_, patronage0_.finish_date as finish_d4_12_0_, patronage0_.inventor_id as inventor9_12_0_, patronage0_.legal_stuff as legal_st5_12_0_, patronage0_.link as link6_12_0_, patronage0_.patron_id as patron_10_12_0_, patronage0_.start_date as start_da7_12_0_, patronage0_.status as status8_12_0_, inventor1_.id as id1_0_1_, inventor1_.version as version2_0_1_, inventor1_.user_account_id as user_acc1_18_1_, inventor1_.company as company1_9_1_, inventor1_.link as link2_9_1_, inventor1_.statement as statemen3_9_1_, useraccoun2_.id as id1_0_2_, useraccoun2_.version as version2_0_2_, useraccoun2_.enabled as enabled1_17_2_, useraccoun2_.identity as identity2_17_2_, useraccoun2_.password as password3_17_2_, useraccoun2_.username as username4_17_2_, patron3_.id as id1_0_3_, patron3_.version as version2_0_3_, patron3_.user_account_id as user_acc1_18_3_, patron3_.company as company1_11_3_, patron3_.link as link2_11_3_, patron3_.statement as statemen3_11_3_, useraccoun4_.id as id1_0_4_, useraccoun4_.version as version2_0_4_, useraccoun4_.enabled as enabled1_17_4_, useraccoun4_.identity as identity2_17_4_, useraccoun4_.password as password3_17_4_, useraccoun4_.username as username4_17_4_ from patronage patronage0_ inner join inventor inventor1_ on patronage0_.inventor_id=inventor1_.id inner join user_account useraccoun2_ on inventor1_.user_account_id=useraccoun2_.id inner join patron patron3_ on patronage0_.patron_id=patron3_.id inner join user_account useraccoun4_ on patron3_.user_account_id=useraccoun4_.id where patronage0_.id=? 
2022-04-25 18:15:56.549 TRACE [org.hibernate.type.descriptor.sql.BasicBinder@http-nio-8080-exec-2] binding parameter [1] as [INTEGER] - [18] 
2022-04-25 18:15:56.558 DEBUG [acme.framework.controllers.AbstractController@http-nio-8080-exec-2] SERVING GET /acme-toolkit-22.1/inventor/patronage-report/list 
2022-04-25 18:15:56.558 DEBUG [acme.framework.controllers.AbstractController@http-nio-8080-exec-2] Result: ModelAndView [view="inventor/patronage-report/list"; model={sequenceNumber[0]=0001, memorandum[0]=a, version[0]=0, id[0]=21, list$size=1, command=list, principal=acme.framework.entities.Principal@6045e5a6}] 
2022-04-25 18:15:56.559 DEBUG [acme.framework.components.tiles.DynamicTilesView@http-nio-8080-exec-2] View name 'inventor/patronage-report/list', model {sequenceNumber[0]=0001, memorandum[0]=a, version[0]=0, id[0]=21, list$size=1, command=list, principal=acme.framework.entities.Principal@6045e5a6, org.springframework.validation.BindingResult.principal=org.springframework.validation.BeanPropertyBindingResult: 0 errors} 
2022-04-25 18:15:56.560 DEBUG [org.apache.jasper.servlet.JspServlet@http-nio-8080-exec-2] JspEngine --> /WEB-INF/views/master/page.jsp 
2022-04-25 18:15:56.560 DEBUG [org.apache.jasper.servlet.JspServlet@http-nio-8080-exec-2] ServletPath: /WEB-INF/views/master/page.jsp 
2022-04-25 18:15:56.560 DEBUG [org.apache.jasper.servlet.JspServlet@http-nio-8080-exec-2] PathInfo: null 
2022-04-25 18:15:56.561 DEBUG [org.apache.jasper.servlet.JspServlet@http-nio-8080-exec-2] RealPath: C:\Users\manol\git\Acme-Toolkit\target\classes\WEB-INF\views\master\page.jsp 
2022-04-25 18:15:56.562 DEBUG [org.apache.jasper.servlet.JspServlet@http-nio-8080-exec-2] RequestURI: /acme-toolkit-22.1/WEB-INF/views/master/page.jsp 
2022-04-25 18:15:56.562 DEBUG [org.apache.jasper.servlet.JspServlet@http-nio-8080-exec-2] QueryString: patronageId=18 
2022-04-25 18:15:56.640 DEBUG [org.apache.jasper.servlet.JspServlet@http-nio-8080-exec-2] JspEngine --> /WEB-INF/views/inventor/patronage-report/list.jsp 
2022-04-25 18:15:56.641 DEBUG [org.apache.jasper.servlet.JspServlet@http-nio-8080-exec-2] ServletPath: /WEB-INF/views/master/page.jsp 
2022-04-25 18:15:56.641 DEBUG [org.apache.jasper.servlet.JspServlet@http-nio-8080-exec-2] PathInfo: null 
2022-04-25 18:15:56.642 DEBUG [org.apache.jasper.servlet.JspServlet@http-nio-8080-exec-2] RealPath: C:\Users\manol\git\Acme-Toolkit\target\classes\WEB-INF\views\inventor\patronage-report\list.jsp 
2022-04-25 18:15:56.643 DEBUG [org.apache.jasper.servlet.JspServlet@http-nio-8080-exec-2] RequestURI: /acme-toolkit-22.1/WEB-INF/views/master/page.jsp 
2022-04-25 18:15:56.643 DEBUG [org.apache.jasper.servlet.JspServlet@http-nio-8080-exec-2] QueryString: patronageId=18 
2022-04-25 18:15:58.750 DEBUG [acme.framework.controllers.AbstractController@http-nio-8080-exec-10] DISPATCHING GET /acme-toolkit-22.1/inventor/patronage-report/show 
2022-04-25 18:15:58.751 DEBUG [acme.framework.controllers.AbstractController@http-nio-8080-exec-10] Command: show 
2022-04-25 18:15:58.751 DEBUG [acme.framework.controllers.AbstractController@http-nio-8080-exec-10] Model:   {id=21} 
2022-04-25 18:15:58.751 DEBUG [acme.framework.controllers.AbstractController@http-nio-8080-exec-10] Locale:  es 
2022-04-25 18:15:58.755 DEBUG [org.hibernate.SQL@http-nio-8080-exec-10] select patronager0_.id as id1_0_, patronager0_.version as version2_0_, patronager0_.creation_moment as creation1_13_, patronager0_.link as link2_13_, patronager0_.memorandum as memorand3_13_, patronager0_.patronage_id as patronag5_13_, patronager0_.sequence_number as sequence4_13_ from patronage_report patronager0_ where patronager0_.id=? 
2022-04-25 18:15:58.756 TRACE [org.hibernate.type.descriptor.sql.BasicBinder@http-nio-8080-exec-10] binding parameter [1] as [INTEGER] - [21] 
2022-04-25 18:15:58.757 DEBUG [org.hibernate.SQL@http-nio-8080-exec-10] select patronage0_.id as id1_0_0_, patronage0_.version as version2_0_0_, patronage0_.budget_amount as budget_a1_12_0_, patronage0_.budget_currency as budget_c2_12_0_, patronage0_.code as code3_12_0_, patronage0_.finish_date as finish_d4_12_0_, patronage0_.inventor_id as inventor9_12_0_, patronage0_.legal_stuff as legal_st5_12_0_, patronage0_.link as link6_12_0_, patronage0_.patron_id as patron_10_12_0_, patronage0_.start_date as start_da7_12_0_, patronage0_.status as status8_12_0_, inventor1_.id as id1_0_1_, inventor1_.version as version2_0_1_, inventor1_.user_account_id as user_acc1_18_1_, inventor1_.company as company1_9_1_, inventor1_.link as link2_9_1_, inventor1_.statement as statemen3_9_1_, useraccoun2_.id as id1_0_2_, useraccoun2_.version as version2_0_2_, useraccoun2_.enabled as enabled1_17_2_, useraccoun2_.identity as identity2_17_2_, useraccoun2_.password as password3_17_2_, useraccoun2_.username as username4_17_2_, patron3_.id as id1_0_3_, patron3_.version as version2_0_3_, patron3_.user_account_id as user_acc1_18_3_, patron3_.company as company1_11_3_, patron3_.link as link2_11_3_, patron3_.statement as statemen3_11_3_, useraccoun4_.id as id1_0_4_, useraccoun4_.version as version2_0_4_, useraccoun4_.enabled as enabled1_17_4_, useraccoun4_.identity as identity2_17_4_, useraccoun4_.password as password3_17_4_, useraccoun4_.username as username4_17_4_ from patronage patronage0_ inner join inventor inventor1_ on patronage0_.inventor_id=inventor1_.id inner join user_account useraccoun2_ on inventor1_.user_account_id=useraccoun2_.id inner join patron patron3_ on patronage0_.patron_id=patron3_.id inner join user_account useraccoun4_ on patron3_.user_account_id=useraccoun4_.id where patronage0_.id=? 
2022-04-25 18:15:58.758 TRACE [org.hibernate.type.descriptor.sql.BasicBinder@http-nio-8080-exec-10] binding parameter [1] as [INTEGER] - [18] 
2022-04-25 18:15:58.762 DEBUG [acme.framework.controllers.AbstractController@http-nio-8080-exec-10] SERVING GET /acme-toolkit-22.1/inventor/patronage-report/show 
2022-04-25 18:15:58.762 DEBUG [acme.framework.controllers.AbstractController@http-nio-8080-exec-10] Result: ModelAndView [view="inventor/patronage-report/form"; model={sequenceNumber=0001, creationMoment=2019-08-25 22:15:00.0, link=http://www.example.com, id=21, memorandum=a, version=0, command=show, principal=acme.framework.entities.Principal@6045e5a6}] 
2022-04-25 18:15:58.762 DEBUG [acme.framework.components.tiles.DynamicTilesView@http-nio-8080-exec-10] View name 'inventor/patronage-report/form', model {sequenceNumber=0001, creationMoment=2019-08-25 22:15:00.0, link=http://www.example.com, id=21, memorandum=a, version=0, command=show, principal=acme.framework.entities.Principal@6045e5a6, org.springframework.validation.BindingResult.principal=org.springframework.validation.BeanPropertyBindingResult: 0 errors} 
2022-04-25 18:15:58.763 DEBUG [org.apache.jasper.servlet.JspServlet@http-nio-8080-exec-10] JspEngine --> /WEB-INF/views/master/page.jsp 
2022-04-25 18:15:58.763 DEBUG [org.apache.jasper.servlet.JspServlet@http-nio-8080-exec-10] ServletPath: /WEB-INF/views/master/page.jsp 
2022-04-25 18:15:58.763 DEBUG [org.apache.jasper.servlet.JspServlet@http-nio-8080-exec-10] PathInfo: null 
2022-04-25 18:15:58.764 DEBUG [org.apache.jasper.servlet.JspServlet@http-nio-8080-exec-10] RealPath: C:\Users\manol\git\Acme-Toolkit\target\classes\WEB-INF\views\master\page.jsp 
2022-04-25 18:15:58.764 DEBUG [org.apache.jasper.servlet.JspServlet@http-nio-8080-exec-10] RequestURI: /acme-toolkit-22.1/WEB-INF/views/master/page.jsp 
2022-04-25 18:15:58.764 DEBUG [org.apache.jasper.servlet.JspServlet@http-nio-8080-exec-10] QueryString: id=21 
2022-04-25 18:15:58.823 DEBUG [org.apache.jasper.servlet.JspServlet@http-nio-8080-exec-10] JspEngine --> /WEB-INF/views/inventor/patronage-report/form.jsp 
2022-04-25 18:15:58.823 DEBUG [org.apache.jasper.servlet.JspServlet@http-nio-8080-exec-10] ServletPath: /WEB-INF/views/master/page.jsp 
2022-04-25 18:15:58.823 DEBUG [org.apache.jasper.servlet.JspServlet@http-nio-8080-exec-10] PathInfo: null 
2022-04-25 18:15:58.824 DEBUG [org.apache.jasper.servlet.JspServlet@http-nio-8080-exec-10] RealPath: C:\Users\manol\git\Acme-Toolkit\target\classes\WEB-INF\views\inventor\patronage-report\form.jsp 
2022-04-25 18:15:58.824 DEBUG [org.apache.jasper.servlet.JspServlet@http-nio-8080-exec-10] RequestURI: /acme-toolkit-22.1/WEB-INF/views/master/page.jsp 
2022-04-25 18:15:58.825 DEBUG [org.apache.jasper.servlet.JspServlet@http-nio-8080-exec-10] QueryString: id=21 
