2022-04-23 17:21:09.300 INFO  [acme.Launcher@main] Starting Launcher using Java 1.8.0_261 on LAPTOP-KD3M7QQ5 with PID 17264 (C:\Users\manol\Desktop\dp2\Workspace-22.0\Workspace-22.0\Frameworks\Acme-Framework-22.3\target\classes started by manol in C:\Users\manol\git\Acme-Toolkit) 
2022-04-23 17:21:09.300 DEBUG [acme.Launcher@main] Running with Spring Boot v2.4.2, Spring v5.3.3 
2022-04-23 17:21:09.301 INFO  [acme.Launcher@main] The following profiles are active: development,default 
2022-04-23 17:21:11.017 DEBUG [org.apache.jasper.servlet.JasperInitializer@main] Initializing Jasper for context [application] 
2022-04-23 17:21:14.141 DEBUG [org.apache.jasper.servlet.JspServlet@main] Scratch dir for the JSP engine is: [C:\Users\manol\AppData\Local\Temp\tomcat.8080.2228507716669066725\work\Tomcat\localhost\acme-toolkit-22.1] 
2022-04-23 17:21:14.142 DEBUG [org.apache.jasper.servlet.JspServlet@main] IMPORTANT: Do not modify the generated servlets 
2022-04-23 17:21:14.153 INFO  [acme.Launcher@main] Started Launcher in 5.295 seconds (JVM running for 5.727) 
2022-04-23 17:21:14.157 DEBUG [acme.Launcher@main] Found classpath entry '/C:/Users/manol/git/Acme-Toolkit/target/test-classes/' 
2022-04-23 17:21:14.157 DEBUG [acme.Launcher@main] Found classpath entry '/C:/Users/manol/git/Acme-Toolkit/target/classes/' 
2022-04-23 17:21:14.157 DEBUG [acme.Launcher@main] Found classpath entry '/C:/Users/manol/Desktop/dp2/Workspace-22.0/Workspace-22.0/Frameworks/Acme-Framework-22.3/target/classes/' 
2022-04-23 17:21:14.157 DEBUG [acme.Launcher@main] Found classpath entry '/C:/Users/manol/Desktop/dp2/Workspace-22.0/Workspace-22.0/Frameworks/Acme-Framework-22.3/target/test-classes/' 
2022-04-23 17:21:14.158 DEBUG [acme.Launcher@main] Found classpath entry '/C:/Users/manol/.m2/repository/org/springframework/boot/spring-boot-starter-tomcat/2.4.2/spring-boot-starter-tomcat-2.4.2.jar' 
2022-04-23 17:21:14.158 DEBUG [acme.Launcher@main] Found classpath entry '/C:/Users/manol/.m2/repository/jakarta/annotation/jakarta.annotation-api/1.3.5/jakarta.annotation-api-1.3.5.jar' 
2022-04-23 17:21:14.158 DEBUG [acme.Launcher@main] Found classpath entry '/C:/Users/manol/.m2/repository/org/apache/tomcat/embed/tomcat-embed-core/9.0.41/tomcat-embed-core-9.0.41.jar' 
2022-04-23 17:21:14.158 DEBUG [acme.Launcher@main] Found classpath entry '/C:/Users/manol/.m2/repository/org/glassfish/jakarta.el/3.0.3/jakarta.el-3.0.3.jar' 
2022-04-23 17:21:14.158 DEBUG [acme.Launcher@main] Found classpath entry '/C:/Users/manol/.m2/repository/org/apache/tomcat/embed/tomcat-embed-websocket/9.0.41/tomcat-embed-websocket-9.0.41.jar' 
2022-04-23 17:21:14.159 DEBUG [acme.Launcher@main] Found classpath entry '/C:/Users/manol/.m2/repository/org/apache/tomcat/embed/tomcat-embed-jasper/9.0.41/tomcat-embed-jasper-9.0.41.jar' 
2022-04-23 17:21:14.159 DEBUG [acme.Launcher@main] Found classpath entry '/C:/Users/manol/.m2/repository/org/apache/tomcat/embed/tomcat-embed-el/9.0.41/tomcat-embed-el-9.0.41.jar' 
2022-04-23 17:21:14.159 DEBUG [acme.Launcher@main] Found classpath entry '/C:/Users/manol/.m2/repository/org/eclipse/jdt/ecj/3.18.0/ecj-3.18.0.jar' 
2022-04-23 17:21:14.159 DEBUG [acme.Launcher@main] Found classpath entry '/C:/Users/manol/.m2/repository/javax/servlet/jstl/1.2/jstl-1.2.jar' 
2022-04-23 17:21:14.159 DEBUG [acme.Launcher@main] Found classpath entry '/C:/Users/manol/.m2/repository/org/springframework/boot/spring-boot-starter-test/2.4.2/spring-boot-starter-test-2.4.2.jar' 
2022-04-23 17:21:14.160 DEBUG [acme.Launcher@main] Found classpath entry '/C:/Users/manol/.m2/repository/org/springframework/boot/spring-boot-starter/2.4.2/spring-boot-starter-2.4.2.jar' 
2022-04-23 17:21:14.160 DEBUG [acme.Launcher@main] Found classpath entry '/C:/Users/manol/.m2/repository/org/springframework/boot/spring-boot/2.4.2/spring-boot-2.4.2.jar' 
2022-04-23 17:21:14.160 DEBUG [acme.Launcher@main] Found classpath entry '/C:/Users/manol/.m2/repository/org/springframework/boot/spring-boot-autoconfigure/2.4.2/spring-boot-autoconfigure-2.4.2.jar' 
2022-04-23 17:21:14.160 DEBUG [acme.Launcher@main] Found classpath entry '/C:/Users/manol/.m2/repository/org/springframework/boot/spring-boot-starter-logging/2.4.2/spring-boot-starter-logging-2.4.2.jar' 
2022-04-23 17:21:14.161 DEBUG [acme.Launcher@main] Found classpath entry '/C:/Users/manol/.m2/repository/ch/qos/logback/logback-classic/1.2.3/logback-classic-1.2.3.jar' 
2022-04-23 17:21:14.161 DEBUG [acme.Launcher@main] Found classpath entry '/C:/Users/manol/.m2/repository/ch/qos/logback/logback-core/1.2.3/logback-core-1.2.3.jar' 
2022-04-23 17:21:14.161 DEBUG [acme.Launcher@main] Found classpath entry '/C:/Users/manol/.m2/repository/org/apache/logging/log4j/log4j-to-slf4j/2.13.3/log4j-to-slf4j-2.13.3.jar' 
2022-04-23 17:21:14.161 DEBUG [acme.Launcher@main] Found classpath entry '/C:/Users/manol/.m2/repository/org/apache/logging/log4j/log4j-api/2.13.3/log4j-api-2.13.3.jar' 
2022-04-23 17:21:14.161 DEBUG [acme.Launcher@main] Found classpath entry '/C:/Users/manol/.m2/repository/org/slf4j/jul-to-slf4j/1.7.30/jul-to-slf4j-1.7.30.jar' 
2022-04-23 17:21:14.162 DEBUG [acme.Launcher@main] Found classpath entry '/C:/Users/manol/.m2/repository/org/yaml/snakeyaml/1.27/snakeyaml-1.27.jar' 
2022-04-23 17:21:14.162 DEBUG [acme.Launcher@main] Found classpath entry '/C:/Users/manol/.m2/repository/org/springframework/boot/spring-boot-test/2.4.2/spring-boot-test-2.4.2.jar' 
2022-04-23 17:21:14.162 DEBUG [acme.Launcher@main] Found classpath entry '/C:/Users/manol/.m2/repository/org/springframework/boot/spring-boot-test-autoconfigure/2.4.2/spring-boot-test-autoconfigure-2.4.2.jar' 
2022-04-23 17:21:14.162 DEBUG [acme.Launcher@main] Found classpath entry '/C:/Users/manol/.m2/repository/com/jayway/jsonpath/json-path/2.4.0/json-path-2.4.0.jar' 
2022-04-23 17:21:14.162 DEBUG [acme.Launcher@main] Found classpath entry '/C:/Users/manol/.m2/repository/net/minidev/json-smart/2.3/json-smart-2.3.jar' 
2022-04-23 17:21:14.163 DEBUG [acme.Launcher@main] Found classpath entry '/C:/Users/manol/.m2/repository/net/minidev/accessors-smart/1.2/accessors-smart-1.2.jar' 
2022-04-23 17:21:14.163 DEBUG [acme.Launcher@main] Found classpath entry '/C:/Users/manol/.m2/repository/org/ow2/asm/asm/5.0.4/asm-5.0.4.jar' 
2022-04-23 17:21:14.163 DEBUG [acme.Launcher@main] Found classpath entry '/C:/Users/manol/.m2/repository/jakarta/xml/bind/jakarta.xml.bind-api/2.3.3/jakarta.xml.bind-api-2.3.3.jar' 
2022-04-23 17:21:14.163 DEBUG [acme.Launcher@main] Found classpath entry '/C:/Users/manol/.m2/repository/jakarta/activation/jakarta.activation-api/1.2.2/jakarta.activation-api-1.2.2.jar' 
2022-04-23 17:21:14.163 DEBUG [acme.Launcher@main] Found classpath entry '/C:/Users/manol/.m2/repository/org/assertj/assertj-core/3.18.1/assertj-core-3.18.1.jar' 
2022-04-23 17:21:14.163 DEBUG [acme.Launcher@main] Found classpath entry '/C:/Users/manol/.m2/repository/org/hamcrest/hamcrest/2.2/hamcrest-2.2.jar' 
2022-04-23 17:21:14.164 DEBUG [acme.Launcher@main] Found classpath entry '/C:/Users/manol/.m2/repository/org/junit/jupiter/junit-jupiter/5.7.0/junit-jupiter-5.7.0.jar' 
2022-04-23 17:21:14.164 DEBUG [acme.Launcher@main] Found classpath entry '/C:/Users/manol/.m2/repository/org/mockito/mockito-core/3.6.28/mockito-core-3.6.28.jar' 
2022-04-23 17:21:14.164 DEBUG [acme.Launcher@main] Found classpath entry '/C:/Users/manol/.m2/repository/net/bytebuddy/byte-buddy-agent/1.10.19/byte-buddy-agent-1.10.19.jar' 
2022-04-23 17:21:14.164 DEBUG [acme.Launcher@main] Found classpath entry '/C:/Users/manol/.m2/repository/org/objenesis/objenesis/3.1/objenesis-3.1.jar' 
2022-04-23 17:21:14.164 DEBUG [acme.Launcher@main] Found classpath entry '/C:/Users/manol/.m2/repository/org/mockito/mockito-junit-jupiter/3.6.28/mockito-junit-jupiter-3.6.28.jar' 
2022-04-23 17:21:14.164 DEBUG [acme.Launcher@main] Found classpath entry '/C:/Users/manol/.m2/repository/org/skyscreamer/jsonassert/1.5.0/jsonassert-1.5.0.jar' 
2022-04-23 17:21:14.164 DEBUG [acme.Launcher@main] Found classpath entry '/C:/Users/manol/.m2/repository/com/vaadin/external/google/android-json/0.0.20131108.vaadin1/android-json-0.0.20131108.vaadin1.jar' 
2022-04-23 17:21:14.164 DEBUG [acme.Launcher@main] Found classpath entry '/C:/Users/manol/.m2/repository/org/springframework/spring-core/5.3.3/spring-core-5.3.3.jar' 
2022-04-23 17:21:14.165 DEBUG [acme.Launcher@main] Found classpath entry '/C:/Users/manol/.m2/repository/org/springframework/spring-jcl/5.3.3/spring-jcl-5.3.3.jar' 
2022-04-23 17:21:14.165 DEBUG [acme.Launcher@main] Found classpath entry '/C:/Users/manol/.m2/repository/org/springframework/spring-test/5.3.3/spring-test-5.3.3.jar' 
2022-04-23 17:21:14.165 DEBUG [acme.Launcher@main] Found classpath entry '/C:/Users/manol/.m2/repository/org/xmlunit/xmlunit-core/2.7.0/xmlunit-core-2.7.0.jar' 
2022-04-23 17:21:14.165 DEBUG [acme.Launcher@main] Found classpath entry '/C:/Users/manol/.m2/repository/org/springframework/boot/spring-boot-starter-security/2.4.2/spring-boot-starter-security-2.4.2.jar' 
2022-04-23 17:21:14.165 DEBUG [acme.Launcher@main] Found classpath entry '/C:/Users/manol/.m2/repository/org/springframework/spring-aop/5.3.3/spring-aop-5.3.3.jar' 
2022-04-23 17:21:14.165 DEBUG [acme.Launcher@main] Found classpath entry '/C:/Users/manol/.m2/repository/org/springframework/security/spring-security-web/5.4.2/spring-security-web-5.4.2.jar' 
2022-04-23 17:21:14.165 DEBUG [acme.Launcher@main] Found classpath entry '/C:/Users/manol/.m2/repository/org/springframework/security/spring-security-core/5.4.2/spring-security-core-5.4.2.jar' 
2022-04-23 17:21:14.165 DEBUG [acme.Launcher@main] Found classpath entry '/C:/Users/manol/.m2/repository/org/springframework/spring-beans/5.3.3/spring-beans-5.3.3.jar' 
2022-04-23 17:21:14.166 DEBUG [acme.Launcher@main] Found classpath entry '/C:/Users/manol/.m2/repository/org/springframework/spring-context/5.3.3/spring-context-5.3.3.jar' 
2022-04-23 17:21:14.166 DEBUG [acme.Launcher@main] Found classpath entry '/C:/Users/manol/.m2/repository/org/springframework/spring-expression/5.3.3/spring-expression-5.3.3.jar' 
2022-04-23 17:21:14.166 DEBUG [acme.Launcher@main] Found classpath entry '/C:/Users/manol/.m2/repository/org/springframework/spring-web/5.3.3/spring-web-5.3.3.jar' 
2022-04-23 17:21:14.166 DEBUG [acme.Launcher@main] Found classpath entry '/C:/Users/manol/.m2/repository/org/springframework/security/spring-security-config/5.4.2/spring-security-config-5.4.2.jar' 
2022-04-23 17:21:14.166 DEBUG [acme.Launcher@main] Found classpath entry '/C:/Users/manol/.m2/repository/org/springframework/security/spring-security-taglibs/5.4.2/spring-security-taglibs-5.4.2.jar' 
2022-04-23 17:21:14.166 DEBUG [acme.Launcher@main] Found classpath entry '/C:/Users/manol/.m2/repository/org/springframework/security/spring-security-acl/5.4.2/spring-security-acl-5.4.2.jar' 
2022-04-23 17:21:14.166 DEBUG [acme.Launcher@main] Found classpath entry '/C:/Users/manol/.m2/repository/org/springframework/spring-jdbc/5.3.3/spring-jdbc-5.3.3.jar' 
2022-04-23 17:21:14.166 DEBUG [acme.Launcher@main] Found classpath entry '/C:/Users/manol/.m2/repository/org/springframework/spring-tx/5.3.3/spring-tx-5.3.3.jar' 
2022-04-23 17:21:14.167 DEBUG [acme.Launcher@main] Found classpath entry '/C:/Users/manol/.m2/repository/org/springframework/boot/spring-boot-starter-web/2.4.2/spring-boot-starter-web-2.4.2.jar' 
2022-04-23 17:21:14.167 DEBUG [acme.Launcher@main] Found classpath entry '/C:/Users/manol/.m2/repository/org/springframework/boot/spring-boot-starter-json/2.4.2/spring-boot-starter-json-2.4.2.jar' 
2022-04-23 17:21:14.167 DEBUG [acme.Launcher@main] Found classpath entry '/C:/Users/manol/.m2/repository/com/fasterxml/jackson/core/jackson-databind/2.11.4/jackson-databind-2.11.4.jar' 
2022-04-23 17:21:14.167 DEBUG [acme.Launcher@main] Found classpath entry '/C:/Users/manol/.m2/repository/com/fasterxml/jackson/core/jackson-annotations/2.11.4/jackson-annotations-2.11.4.jar' 
2022-04-23 17:21:14.167 DEBUG [acme.Launcher@main] Found classpath entry '/C:/Users/manol/.m2/repository/com/fasterxml/jackson/core/jackson-core/2.11.4/jackson-core-2.11.4.jar' 
2022-04-23 17:21:14.167 DEBUG [acme.Launcher@main] Found classpath entry '/C:/Users/manol/.m2/repository/com/fasterxml/jackson/datatype/jackson-datatype-jdk8/2.11.4/jackson-datatype-jdk8-2.11.4.jar' 
2022-04-23 17:21:14.167 DEBUG [acme.Launcher@main] Found classpath entry '/C:/Users/manol/.m2/repository/com/fasterxml/jackson/datatype/jackson-datatype-jsr310/2.11.4/jackson-datatype-jsr310-2.11.4.jar' 
2022-04-23 17:21:14.167 DEBUG [acme.Launcher@main] Found classpath entry '/C:/Users/manol/.m2/repository/com/fasterxml/jackson/module/jackson-module-parameter-names/2.11.4/jackson-module-parameter-names-2.11.4.jar' 
2022-04-23 17:21:14.167 DEBUG [acme.Launcher@main] Found classpath entry '/C:/Users/manol/.m2/repository/org/springframework/spring-webmvc/5.3.3/spring-webmvc-5.3.3.jar' 
2022-04-23 17:21:14.168 DEBUG [acme.Launcher@main] Found classpath entry '/C:/Users/manol/.m2/repository/org/apache/tiles/tiles-jsp/3.0.8/tiles-jsp-3.0.8.jar' 
2022-04-23 17:21:14.168 DEBUG [acme.Launcher@main] Found classpath entry '/C:/Users/manol/.m2/repository/org/apache/tiles/tiles-servlet/3.0.8/tiles-servlet-3.0.8.jar' 
2022-04-23 17:21:14.168 DEBUG [acme.Launcher@main] Found classpath entry '/C:/Users/manol/.m2/repository/org/apache/tiles/tiles-core/3.0.8/tiles-core-3.0.8.jar' 
2022-04-23 17:21:14.168 DEBUG [acme.Launcher@main] Found classpath entry '/C:/Users/manol/.m2/repository/commons-digester/commons-digester/2.0/commons-digester-2.0.jar' 
2022-04-23 17:21:14.168 DEBUG [acme.Launcher@main] Found classpath entry '/C:/Users/manol/.m2/repository/org/slf4j/jcl-over-slf4j/1.7.30/jcl-over-slf4j-1.7.30.jar' 
2022-04-23 17:21:14.168 DEBUG [acme.Launcher@main] Found classpath entry '/C:/Users/manol/.m2/repository/org/apache/tiles/tiles-request-servlet/1.0.7/tiles-request-servlet-1.0.7.jar' 
2022-04-23 17:21:14.169 DEBUG [acme.Launcher@main] Found classpath entry '/C:/Users/manol/.m2/repository/org/apache/tiles/tiles-template/3.0.8/tiles-template-3.0.8.jar' 
2022-04-23 17:21:14.169 DEBUG [acme.Launcher@main] Found classpath entry '/C:/Users/manol/.m2/repository/org/apache/tiles/tiles-api/3.0.8/tiles-api-3.0.8.jar' 
2022-04-23 17:21:14.169 DEBUG [acme.Launcher@main] Found classpath entry '/C:/Users/manol/.m2/repository/org/apache/tiles/tiles-autotag-core-runtime/1.2/tiles-autotag-core-runtime-1.2.jar' 
2022-04-23 17:21:14.169 DEBUG [acme.Launcher@main] Found classpath entry '/C:/Users/manol/.m2/repository/org/slf4j/slf4j-api/1.7.30/slf4j-api-1.7.30.jar' 
2022-04-23 17:21:14.169 DEBUG [acme.Launcher@main] Found classpath entry '/C:/Users/manol/.m2/repository/org/apache/tiles/tiles-request-jsp/1.0.7/tiles-request-jsp-1.0.7.jar' 
2022-04-23 17:21:14.169 DEBUG [acme.Launcher@main] Found classpath entry '/C:/Users/manol/.m2/repository/org/apache/tiles/tiles-request-api/1.0.7/tiles-request-api-1.0.7.jar' 
2022-04-23 17:21:14.169 DEBUG [acme.Launcher@main] Found classpath entry '/C:/Users/manol/.m2/repository/org/springframework/boot/spring-boot-starter-data-jpa/2.4.2/spring-boot-starter-data-jpa-2.4.2.jar' 
2022-04-23 17:21:14.169 DEBUG [acme.Launcher@main] Found classpath entry '/C:/Users/manol/.m2/repository/org/springframework/boot/spring-boot-starter-aop/2.4.2/spring-boot-starter-aop-2.4.2.jar' 
2022-04-23 17:21:14.170 DEBUG [acme.Launcher@main] Found classpath entry '/C:/Users/manol/.m2/repository/org/aspectj/aspectjweaver/1.9.6/aspectjweaver-1.9.6.jar' 
2022-04-23 17:21:14.170 DEBUG [acme.Launcher@main] Found classpath entry '/C:/Users/manol/.m2/repository/org/springframework/boot/spring-boot-starter-jdbc/2.4.2/spring-boot-starter-jdbc-2.4.2.jar' 
2022-04-23 17:21:14.170 DEBUG [acme.Launcher@main] Found classpath entry '/C:/Users/manol/.m2/repository/jakarta/transaction/jakarta.transaction-api/1.3.3/jakarta.transaction-api-1.3.3.jar' 
2022-04-23 17:21:14.170 DEBUG [acme.Launcher@main] Found classpath entry '/C:/Users/manol/.m2/repository/jakarta/persistence/jakarta.persistence-api/2.2.3/jakarta.persistence-api-2.2.3.jar' 
2022-04-23 17:21:14.170 DEBUG [acme.Launcher@main] Found classpath entry '/C:/Users/manol/.m2/repository/org/hibernate/hibernate-core/5.4.27.Final/hibernate-core-5.4.27.Final.jar' 
2022-04-23 17:21:14.170 DEBUG [acme.Launcher@main] Found classpath entry '/C:/Users/manol/.m2/repository/org/jboss/logging/jboss-logging/3.4.1.Final/jboss-logging-3.4.1.Final.jar' 
2022-04-23 17:21:14.170 DEBUG [acme.Launcher@main] Found classpath entry '/C:/Users/manol/.m2/repository/org/javassist/javassist/3.27.0-GA/javassist-3.27.0-GA.jar' 
2022-04-23 17:21:14.170 DEBUG [acme.Launcher@main] Found classpath entry '/C:/Users/manol/.m2/repository/antlr/antlr/2.7.7/antlr-2.7.7.jar' 
2022-04-23 17:21:14.170 DEBUG [acme.Launcher@main] Found classpath entry '/C:/Users/manol/.m2/repository/org/jboss/jandex/2.1.3.Final/jandex-2.1.3.Final.jar' 
2022-04-23 17:21:14.171 DEBUG [acme.Launcher@main] Found classpath entry '/C:/Users/manol/.m2/repository/com/fasterxml/classmate/1.5.1/classmate-1.5.1.jar' 
2022-04-23 17:21:14.171 DEBUG [acme.Launcher@main] Found classpath entry '/C:/Users/manol/.m2/repository/org/dom4j/dom4j/2.1.3/dom4j-2.1.3.jar' 
2022-04-23 17:21:14.171 DEBUG [acme.Launcher@main] Found classpath entry '/C:/Users/manol/.m2/repository/org/hibernate/common/hibernate-commons-annotations/5.1.2.Final/hibernate-commons-annotations-5.1.2.Final.jar' 
2022-04-23 17:21:14.171 DEBUG [acme.Launcher@main] Found classpath entry '/C:/Users/manol/.m2/repository/org/glassfish/jaxb/jaxb-runtime/2.3.3/jaxb-runtime-2.3.3.jar' 
2022-04-23 17:21:14.171 DEBUG [acme.Launcher@main] Found classpath entry '/C:/Users/manol/.m2/repository/org/glassfish/jaxb/txw2/2.3.3/txw2-2.3.3.jar' 
2022-04-23 17:21:14.171 DEBUG [acme.Launcher@main] Found classpath entry '/C:/Users/manol/.m2/repository/com/sun/istack/istack-commons-runtime/3.0.11/istack-commons-runtime-3.0.11.jar' 
2022-04-23 17:21:14.171 DEBUG [acme.Launcher@main] Found classpath entry '/C:/Users/manol/.m2/repository/com/sun/activation/jakarta.activation/1.2.2/jakarta.activation-1.2.2.jar' 
2022-04-23 17:21:14.171 DEBUG [acme.Launcher@main] Found classpath entry '/C:/Users/manol/.m2/repository/org/springframework/data/spring-data-jpa/2.4.3/spring-data-jpa-2.4.3.jar' 
2022-04-23 17:21:14.171 DEBUG [acme.Launcher@main] Found classpath entry '/C:/Users/manol/.m2/repository/org/springframework/data/spring-data-commons/2.4.3/spring-data-commons-2.4.3.jar' 
2022-04-23 17:21:14.172 DEBUG [acme.Launcher@main] Found classpath entry '/C:/Users/manol/.m2/repository/org/springframework/spring-orm/5.3.3/spring-orm-5.3.3.jar' 
2022-04-23 17:21:14.172 DEBUG [acme.Launcher@main] Found classpath entry '/C:/Users/manol/.m2/repository/org/springframework/spring-aspects/5.3.3/spring-aspects-5.3.3.jar' 
2022-04-23 17:21:14.172 DEBUG [acme.Launcher@main] Found classpath entry '/C:/Users/manol/.m2/repository/org/springframework/boot/spring-boot-starter-validation/2.4.2/spring-boot-starter-validation-2.4.2.jar' 
2022-04-23 17:21:14.172 DEBUG [acme.Launcher@main] Found classpath entry '/C:/Users/manol/.m2/repository/org/hibernate/validator/hibernate-validator/6.1.7.Final/hibernate-validator-6.1.7.Final.jar' 
2022-04-23 17:21:14.172 DEBUG [acme.Launcher@main] Found classpath entry '/C:/Users/manol/.m2/repository/jakarta/validation/jakarta.validation-api/2.0.2/jakarta.validation-api-2.0.2.jar' 
2022-04-23 17:21:14.172 DEBUG [acme.Launcher@main] Found classpath entry '/C:/Users/manol/.m2/repository/mysql/mysql-connector-java/8.0.22/mysql-connector-java-8.0.22.jar' 
2022-04-23 17:21:14.172 DEBUG [acme.Launcher@main] Found classpath entry '/C:/Users/manol/.m2/repository/com/zaxxer/HikariCP/3.4.5/HikariCP-3.4.5.jar' 
2022-04-23 17:21:14.172 DEBUG [acme.Launcher@main] Found classpath entry '/C:/Users/manol/.m2/repository/org/junit/jupiter/junit-jupiter-engine/5.7.0/junit-jupiter-engine-5.7.0.jar' 
2022-04-23 17:21:14.172 DEBUG [acme.Launcher@main] Found classpath entry '/C:/Users/manol/.m2/repository/org/apiguardian/apiguardian-api/1.1.0/apiguardian-api-1.1.0.jar' 
2022-04-23 17:21:14.173 DEBUG [acme.Launcher@main] Found classpath entry '/C:/Users/manol/.m2/repository/org/junit/platform/junit-platform-engine/1.7.0/junit-platform-engine-1.7.0.jar' 
2022-04-23 17:21:14.173 DEBUG [acme.Launcher@main] Found classpath entry '/C:/Users/manol/.m2/repository/org/junit/jupiter/junit-jupiter-api/5.7.0/junit-jupiter-api-5.7.0.jar' 
2022-04-23 17:21:14.173 DEBUG [acme.Launcher@main] Found classpath entry '/C:/Users/manol/.m2/repository/org/opentest4j/opentest4j/1.2.0/opentest4j-1.2.0.jar' 
2022-04-23 17:21:14.173 DEBUG [acme.Launcher@main] Found classpath entry '/C:/Users/manol/.m2/repository/org/junit/platform/junit-platform-commons/1.7.0/junit-platform-commons-1.7.0.jar' 
2022-04-23 17:21:14.173 DEBUG [acme.Launcher@main] Found classpath entry '/C:/Users/manol/.m2/repository/org/junit/jupiter/junit-jupiter-params/5.7.0/junit-jupiter-params-5.7.0.jar' 
2022-04-23 17:21:14.173 DEBUG [acme.Launcher@main] Found classpath entry '/C:/Users/manol/.m2/repository/org/junit/platform/junit-platform-launcher/1.7.0/junit-platform-launcher-1.7.0.jar' 
2022-04-23 17:21:14.173 DEBUG [acme.Launcher@main] Found classpath entry '/C:/Users/manol/.m2/repository/org/seleniumhq/selenium/selenium-java/3.141.59/selenium-java-3.141.59.jar' 
2022-04-23 17:21:14.173 DEBUG [acme.Launcher@main] Found classpath entry '/C:/Users/manol/.m2/repository/org/seleniumhq/selenium/selenium-api/3.141.59/selenium-api-3.141.59.jar' 
2022-04-23 17:21:14.173 DEBUG [acme.Launcher@main] Found classpath entry '/C:/Users/manol/.m2/repository/org/seleniumhq/selenium/selenium-chrome-driver/3.141.59/selenium-chrome-driver-3.141.59.jar' 
2022-04-23 17:21:14.173 DEBUG [acme.Launcher@main] Found classpath entry '/C:/Users/manol/.m2/repository/org/seleniumhq/selenium/selenium-edge-driver/3.141.59/selenium-edge-driver-3.141.59.jar' 
2022-04-23 17:21:14.174 DEBUG [acme.Launcher@main] Found classpath entry '/C:/Users/manol/.m2/repository/org/seleniumhq/selenium/selenium-firefox-driver/3.141.59/selenium-firefox-driver-3.141.59.jar' 
2022-04-23 17:21:14.174 DEBUG [acme.Launcher@main] Found classpath entry '/C:/Users/manol/.m2/repository/org/seleniumhq/selenium/selenium-ie-driver/3.141.59/selenium-ie-driver-3.141.59.jar' 
2022-04-23 17:21:14.174 DEBUG [acme.Launcher@main] Found classpath entry '/C:/Users/manol/.m2/repository/org/seleniumhq/selenium/selenium-opera-driver/3.141.59/selenium-opera-driver-3.141.59.jar' 
2022-04-23 17:21:14.174 DEBUG [acme.Launcher@main] Found classpath entry '/C:/Users/manol/.m2/repository/org/seleniumhq/selenium/selenium-remote-driver/3.141.59/selenium-remote-driver-3.141.59.jar' 
2022-04-23 17:21:14.174 DEBUG [acme.Launcher@main] Found classpath entry '/C:/Users/manol/.m2/repository/org/seleniumhq/selenium/selenium-safari-driver/3.141.59/selenium-safari-driver-3.141.59.jar' 
2022-04-23 17:21:14.174 DEBUG [acme.Launcher@main] Found classpath entry '/C:/Users/manol/.m2/repository/org/seleniumhq/selenium/selenium-support/3.141.59/selenium-support-3.141.59.jar' 
2022-04-23 17:21:14.174 DEBUG [acme.Launcher@main] Found classpath entry '/C:/Users/manol/.m2/repository/net/bytebuddy/byte-buddy/1.10.19/byte-buddy-1.10.19.jar' 
2022-04-23 17:21:14.174 DEBUG [acme.Launcher@main] Found classpath entry '/C:/Users/manol/.m2/repository/org/apache/commons/commons-exec/1.3/commons-exec-1.3.jar' 
2022-04-23 17:21:14.174 DEBUG [acme.Launcher@main] Found classpath entry '/C:/Users/manol/.m2/repository/com/google/guava/guava/25.0-jre/guava-25.0-jre.jar' 
2022-04-23 17:21:14.174 DEBUG [acme.Launcher@main] Found classpath entry '/C:/Users/manol/.m2/repository/com/google/code/findbugs/jsr305/1.3.9/jsr305-1.3.9.jar' 
2022-04-23 17:21:14.175 DEBUG [acme.Launcher@main] Found classpath entry '/C:/Users/manol/.m2/repository/org/checkerframework/checker-compat-qual/2.0.0/checker-compat-qual-2.0.0.jar' 
2022-04-23 17:21:14.175 DEBUG [acme.Launcher@main] Found classpath entry '/C:/Users/manol/.m2/repository/com/google/errorprone/error_prone_annotations/2.1.3/error_prone_annotations-2.1.3.jar' 
2022-04-23 17:21:14.175 DEBUG [acme.Launcher@main] Found classpath entry '/C:/Users/manol/.m2/repository/com/google/j2objc/j2objc-annotations/1.1/j2objc-annotations-1.1.jar' 
2022-04-23 17:21:14.175 DEBUG [acme.Launcher@main] Found classpath entry '/C:/Users/manol/.m2/repository/org/codehaus/mojo/animal-sniffer-annotations/1.14/animal-sniffer-annotations-1.14.jar' 
2022-04-23 17:21:14.175 DEBUG [acme.Launcher@main] Found classpath entry '/C:/Users/manol/.m2/repository/com/squareup/okhttp3/okhttp/3.14.9/okhttp-3.14.9.jar' 
2022-04-23 17:21:14.175 DEBUG [acme.Launcher@main] Found classpath entry '/C:/Users/manol/.m2/repository/com/squareup/okio/okio/1.14.0/okio-1.14.0.jar' 
2022-04-23 17:21:14.175 DEBUG [acme.Launcher@main] Found classpath entry '/C:/Users/manol/.m2/repository/org/apache/commons/commons-lang3/3.11/commons-lang3-3.11.jar' 
2022-04-23 17:21:14.175 DEBUG [acme.Launcher@main] Found classpath entry '/C:/Users/manol/.m2/repository/org/apache/commons/commons-text/1.8/commons-text-1.8.jar' 
2022-04-23 17:21:14.175 DEBUG [acme.Launcher@main] Found classpath entry '/C:/Users/manol/.m2/repository/commons-io/commons-io/2.6/commons-io-2.6.jar' 
2022-04-23 17:21:14.175 DEBUG [acme.Launcher@main] Found classpath entry '/C:/Users/manol/.m2/repository/commons-cli/commons-cli/1.4/commons-cli-1.4.jar' 
2022-04-23 17:21:14.176 DEBUG [acme.Launcher@main] Found classpath entry '/C:/Users/manol/.m2/repository/org/projectlombok/lombok/1.18.16/lombok-1.18.16.jar' 
2022-04-23 17:21:14.176 DEBUG [acme.Launcher@main] Found classpath entry '/C:/Users/manol/.m2/repository/com/opencsv/opencsv/5.4/opencsv-5.4.jar' 
2022-04-23 17:21:14.176 DEBUG [acme.Launcher@main] Found classpath entry '/C:/Users/manol/.m2/repository/commons-beanutils/commons-beanutils/1.9.4/commons-beanutils-1.9.4.jar' 
2022-04-23 17:21:14.176 DEBUG [acme.Launcher@main] Found classpath entry '/C:/Users/manol/.m2/repository/commons-logging/commons-logging/1.2/commons-logging-1.2.jar' 
2022-04-23 17:21:14.176 DEBUG [acme.Launcher@main] Found classpath entry '/C:/Users/manol/.m2/repository/commons-collections/commons-collections/3.2.2/commons-collections-3.2.2.jar' 
2022-04-23 17:21:14.176 DEBUG [acme.Launcher@main] Found classpath entry '/C:/Users/manol/.m2/repository/org/apache/commons/commons-collections4/4.4/commons-collections4-4.4.jar' 
2022-04-23 17:21:14.233 DEBUG [acme.Launcher@main] Found entity class 'acme.artifact.Artifact 
2022-04-23 17:21:14.233 DEBUG [acme.Launcher@main] Found entity class 'acme.artifact.PartOf 
2022-04-23 17:21:14.233 DEBUG [acme.Launcher@main] Found entity class 'acme.artifact.ToolKit 
2022-04-23 17:21:14.233 DEBUG [acme.Launcher@main] Found entity class 'acme.entities.announcement.Announcement 
2022-04-23 17:21:14.234 DEBUG [acme.Launcher@main] Found entity class 'acme.entities.chirp.Chirp 
2022-04-23 17:21:14.234 DEBUG [acme.Launcher@main] Found entity class 'acme.entities.patronage.Patronage 
2022-04-23 17:21:14.234 DEBUG [acme.Launcher@main] Found entity class 'acme.entities.patronage.PatronageReport 
2022-04-23 17:21:14.234 DEBUG [acme.Launcher@main] Found entity class 'acme.roles.Consumer 
2022-04-23 17:21:14.234 DEBUG [acme.Launcher@main] Found entity class 'acme.roles.Inventor 
2022-04-23 17:21:14.234 DEBUG [acme.Launcher@main] Found entity class 'acme.roles.Patron 
2022-04-23 17:21:14.234 DEBUG [acme.Launcher@main] Found entity class 'acme.roles.Provider 
2022-04-23 17:21:14.235 DEBUG [acme.Launcher@main] Found entity class 'acme.systemSetting.SystemSetting 
2022-04-23 17:21:14.235 DEBUG [acme.Launcher@main] Found entity class 'acme.framework.entities.UserAccount 
2022-04-23 17:21:14.235 DEBUG [acme.Launcher@main] Found entity class 'acme.framework.roles.Administrator 
2022-04-23 17:21:14.235 DEBUG [acme.Launcher@main] Found entity class 'acme.framework.roles.Anonymous 
2022-04-23 17:21:14.235 DEBUG [acme.Launcher@main] Found entity class 'acme.framework.roles.Any 
2022-04-23 17:21:14.235 DEBUG [acme.Launcher@main] Found entity class 'acme.framework.roles.Authenticated 
2022-04-23 17:21:14.238 INFO  [acme.Launcher@main] Running application (Standalone) 
2022-04-23 17:21:19.368 DEBUG [acme.framework.components.tiles.DynamicTilesView@http-nio-8080-exec-2] View name 'fragments/welcome', model {} 
2022-04-23 17:21:19.380 DEBUG [org.apache.tiles.definition.dao.BaseLocaleUrlDefinitionDAO@http-nio-8080-exec-2] File Resource file:/C:/Users/manol/git/Acme-Toolkit/target/classes/WEB-INF/views/master/tiles_es.xml at file:/C:/Users/manol/git/Acme-Toolkit/target/classes/WEB-INF/views/master/tiles_es.xml not found, continue 
2022-04-23 17:21:19.385 DEBUG [org.apache.jasper.servlet.JspServlet@http-nio-8080-exec-2] JspEngine --> /WEB-INF/views/master/page.jsp 
2022-04-23 17:21:19.385 DEBUG [org.apache.jasper.servlet.JspServlet@http-nio-8080-exec-2] ServletPath: /WEB-INF/views/master/page.jsp 
2022-04-23 17:21:19.385 DEBUG [org.apache.jasper.servlet.JspServlet@http-nio-8080-exec-2] PathInfo: null 
2022-04-23 17:21:19.386 DEBUG [org.apache.jasper.servlet.JspServlet@http-nio-8080-exec-2] RealPath: C:\Users\manol\git\Acme-Toolkit\target\classes\WEB-INF\views\master\page.jsp 
2022-04-23 17:21:19.387 DEBUG [org.apache.jasper.servlet.JspServlet@http-nio-8080-exec-2] RequestURI: /acme-toolkit-22.1/WEB-INF/views/master/page.jsp 
2022-04-23 17:21:19.387 DEBUG [org.apache.jasper.servlet.JspServlet@http-nio-8080-exec-2] QueryString: null 
2022-04-23 17:21:21.867 DEBUG [acme.framework.configuration.ExtendedMessageSource@http-nio-8080-exec-2] Loading properties [C:\Users\manol\git\Acme-Toolkit\target\classes\WEB-INF\views\administrator\user-account\messages-en.i18n] with encoding 'utf-8' 
2022-04-23 17:21:21.868 DEBUG [acme.framework.configuration.ExtendedMessageSource@http-nio-8080-exec-2] Loading properties [C:\Users\manol\git\Acme-Toolkit\target\classes\WEB-INF\views\anonymous\user-account\messages-en.i18n] with encoding 'utf-8' 
2022-04-23 17:21:21.868 DEBUG [acme.framework.configuration.ExtendedMessageSource@http-nio-8080-exec-2] Loading properties [C:\Users\manol\git\Acme-Toolkit\target\classes\WEB-INF\views\any\artifact\messages-en.i18n] with encoding 'utf-8' 
2022-04-23 17:21:21.868 DEBUG [acme.framework.configuration.ExtendedMessageSource@http-nio-8080-exec-2] Loading properties [C:\Users\manol\git\Acme-Toolkit\target\classes\WEB-INF\views\any\part-of\messages-en.i18n] with encoding 'utf-8' 
2022-04-23 17:21:21.869 DEBUG [acme.framework.configuration.ExtendedMessageSource@http-nio-8080-exec-2] Loading properties [C:\Users\manol\git\Acme-Toolkit\target\classes\WEB-INF\views\any\tool-kit\messages-en.i18n] with encoding 'utf-8' 
2022-04-23 17:21:21.869 DEBUG [acme.framework.configuration.ExtendedMessageSource@http-nio-8080-exec-2] Loading properties [C:\Users\manol\git\Acme-Toolkit\target\classes\WEB-INF\views\authenticated\announcement\messages-en.i18n] with encoding 'utf-8' 
2022-04-23 17:21:21.869 DEBUG [acme.framework.configuration.ExtendedMessageSource@http-nio-8080-exec-2] Loading properties [C:\Users\manol\git\Acme-Toolkit\target\classes\WEB-INF\views\authenticated\consumer\messsages-en.i18n] with encoding 'utf-8' 
2022-04-23 17:21:21.870 DEBUG [acme.framework.configuration.ExtendedMessageSource@http-nio-8080-exec-2] Loading properties [C:\Users\manol\git\Acme-Toolkit\target\classes\WEB-INF\views\authenticated\provider\messsages-en.i18n] with encoding 'utf-8' 
2022-04-23 17:21:21.870 DEBUG [acme.framework.configuration.ExtendedMessageSource@http-nio-8080-exec-2] Loading properties [C:\Users\manol\git\Acme-Toolkit\target\classes\WEB-INF\views\authenticated\user-account\messages-en.i18n] with encoding 'utf-8' 
2022-04-23 17:21:21.871 DEBUG [acme.framework.configuration.ExtendedMessageSource@http-nio-8080-exec-2] Loading properties [C:\Users\manol\git\Acme-Toolkit\target\classes\WEB-INF\views\fragments\banner-en.i18n] with encoding 'utf-8' 
2022-04-23 17:21:21.871 DEBUG [acme.framework.configuration.ExtendedMessageSource@http-nio-8080-exec-2] Loading properties [C:\Users\manol\git\Acme-Toolkit\target\classes\WEB-INF\views\fragments\company-en.i18n] with encoding 'utf-8' 
2022-04-23 17:21:21.872 DEBUG [acme.framework.configuration.ExtendedMessageSource@http-nio-8080-exec-2] Loading properties [C:\Users\manol\git\Acme-Toolkit\target\classes\WEB-INF\views\fragments\footer-en.i18n] with encoding 'utf-8' 
2022-04-23 17:21:21.872 DEBUG [acme.framework.configuration.ExtendedMessageSource@http-nio-8080-exec-2] Loading properties [C:\Users\manol\git\Acme-Toolkit\target\classes\WEB-INF\views\fragments\license-en.i18n] with encoding 'utf-8' 
2022-04-23 17:21:21.872 DEBUG [acme.framework.configuration.ExtendedMessageSource@http-nio-8080-exec-2] Loading properties [C:\Users\manol\git\Acme-Toolkit\target\classes\WEB-INF\views\fragments\menu-en.i18n] with encoding 'utf-8' 
2022-04-23 17:21:21.872 DEBUG [acme.framework.configuration.ExtendedMessageSource@http-nio-8080-exec-2] Loading properties [C:\Users\manol\git\Acme-Toolkit\target\classes\WEB-INF\views\fragments\messsages-en.i18n] with encoding 'utf-8' 
2022-04-23 17:21:21.872 DEBUG [acme.framework.configuration.ExtendedMessageSource@http-nio-8080-exec-2] Loading properties [C:\Users\manol\git\Acme-Toolkit\target\classes\WEB-INF\views\fragments\title-en.i18n] with encoding 'utf-8' 
2022-04-23 17:21:21.872 DEBUG [acme.framework.configuration.ExtendedMessageSource@http-nio-8080-exec-2] Loading properties [C:\Users\manol\git\Acme-Toolkit\target\classes\WEB-INF\views\fragments\welcome-en.i18n] with encoding 'utf-8' 
2022-04-23 17:21:21.872 DEBUG [acme.framework.configuration.ExtendedMessageSource@http-nio-8080-exec-2] Loading properties [C:\Users\manol\git\Acme-Toolkit\target\classes\WEB-INF\views\inventor\patronage-report\messages-en.i18n] with encoding 'utf-8' 
2022-04-23 17:21:21.872 DEBUG [acme.framework.configuration.ExtendedMessageSource@http-nio-8080-exec-2] Loading properties [C:\Users\manol\git\Acme-Toolkit\target\classes\WEB-INF\views\master\defaults-en.i18n] with encoding 'utf-8' 
2022-04-23 17:21:21.872 DEBUG [acme.framework.configuration.ExtendedMessageSource@http-nio-8080-exec-2] Loading properties [C:\Users\manol\git\Acme-Toolkit\target\classes\WEB-INF\views\master\master-en.i18n] with encoding 'utf-8' 
2022-04-23 17:21:21.872 DEBUG [acme.framework.configuration.ExtendedMessageSource@http-nio-8080-exec-2] Loading properties [C:\Users\manol\git\Acme-Toolkit\target\classes\WEB-INF\views\master\throwables-en.i18n] with encoding 'utf-8' 
2022-04-23 17:21:21.872 DEBUG [acme.framework.configuration.ExtendedMessageSource@http-nio-8080-exec-2] Loading properties [C:\Users\manol\git\Acme-Toolkit\target\classes\WEB-INF\views\master\validation-en.i18n] with encoding 'utf-8' 
2022-04-23 17:21:21.872 DEBUG [acme.framework.configuration.ExtendedMessageSource@http-nio-8080-exec-2] Loading properties [C:\Users\manol\git\Acme-Toolkit\target\classes\WEB-INF\views\administrator\user-account\messages-es.i18n] with encoding 'utf-8' 
2022-04-23 17:21:21.872 DEBUG [acme.framework.configuration.ExtendedMessageSource@http-nio-8080-exec-2] Loading properties [C:\Users\manol\git\Acme-Toolkit\target\classes\WEB-INF\views\anonymous\user-account\messages-es.i18n] with encoding 'utf-8' 
2022-04-23 17:21:21.872 DEBUG [acme.framework.configuration.ExtendedMessageSource@http-nio-8080-exec-2] Loading properties [C:\Users\manol\git\Acme-Toolkit\target\classes\WEB-INF\views\any\artifact\messages-es.i18n] with encoding 'utf-8' 
2022-04-23 17:21:21.872 DEBUG [acme.framework.configuration.ExtendedMessageSource@http-nio-8080-exec-2] Loading properties [C:\Users\manol\git\Acme-Toolkit\target\classes\WEB-INF\views\any\part-of\messages-es.i18n] with encoding 'utf-8' 
2022-04-23 17:21:21.872 DEBUG [acme.framework.configuration.ExtendedMessageSource@http-nio-8080-exec-2] Loading properties [C:\Users\manol\git\Acme-Toolkit\target\classes\WEB-INF\views\any\tool-kit\messages-es.i18n] with encoding 'utf-8' 
2022-04-23 17:21:21.872 DEBUG [acme.framework.configuration.ExtendedMessageSource@http-nio-8080-exec-2] Loading properties [C:\Users\manol\git\Acme-Toolkit\target\classes\WEB-INF\views\authenticated\announcement\messages-es.i18n] with encoding 'utf-8' 
2022-04-23 17:21:21.872 DEBUG [acme.framework.configuration.ExtendedMessageSource@http-nio-8080-exec-2] Loading properties [C:\Users\manol\git\Acme-Toolkit\target\classes\WEB-INF\views\authenticated\consumer\messsages-es.i18n] with encoding 'utf-8' 
2022-04-23 17:21:21.872 DEBUG [acme.framework.configuration.ExtendedMessageSource@http-nio-8080-exec-2] Loading properties [C:\Users\manol\git\Acme-Toolkit\target\classes\WEB-INF\views\authenticated\provider\messsages-es.i18n] with encoding 'utf-8' 
2022-04-23 17:21:21.872 DEBUG [acme.framework.configuration.ExtendedMessageSource@http-nio-8080-exec-2] Loading properties [C:\Users\manol\git\Acme-Toolkit\target\classes\WEB-INF\views\authenticated\user-account\messages-es.i18n] with encoding 'utf-8' 
2022-04-23 17:21:21.872 DEBUG [acme.framework.configuration.ExtendedMessageSource@http-nio-8080-exec-2] Loading properties [C:\Users\manol\git\Acme-Toolkit\target\classes\WEB-INF\views\fragments\banner-es.i18n] with encoding 'utf-8' 
2022-04-23 17:21:21.872 DEBUG [acme.framework.configuration.ExtendedMessageSource@http-nio-8080-exec-2] Loading properties [C:\Users\manol\git\Acme-Toolkit\target\classes\WEB-INF\views\fragments\company-es.i18n] with encoding 'utf-8' 
2022-04-23 17:21:21.888 DEBUG [acme.framework.configuration.ExtendedMessageSource@http-nio-8080-exec-2] Loading properties [C:\Users\manol\git\Acme-Toolkit\target\classes\WEB-INF\views\fragments\footer-es.i18n] with encoding 'utf-8' 
2022-04-23 17:21:21.888 DEBUG [acme.framework.configuration.ExtendedMessageSource@http-nio-8080-exec-2] Loading properties [C:\Users\manol\git\Acme-Toolkit\target\classes\WEB-INF\views\fragments\license-es.i18n] with encoding 'utf-8' 
2022-04-23 17:21:21.888 DEBUG [acme.framework.configuration.ExtendedMessageSource@http-nio-8080-exec-2] Loading properties [C:\Users\manol\git\Acme-Toolkit\target\classes\WEB-INF\views\fragments\menu-es.i18n] with encoding 'utf-8' 
2022-04-23 17:21:21.890 DEBUG [acme.framework.configuration.ExtendedMessageSource@http-nio-8080-exec-2] Loading properties [C:\Users\manol\git\Acme-Toolkit\target\classes\WEB-INF\views\fragments\messsages-es.i18n] with encoding 'utf-8' 
2022-04-23 17:21:21.891 DEBUG [acme.framework.configuration.ExtendedMessageSource@http-nio-8080-exec-2] Loading properties [C:\Users\manol\git\Acme-Toolkit\target\classes\WEB-INF\views\fragments\title-es.i18n] with encoding 'utf-8' 
2022-04-23 17:21:21.892 DEBUG [acme.framework.configuration.ExtendedMessageSource@http-nio-8080-exec-2] Loading properties [C:\Users\manol\git\Acme-Toolkit\target\classes\WEB-INF\views\fragments\welcome-es.i18n] with encoding 'utf-8' 
2022-04-23 17:21:21.892 DEBUG [acme.framework.configuration.ExtendedMessageSource@http-nio-8080-exec-2] Loading properties [C:\Users\manol\git\Acme-Toolkit\target\classes\WEB-INF\views\inventor\patronage-report\messages-es.i18n] with encoding 'utf-8' 
2022-04-23 17:21:21.892 DEBUG [acme.framework.configuration.ExtendedMessageSource@http-nio-8080-exec-2] Loading properties [C:\Users\manol\git\Acme-Toolkit\target\classes\WEB-INF\views\master\defaults-es.i18n] with encoding 'utf-8' 
2022-04-23 17:21:21.893 DEBUG [acme.framework.configuration.ExtendedMessageSource@http-nio-8080-exec-2] Loading properties [C:\Users\manol\git\Acme-Toolkit\target\classes\WEB-INF\views\master\master-es.i18n] with encoding 'utf-8' 
2022-04-23 17:21:21.893 DEBUG [acme.framework.configuration.ExtendedMessageSource@http-nio-8080-exec-2] Loading properties [C:\Users\manol\git\Acme-Toolkit\target\classes\WEB-INF\views\master\throwables-es.i18n] with encoding 'utf-8' 
2022-04-23 17:21:21.893 DEBUG [acme.framework.configuration.ExtendedMessageSource@http-nio-8080-exec-2] Loading properties [C:\Users\manol\git\Acme-Toolkit\target\classes\WEB-INF\views\master\validation-es.i18n] with encoding 'utf-8' 
2022-04-23 17:21:21.996 DEBUG [org.apache.jasper.servlet.JspServlet@http-nio-8080-exec-2] JspEngine --> /WEB-INF/views/fragments/welcome.jsp 
2022-04-23 17:21:21.997 DEBUG [org.apache.jasper.servlet.JspServlet@http-nio-8080-exec-2] ServletPath: /WEB-INF/views/master/page.jsp 
2022-04-23 17:21:21.997 DEBUG [org.apache.jasper.servlet.JspServlet@http-nio-8080-exec-2] PathInfo: null 
2022-04-23 17:21:21.998 DEBUG [org.apache.jasper.servlet.JspServlet@http-nio-8080-exec-2] RealPath: C:\Users\manol\git\Acme-Toolkit\target\classes\WEB-INF\views\fragments\welcome.jsp 
2022-04-23 17:21:21.998 DEBUG [org.apache.jasper.servlet.JspServlet@http-nio-8080-exec-2] RequestURI: /acme-toolkit-22.1/WEB-INF/views/master/page.jsp 
2022-04-23 17:21:21.998 DEBUG [org.apache.jasper.servlet.JspServlet@http-nio-8080-exec-2] QueryString: null 
2022-04-23 17:21:22.197 DEBUG [org.hibernate.SQL@http-nio-8080-exec-2] select useraccoun0_.id as id1_0_, useraccoun0_.version as version2_0_, useraccoun0_.enabled as enabled1_17_, useraccoun0_.identity as identity2_17_, useraccoun0_.password as password3_17_, useraccoun0_.username as username4_17_ from user_account useraccoun0_ where useraccoun0_.username=? 
2022-04-23 17:21:22.214 TRACE [org.hibernate.type.descriptor.sql.BasicBinder@http-nio-8080-exec-2] binding parameter [1] as [VARCHAR] - [anonymous] 
2022-04-23 17:21:22.255 DEBUG [org.hibernate.SQL@http-nio-8080-exec-2] select roles0_.user_account_id as user_acc1_18_0_, roles0_.id as id1_18_0_, roles0_.id as id1_0_1_, roles0_.version as version2_0_1_, roles0_.user_account_id as user_acc1_18_1_, roles0_.company as company1_8_1_, roles0_.sector as sector2_8_1_, roles0_.company as company1_9_1_, roles0_.link as link2_9_1_, roles0_.statement as statemen3_9_1_, roles0_.company as company1_11_1_, roles0_.link as link2_11_1_, roles0_.statement as statemen3_11_1_, roles0_.company as company1_14_1_, roles0_.sector as sector2_14_1_, roles0_.clazz_ as clazz_1_ from ( select id, version, user_account_id, company, sector, null as link, null as statement, 9 as clazz_ from consumer union all select id, version, user_account_id, company, null as sector, link, statement, 10 as clazz_ from inventor union all select id, version, user_account_id, company, null as sector, link, statement, 11 as clazz_ from patron union all select id, version, user_account_id, company, sector, null as link, null as statement, 12 as clazz_ from provider union all select id, version, user_account_id, null as company, null as sector, null as link, null as statement, 15 as clazz_ from administrator union all select id, version, user_account_id, null as company, null as sector, null as link, null as statement, 16 as clazz_ from anonymous union all select id, version, user_account_id, null as company, null as sector, null as link, null as statement, 17 as clazz_ from any union all select id, version, user_account_id, null as company, null as sector, null as link, null as statement, 18 as clazz_ from authenticated ) roles0_ where roles0_.user_account_id=? 
2022-04-23 17:21:22.256 TRACE [org.hibernate.type.descriptor.sql.BasicBinder@http-nio-8080-exec-2] binding parameter [1] as [INTEGER] - [1] 
2022-04-23 17:21:23.848 DEBUG [acme.framework.components.tiles.DynamicTilesView@http-nio-8080-exec-6] View name 'master/sign-in', model {username=, password=, remember=false} 
2022-04-23 17:21:23.849 DEBUG [org.apache.jasper.servlet.JspServlet@http-nio-8080-exec-6] JspEngine --> /WEB-INF/views/master/page.jsp 
2022-04-23 17:21:23.849 DEBUG [org.apache.jasper.servlet.JspServlet@http-nio-8080-exec-6] ServletPath: /WEB-INF/views/master/page.jsp 
2022-04-23 17:21:23.849 DEBUG [org.apache.jasper.servlet.JspServlet@http-nio-8080-exec-6] PathInfo: null 
2022-04-23 17:21:23.850 DEBUG [org.apache.jasper.servlet.JspServlet@http-nio-8080-exec-6] RealPath: C:\Users\manol\git\Acme-Toolkit\target\classes\WEB-INF\views\master\page.jsp 
2022-04-23 17:21:23.850 DEBUG [org.apache.jasper.servlet.JspServlet@http-nio-8080-exec-6] RequestURI: /acme-toolkit-22.1/WEB-INF/views/master/page.jsp 
2022-04-23 17:21:23.850 DEBUG [org.apache.jasper.servlet.JspServlet@http-nio-8080-exec-6] QueryString: null 
2022-04-23 17:21:23.913 DEBUG [org.apache.jasper.servlet.JspServlet@http-nio-8080-exec-6] JspEngine --> /WEB-INF/views/master/sign-in.jsp 
2022-04-23 17:21:23.913 DEBUG [org.apache.jasper.servlet.JspServlet@http-nio-8080-exec-6] ServletPath: /WEB-INF/views/master/page.jsp 
2022-04-23 17:21:23.913 DEBUG [org.apache.jasper.servlet.JspServlet@http-nio-8080-exec-6] PathInfo: null 
2022-04-23 17:21:23.914 DEBUG [org.apache.jasper.servlet.JspServlet@http-nio-8080-exec-6] RealPath: C:\Users\manol\git\Acme-Toolkit\target\classes\WEB-INF\views\master\sign-in.jsp 
2022-04-23 17:21:23.914 DEBUG [org.apache.jasper.servlet.JspServlet@http-nio-8080-exec-6] RequestURI: /acme-toolkit-22.1/WEB-INF/views/master/page.jsp 
2022-04-23 17:21:23.914 DEBUG [org.apache.jasper.servlet.JspServlet@http-nio-8080-exec-6] QueryString: null 
2022-04-23 17:21:24.923 DEBUG [org.hibernate.SQL@http-nio-8080-exec-6] select useraccoun0_.id as id1_0_, useraccoun0_.version as version2_0_, useraccoun0_.enabled as enabled1_17_, useraccoun0_.identity as identity2_17_, useraccoun0_.password as password3_17_, useraccoun0_.username as username4_17_ from user_account useraccoun0_ where useraccoun0_.username=? 
2022-04-23 17:21:24.925 TRACE [org.hibernate.type.descriptor.sql.BasicBinder@http-nio-8080-exec-6] binding parameter [1] as [VARCHAR] - [anonymous] 
2022-04-23 17:21:24.936 DEBUG [org.hibernate.SQL@http-nio-8080-exec-6] select roles0_.user_account_id as user_acc1_18_0_, roles0_.id as id1_18_0_, roles0_.id as id1_0_1_, roles0_.version as version2_0_1_, roles0_.user_account_id as user_acc1_18_1_, roles0_.company as company1_8_1_, roles0_.sector as sector2_8_1_, roles0_.company as company1_9_1_, roles0_.link as link2_9_1_, roles0_.statement as statemen3_9_1_, roles0_.company as company1_11_1_, roles0_.link as link2_11_1_, roles0_.statement as statemen3_11_1_, roles0_.company as company1_14_1_, roles0_.sector as sector2_14_1_, roles0_.clazz_ as clazz_1_ from ( select id, version, user_account_id, company, sector, null as link, null as statement, 9 as clazz_ from consumer union all select id, version, user_account_id, company, null as sector, link, statement, 10 as clazz_ from inventor union all select id, version, user_account_id, company, null as sector, link, statement, 11 as clazz_ from patron union all select id, version, user_account_id, company, sector, null as link, null as statement, 12 as clazz_ from provider union all select id, version, user_account_id, null as company, null as sector, null as link, null as statement, 15 as clazz_ from administrator union all select id, version, user_account_id, null as company, null as sector, null as link, null as statement, 16 as clazz_ from anonymous union all select id, version, user_account_id, null as company, null as sector, null as link, null as statement, 17 as clazz_ from any union all select id, version, user_account_id, null as company, null as sector, null as link, null as statement, 18 as clazz_ from authenticated ) roles0_ where roles0_.user_account_id=? 
2022-04-23 17:21:24.937 TRACE [org.hibernate.type.descriptor.sql.BasicBinder@http-nio-8080-exec-6] binding parameter [1] as [INTEGER] - [1] 
2022-04-23 17:21:33.240 DEBUG [org.hibernate.SQL@http-nio-8080-exec-8] select useraccoun0_.id as id1_0_, useraccoun0_.version as version2_0_, useraccoun0_.enabled as enabled1_17_, useraccoun0_.identity as identity2_17_, useraccoun0_.password as password3_17_, useraccoun0_.username as username4_17_ from user_account useraccoun0_ where useraccoun0_.username=? 
2022-04-23 17:21:33.241 TRACE [org.hibernate.type.descriptor.sql.BasicBinder@http-nio-8080-exec-8] binding parameter [1] as [VARCHAR] - [invnetor1] 
2022-04-23 17:21:33.252 DEBUG [acme.framework.configuration.ExtendedMessageSource@http-nio-8080-exec-8] Loading properties [C:\Users\manol\git\Acme-Toolkit\target\classes\WEB-INF\views\administrator\user-account\messages-en.i18n] with encoding 'utf-8' 
2022-04-23 17:21:33.253 DEBUG [acme.framework.configuration.ExtendedMessageSource@http-nio-8080-exec-8] Loading properties [C:\Users\manol\git\Acme-Toolkit\target\classes\WEB-INF\views\anonymous\user-account\messages-en.i18n] with encoding 'utf-8' 
2022-04-23 17:21:33.254 DEBUG [acme.framework.configuration.ExtendedMessageSource@http-nio-8080-exec-8] Loading properties [C:\Users\manol\git\Acme-Toolkit\target\classes\WEB-INF\views\any\artifact\messages-en.i18n] with encoding 'utf-8' 
2022-04-23 17:21:33.254 DEBUG [acme.framework.configuration.ExtendedMessageSource@http-nio-8080-exec-8] Loading properties [C:\Users\manol\git\Acme-Toolkit\target\classes\WEB-INF\views\any\part-of\messages-en.i18n] with encoding 'utf-8' 
2022-04-23 17:21:33.254 DEBUG [acme.framework.configuration.ExtendedMessageSource@http-nio-8080-exec-8] Loading properties [C:\Users\manol\git\Acme-Toolkit\target\classes\WEB-INF\views\any\tool-kit\messages-en.i18n] with encoding 'utf-8' 
2022-04-23 17:21:33.255 DEBUG [acme.framework.configuration.ExtendedMessageSource@http-nio-8080-exec-8] Loading properties [C:\Users\manol\git\Acme-Toolkit\target\classes\WEB-INF\views\authenticated\announcement\messages-en.i18n] with encoding 'utf-8' 
2022-04-23 17:21:33.256 DEBUG [acme.framework.configuration.ExtendedMessageSource@http-nio-8080-exec-8] Loading properties [C:\Users\manol\git\Acme-Toolkit\target\classes\WEB-INF\views\authenticated\consumer\messsages-en.i18n] with encoding 'utf-8' 
2022-04-23 17:21:33.256 DEBUG [acme.framework.configuration.ExtendedMessageSource@http-nio-8080-exec-8] Loading properties [C:\Users\manol\git\Acme-Toolkit\target\classes\WEB-INF\views\authenticated\provider\messsages-en.i18n] with encoding 'utf-8' 
2022-04-23 17:21:33.257 DEBUG [acme.framework.configuration.ExtendedMessageSource@http-nio-8080-exec-8] Loading properties [C:\Users\manol\git\Acme-Toolkit\target\classes\WEB-INF\views\authenticated\user-account\messages-en.i18n] with encoding 'utf-8' 
2022-04-23 17:21:33.257 DEBUG [acme.framework.configuration.ExtendedMessageSource@http-nio-8080-exec-8] Loading properties [C:\Users\manol\git\Acme-Toolkit\target\classes\WEB-INF\views\fragments\banner-en.i18n] with encoding 'utf-8' 
2022-04-23 17:21:33.258 DEBUG [acme.framework.configuration.ExtendedMessageSource@http-nio-8080-exec-8] Loading properties [C:\Users\manol\git\Acme-Toolkit\target\classes\WEB-INF\views\fragments\company-en.i18n] with encoding 'utf-8' 
2022-04-23 17:21:33.259 DEBUG [acme.framework.configuration.ExtendedMessageSource@http-nio-8080-exec-8] Loading properties [C:\Users\manol\git\Acme-Toolkit\target\classes\WEB-INF\views\fragments\footer-en.i18n] with encoding 'utf-8' 
2022-04-23 17:21:33.259 DEBUG [acme.framework.configuration.ExtendedMessageSource@http-nio-8080-exec-8] Loading properties [C:\Users\manol\git\Acme-Toolkit\target\classes\WEB-INF\views\fragments\license-en.i18n] with encoding 'utf-8' 
2022-04-23 17:21:33.260 DEBUG [acme.framework.configuration.ExtendedMessageSource@http-nio-8080-exec-8] Loading properties [C:\Users\manol\git\Acme-Toolkit\target\classes\WEB-INF\views\fragments\menu-en.i18n] with encoding 'utf-8' 
2022-04-23 17:21:33.261 DEBUG [acme.framework.configuration.ExtendedMessageSource@http-nio-8080-exec-8] Loading properties [C:\Users\manol\git\Acme-Toolkit\target\classes\WEB-INF\views\fragments\messsages-en.i18n] with encoding 'utf-8' 
2022-04-23 17:21:33.261 DEBUG [acme.framework.configuration.ExtendedMessageSource@http-nio-8080-exec-8] Loading properties [C:\Users\manol\git\Acme-Toolkit\target\classes\WEB-INF\views\fragments\title-en.i18n] with encoding 'utf-8' 
2022-04-23 17:21:33.263 DEBUG [acme.framework.configuration.ExtendedMessageSource@http-nio-8080-exec-8] Loading properties [C:\Users\manol\git\Acme-Toolkit\target\classes\WEB-INF\views\fragments\welcome-en.i18n] with encoding 'utf-8' 
2022-04-23 17:21:33.263 DEBUG [acme.framework.configuration.ExtendedMessageSource@http-nio-8080-exec-8] Loading properties [C:\Users\manol\git\Acme-Toolkit\target\classes\WEB-INF\views\inventor\patronage-report\messages-en.i18n] with encoding 'utf-8' 
2022-04-23 17:21:33.264 DEBUG [acme.framework.configuration.ExtendedMessageSource@http-nio-8080-exec-8] Loading properties [C:\Users\manol\git\Acme-Toolkit\target\classes\WEB-INF\views\master\defaults-en.i18n] with encoding 'utf-8' 
2022-04-23 17:21:33.265 DEBUG [acme.framework.configuration.ExtendedMessageSource@http-nio-8080-exec-8] Loading properties [C:\Users\manol\git\Acme-Toolkit\target\classes\WEB-INF\views\master\master-en.i18n] with encoding 'utf-8' 
2022-04-23 17:21:33.266 DEBUG [acme.framework.configuration.ExtendedMessageSource@http-nio-8080-exec-8] Loading properties [C:\Users\manol\git\Acme-Toolkit\target\classes\WEB-INF\views\master\throwables-en.i18n] with encoding 'utf-8' 
2022-04-23 17:21:33.267 DEBUG [acme.framework.configuration.ExtendedMessageSource@http-nio-8080-exec-8] Loading properties [C:\Users\manol\git\Acme-Toolkit\target\classes\WEB-INF\views\master\validation-en.i18n] with encoding 'utf-8' 
2022-04-23 17:21:33.272 DEBUG [acme.framework.configuration.ExtendedMessageSource@http-nio-8080-exec-8] Loading properties [C:\Users\manol\git\Acme-Toolkit\target\classes\WEB-INF\views\administrator\user-account\messages-es.i18n] with encoding 'utf-8' 
2022-04-23 17:21:33.273 DEBUG [acme.framework.configuration.ExtendedMessageSource@http-nio-8080-exec-8] Loading properties [C:\Users\manol\git\Acme-Toolkit\target\classes\WEB-INF\views\anonymous\user-account\messages-es.i18n] with encoding 'utf-8' 
2022-04-23 17:21:33.273 DEBUG [acme.framework.configuration.ExtendedMessageSource@http-nio-8080-exec-8] Loading properties [C:\Users\manol\git\Acme-Toolkit\target\classes\WEB-INF\views\any\artifact\messages-es.i18n] with encoding 'utf-8' 
2022-04-23 17:21:33.273 DEBUG [acme.framework.configuration.ExtendedMessageSource@http-nio-8080-exec-8] Loading properties [C:\Users\manol\git\Acme-Toolkit\target\classes\WEB-INF\views\any\part-of\messages-es.i18n] with encoding 'utf-8' 
2022-04-23 17:21:33.273 DEBUG [acme.framework.configuration.ExtendedMessageSource@http-nio-8080-exec-8] Loading properties [C:\Users\manol\git\Acme-Toolkit\target\classes\WEB-INF\views\any\tool-kit\messages-es.i18n] with encoding 'utf-8' 
2022-04-23 17:21:33.274 DEBUG [acme.framework.configuration.ExtendedMessageSource@http-nio-8080-exec-8] Loading properties [C:\Users\manol\git\Acme-Toolkit\target\classes\WEB-INF\views\authenticated\announcement\messages-es.i18n] with encoding 'utf-8' 
2022-04-23 17:21:33.275 DEBUG [acme.framework.configuration.ExtendedMessageSource@http-nio-8080-exec-8] Loading properties [C:\Users\manol\git\Acme-Toolkit\target\classes\WEB-INF\views\authenticated\consumer\messsages-es.i18n] with encoding 'utf-8' 
2022-04-23 17:21:33.275 DEBUG [acme.framework.configuration.ExtendedMessageSource@http-nio-8080-exec-8] Loading properties [C:\Users\manol\git\Acme-Toolkit\target\classes\WEB-INF\views\authenticated\provider\messsages-es.i18n] with encoding 'utf-8' 
2022-04-23 17:21:33.276 DEBUG [acme.framework.configuration.ExtendedMessageSource@http-nio-8080-exec-8] Loading properties [C:\Users\manol\git\Acme-Toolkit\target\classes\WEB-INF\views\authenticated\user-account\messages-es.i18n] with encoding 'utf-8' 
2022-04-23 17:21:33.276 DEBUG [acme.framework.configuration.ExtendedMessageSource@http-nio-8080-exec-8] Loading properties [C:\Users\manol\git\Acme-Toolkit\target\classes\WEB-INF\views\fragments\banner-es.i18n] with encoding 'utf-8' 
2022-04-23 17:21:33.277 DEBUG [acme.framework.configuration.ExtendedMessageSource@http-nio-8080-exec-8] Loading properties [C:\Users\manol\git\Acme-Toolkit\target\classes\WEB-INF\views\fragments\company-es.i18n] with encoding 'utf-8' 
2022-04-23 17:21:33.278 DEBUG [acme.framework.configuration.ExtendedMessageSource@http-nio-8080-exec-8] Loading properties [C:\Users\manol\git\Acme-Toolkit\target\classes\WEB-INF\views\fragments\footer-es.i18n] with encoding 'utf-8' 
2022-04-23 17:21:33.279 DEBUG [acme.framework.configuration.ExtendedMessageSource@http-nio-8080-exec-8] Loading properties [C:\Users\manol\git\Acme-Toolkit\target\classes\WEB-INF\views\fragments\license-es.i18n] with encoding 'utf-8' 
2022-04-23 17:21:33.279 DEBUG [acme.framework.configuration.ExtendedMessageSource@http-nio-8080-exec-8] Loading properties [C:\Users\manol\git\Acme-Toolkit\target\classes\WEB-INF\views\fragments\menu-es.i18n] with encoding 'utf-8' 
2022-04-23 17:21:33.280 DEBUG [acme.framework.configuration.ExtendedMessageSource@http-nio-8080-exec-8] Loading properties [C:\Users\manol\git\Acme-Toolkit\target\classes\WEB-INF\views\fragments\messsages-es.i18n] with encoding 'utf-8' 
2022-04-23 17:21:33.281 DEBUG [acme.framework.configuration.ExtendedMessageSource@http-nio-8080-exec-8] Loading properties [C:\Users\manol\git\Acme-Toolkit\target\classes\WEB-INF\views\fragments\title-es.i18n] with encoding 'utf-8' 
2022-04-23 17:21:33.281 DEBUG [acme.framework.configuration.ExtendedMessageSource@http-nio-8080-exec-8] Loading properties [C:\Users\manol\git\Acme-Toolkit\target\classes\WEB-INF\views\fragments\welcome-es.i18n] with encoding 'utf-8' 
2022-04-23 17:21:33.282 DEBUG [acme.framework.configuration.ExtendedMessageSource@http-nio-8080-exec-8] Loading properties [C:\Users\manol\git\Acme-Toolkit\target\classes\WEB-INF\views\inventor\patronage-report\messages-es.i18n] with encoding 'utf-8' 
2022-04-23 17:21:33.282 DEBUG [acme.framework.configuration.ExtendedMessageSource@http-nio-8080-exec-8] Loading properties [C:\Users\manol\git\Acme-Toolkit\target\classes\WEB-INF\views\master\defaults-es.i18n] with encoding 'utf-8' 
2022-04-23 17:21:33.282 DEBUG [acme.framework.configuration.ExtendedMessageSource@http-nio-8080-exec-8] Loading properties [C:\Users\manol\git\Acme-Toolkit\target\classes\WEB-INF\views\master\master-es.i18n] with encoding 'utf-8' 
2022-04-23 17:21:33.283 DEBUG [acme.framework.configuration.ExtendedMessageSource@http-nio-8080-exec-8] Loading properties [C:\Users\manol\git\Acme-Toolkit\target\classes\WEB-INF\views\master\throwables-es.i18n] with encoding 'utf-8' 
2022-04-23 17:21:33.283 DEBUG [acme.framework.configuration.ExtendedMessageSource@http-nio-8080-exec-8] Loading properties [C:\Users\manol\git\Acme-Toolkit\target\classes\WEB-INF\views\master\validation-es.i18n] with encoding 'utf-8' 
2022-04-23 17:21:33.293 DEBUG [acme.framework.components.tiles.DynamicTilesView@http-nio-8080-exec-4] View name 'master/sign-in', model {username=, password=, remember=false} 
2022-04-23 17:21:33.294 DEBUG [org.apache.jasper.servlet.JspServlet@http-nio-8080-exec-4] JspEngine --> /WEB-INF/views/master/page.jsp 
2022-04-23 17:21:33.295 DEBUG [org.apache.jasper.servlet.JspServlet@http-nio-8080-exec-4] ServletPath: /WEB-INF/views/master/page.jsp 
2022-04-23 17:21:33.295 DEBUG [org.apache.jasper.servlet.JspServlet@http-nio-8080-exec-4] PathInfo: null 
2022-04-23 17:21:33.297 DEBUG [org.apache.jasper.servlet.JspServlet@http-nio-8080-exec-4] RealPath: C:\Users\manol\git\Acme-Toolkit\target\classes\WEB-INF\views\master\page.jsp 
2022-04-23 17:21:33.297 DEBUG [org.apache.jasper.servlet.JspServlet@http-nio-8080-exec-4] RequestURI: /acme-toolkit-22.1/WEB-INF/views/master/page.jsp 
2022-04-23 17:21:33.297 DEBUG [org.apache.jasper.servlet.JspServlet@http-nio-8080-exec-4] QueryString: error 
2022-04-23 17:21:33.356 DEBUG [org.apache.jasper.servlet.JspServlet@http-nio-8080-exec-4] JspEngine --> /WEB-INF/views/master/sign-in.jsp 
2022-04-23 17:21:33.356 DEBUG [org.apache.jasper.servlet.JspServlet@http-nio-8080-exec-4] ServletPath: /WEB-INF/views/master/page.jsp 
2022-04-23 17:21:33.356 DEBUG [org.apache.jasper.servlet.JspServlet@http-nio-8080-exec-4] PathInfo: null 
2022-04-23 17:21:33.357 DEBUG [org.apache.jasper.servlet.JspServlet@http-nio-8080-exec-4] RealPath: C:\Users\manol\git\Acme-Toolkit\target\classes\WEB-INF\views\master\sign-in.jsp 
2022-04-23 17:21:33.357 DEBUG [org.apache.jasper.servlet.JspServlet@http-nio-8080-exec-4] RequestURI: /acme-toolkit-22.1/WEB-INF/views/master/page.jsp 
2022-04-23 17:21:33.357 DEBUG [org.apache.jasper.servlet.JspServlet@http-nio-8080-exec-4] QueryString: error 
2022-04-23 17:21:33.411 DEBUG [org.hibernate.SQL@http-nio-8080-exec-4] select useraccoun0_.id as id1_0_, useraccoun0_.version as version2_0_, useraccoun0_.enabled as enabled1_17_, useraccoun0_.identity as identity2_17_, useraccoun0_.password as password3_17_, useraccoun0_.username as username4_17_ from user_account useraccoun0_ where useraccoun0_.username=? 
2022-04-23 17:21:33.411 TRACE [org.hibernate.type.descriptor.sql.BasicBinder@http-nio-8080-exec-4] binding parameter [1] as [VARCHAR] - [anonymous] 
2022-04-23 17:21:33.413 DEBUG [org.hibernate.SQL@http-nio-8080-exec-4] select roles0_.user_account_id as user_acc1_18_0_, roles0_.id as id1_18_0_, roles0_.id as id1_0_1_, roles0_.version as version2_0_1_, roles0_.user_account_id as user_acc1_18_1_, roles0_.company as company1_8_1_, roles0_.sector as sector2_8_1_, roles0_.company as company1_9_1_, roles0_.link as link2_9_1_, roles0_.statement as statemen3_9_1_, roles0_.company as company1_11_1_, roles0_.link as link2_11_1_, roles0_.statement as statemen3_11_1_, roles0_.company as company1_14_1_, roles0_.sector as sector2_14_1_, roles0_.clazz_ as clazz_1_ from ( select id, version, user_account_id, company, sector, null as link, null as statement, 9 as clazz_ from consumer union all select id, version, user_account_id, company, null as sector, link, statement, 10 as clazz_ from inventor union all select id, version, user_account_id, company, null as sector, link, statement, 11 as clazz_ from patron union all select id, version, user_account_id, company, sector, null as link, null as statement, 12 as clazz_ from provider union all select id, version, user_account_id, null as company, null as sector, null as link, null as statement, 15 as clazz_ from administrator union all select id, version, user_account_id, null as company, null as sector, null as link, null as statement, 16 as clazz_ from anonymous union all select id, version, user_account_id, null as company, null as sector, null as link, null as statement, 17 as clazz_ from any union all select id, version, user_account_id, null as company, null as sector, null as link, null as statement, 18 as clazz_ from authenticated ) roles0_ where roles0_.user_account_id=? 
2022-04-23 17:21:33.414 TRACE [org.hibernate.type.descriptor.sql.BasicBinder@http-nio-8080-exec-4] binding parameter [1] as [INTEGER] - [1] 
2022-04-23 17:21:41.377 DEBUG [org.hibernate.SQL@http-nio-8080-exec-9] select useraccoun0_.id as id1_0_, useraccoun0_.version as version2_0_, useraccoun0_.enabled as enabled1_17_, useraccoun0_.identity as identity2_17_, useraccoun0_.password as password3_17_, useraccoun0_.username as username4_17_ from user_account useraccoun0_ where useraccoun0_.username=? 
2022-04-23 17:21:41.378 TRACE [org.hibernate.type.descriptor.sql.BasicBinder@http-nio-8080-exec-9] binding parameter [1] as [VARCHAR] - [inventor1] 
2022-04-23 17:21:41.380 DEBUG [org.hibernate.SQL@http-nio-8080-exec-9] select roles0_.user_account_id as user_acc1_18_0_, roles0_.id as id1_18_0_, roles0_.id as id1_0_1_, roles0_.version as version2_0_1_, roles0_.user_account_id as user_acc1_18_1_, roles0_.company as company1_8_1_, roles0_.sector as sector2_8_1_, roles0_.company as company1_9_1_, roles0_.link as link2_9_1_, roles0_.statement as statemen3_9_1_, roles0_.company as company1_11_1_, roles0_.link as link2_11_1_, roles0_.statement as statemen3_11_1_, roles0_.company as company1_14_1_, roles0_.sector as sector2_14_1_, roles0_.clazz_ as clazz_1_ from ( select id, version, user_account_id, company, sector, null as link, null as statement, 9 as clazz_ from consumer union all select id, version, user_account_id, company, null as sector, link, statement, 10 as clazz_ from inventor union all select id, version, user_account_id, company, null as sector, link, statement, 11 as clazz_ from patron union all select id, version, user_account_id, company, sector, null as link, null as statement, 12 as clazz_ from provider union all select id, version, user_account_id, null as company, null as sector, null as link, null as statement, 15 as clazz_ from administrator union all select id, version, user_account_id, null as company, null as sector, null as link, null as statement, 16 as clazz_ from anonymous union all select id, version, user_account_id, null as company, null as sector, null as link, null as statement, 17 as clazz_ from any union all select id, version, user_account_id, null as company, null as sector, null as link, null as statement, 18 as clazz_ from authenticated ) roles0_ where roles0_.user_account_id=? 
2022-04-23 17:21:41.380 TRACE [org.hibernate.type.descriptor.sql.BasicBinder@http-nio-8080-exec-9] binding parameter [1] as [INTEGER] - [6] 
2022-04-23 17:21:41.395 DEBUG [acme.framework.components.tiles.DynamicTilesView@http-nio-8080-exec-8] View name 'fragments/welcome', model {} 
2022-04-23 17:21:41.395 DEBUG [org.apache.jasper.servlet.JspServlet@http-nio-8080-exec-8] JspEngine --> /WEB-INF/views/master/page.jsp 
2022-04-23 17:21:41.396 DEBUG [org.apache.jasper.servlet.JspServlet@http-nio-8080-exec-8] ServletPath: /WEB-INF/views/master/page.jsp 
2022-04-23 17:21:41.396 DEBUG [org.apache.jasper.servlet.JspServlet@http-nio-8080-exec-8] PathInfo: null 
2022-04-23 17:21:41.396 DEBUG [org.apache.jasper.servlet.JspServlet@http-nio-8080-exec-8] RealPath: C:\Users\manol\git\Acme-Toolkit\target\classes\WEB-INF\views\master\page.jsp 
2022-04-23 17:21:41.396 DEBUG [org.apache.jasper.servlet.JspServlet@http-nio-8080-exec-8] RequestURI: /acme-toolkit-22.1/WEB-INF/views/master/page.jsp 
2022-04-23 17:21:41.397 DEBUG [org.apache.jasper.servlet.JspServlet@http-nio-8080-exec-8] QueryString: null 
2022-04-23 17:21:41.434 DEBUG [org.apache.jasper.servlet.JspServlet@http-nio-8080-exec-8] JspEngine --> /WEB-INF/views/fragments/welcome.jsp 
2022-04-23 17:21:41.434 DEBUG [org.apache.jasper.servlet.JspServlet@http-nio-8080-exec-8] ServletPath: /WEB-INF/views/master/page.jsp 
2022-04-23 17:21:41.435 DEBUG [org.apache.jasper.servlet.JspServlet@http-nio-8080-exec-8] PathInfo: null 
2022-04-23 17:21:41.435 DEBUG [org.apache.jasper.servlet.JspServlet@http-nio-8080-exec-8] RealPath: C:\Users\manol\git\Acme-Toolkit\target\classes\WEB-INF\views\fragments\welcome.jsp 
2022-04-23 17:21:41.436 DEBUG [org.apache.jasper.servlet.JspServlet@http-nio-8080-exec-8] RequestURI: /acme-toolkit-22.1/WEB-INF/views/master/page.jsp 
2022-04-23 17:21:41.436 DEBUG [org.apache.jasper.servlet.JspServlet@http-nio-8080-exec-8] QueryString: null 
2022-04-23 17:21:47.203 DEBUG [acme.framework.controllers.AbstractController@http-nio-8080-exec-10] DISPATCHING GET /acme-toolkit-22.1/inventor/patronage-report/list 
2022-04-23 17:21:47.203 DEBUG [acme.framework.controllers.AbstractController@http-nio-8080-exec-10] Command: list 
2022-04-23 17:21:47.203 DEBUG [acme.framework.controllers.AbstractController@http-nio-8080-exec-10] Model:   {} 
2022-04-23 17:21:47.203 DEBUG [acme.framework.controllers.AbstractController@http-nio-8080-exec-10] Locale:  es 
2022-04-23 17:21:47.210 DEBUG [acme.framework.controllers.AbstractController@http-nio-8080-exec-10] SERVING GET /acme-toolkit-22.1/inventor/patronage-report/list 
2022-04-23 17:21:47.210 DEBUG [acme.framework.controllers.AbstractController@http-nio-8080-exec-10] Result: ModelAndView [view="master/panic"; model={oops=java.lang.IllegalStateException: End-point no disponible}] 
2022-04-23 17:21:47.213 DEBUG [acme.framework.components.tiles.DynamicTilesView@http-nio-8080-exec-10] View name 'master/panic', model {oops=java.lang.IllegalStateException: End-point no disponible, org.springframework.validation.BindingResult.oops=org.springframework.validation.BeanPropertyBindingResult: 0 errors} 
2022-04-23 17:21:47.214 DEBUG [org.apache.jasper.servlet.JspServlet@http-nio-8080-exec-10] JspEngine --> /WEB-INF/views/master/page.jsp 
2022-04-23 17:21:47.214 DEBUG [org.apache.jasper.servlet.JspServlet@http-nio-8080-exec-10] ServletPath: /WEB-INF/views/master/page.jsp 
2022-04-23 17:21:47.214 DEBUG [org.apache.jasper.servlet.JspServlet@http-nio-8080-exec-10] PathInfo: null 
2022-04-23 17:21:47.214 DEBUG [org.apache.jasper.servlet.JspServlet@http-nio-8080-exec-10] RealPath: C:\Users\manol\git\Acme-Toolkit\target\classes\WEB-INF\views\master\page.jsp 
2022-04-23 17:21:47.215 DEBUG [org.apache.jasper.servlet.JspServlet@http-nio-8080-exec-10] RequestURI: /acme-toolkit-22.1/WEB-INF/views/master/page.jsp 
2022-04-23 17:21:47.215 DEBUG [org.apache.jasper.servlet.JspServlet@http-nio-8080-exec-10] QueryString: null 
2022-04-23 17:21:47.249 DEBUG [org.apache.jasper.servlet.JspServlet@http-nio-8080-exec-10] JspEngine --> /WEB-INF/views/master/panic.jsp 
2022-04-23 17:21:47.249 DEBUG [org.apache.jasper.servlet.JspServlet@http-nio-8080-exec-10] ServletPath: /WEB-INF/views/master/page.jsp 
2022-04-23 17:21:47.249 DEBUG [org.apache.jasper.servlet.JspServlet@http-nio-8080-exec-10] PathInfo: null 
2022-04-23 17:21:47.250 DEBUG [org.apache.jasper.servlet.JspServlet@http-nio-8080-exec-10] RealPath: C:\Users\manol\git\Acme-Toolkit\target\classes\WEB-INF\views\master\panic.jsp 
2022-04-23 17:21:47.250 DEBUG [org.apache.jasper.servlet.JspServlet@http-nio-8080-exec-10] RequestURI: /acme-toolkit-22.1/WEB-INF/views/master/page.jsp 
2022-04-23 17:21:47.250 DEBUG [org.apache.jasper.servlet.JspServlet@http-nio-8080-exec-10] QueryString: null 
2022-04-23 17:21:47.373 ERROR [org.apache.jsp.WEB_002dINF.views.master.panic_jsp@http-nio-8080-exec-10] HTTP GET /acme-toolkit-22.1/WEB-INF/views/master/page.jsp HTTP/1.1 
2022-04-23 17:21:47.373 ERROR [org.apache.jsp.WEB_002dINF.views.master.panic_jsp@http-nio-8080-exec-10] Status: 500 
2022-04-23 17:21:47.374 ERROR [org.apache.jsp.WEB_002dINF.views.master.panic_jsp@http-nio-8080-exec-10] Exception: acme.framework.helpers.Assert.state(Assert.java:45): End-point no disponible 
