2022-06-03 17:02:04.319 INFO  [acme.Launcher@main] Starting Launcher using Java 1.8.0_281 on LAPTOP-23RRLASM with PID 8788 (C:\Users\oliva\OneDrive\Escritorio\Workspace-22.0\Frameworks\Acme-Framework-22.7\target\classes started by oliva in C:\Users\oliva\git\examen-dp2-pedolirod) 
2022-06-03 17:02:04.320 DEBUG [acme.Launcher@main] Running with Spring Boot v2.4.2, Spring v5.3.3 
2022-06-03 17:02:04.320 INFO  [acme.Launcher@main] The following profiles are active: development,default 
2022-06-03 17:02:07.075 DEBUG [org.apache.jasper.servlet.JasperInitializer@main] Initializing Jasper for context [application] 
2022-06-03 17:02:12.646 DEBUG [org.apache.jasper.servlet.JspServlet@main] Scratch dir for the JSP engine is: [C:\Users\oliva\AppData\Local\Temp\tomcat.8080.4238067634436042411\work\Tomcat\localhost\acme-toolkit-22.1] 
2022-06-03 17:02:12.646 DEBUG [org.apache.jasper.servlet.JspServlet@main] IMPORTANT: Do not modify the generated servlets 
2022-06-03 17:02:12.662 INFO  [acme.Launcher@main] Started Launcher in 8.99 seconds (JVM running for 9.51) 
2022-06-03 17:02:12.675 DEBUG [acme.Launcher@main] Found classpath entry '/C:/Users/oliva/git/examen-dp2-pedolirod/target/test-classes/' 
2022-06-03 17:02:12.677 DEBUG [acme.Launcher@main] Found classpath entry '/C:/Users/oliva/git/examen-dp2-pedolirod/target/classes/' 
2022-06-03 17:02:12.678 DEBUG [acme.Launcher@main] Found classpath entry '/C:/Users/oliva/OneDrive/Escritorio/Workspace-22.0/Frameworks/Acme-Framework-22.7/target/classes/' 
2022-06-03 17:02:12.678 DEBUG [acme.Launcher@main] Found classpath entry '/C:/Users/oliva/OneDrive/Escritorio/Workspace-22.0/Frameworks/Acme-Framework-22.7/target/test-classes/' 
2022-06-03 17:02:12.678 DEBUG [acme.Launcher@main] Found classpath entry '/C:/Users/oliva/.m2/repository/org/springframework/boot/spring-boot-starter-tomcat/2.4.2/spring-boot-starter-tomcat-2.4.2.jar' 
2022-06-03 17:02:12.679 DEBUG [acme.Launcher@main] Found classpath entry '/C:/Users/oliva/.m2/repository/jakarta/annotation/jakarta.annotation-api/1.3.5/jakarta.annotation-api-1.3.5.jar' 
2022-06-03 17:02:12.679 DEBUG [acme.Launcher@main] Found classpath entry '/C:/Users/oliva/.m2/repository/org/apache/tomcat/embed/tomcat-embed-core/9.0.41/tomcat-embed-core-9.0.41.jar' 
2022-06-03 17:02:12.680 DEBUG [acme.Launcher@main] Found classpath entry '/C:/Users/oliva/.m2/repository/org/glassfish/jakarta.el/3.0.3/jakarta.el-3.0.3.jar' 
2022-06-03 17:02:12.681 DEBUG [acme.Launcher@main] Found classpath entry '/C:/Users/oliva/.m2/repository/org/apache/tomcat/embed/tomcat-embed-websocket/9.0.41/tomcat-embed-websocket-9.0.41.jar' 
2022-06-03 17:02:12.682 DEBUG [acme.Launcher@main] Found classpath entry '/C:/Users/oliva/.m2/repository/org/apache/tomcat/embed/tomcat-embed-jasper/9.0.41/tomcat-embed-jasper-9.0.41.jar' 
2022-06-03 17:02:12.682 DEBUG [acme.Launcher@main] Found classpath entry '/C:/Users/oliva/.m2/repository/org/apache/tomcat/embed/tomcat-embed-el/9.0.41/tomcat-embed-el-9.0.41.jar' 
2022-06-03 17:02:12.683 DEBUG [acme.Launcher@main] Found classpath entry '/C:/Users/oliva/.m2/repository/org/eclipse/jdt/ecj/3.18.0/ecj-3.18.0.jar' 
2022-06-03 17:02:12.683 DEBUG [acme.Launcher@main] Found classpath entry '/C:/Users/oliva/.m2/repository/javax/servlet/jstl/1.2/jstl-1.2.jar' 
2022-06-03 17:02:12.683 DEBUG [acme.Launcher@main] Found classpath entry '/C:/Users/oliva/.m2/repository/org/springframework/boot/spring-boot-starter-security/2.4.2/spring-boot-starter-security-2.4.2.jar' 
2022-06-03 17:02:12.683 DEBUG [acme.Launcher@main] Found classpath entry '/C:/Users/oliva/.m2/repository/org/springframework/boot/spring-boot-starter/2.4.2/spring-boot-starter-2.4.2.jar' 
2022-06-03 17:02:12.683 DEBUG [acme.Launcher@main] Found classpath entry '/C:/Users/oliva/.m2/repository/org/springframework/boot/spring-boot/2.4.2/spring-boot-2.4.2.jar' 
2022-06-03 17:02:12.683 DEBUG [acme.Launcher@main] Found classpath entry '/C:/Users/oliva/.m2/repository/org/springframework/boot/spring-boot-autoconfigure/2.4.2/spring-boot-autoconfigure-2.4.2.jar' 
2022-06-03 17:02:12.684 DEBUG [acme.Launcher@main] Found classpath entry '/C:/Users/oliva/.m2/repository/org/springframework/boot/spring-boot-starter-logging/2.4.2/spring-boot-starter-logging-2.4.2.jar' 
2022-06-03 17:02:12.684 DEBUG [acme.Launcher@main] Found classpath entry '/C:/Users/oliva/.m2/repository/ch/qos/logback/logback-classic/1.2.3/logback-classic-1.2.3.jar' 
2022-06-03 17:02:12.685 DEBUG [acme.Launcher@main] Found classpath entry '/C:/Users/oliva/.m2/repository/ch/qos/logback/logback-core/1.2.3/logback-core-1.2.3.jar' 
2022-06-03 17:02:12.685 DEBUG [acme.Launcher@main] Found classpath entry '/C:/Users/oliva/.m2/repository/org/apache/logging/log4j/log4j-to-slf4j/2.13.3/log4j-to-slf4j-2.13.3.jar' 
2022-06-03 17:02:12.685 DEBUG [acme.Launcher@main] Found classpath entry '/C:/Users/oliva/.m2/repository/org/apache/logging/log4j/log4j-api/2.13.3/log4j-api-2.13.3.jar' 
2022-06-03 17:02:12.686 DEBUG [acme.Launcher@main] Found classpath entry '/C:/Users/oliva/.m2/repository/org/slf4j/jul-to-slf4j/1.7.30/jul-to-slf4j-1.7.30.jar' 
2022-06-03 17:02:12.686 DEBUG [acme.Launcher@main] Found classpath entry '/C:/Users/oliva/.m2/repository/org/yaml/snakeyaml/1.27/snakeyaml-1.27.jar' 
2022-06-03 17:02:12.686 DEBUG [acme.Launcher@main] Found classpath entry '/C:/Users/oliva/.m2/repository/org/springframework/spring-aop/5.3.3/spring-aop-5.3.3.jar' 
2022-06-03 17:02:12.686 DEBUG [acme.Launcher@main] Found classpath entry '/C:/Users/oliva/.m2/repository/org/springframework/security/spring-security-web/5.4.2/spring-security-web-5.4.2.jar' 
2022-06-03 17:02:12.686 DEBUG [acme.Launcher@main] Found classpath entry '/C:/Users/oliva/.m2/repository/org/springframework/security/spring-security-core/5.4.2/spring-security-core-5.4.2.jar' 
2022-06-03 17:02:12.687 DEBUG [acme.Launcher@main] Found classpath entry '/C:/Users/oliva/.m2/repository/org/springframework/spring-beans/5.3.3/spring-beans-5.3.3.jar' 
2022-06-03 17:02:12.687 DEBUG [acme.Launcher@main] Found classpath entry '/C:/Users/oliva/.m2/repository/org/springframework/spring-context/5.3.3/spring-context-5.3.3.jar' 
2022-06-03 17:02:12.687 DEBUG [acme.Launcher@main] Found classpath entry '/C:/Users/oliva/.m2/repository/org/springframework/spring-core/5.3.3/spring-core-5.3.3.jar' 
2022-06-03 17:02:12.687 DEBUG [acme.Launcher@main] Found classpath entry '/C:/Users/oliva/.m2/repository/org/springframework/spring-jcl/5.3.3/spring-jcl-5.3.3.jar' 
2022-06-03 17:02:12.688 DEBUG [acme.Launcher@main] Found classpath entry '/C:/Users/oliva/.m2/repository/org/springframework/spring-expression/5.3.3/spring-expression-5.3.3.jar' 
2022-06-03 17:02:12.688 DEBUG [acme.Launcher@main] Found classpath entry '/C:/Users/oliva/.m2/repository/org/springframework/spring-web/5.3.3/spring-web-5.3.3.jar' 
2022-06-03 17:02:12.688 DEBUG [acme.Launcher@main] Found classpath entry '/C:/Users/oliva/.m2/repository/org/springframework/security/spring-security-config/5.4.2/spring-security-config-5.4.2.jar' 
2022-06-03 17:02:12.688 DEBUG [acme.Launcher@main] Found classpath entry '/C:/Users/oliva/.m2/repository/org/springframework/security/spring-security-taglibs/5.4.2/spring-security-taglibs-5.4.2.jar' 
2022-06-03 17:02:12.689 DEBUG [acme.Launcher@main] Found classpath entry '/C:/Users/oliva/.m2/repository/org/springframework/security/spring-security-acl/5.4.2/spring-security-acl-5.4.2.jar' 
2022-06-03 17:02:12.689 DEBUG [acme.Launcher@main] Found classpath entry '/C:/Users/oliva/.m2/repository/org/springframework/spring-jdbc/5.3.3/spring-jdbc-5.3.3.jar' 
2022-06-03 17:02:12.689 DEBUG [acme.Launcher@main] Found classpath entry '/C:/Users/oliva/.m2/repository/org/springframework/spring-tx/5.3.3/spring-tx-5.3.3.jar' 
2022-06-03 17:02:12.689 DEBUG [acme.Launcher@main] Found classpath entry '/C:/Users/oliva/.m2/repository/org/springframework/boot/spring-boot-starter-web/2.4.2/spring-boot-starter-web-2.4.2.jar' 
2022-06-03 17:02:12.689 DEBUG [acme.Launcher@main] Found classpath entry '/C:/Users/oliva/.m2/repository/org/springframework/boot/spring-boot-starter-json/2.4.2/spring-boot-starter-json-2.4.2.jar' 
2022-06-03 17:02:12.690 DEBUG [acme.Launcher@main] Found classpath entry '/C:/Users/oliva/.m2/repository/com/fasterxml/jackson/core/jackson-databind/2.11.4/jackson-databind-2.11.4.jar' 
2022-06-03 17:02:12.690 DEBUG [acme.Launcher@main] Found classpath entry '/C:/Users/oliva/.m2/repository/com/fasterxml/jackson/core/jackson-annotations/2.11.4/jackson-annotations-2.11.4.jar' 
2022-06-03 17:02:12.690 DEBUG [acme.Launcher@main] Found classpath entry '/C:/Users/oliva/.m2/repository/com/fasterxml/jackson/core/jackson-core/2.11.4/jackson-core-2.11.4.jar' 
2022-06-03 17:02:12.691 DEBUG [acme.Launcher@main] Found classpath entry '/C:/Users/oliva/.m2/repository/com/fasterxml/jackson/datatype/jackson-datatype-jdk8/2.11.4/jackson-datatype-jdk8-2.11.4.jar' 
2022-06-03 17:02:12.691 DEBUG [acme.Launcher@main] Found classpath entry '/C:/Users/oliva/.m2/repository/com/fasterxml/jackson/datatype/jackson-datatype-jsr310/2.11.4/jackson-datatype-jsr310-2.11.4.jar' 
2022-06-03 17:02:12.691 DEBUG [acme.Launcher@main] Found classpath entry '/C:/Users/oliva/.m2/repository/com/fasterxml/jackson/module/jackson-module-parameter-names/2.11.4/jackson-module-parameter-names-2.11.4.jar' 
2022-06-03 17:02:12.691 DEBUG [acme.Launcher@main] Found classpath entry '/C:/Users/oliva/.m2/repository/org/springframework/spring-webmvc/5.3.3/spring-webmvc-5.3.3.jar' 
2022-06-03 17:02:12.691 DEBUG [acme.Launcher@main] Found classpath entry '/C:/Users/oliva/.m2/repository/org/apache/tiles/tiles-jsp/3.0.8/tiles-jsp-3.0.8.jar' 
2022-06-03 17:02:12.692 DEBUG [acme.Launcher@main] Found classpath entry '/C:/Users/oliva/.m2/repository/org/apache/tiles/tiles-servlet/3.0.8/tiles-servlet-3.0.8.jar' 
2022-06-03 17:02:12.692 DEBUG [acme.Launcher@main] Found classpath entry '/C:/Users/oliva/.m2/repository/org/apache/tiles/tiles-core/3.0.8/tiles-core-3.0.8.jar' 
2022-06-03 17:02:12.693 DEBUG [acme.Launcher@main] Found classpath entry '/C:/Users/oliva/.m2/repository/commons-digester/commons-digester/2.0/commons-digester-2.0.jar' 
2022-06-03 17:02:12.694 DEBUG [acme.Launcher@main] Found classpath entry '/C:/Users/oliva/.m2/repository/org/slf4j/jcl-over-slf4j/1.7.30/jcl-over-slf4j-1.7.30.jar' 
2022-06-03 17:02:12.694 DEBUG [acme.Launcher@main] Found classpath entry '/C:/Users/oliva/.m2/repository/org/apache/tiles/tiles-request-servlet/1.0.7/tiles-request-servlet-1.0.7.jar' 
2022-06-03 17:02:12.694 DEBUG [acme.Launcher@main] Found classpath entry '/C:/Users/oliva/.m2/repository/org/apache/tiles/tiles-template/3.0.8/tiles-template-3.0.8.jar' 
2022-06-03 17:02:12.696 DEBUG [acme.Launcher@main] Found classpath entry '/C:/Users/oliva/.m2/repository/org/apache/tiles/tiles-api/3.0.8/tiles-api-3.0.8.jar' 
2022-06-03 17:02:12.697 DEBUG [acme.Launcher@main] Found classpath entry '/C:/Users/oliva/.m2/repository/org/apache/tiles/tiles-autotag-core-runtime/1.2/tiles-autotag-core-runtime-1.2.jar' 
2022-06-03 17:02:12.697 DEBUG [acme.Launcher@main] Found classpath entry '/C:/Users/oliva/.m2/repository/org/slf4j/slf4j-api/1.7.30/slf4j-api-1.7.30.jar' 
2022-06-03 17:02:12.698 DEBUG [acme.Launcher@main] Found classpath entry '/C:/Users/oliva/.m2/repository/org/apache/tiles/tiles-request-jsp/1.0.7/tiles-request-jsp-1.0.7.jar' 
2022-06-03 17:02:12.698 DEBUG [acme.Launcher@main] Found classpath entry '/C:/Users/oliva/.m2/repository/org/apache/tiles/tiles-request-api/1.0.7/tiles-request-api-1.0.7.jar' 
2022-06-03 17:02:12.698 DEBUG [acme.Launcher@main] Found classpath entry '/C:/Users/oliva/.m2/repository/org/springframework/boot/spring-boot-starter-data-jpa/2.4.2/spring-boot-starter-data-jpa-2.4.2.jar' 
2022-06-03 17:02:12.698 DEBUG [acme.Launcher@main] Found classpath entry '/C:/Users/oliva/.m2/repository/org/springframework/boot/spring-boot-starter-aop/2.4.2/spring-boot-starter-aop-2.4.2.jar' 
2022-06-03 17:02:12.699 DEBUG [acme.Launcher@main] Found classpath entry '/C:/Users/oliva/.m2/repository/org/aspectj/aspectjweaver/1.9.6/aspectjweaver-1.9.6.jar' 
2022-06-03 17:02:12.699 DEBUG [acme.Launcher@main] Found classpath entry '/C:/Users/oliva/.m2/repository/org/springframework/boot/spring-boot-starter-jdbc/2.4.2/spring-boot-starter-jdbc-2.4.2.jar' 
2022-06-03 17:02:12.699 DEBUG [acme.Launcher@main] Found classpath entry '/C:/Users/oliva/.m2/repository/jakarta/transaction/jakarta.transaction-api/1.3.3/jakarta.transaction-api-1.3.3.jar' 
2022-06-03 17:02:12.699 DEBUG [acme.Launcher@main] Found classpath entry '/C:/Users/oliva/.m2/repository/jakarta/persistence/jakarta.persistence-api/2.2.3/jakarta.persistence-api-2.2.3.jar' 
2022-06-03 17:02:12.699 DEBUG [acme.Launcher@main] Found classpath entry '/C:/Users/oliva/.m2/repository/org/hibernate/hibernate-core/5.4.27.Final/hibernate-core-5.4.27.Final.jar' 
2022-06-03 17:02:12.699 DEBUG [acme.Launcher@main] Found classpath entry '/C:/Users/oliva/.m2/repository/org/jboss/logging/jboss-logging/3.4.1.Final/jboss-logging-3.4.1.Final.jar' 
2022-06-03 17:02:12.700 DEBUG [acme.Launcher@main] Found classpath entry '/C:/Users/oliva/.m2/repository/org/javassist/javassist/3.27.0-GA/javassist-3.27.0-GA.jar' 
2022-06-03 17:02:12.700 DEBUG [acme.Launcher@main] Found classpath entry '/C:/Users/oliva/.m2/repository/antlr/antlr/2.7.7/antlr-2.7.7.jar' 
2022-06-03 17:02:12.700 DEBUG [acme.Launcher@main] Found classpath entry '/C:/Users/oliva/.m2/repository/org/jboss/jandex/2.1.3.Final/jandex-2.1.3.Final.jar' 
2022-06-03 17:02:12.701 DEBUG [acme.Launcher@main] Found classpath entry '/C:/Users/oliva/.m2/repository/com/fasterxml/classmate/1.5.1/classmate-1.5.1.jar' 
2022-06-03 17:02:12.701 DEBUG [acme.Launcher@main] Found classpath entry '/C:/Users/oliva/.m2/repository/org/dom4j/dom4j/2.1.3/dom4j-2.1.3.jar' 
2022-06-03 17:02:12.701 DEBUG [acme.Launcher@main] Found classpath entry '/C:/Users/oliva/.m2/repository/org/hibernate/common/hibernate-commons-annotations/5.1.2.Final/hibernate-commons-annotations-5.1.2.Final.jar' 
2022-06-03 17:02:12.702 DEBUG [acme.Launcher@main] Found classpath entry '/C:/Users/oliva/.m2/repository/org/glassfish/jaxb/jaxb-runtime/2.3.3/jaxb-runtime-2.3.3.jar' 
2022-06-03 17:02:12.702 DEBUG [acme.Launcher@main] Found classpath entry '/C:/Users/oliva/.m2/repository/org/glassfish/jaxb/txw2/2.3.3/txw2-2.3.3.jar' 
2022-06-03 17:02:12.703 DEBUG [acme.Launcher@main] Found classpath entry '/C:/Users/oliva/.m2/repository/com/sun/istack/istack-commons-runtime/3.0.11/istack-commons-runtime-3.0.11.jar' 
2022-06-03 17:02:12.703 DEBUG [acme.Launcher@main] Found classpath entry '/C:/Users/oliva/.m2/repository/com/sun/activation/jakarta.activation/1.2.2/jakarta.activation-1.2.2.jar' 
2022-06-03 17:02:12.703 DEBUG [acme.Launcher@main] Found classpath entry '/C:/Users/oliva/.m2/repository/org/springframework/data/spring-data-jpa/2.4.3/spring-data-jpa-2.4.3.jar' 
2022-06-03 17:02:12.703 DEBUG [acme.Launcher@main] Found classpath entry '/C:/Users/oliva/.m2/repository/org/springframework/data/spring-data-commons/2.4.3/spring-data-commons-2.4.3.jar' 
2022-06-03 17:02:12.703 DEBUG [acme.Launcher@main] Found classpath entry '/C:/Users/oliva/.m2/repository/org/springframework/spring-orm/5.3.3/spring-orm-5.3.3.jar' 
2022-06-03 17:02:12.704 DEBUG [acme.Launcher@main] Found classpath entry '/C:/Users/oliva/.m2/repository/org/springframework/spring-aspects/5.3.3/spring-aspects-5.3.3.jar' 
2022-06-03 17:02:12.704 DEBUG [acme.Launcher@main] Found classpath entry '/C:/Users/oliva/.m2/repository/org/springframework/boot/spring-boot-starter-validation/2.4.2/spring-boot-starter-validation-2.4.2.jar' 
2022-06-03 17:02:12.704 DEBUG [acme.Launcher@main] Found classpath entry '/C:/Users/oliva/.m2/repository/org/hibernate/validator/hibernate-validator/6.1.7.Final/hibernate-validator-6.1.7.Final.jar' 
2022-06-03 17:02:12.704 DEBUG [acme.Launcher@main] Found classpath entry '/C:/Users/oliva/.m2/repository/jakarta/validation/jakarta.validation-api/2.0.2/jakarta.validation-api-2.0.2.jar' 
2022-06-03 17:02:12.704 DEBUG [acme.Launcher@main] Found classpath entry '/C:/Users/oliva/.m2/repository/mysql/mysql-connector-java/8.0.22/mysql-connector-java-8.0.22.jar' 
2022-06-03 17:02:12.704 DEBUG [acme.Launcher@main] Found classpath entry '/C:/Users/oliva/.m2/repository/com/zaxxer/HikariCP/3.4.5/HikariCP-3.4.5.jar' 
2022-06-03 17:02:12.704 DEBUG [acme.Launcher@main] Found classpath entry '/C:/Users/oliva/.m2/repository/org/springframework/boot/spring-boot-starter-test/2.4.2/spring-boot-starter-test-2.4.2.jar' 
2022-06-03 17:02:12.705 DEBUG [acme.Launcher@main] Found classpath entry '/C:/Users/oliva/.m2/repository/org/springframework/boot/spring-boot-test/2.4.2/spring-boot-test-2.4.2.jar' 
2022-06-03 17:02:12.705 DEBUG [acme.Launcher@main] Found classpath entry '/C:/Users/oliva/.m2/repository/org/springframework/boot/spring-boot-test-autoconfigure/2.4.2/spring-boot-test-autoconfigure-2.4.2.jar' 
2022-06-03 17:02:12.705 DEBUG [acme.Launcher@main] Found classpath entry '/C:/Users/oliva/.m2/repository/com/jayway/jsonpath/json-path/2.4.0/json-path-2.4.0.jar' 
2022-06-03 17:02:12.705 DEBUG [acme.Launcher@main] Found classpath entry '/C:/Users/oliva/.m2/repository/net/minidev/json-smart/2.3/json-smart-2.3.jar' 
2022-06-03 17:02:12.705 DEBUG [acme.Launcher@main] Found classpath entry '/C:/Users/oliva/.m2/repository/net/minidev/accessors-smart/1.2/accessors-smart-1.2.jar' 
2022-06-03 17:02:12.705 DEBUG [acme.Launcher@main] Found classpath entry '/C:/Users/oliva/.m2/repository/org/ow2/asm/asm/5.0.4/asm-5.0.4.jar' 
2022-06-03 17:02:12.705 DEBUG [acme.Launcher@main] Found classpath entry '/C:/Users/oliva/.m2/repository/jakarta/xml/bind/jakarta.xml.bind-api/2.3.3/jakarta.xml.bind-api-2.3.3.jar' 
2022-06-03 17:02:12.706 DEBUG [acme.Launcher@main] Found classpath entry '/C:/Users/oliva/.m2/repository/jakarta/activation/jakarta.activation-api/1.2.2/jakarta.activation-api-1.2.2.jar' 
2022-06-03 17:02:12.706 DEBUG [acme.Launcher@main] Found classpath entry '/C:/Users/oliva/.m2/repository/org/assertj/assertj-core/3.18.1/assertj-core-3.18.1.jar' 
2022-06-03 17:02:12.706 DEBUG [acme.Launcher@main] Found classpath entry '/C:/Users/oliva/.m2/repository/org/hamcrest/hamcrest/2.2/hamcrest-2.2.jar' 
2022-06-03 17:02:12.706 DEBUG [acme.Launcher@main] Found classpath entry '/C:/Users/oliva/.m2/repository/org/junit/jupiter/junit-jupiter/5.7.0/junit-jupiter-5.7.0.jar' 
2022-06-03 17:02:12.707 DEBUG [acme.Launcher@main] Found classpath entry '/C:/Users/oliva/.m2/repository/org/mockito/mockito-core/3.6.28/mockito-core-3.6.28.jar' 
2022-06-03 17:02:12.707 DEBUG [acme.Launcher@main] Found classpath entry '/C:/Users/oliva/.m2/repository/net/bytebuddy/byte-buddy-agent/1.10.19/byte-buddy-agent-1.10.19.jar' 
2022-06-03 17:02:12.707 DEBUG [acme.Launcher@main] Found classpath entry '/C:/Users/oliva/.m2/repository/org/objenesis/objenesis/3.1/objenesis-3.1.jar' 
2022-06-03 17:02:12.707 DEBUG [acme.Launcher@main] Found classpath entry '/C:/Users/oliva/.m2/repository/org/mockito/mockito-junit-jupiter/3.6.28/mockito-junit-jupiter-3.6.28.jar' 
2022-06-03 17:02:12.707 DEBUG [acme.Launcher@main] Found classpath entry '/C:/Users/oliva/.m2/repository/org/skyscreamer/jsonassert/1.5.0/jsonassert-1.5.0.jar' 
2022-06-03 17:02:12.707 DEBUG [acme.Launcher@main] Found classpath entry '/C:/Users/oliva/.m2/repository/com/vaadin/external/google/android-json/0.0.20131108.vaadin1/android-json-0.0.20131108.vaadin1.jar' 
2022-06-03 17:02:12.707 DEBUG [acme.Launcher@main] Found classpath entry '/C:/Users/oliva/.m2/repository/org/springframework/spring-test/5.3.3/spring-test-5.3.3.jar' 
2022-06-03 17:02:12.707 DEBUG [acme.Launcher@main] Found classpath entry '/C:/Users/oliva/.m2/repository/org/xmlunit/xmlunit-core/2.7.0/xmlunit-core-2.7.0.jar' 
2022-06-03 17:02:12.708 DEBUG [acme.Launcher@main] Found classpath entry '/C:/Users/oliva/.m2/repository/org/junit/jupiter/junit-jupiter-engine/5.7.0/junit-jupiter-engine-5.7.0.jar' 
2022-06-03 17:02:12.708 DEBUG [acme.Launcher@main] Found classpath entry '/C:/Users/oliva/.m2/repository/org/apiguardian/apiguardian-api/1.1.0/apiguardian-api-1.1.0.jar' 
2022-06-03 17:02:12.708 DEBUG [acme.Launcher@main] Found classpath entry '/C:/Users/oliva/.m2/repository/org/junit/platform/junit-platform-engine/1.7.0/junit-platform-engine-1.7.0.jar' 
2022-06-03 17:02:12.708 DEBUG [acme.Launcher@main] Found classpath entry '/C:/Users/oliva/.m2/repository/org/junit/jupiter/junit-jupiter-api/5.7.0/junit-jupiter-api-5.7.0.jar' 
2022-06-03 17:02:12.708 DEBUG [acme.Launcher@main] Found classpath entry '/C:/Users/oliva/.m2/repository/org/opentest4j/opentest4j/1.2.0/opentest4j-1.2.0.jar' 
2022-06-03 17:02:12.708 DEBUG [acme.Launcher@main] Found classpath entry '/C:/Users/oliva/.m2/repository/org/junit/platform/junit-platform-commons/1.7.0/junit-platform-commons-1.7.0.jar' 
2022-06-03 17:02:12.708 DEBUG [acme.Launcher@main] Found classpath entry '/C:/Users/oliva/.m2/repository/org/junit/jupiter/junit-jupiter-params/5.7.0/junit-jupiter-params-5.7.0.jar' 
2022-06-03 17:02:12.708 DEBUG [acme.Launcher@main] Found classpath entry '/C:/Users/oliva/.m2/repository/org/junit/platform/junit-platform-launcher/1.7.0/junit-platform-launcher-1.7.0.jar' 
2022-06-03 17:02:12.708 DEBUG [acme.Launcher@main] Found classpath entry '/C:/Users/oliva/.m2/repository/org/seleniumhq/selenium/selenium-java/3.141.59/selenium-java-3.141.59.jar' 
2022-06-03 17:02:12.708 DEBUG [acme.Launcher@main] Found classpath entry '/C:/Users/oliva/.m2/repository/org/seleniumhq/selenium/selenium-api/3.141.59/selenium-api-3.141.59.jar' 
2022-06-03 17:02:12.709 DEBUG [acme.Launcher@main] Found classpath entry '/C:/Users/oliva/.m2/repository/org/seleniumhq/selenium/selenium-chrome-driver/3.141.59/selenium-chrome-driver-3.141.59.jar' 
2022-06-03 17:02:12.709 DEBUG [acme.Launcher@main] Found classpath entry '/C:/Users/oliva/.m2/repository/org/seleniumhq/selenium/selenium-edge-driver/3.141.59/selenium-edge-driver-3.141.59.jar' 
2022-06-03 17:02:12.709 DEBUG [acme.Launcher@main] Found classpath entry '/C:/Users/oliva/.m2/repository/org/seleniumhq/selenium/selenium-firefox-driver/3.141.59/selenium-firefox-driver-3.141.59.jar' 
2022-06-03 17:02:12.709 DEBUG [acme.Launcher@main] Found classpath entry '/C:/Users/oliva/.m2/repository/org/seleniumhq/selenium/selenium-ie-driver/3.141.59/selenium-ie-driver-3.141.59.jar' 
2022-06-03 17:02:12.709 DEBUG [acme.Launcher@main] Found classpath entry '/C:/Users/oliva/.m2/repository/org/seleniumhq/selenium/selenium-opera-driver/3.141.59/selenium-opera-driver-3.141.59.jar' 
2022-06-03 17:02:12.709 DEBUG [acme.Launcher@main] Found classpath entry '/C:/Users/oliva/.m2/repository/org/seleniumhq/selenium/selenium-remote-driver/3.141.59/selenium-remote-driver-3.141.59.jar' 
2022-06-03 17:02:12.709 DEBUG [acme.Launcher@main] Found classpath entry '/C:/Users/oliva/.m2/repository/org/seleniumhq/selenium/selenium-safari-driver/3.141.59/selenium-safari-driver-3.141.59.jar' 
2022-06-03 17:02:12.709 DEBUG [acme.Launcher@main] Found classpath entry '/C:/Users/oliva/.m2/repository/org/seleniumhq/selenium/selenium-support/3.141.59/selenium-support-3.141.59.jar' 
2022-06-03 17:02:12.709 DEBUG [acme.Launcher@main] Found classpath entry '/C:/Users/oliva/.m2/repository/net/bytebuddy/byte-buddy/1.10.19/byte-buddy-1.10.19.jar' 
2022-06-03 17:02:12.710 DEBUG [acme.Launcher@main] Found classpath entry '/C:/Users/oliva/.m2/repository/org/apache/commons/commons-exec/1.3/commons-exec-1.3.jar' 
2022-06-03 17:02:12.710 DEBUG [acme.Launcher@main] Found classpath entry '/C:/Users/oliva/.m2/repository/com/google/guava/guava/25.0-jre/guava-25.0-jre.jar' 
2022-06-03 17:02:12.710 DEBUG [acme.Launcher@main] Found classpath entry '/C:/Users/oliva/.m2/repository/com/google/code/findbugs/jsr305/1.3.9/jsr305-1.3.9.jar' 
2022-06-03 17:02:12.710 DEBUG [acme.Launcher@main] Found classpath entry '/C:/Users/oliva/.m2/repository/org/checkerframework/checker-compat-qual/2.0.0/checker-compat-qual-2.0.0.jar' 
2022-06-03 17:02:12.710 DEBUG [acme.Launcher@main] Found classpath entry '/C:/Users/oliva/.m2/repository/com/google/errorprone/error_prone_annotations/2.1.3/error_prone_annotations-2.1.3.jar' 
2022-06-03 17:02:12.710 DEBUG [acme.Launcher@main] Found classpath entry '/C:/Users/oliva/.m2/repository/com/google/j2objc/j2objc-annotations/1.1/j2objc-annotations-1.1.jar' 
2022-06-03 17:02:12.710 DEBUG [acme.Launcher@main] Found classpath entry '/C:/Users/oliva/.m2/repository/org/codehaus/mojo/animal-sniffer-annotations/1.14/animal-sniffer-annotations-1.14.jar' 
2022-06-03 17:02:12.710 DEBUG [acme.Launcher@main] Found classpath entry '/C:/Users/oliva/.m2/repository/com/squareup/okhttp3/okhttp/3.14.9/okhttp-3.14.9.jar' 
2022-06-03 17:02:12.710 DEBUG [acme.Launcher@main] Found classpath entry '/C:/Users/oliva/.m2/repository/com/squareup/okio/okio/1.14.0/okio-1.14.0.jar' 
2022-06-03 17:02:12.710 DEBUG [acme.Launcher@main] Found classpath entry '/C:/Users/oliva/.m2/repository/org/apache/commons/commons-lang3/3.11/commons-lang3-3.11.jar' 
2022-06-03 17:02:12.711 DEBUG [acme.Launcher@main] Found classpath entry '/C:/Users/oliva/.m2/repository/org/apache/commons/commons-text/1.8/commons-text-1.8.jar' 
2022-06-03 17:02:12.711 DEBUG [acme.Launcher@main] Found classpath entry '/C:/Users/oliva/.m2/repository/commons-io/commons-io/2.6/commons-io-2.6.jar' 
2022-06-03 17:02:12.711 DEBUG [acme.Launcher@main] Found classpath entry '/C:/Users/oliva/.m2/repository/commons-cli/commons-cli/1.4/commons-cli-1.4.jar' 
2022-06-03 17:02:12.711 DEBUG [acme.Launcher@main] Found classpath entry '/C:/Users/oliva/.m2/repository/org/projectlombok/lombok/1.18.16/lombok-1.18.16.jar' 
2022-06-03 17:02:12.711 DEBUG [acme.Launcher@main] Found classpath entry '/C:/Users/oliva/.m2/repository/com/opencsv/opencsv/5.4/opencsv-5.4.jar' 
2022-06-03 17:02:12.712 DEBUG [acme.Launcher@main] Found classpath entry '/C:/Users/oliva/.m2/repository/commons-beanutils/commons-beanutils/1.9.4/commons-beanutils-1.9.4.jar' 
2022-06-03 17:02:12.712 DEBUG [acme.Launcher@main] Found classpath entry '/C:/Users/oliva/.m2/repository/commons-logging/commons-logging/1.2/commons-logging-1.2.jar' 
2022-06-03 17:02:12.712 DEBUG [acme.Launcher@main] Found classpath entry '/C:/Users/oliva/.m2/repository/commons-collections/commons-collections/3.2.2/commons-collections-3.2.2.jar' 
2022-06-03 17:02:12.712 DEBUG [acme.Launcher@main] Found classpath entry '/C:/Users/oliva/.m2/repository/org/apache/commons/commons-collections4/4.4/commons-collections4-4.4.jar' 
2022-06-03 17:02:12.871 DEBUG [acme.Launcher@main] Found entity class 'acme.artifact.Artifact 
2022-06-03 17:02:12.871 DEBUG [acme.Launcher@main] Found entity class 'acme.artifact.PartOf 
2022-06-03 17:02:12.872 DEBUG [acme.Launcher@main] Found entity class 'acme.artifact.ToolKit 
2022-06-03 17:02:12.872 DEBUG [acme.Launcher@main] Found entity class 'acme.entities.announcement.Announcement 
2022-06-03 17:02:12.872 DEBUG [acme.Launcher@main] Found entity class 'acme.entities.chirp.Chirp 
2022-06-03 17:02:12.872 DEBUG [acme.Launcher@main] Found entity class 'acme.entities.hustle.Hustle 
2022-06-03 17:02:12.872 DEBUG [acme.Launcher@main] Found entity class 'acme.entities.patronage.Patronage 
2022-06-03 17:02:12.872 DEBUG [acme.Launcher@main] Found entity class 'acme.entities.patronage.PatronageReport 
2022-06-03 17:02:12.872 DEBUG [acme.Launcher@main] Found entity class 'acme.roles.Consumer 
2022-06-03 17:02:12.872 DEBUG [acme.Launcher@main] Found entity class 'acme.roles.Inventor 
2022-06-03 17:02:12.872 DEBUG [acme.Launcher@main] Found entity class 'acme.roles.Patron 
2022-06-03 17:02:12.872 DEBUG [acme.Launcher@main] Found entity class 'acme.roles.Provider 
2022-06-03 17:02:12.873 DEBUG [acme.Launcher@main] Found entity class 'acme.systemSetting.SystemSetting 
2022-06-03 17:02:12.873 DEBUG [acme.Launcher@main] Found entity class 'acme.framework.entities.UserAccount 
2022-06-03 17:02:12.873 DEBUG [acme.Launcher@main] Found entity class 'acme.framework.roles.Administrator 
2022-06-03 17:02:12.873 DEBUG [acme.Launcher@main] Found entity class 'acme.framework.roles.Anonymous 
2022-06-03 17:02:12.873 DEBUG [acme.Launcher@main] Found entity class 'acme.framework.roles.Any 
2022-06-03 17:02:12.873 DEBUG [acme.Launcher@main] Found entity class 'acme.framework.roles.Authenticated 
2022-06-03 17:02:12.876 INFO  [acme.Launcher@main] Running application (Standalone) 
2022-06-03 17:03:06.734 DEBUG [acme.framework.components.tiles.DynamicTilesView@http-nio-8080-exec-3] View name 'fragments/welcome', model {} 
2022-06-03 17:03:06.750 DEBUG [org.apache.tiles.definition.dao.BaseLocaleUrlDefinitionDAO@http-nio-8080-exec-3] File Resource file:/C:/Users/oliva/git/examen-dp2-pedolirod/target/classes/WEB-INF/views/master/tiles_es.xml at file:/C:/Users/oliva/git/examen-dp2-pedolirod/target/classes/WEB-INF/views/master/tiles_es.xml not found, continue 
2022-06-03 17:03:06.757 DEBUG [org.apache.jasper.servlet.JspServlet@http-nio-8080-exec-3] JspEngine --> /WEB-INF/views/master/page.jsp 
2022-06-03 17:03:06.757 DEBUG [org.apache.jasper.servlet.JspServlet@http-nio-8080-exec-3] ServletPath: /WEB-INF/views/master/page.jsp 
2022-06-03 17:03:06.757 DEBUG [org.apache.jasper.servlet.JspServlet@http-nio-8080-exec-3] PathInfo: null 
2022-06-03 17:03:06.758 DEBUG [org.apache.jasper.servlet.JspServlet@http-nio-8080-exec-3] RealPath: C:\Users\oliva\git\examen-dp2-pedolirod\target\classes\WEB-INF\views\master\page.jsp 
2022-06-03 17:03:06.759 DEBUG [org.apache.jasper.servlet.JspServlet@http-nio-8080-exec-3] RequestURI: /acme-toolkit-22.1/WEB-INF/views/master/page.jsp 
2022-06-03 17:03:06.759 DEBUG [org.apache.jasper.servlet.JspServlet@http-nio-8080-exec-3] QueryString: null 
2022-06-03 17:03:10.060 DEBUG [acme.framework.configuration.ExtendedMessageSource@http-nio-8080-exec-3] Loading properties [C:\Users\oliva\git\examen-dp2-pedolirod\target\classes\WEB-INF\views\administrator\admin-dashboard\messages-en.i18n] with encoding 'utf-8' 
2022-06-03 17:03:10.062 DEBUG [acme.framework.configuration.ExtendedMessageSource@http-nio-8080-exec-3] Loading properties [C:\Users\oliva\git\examen-dp2-pedolirod\target\classes\WEB-INF\views\administrator\announcement\messages-en.i18n] with encoding 'utf-8' 
2022-06-03 17:03:10.062 DEBUG [acme.framework.configuration.ExtendedMessageSource@http-nio-8080-exec-3] Loading properties [C:\Users\oliva\git\examen-dp2-pedolirod\target\classes\WEB-INF\views\administrator\system-setting\messsages-en.i18n] with encoding 'utf-8' 
2022-06-03 17:03:10.063 DEBUG [acme.framework.configuration.ExtendedMessageSource@http-nio-8080-exec-3] Loading properties [C:\Users\oliva\git\examen-dp2-pedolirod\target\classes\WEB-INF\views\administrator\user-account\messages-en.i18n] with encoding 'utf-8' 
2022-06-03 17:03:10.063 DEBUG [acme.framework.configuration.ExtendedMessageSource@http-nio-8080-exec-3] Loading properties [C:\Users\oliva\git\examen-dp2-pedolirod\target\classes\WEB-INF\views\anonymous\user-account\messages-en.i18n] with encoding 'utf-8' 
2022-06-03 17:03:10.064 DEBUG [acme.framework.configuration.ExtendedMessageSource@http-nio-8080-exec-3] Loading properties [C:\Users\oliva\git\examen-dp2-pedolirod\target\classes\WEB-INF\views\any\artifact\messages-en.i18n] with encoding 'utf-8' 
2022-06-03 17:03:10.064 DEBUG [acme.framework.configuration.ExtendedMessageSource@http-nio-8080-exec-3] Loading properties [C:\Users\oliva\git\examen-dp2-pedolirod\target\classes\WEB-INF\views\any\chirp\messages-en.i18n] with encoding 'utf-8' 
2022-06-03 17:03:10.065 DEBUG [acme.framework.configuration.ExtendedMessageSource@http-nio-8080-exec-3] Loading properties [C:\Users\oliva\git\examen-dp2-pedolirod\target\classes\WEB-INF\views\any\part-of\messages-en.i18n] with encoding 'utf-8' 
2022-06-03 17:03:10.065 DEBUG [acme.framework.configuration.ExtendedMessageSource@http-nio-8080-exec-3] Loading properties [C:\Users\oliva\git\examen-dp2-pedolirod\target\classes\WEB-INF\views\any\tool-kit\messages-en.i18n] with encoding 'utf-8' 
2022-06-03 17:03:10.066 DEBUG [acme.framework.configuration.ExtendedMessageSource@http-nio-8080-exec-3] Loading properties [C:\Users\oliva\git\examen-dp2-pedolirod\target\classes\WEB-INF\views\any\user-account\messsages-en.i18n] with encoding 'utf-8' 
2022-06-03 17:03:10.066 DEBUG [acme.framework.configuration.ExtendedMessageSource@http-nio-8080-exec-3] Loading properties [C:\Users\oliva\git\examen-dp2-pedolirod\target\classes\WEB-INF\views\authenticated\announcement\messages-en.i18n] with encoding 'utf-8' 
2022-06-03 17:03:10.067 DEBUG [acme.framework.configuration.ExtendedMessageSource@http-nio-8080-exec-3] Loading properties [C:\Users\oliva\git\examen-dp2-pedolirod\target\classes\WEB-INF\views\authenticated\consumer\messsages-en.i18n] with encoding 'utf-8' 
2022-06-03 17:03:10.068 DEBUG [acme.framework.configuration.ExtendedMessageSource@http-nio-8080-exec-3] Loading properties [C:\Users\oliva\git\examen-dp2-pedolirod\target\classes\WEB-INF\views\authenticated\inventor\messsages-en.i18n] with encoding 'utf-8' 
2022-06-03 17:03:10.068 DEBUG [acme.framework.configuration.ExtendedMessageSource@http-nio-8080-exec-3] Loading properties [C:\Users\oliva\git\examen-dp2-pedolirod\target\classes\WEB-INF\views\authenticated\patron\messsages-en.i18n] with encoding 'utf-8' 
2022-06-03 17:03:10.068 DEBUG [acme.framework.configuration.ExtendedMessageSource@http-nio-8080-exec-3] Loading properties [C:\Users\oliva\git\examen-dp2-pedolirod\target\classes\WEB-INF\views\authenticated\provider\messsages-en.i18n] with encoding 'utf-8' 
2022-06-03 17:03:10.069 DEBUG [acme.framework.configuration.ExtendedMessageSource@http-nio-8080-exec-3] Loading properties [C:\Users\oliva\git\examen-dp2-pedolirod\target\classes\WEB-INF\views\authenticated\system-setting\messsages-en.i18n] with encoding 'utf-8' 
2022-06-03 17:03:10.070 DEBUG [acme.framework.configuration.ExtendedMessageSource@http-nio-8080-exec-3] Loading properties [C:\Users\oliva\git\examen-dp2-pedolirod\target\classes\WEB-INF\views\authenticated\user-account\messages-en.i18n] with encoding 'utf-8' 
2022-06-03 17:03:10.071 DEBUG [acme.framework.configuration.ExtendedMessageSource@http-nio-8080-exec-3] Loading properties [C:\Users\oliva\git\examen-dp2-pedolirod\target\classes\WEB-INF\views\fragments\banner-en.i18n] with encoding 'utf-8' 
2022-06-03 17:03:10.072 DEBUG [acme.framework.configuration.ExtendedMessageSource@http-nio-8080-exec-3] Loading properties [C:\Users\oliva\git\examen-dp2-pedolirod\target\classes\WEB-INF\views\fragments\company-en.i18n] with encoding 'utf-8' 
2022-06-03 17:03:10.072 DEBUG [acme.framework.configuration.ExtendedMessageSource@http-nio-8080-exec-3] Loading properties [C:\Users\oliva\git\examen-dp2-pedolirod\target\classes\WEB-INF\views\fragments\footer-en.i18n] with encoding 'utf-8' 
2022-06-03 17:03:10.073 DEBUG [acme.framework.configuration.ExtendedMessageSource@http-nio-8080-exec-3] Loading properties [C:\Users\oliva\git\examen-dp2-pedolirod\target\classes\WEB-INF\views\fragments\license-en.i18n] with encoding 'utf-8' 
2022-06-03 17:03:10.073 DEBUG [acme.framework.configuration.ExtendedMessageSource@http-nio-8080-exec-3] Loading properties [C:\Users\oliva\git\examen-dp2-pedolirod\target\classes\WEB-INF\views\fragments\menu-en.i18n] with encoding 'utf-8' 
2022-06-03 17:03:10.073 DEBUG [acme.framework.configuration.ExtendedMessageSource@http-nio-8080-exec-3] Loading properties [C:\Users\oliva\git\examen-dp2-pedolirod\target\classes\WEB-INF\views\fragments\messsages-en.i18n] with encoding 'utf-8' 
2022-06-03 17:03:10.074 DEBUG [acme.framework.configuration.ExtendedMessageSource@http-nio-8080-exec-3] Loading properties [C:\Users\oliva\git\examen-dp2-pedolirod\target\classes\WEB-INF\views\fragments\title-en.i18n] with encoding 'utf-8' 
2022-06-03 17:03:10.074 DEBUG [acme.framework.configuration.ExtendedMessageSource@http-nio-8080-exec-3] Loading properties [C:\Users\oliva\git\examen-dp2-pedolirod\target\classes\WEB-INF\views\fragments\welcome-en.i18n] with encoding 'utf-8' 
2022-06-03 17:03:10.074 DEBUG [acme.framework.configuration.ExtendedMessageSource@http-nio-8080-exec-3] Loading properties [C:\Users\oliva\git\examen-dp2-pedolirod\target\classes\WEB-INF\views\inventor\artifact\messages-en.i18n] with encoding 'utf-8' 
2022-06-03 17:03:10.075 DEBUG [acme.framework.configuration.ExtendedMessageSource@http-nio-8080-exec-3] Loading properties [C:\Users\oliva\git\examen-dp2-pedolirod\target\classes\WEB-INF\views\inventor\hustle\messages-en.i18n] with encoding 'utf-8' 
2022-06-03 17:03:10.075 DEBUG [acme.framework.configuration.ExtendedMessageSource@http-nio-8080-exec-3] Loading properties [C:\Users\oliva\git\examen-dp2-pedolirod\target\classes\WEB-INF\views\inventor\part-of\messages-en.i18n] with encoding 'utf-8' 
2022-06-03 17:03:10.076 DEBUG [acme.framework.configuration.ExtendedMessageSource@http-nio-8080-exec-3] Loading properties [C:\Users\oliva\git\examen-dp2-pedolirod\target\classes\WEB-INF\views\inventor\patronage\messages-en.i18n] with encoding 'utf-8' 
2022-06-03 17:03:10.076 DEBUG [acme.framework.configuration.ExtendedMessageSource@http-nio-8080-exec-3] Loading properties [C:\Users\oliva\git\examen-dp2-pedolirod\target\classes\WEB-INF\views\inventor\patronage-report\messages-en.i18n] with encoding 'utf-8' 
2022-06-03 17:03:10.077 DEBUG [acme.framework.configuration.ExtendedMessageSource@http-nio-8080-exec-3] Loading properties [C:\Users\oliva\git\examen-dp2-pedolirod\target\classes\WEB-INF\views\inventor\tool-kit\messages-en.i18n] with encoding 'utf-8' 
2022-06-03 17:03:10.077 DEBUG [acme.framework.configuration.ExtendedMessageSource@http-nio-8080-exec-3] Loading properties [C:\Users\oliva\git\examen-dp2-pedolirod\target\classes\WEB-INF\views\master\defaults-en.i18n] with encoding 'utf-8' 
2022-06-03 17:03:10.078 DEBUG [acme.framework.configuration.ExtendedMessageSource@http-nio-8080-exec-3] Loading properties [C:\Users\oliva\git\examen-dp2-pedolirod\target\classes\WEB-INF\views\master\master-en.i18n] with encoding 'utf-8' 
2022-06-03 17:03:10.078 DEBUG [acme.framework.configuration.ExtendedMessageSource@http-nio-8080-exec-3] Loading properties [C:\Users\oliva\git\examen-dp2-pedolirod\target\classes\WEB-INF\views\master\throwables-en.i18n] with encoding 'utf-8' 
2022-06-03 17:03:10.079 DEBUG [acme.framework.configuration.ExtendedMessageSource@http-nio-8080-exec-3] Loading properties [C:\Users\oliva\git\examen-dp2-pedolirod\target\classes\WEB-INF\views\master\validation-en.i18n] with encoding 'utf-8' 
2022-06-03 17:03:10.079 DEBUG [acme.framework.configuration.ExtendedMessageSource@http-nio-8080-exec-3] Loading properties [C:\Users\oliva\git\examen-dp2-pedolirod\target\classes\WEB-INF\views\patron\patron-dashboard\messages-en.i18n] with encoding 'utf-8' 
2022-06-03 17:03:10.080 DEBUG [acme.framework.configuration.ExtendedMessageSource@http-nio-8080-exec-3] Loading properties [C:\Users\oliva\git\examen-dp2-pedolirod\target\classes\WEB-INF\views\patron\patronage\messages-en.i18n] with encoding 'utf-8' 
2022-06-03 17:03:10.093 DEBUG [acme.framework.configuration.ExtendedMessageSource@http-nio-8080-exec-3] Loading properties [C:\Users\oliva\git\examen-dp2-pedolirod\target\classes\WEB-INF\views\administrator\admin-dashboard\messages-es.i18n] with encoding 'utf-8' 
2022-06-03 17:03:10.093 DEBUG [acme.framework.configuration.ExtendedMessageSource@http-nio-8080-exec-3] Loading properties [C:\Users\oliva\git\examen-dp2-pedolirod\target\classes\WEB-INF\views\administrator\announcement\messages-es.i18n] with encoding 'utf-8' 
2022-06-03 17:03:10.094 DEBUG [acme.framework.configuration.ExtendedMessageSource@http-nio-8080-exec-3] Loading properties [C:\Users\oliva\git\examen-dp2-pedolirod\target\classes\WEB-INF\views\administrator\system-setting\messsages-es.i18n] with encoding 'utf-8' 
2022-06-03 17:03:10.094 DEBUG [acme.framework.configuration.ExtendedMessageSource@http-nio-8080-exec-3] Loading properties [C:\Users\oliva\git\examen-dp2-pedolirod\target\classes\WEB-INF\views\administrator\user-account\messages-es.i18n] with encoding 'utf-8' 
2022-06-03 17:03:10.095 DEBUG [acme.framework.configuration.ExtendedMessageSource@http-nio-8080-exec-3] Loading properties [C:\Users\oliva\git\examen-dp2-pedolirod\target\classes\WEB-INF\views\anonymous\user-account\messages-es.i18n] with encoding 'utf-8' 
2022-06-03 17:03:10.095 DEBUG [acme.framework.configuration.ExtendedMessageSource@http-nio-8080-exec-3] Loading properties [C:\Users\oliva\git\examen-dp2-pedolirod\target\classes\WEB-INF\views\any\artifact\messages-es.i18n] with encoding 'utf-8' 
2022-06-03 17:03:10.095 DEBUG [acme.framework.configuration.ExtendedMessageSource@http-nio-8080-exec-3] Loading properties [C:\Users\oliva\git\examen-dp2-pedolirod\target\classes\WEB-INF\views\any\chirp\messages-es.i18n] with encoding 'utf-8' 
2022-06-03 17:03:10.096 DEBUG [acme.framework.configuration.ExtendedMessageSource@http-nio-8080-exec-3] Loading properties [C:\Users\oliva\git\examen-dp2-pedolirod\target\classes\WEB-INF\views\any\part-of\messages-es.i18n] with encoding 'utf-8' 
2022-06-03 17:03:10.096 DEBUG [acme.framework.configuration.ExtendedMessageSource@http-nio-8080-exec-3] Loading properties [C:\Users\oliva\git\examen-dp2-pedolirod\target\classes\WEB-INF\views\any\tool-kit\messages-es.i18n] with encoding 'utf-8' 
2022-06-03 17:03:10.096 DEBUG [acme.framework.configuration.ExtendedMessageSource@http-nio-8080-exec-3] Loading properties [C:\Users\oliva\git\examen-dp2-pedolirod\target\classes\WEB-INF\views\any\user-account\messsages-es.i18n] with encoding 'utf-8' 
2022-06-03 17:03:10.097 DEBUG [acme.framework.configuration.ExtendedMessageSource@http-nio-8080-exec-3] Loading properties [C:\Users\oliva\git\examen-dp2-pedolirod\target\classes\WEB-INF\views\authenticated\announcement\messages-es.i18n] with encoding 'utf-8' 
2022-06-03 17:03:10.098 DEBUG [acme.framework.configuration.ExtendedMessageSource@http-nio-8080-exec-3] Loading properties [C:\Users\oliva\git\examen-dp2-pedolirod\target\classes\WEB-INF\views\authenticated\consumer\messsages-es.i18n] with encoding 'utf-8' 
2022-06-03 17:03:10.098 DEBUG [acme.framework.configuration.ExtendedMessageSource@http-nio-8080-exec-3] Loading properties [C:\Users\oliva\git\examen-dp2-pedolirod\target\classes\WEB-INF\views\authenticated\inventor\messsages-es.i18n] with encoding 'utf-8' 
2022-06-03 17:03:10.099 DEBUG [acme.framework.configuration.ExtendedMessageSource@http-nio-8080-exec-3] Loading properties [C:\Users\oliva\git\examen-dp2-pedolirod\target\classes\WEB-INF\views\authenticated\patron\messsages-es.i18n] with encoding 'utf-8' 
2022-06-03 17:03:10.099 DEBUG [acme.framework.configuration.ExtendedMessageSource@http-nio-8080-exec-3] Loading properties [C:\Users\oliva\git\examen-dp2-pedolirod\target\classes\WEB-INF\views\authenticated\provider\messsages-es.i18n] with encoding 'utf-8' 
2022-06-03 17:03:10.099 DEBUG [acme.framework.configuration.ExtendedMessageSource@http-nio-8080-exec-3] Loading properties [C:\Users\oliva\git\examen-dp2-pedolirod\target\classes\WEB-INF\views\authenticated\system-setting\messsages-es.i18n] with encoding 'utf-8' 
2022-06-03 17:03:10.100 DEBUG [acme.framework.configuration.ExtendedMessageSource@http-nio-8080-exec-3] Loading properties [C:\Users\oliva\git\examen-dp2-pedolirod\target\classes\WEB-INF\views\authenticated\user-account\messages-es.i18n] with encoding 'utf-8' 
2022-06-03 17:03:10.100 DEBUG [acme.framework.configuration.ExtendedMessageSource@http-nio-8080-exec-3] Loading properties [C:\Users\oliva\git\examen-dp2-pedolirod\target\classes\WEB-INF\views\fragments\banner-es.i18n] with encoding 'utf-8' 
2022-06-03 17:03:10.100 DEBUG [acme.framework.configuration.ExtendedMessageSource@http-nio-8080-exec-3] Loading properties [C:\Users\oliva\git\examen-dp2-pedolirod\target\classes\WEB-INF\views\fragments\company-es.i18n] with encoding 'utf-8' 
2022-06-03 17:03:10.101 DEBUG [acme.framework.configuration.ExtendedMessageSource@http-nio-8080-exec-3] Loading properties [C:\Users\oliva\git\examen-dp2-pedolirod\target\classes\WEB-INF\views\fragments\footer-es.i18n] with encoding 'utf-8' 
2022-06-03 17:03:10.101 DEBUG [acme.framework.configuration.ExtendedMessageSource@http-nio-8080-exec-3] Loading properties [C:\Users\oliva\git\examen-dp2-pedolirod\target\classes\WEB-INF\views\fragments\license-es.i18n] with encoding 'utf-8' 
2022-06-03 17:03:10.101 DEBUG [acme.framework.configuration.ExtendedMessageSource@http-nio-8080-exec-3] Loading properties [C:\Users\oliva\git\examen-dp2-pedolirod\target\classes\WEB-INF\views\fragments\menu-es.i18n] with encoding 'utf-8' 
2022-06-03 17:03:10.102 DEBUG [acme.framework.configuration.ExtendedMessageSource@http-nio-8080-exec-3] Loading properties [C:\Users\oliva\git\examen-dp2-pedolirod\target\classes\WEB-INF\views\fragments\messsages-es.i18n] with encoding 'utf-8' 
2022-06-03 17:03:10.103 DEBUG [acme.framework.configuration.ExtendedMessageSource@http-nio-8080-exec-3] Loading properties [C:\Users\oliva\git\examen-dp2-pedolirod\target\classes\WEB-INF\views\fragments\title-es.i18n] with encoding 'utf-8' 
2022-06-03 17:03:10.103 DEBUG [acme.framework.configuration.ExtendedMessageSource@http-nio-8080-exec-3] Loading properties [C:\Users\oliva\git\examen-dp2-pedolirod\target\classes\WEB-INF\views\fragments\welcome-es.i18n] with encoding 'utf-8' 
2022-06-03 17:03:10.104 DEBUG [acme.framework.configuration.ExtendedMessageSource@http-nio-8080-exec-3] Loading properties [C:\Users\oliva\git\examen-dp2-pedolirod\target\classes\WEB-INF\views\inventor\artifact\messages-es.i18n] with encoding 'utf-8' 
2022-06-03 17:03:10.105 DEBUG [acme.framework.configuration.ExtendedMessageSource@http-nio-8080-exec-3] Loading properties [C:\Users\oliva\git\examen-dp2-pedolirod\target\classes\WEB-INF\views\inventor\hustle\messages-es.i18n] with encoding 'utf-8' 
2022-06-03 17:03:10.106 DEBUG [acme.framework.configuration.ExtendedMessageSource@http-nio-8080-exec-3] Loading properties [C:\Users\oliva\git\examen-dp2-pedolirod\target\classes\WEB-INF\views\inventor\part-of\messages-es.i18n] with encoding 'utf-8' 
2022-06-03 17:03:10.107 DEBUG [acme.framework.configuration.ExtendedMessageSource@http-nio-8080-exec-3] Loading properties [C:\Users\oliva\git\examen-dp2-pedolirod\target\classes\WEB-INF\views\inventor\patronage\messages-es.i18n] with encoding 'utf-8' 
2022-06-03 17:03:10.108 DEBUG [acme.framework.configuration.ExtendedMessageSource@http-nio-8080-exec-3] Loading properties [C:\Users\oliva\git\examen-dp2-pedolirod\target\classes\WEB-INF\views\inventor\patronage-report\messages-es.i18n] with encoding 'utf-8' 
2022-06-03 17:03:10.108 DEBUG [acme.framework.configuration.ExtendedMessageSource@http-nio-8080-exec-3] Loading properties [C:\Users\oliva\git\examen-dp2-pedolirod\target\classes\WEB-INF\views\inventor\tool-kit\messages-es.i18n] with encoding 'utf-8' 
2022-06-03 17:03:10.108 DEBUG [acme.framework.configuration.ExtendedMessageSource@http-nio-8080-exec-3] Loading properties [C:\Users\oliva\git\examen-dp2-pedolirod\target\classes\WEB-INF\views\master\defaults-es.i18n] with encoding 'utf-8' 
2022-06-03 17:03:10.109 DEBUG [acme.framework.configuration.ExtendedMessageSource@http-nio-8080-exec-3] Loading properties [C:\Users\oliva\git\examen-dp2-pedolirod\target\classes\WEB-INF\views\master\master-es.i18n] with encoding 'utf-8' 
2022-06-03 17:03:10.109 DEBUG [acme.framework.configuration.ExtendedMessageSource@http-nio-8080-exec-3] Loading properties [C:\Users\oliva\git\examen-dp2-pedolirod\target\classes\WEB-INF\views\master\throwables-es.i18n] with encoding 'utf-8' 
2022-06-03 17:03:10.110 DEBUG [acme.framework.configuration.ExtendedMessageSource@http-nio-8080-exec-3] Loading properties [C:\Users\oliva\git\examen-dp2-pedolirod\target\classes\WEB-INF\views\master\validation-es.i18n] with encoding 'utf-8' 
2022-06-03 17:03:10.110 DEBUG [acme.framework.configuration.ExtendedMessageSource@http-nio-8080-exec-3] Loading properties [C:\Users\oliva\git\examen-dp2-pedolirod\target\classes\WEB-INF\views\patron\patron-dashboard\messages-es.i18n] with encoding 'utf-8' 
2022-06-03 17:03:10.110 DEBUG [acme.framework.configuration.ExtendedMessageSource@http-nio-8080-exec-3] Loading properties [C:\Users\oliva\git\examen-dp2-pedolirod\target\classes\WEB-INF\views\patron\patronage\messages-es.i18n] with encoding 'utf-8' 
2022-06-03 17:03:10.268 DEBUG [org.apache.jasper.servlet.JspServlet@http-nio-8080-exec-3] JspEngine --> /WEB-INF/views/fragments/welcome.jsp 
2022-06-03 17:03:10.268 DEBUG [org.apache.jasper.servlet.JspServlet@http-nio-8080-exec-3] ServletPath: /WEB-INF/views/master/page.jsp 
2022-06-03 17:03:10.269 DEBUG [org.apache.jasper.servlet.JspServlet@http-nio-8080-exec-3] PathInfo: null 
2022-06-03 17:03:10.271 DEBUG [org.apache.jasper.servlet.JspServlet@http-nio-8080-exec-3] RealPath: C:\Users\oliva\git\examen-dp2-pedolirod\target\classes\WEB-INF\views\fragments\welcome.jsp 
2022-06-03 17:03:10.271 DEBUG [org.apache.jasper.servlet.JspServlet@http-nio-8080-exec-3] RequestURI: /acme-toolkit-22.1/WEB-INF/views/master/page.jsp 
2022-06-03 17:03:10.272 DEBUG [org.apache.jasper.servlet.JspServlet@http-nio-8080-exec-3] QueryString: null 
2022-06-03 17:03:10.487 DEBUG [org.hibernate.SQL@http-nio-8080-exec-3] select useraccoun0_.id as id1_0_, useraccoun0_.version as version2_0_, useraccoun0_.enabled as enabled1_18_, useraccoun0_.identity as identity2_18_, useraccoun0_.password as password3_18_, useraccoun0_.username as username4_18_ from user_account useraccoun0_ where useraccoun0_.username=? 
2022-06-03 17:03:10.511 TRACE [org.hibernate.type.descriptor.sql.BasicBinder@http-nio-8080-exec-3] binding parameter [1] as [VARCHAR] - [anonymous] 
2022-06-03 17:03:10.556 DEBUG [org.hibernate.SQL@http-nio-8080-exec-3] select roles0_.user_account_id as user_acc1_19_0_, roles0_.id as id1_19_0_, roles0_.id as id1_0_1_, roles0_.version as version2_0_1_, roles0_.user_account_id as user_acc1_19_1_, roles0_.company as company1_8_1_, roles0_.sector as sector2_8_1_, roles0_.company as company1_10_1_, roles0_.link as link2_10_1_, roles0_.statement as statemen3_10_1_, roles0_.company as company1_12_1_, roles0_.link as link2_12_1_, roles0_.statement as statemen3_12_1_, roles0_.company as company1_15_1_, roles0_.sector as sector2_15_1_, roles0_.clazz_ as clazz_1_ from ( select id, version, user_account_id, company, sector, null as link, null as statement, 10 as clazz_ from consumer union all select id, version, user_account_id, company, null as sector, link, statement, 11 as clazz_ from inventor union all select id, version, user_account_id, company, null as sector, link, statement, 12 as clazz_ from patron union all select id, version, user_account_id, company, sector, null as link, null as statement, 13 as clazz_ from provider union all select id, version, user_account_id, null as company, null as sector, null as link, null as statement, 16 as clazz_ from administrator union all select id, version, user_account_id, null as company, null as sector, null as link, null as statement, 17 as clazz_ from anonymous union all select id, version, user_account_id, null as company, null as sector, null as link, null as statement, 18 as clazz_ from any union all select id, version, user_account_id, null as company, null as sector, null as link, null as statement, 19 as clazz_ from authenticated ) roles0_ where roles0_.user_account_id=? 
2022-06-03 17:03:10.557 TRACE [org.hibernate.type.descriptor.sql.BasicBinder@http-nio-8080-exec-3] binding parameter [1] as [INTEGER] - [1] 
2022-06-03 17:03:38.126 DEBUG [acme.framework.components.tiles.DynamicTilesView@http-nio-8080-exec-9] View name 'master/sign-in', model {username=, password=, remember=false} 
2022-06-03 17:03:38.127 DEBUG [org.apache.jasper.servlet.JspServlet@http-nio-8080-exec-9] JspEngine --> /WEB-INF/views/master/page.jsp 
2022-06-03 17:03:38.127 DEBUG [org.apache.jasper.servlet.JspServlet@http-nio-8080-exec-9] ServletPath: /WEB-INF/views/master/page.jsp 
2022-06-03 17:03:38.127 DEBUG [org.apache.jasper.servlet.JspServlet@http-nio-8080-exec-9] PathInfo: null 
2022-06-03 17:03:38.128 DEBUG [org.apache.jasper.servlet.JspServlet@http-nio-8080-exec-9] RealPath: C:\Users\oliva\git\examen-dp2-pedolirod\target\classes\WEB-INF\views\master\page.jsp 
2022-06-03 17:03:38.129 DEBUG [org.apache.jasper.servlet.JspServlet@http-nio-8080-exec-9] RequestURI: /acme-toolkit-22.1/WEB-INF/views/master/page.jsp 
2022-06-03 17:03:38.129 DEBUG [org.apache.jasper.servlet.JspServlet@http-nio-8080-exec-9] QueryString: null 
2022-06-03 17:03:38.212 DEBUG [org.apache.jasper.servlet.JspServlet@http-nio-8080-exec-9] JspEngine --> /WEB-INF/views/master/sign-in.jsp 
2022-06-03 17:03:38.212 DEBUG [org.apache.jasper.servlet.JspServlet@http-nio-8080-exec-9] ServletPath: /WEB-INF/views/master/page.jsp 
2022-06-03 17:03:38.212 DEBUG [org.apache.jasper.servlet.JspServlet@http-nio-8080-exec-9] PathInfo: null 
2022-06-03 17:03:38.213 DEBUG [org.apache.jasper.servlet.JspServlet@http-nio-8080-exec-9] RealPath: C:\Users\oliva\git\examen-dp2-pedolirod\target\classes\WEB-INF\views\master\sign-in.jsp 
2022-06-03 17:03:38.213 DEBUG [org.apache.jasper.servlet.JspServlet@http-nio-8080-exec-9] RequestURI: /acme-toolkit-22.1/WEB-INF/views/master/page.jsp 
2022-06-03 17:03:38.213 DEBUG [org.apache.jasper.servlet.JspServlet@http-nio-8080-exec-9] QueryString: null 
2022-06-03 17:03:39.545 DEBUG [org.hibernate.SQL@http-nio-8080-exec-9] select useraccoun0_.id as id1_0_, useraccoun0_.version as version2_0_, useraccoun0_.enabled as enabled1_18_, useraccoun0_.identity as identity2_18_, useraccoun0_.password as password3_18_, useraccoun0_.username as username4_18_ from user_account useraccoun0_ where useraccoun0_.username=? 
2022-06-03 17:03:39.546 TRACE [org.hibernate.type.descriptor.sql.BasicBinder@http-nio-8080-exec-9] binding parameter [1] as [VARCHAR] - [anonymous] 
2022-06-03 17:03:39.548 DEBUG [org.hibernate.SQL@http-nio-8080-exec-9] select roles0_.user_account_id as user_acc1_19_0_, roles0_.id as id1_19_0_, roles0_.id as id1_0_1_, roles0_.version as version2_0_1_, roles0_.user_account_id as user_acc1_19_1_, roles0_.company as company1_8_1_, roles0_.sector as sector2_8_1_, roles0_.company as company1_10_1_, roles0_.link as link2_10_1_, roles0_.statement as statemen3_10_1_, roles0_.company as company1_12_1_, roles0_.link as link2_12_1_, roles0_.statement as statemen3_12_1_, roles0_.company as company1_15_1_, roles0_.sector as sector2_15_1_, roles0_.clazz_ as clazz_1_ from ( select id, version, user_account_id, company, sector, null as link, null as statement, 10 as clazz_ from consumer union all select id, version, user_account_id, company, null as sector, link, statement, 11 as clazz_ from inventor union all select id, version, user_account_id, company, null as sector, link, statement, 12 as clazz_ from patron union all select id, version, user_account_id, company, sector, null as link, null as statement, 13 as clazz_ from provider union all select id, version, user_account_id, null as company, null as sector, null as link, null as statement, 16 as clazz_ from administrator union all select id, version, user_account_id, null as company, null as sector, null as link, null as statement, 17 as clazz_ from anonymous union all select id, version, user_account_id, null as company, null as sector, null as link, null as statement, 18 as clazz_ from any union all select id, version, user_account_id, null as company, null as sector, null as link, null as statement, 19 as clazz_ from authenticated ) roles0_ where roles0_.user_account_id=? 
2022-06-03 17:03:39.549 TRACE [org.hibernate.type.descriptor.sql.BasicBinder@http-nio-8080-exec-9] binding parameter [1] as [INTEGER] - [1] 
2022-06-03 17:03:45.736 DEBUG [org.hibernate.SQL@http-nio-8080-exec-10] select useraccoun0_.id as id1_0_, useraccoun0_.version as version2_0_, useraccoun0_.enabled as enabled1_18_, useraccoun0_.identity as identity2_18_, useraccoun0_.password as password3_18_, useraccoun0_.username as username4_18_ from user_account useraccoun0_ where useraccoun0_.username=? 
2022-06-03 17:03:45.737 TRACE [org.hibernate.type.descriptor.sql.BasicBinder@http-nio-8080-exec-10] binding parameter [1] as [VARCHAR] - [inventor1] 
2022-06-03 17:03:45.738 DEBUG [org.hibernate.SQL@http-nio-8080-exec-10] select roles0_.user_account_id as user_acc1_19_0_, roles0_.id as id1_19_0_, roles0_.id as id1_0_1_, roles0_.version as version2_0_1_, roles0_.user_account_id as user_acc1_19_1_, roles0_.company as company1_8_1_, roles0_.sector as sector2_8_1_, roles0_.company as company1_10_1_, roles0_.link as link2_10_1_, roles0_.statement as statemen3_10_1_, roles0_.company as company1_12_1_, roles0_.link as link2_12_1_, roles0_.statement as statemen3_12_1_, roles0_.company as company1_15_1_, roles0_.sector as sector2_15_1_, roles0_.clazz_ as clazz_1_ from ( select id, version, user_account_id, company, sector, null as link, null as statement, 10 as clazz_ from consumer union all select id, version, user_account_id, company, null as sector, link, statement, 11 as clazz_ from inventor union all select id, version, user_account_id, company, null as sector, link, statement, 12 as clazz_ from patron union all select id, version, user_account_id, company, sector, null as link, null as statement, 13 as clazz_ from provider union all select id, version, user_account_id, null as company, null as sector, null as link, null as statement, 16 as clazz_ from administrator union all select id, version, user_account_id, null as company, null as sector, null as link, null as statement, 17 as clazz_ from anonymous union all select id, version, user_account_id, null as company, null as sector, null as link, null as statement, 18 as clazz_ from any union all select id, version, user_account_id, null as company, null as sector, null as link, null as statement, 19 as clazz_ from authenticated ) roles0_ where roles0_.user_account_id=? 
2022-06-03 17:03:45.739 TRACE [org.hibernate.type.descriptor.sql.BasicBinder@http-nio-8080-exec-10] binding parameter [1] as [INTEGER] - [6] 
2022-06-03 17:03:45.751 DEBUG [acme.framework.components.tiles.DynamicTilesView@http-nio-8080-exec-8] View name 'fragments/welcome', model {} 
2022-06-03 17:03:45.752 DEBUG [org.apache.jasper.servlet.JspServlet@http-nio-8080-exec-8] JspEngine --> /WEB-INF/views/master/page.jsp 
2022-06-03 17:03:45.752 DEBUG [org.apache.jasper.servlet.JspServlet@http-nio-8080-exec-8] ServletPath: /WEB-INF/views/master/page.jsp 
2022-06-03 17:03:45.753 DEBUG [org.apache.jasper.servlet.JspServlet@http-nio-8080-exec-8] PathInfo: null 
2022-06-03 17:03:45.754 DEBUG [org.apache.jasper.servlet.JspServlet@http-nio-8080-exec-8] RealPath: C:\Users\oliva\git\examen-dp2-pedolirod\target\classes\WEB-INF\views\master\page.jsp 
2022-06-03 17:03:45.754 DEBUG [org.apache.jasper.servlet.JspServlet@http-nio-8080-exec-8] RequestURI: /acme-toolkit-22.1/WEB-INF/views/master/page.jsp 
2022-06-03 17:03:45.754 DEBUG [org.apache.jasper.servlet.JspServlet@http-nio-8080-exec-8] QueryString: null 
2022-06-03 17:03:45.847 DEBUG [org.apache.jasper.servlet.JspServlet@http-nio-8080-exec-8] JspEngine --> /WEB-INF/views/fragments/welcome.jsp 
2022-06-03 17:03:45.848 DEBUG [org.apache.jasper.servlet.JspServlet@http-nio-8080-exec-8] ServletPath: /WEB-INF/views/master/page.jsp 
2022-06-03 17:03:45.848 DEBUG [org.apache.jasper.servlet.JspServlet@http-nio-8080-exec-8] PathInfo: null 
2022-06-03 17:03:45.849 DEBUG [org.apache.jasper.servlet.JspServlet@http-nio-8080-exec-8] RealPath: C:\Users\oliva\git\examen-dp2-pedolirod\target\classes\WEB-INF\views\fragments\welcome.jsp 
2022-06-03 17:03:45.849 DEBUG [org.apache.jasper.servlet.JspServlet@http-nio-8080-exec-8] RequestURI: /acme-toolkit-22.1/WEB-INF/views/master/page.jsp 
2022-06-03 17:03:45.849 DEBUG [org.apache.jasper.servlet.JspServlet@http-nio-8080-exec-8] QueryString: null 
2022-06-03 17:03:50.795 DEBUG [acme.framework.controllers.AbstractController@http-nio-8080-exec-2] DISPATCHING GET /acme-toolkit-22.1/inventor/hustle/list 
2022-06-03 17:03:50.795 DEBUG [acme.framework.controllers.AbstractController@http-nio-8080-exec-2] Command: list 
2022-06-03 17:03:50.795 DEBUG [acme.framework.controllers.AbstractController@http-nio-8080-exec-2] Model:   {} 
2022-06-03 17:03:50.795 DEBUG [acme.framework.controllers.AbstractController@http-nio-8080-exec-2] Locale:  es 
2022-06-03 17:03:50.795 DEBUG [acme.framework.controllers.AbstractController@http-nio-8080-exec-2] Starting transaction 4ec1fa0b-b153-4183-bb49-c70717a901e4 
2022-06-03 17:03:50.803 DEBUG [org.hibernate.SQL@http-nio-8080-exec-2] select hustle0_.id as id1_0_, hustle0_.version as version2_0_, hustle0_.code as code1_9_, hustle0_.component_id as componen9_9_, hustle0_.creation_moment as creation2_9_, hustle0_.further_info as further_3_9_, hustle0_.period as period4_9_, hustle0_.share_amount as share_am5_9_, hustle0_.share_currency as share_cu6_9_, hustle0_.summary as summary7_9_, hustle0_.theme as theme8_9_ from hustle hustle0_ 
2022-06-03 17:03:50.806 DEBUG [org.hibernate.SQL@http-nio-8080-exec-2] select artifact0_.id as id1_0_0_, artifact0_.version as version2_0_0_, artifact0_.code as code1_5_0_, artifact0_.description as descript2_5_0_, artifact0_.inventor_id as invento10_5_0_, artifact0_.is_publish as is_publi3_5_0_, artifact0_.link as link4_5_0_, artifact0_.name as name5_5_0_, artifact0_.retail_price_amount as retail_p6_5_0_, artifact0_.retail_price_currency as retail_p7_5_0_, artifact0_.technology as technolo8_5_0_, artifact0_.type as type9_5_0_, inventor1_.id as id1_0_1_, inventor1_.version as version2_0_1_, inventor1_.user_account_id as user_acc1_19_1_, inventor1_.company as company1_10_1_, inventor1_.link as link2_10_1_, inventor1_.statement as statemen3_10_1_, useraccoun2_.id as id1_0_2_, useraccoun2_.version as version2_0_2_, useraccoun2_.enabled as enabled1_18_2_, useraccoun2_.identity as identity2_18_2_, useraccoun2_.password as password3_18_2_, useraccoun2_.username as username4_18_2_ from artifact artifact0_ inner join inventor inventor1_ on artifact0_.inventor_id=inventor1_.id inner join user_account useraccoun2_ on inventor1_.user_account_id=useraccoun2_.id where artifact0_.id=? 
2022-06-03 17:03:50.806 TRACE [org.hibernate.type.descriptor.sql.BasicBinder@http-nio-8080-exec-2] binding parameter [1] as [INTEGER] - [28] 
2022-06-03 17:03:50.826 DEBUG [acme.framework.controllers.AbstractController@http-nio-8080-exec-2] Committing transaction 4ec1fa0b-b153-4183-bb49-c70717a901e4 
2022-06-03 17:03:50.827 DEBUG [acme.framework.controllers.AbstractController@http-nio-8080-exec-2] Starting transaction ee478e85-f723-4633-b441-56854739dc98 
2022-06-03 17:03:50.828 DEBUG [acme.framework.controllers.AbstractController@http-nio-8080-exec-2] Committing transaction ee478e85-f723-4633-b441-56854739dc98 
2022-06-03 17:03:50.828 DEBUG [acme.framework.controllers.AbstractController@http-nio-8080-exec-2] SERVING GET /acme-toolkit-22.1/inventor/hustle/list 
2022-06-03 17:03:50.828 DEBUG [acme.framework.controllers.AbstractController@http-nio-8080-exec-2] Result: ModelAndView [view="inventor/hustle/list"; model={summary[0]=esto es un test, theme[0]=Test, code[0]=AAA-000-A, version[0]=0, id[0]=29, list$size=1, command=list, principal=acme.framework.entities.Principal@18ccdc6a}] 
2022-06-03 17:03:50.831 DEBUG [acme.framework.components.tiles.DynamicTilesView@http-nio-8080-exec-2] View name 'inventor/hustle/list', model {summary[0]=esto es un test, theme[0]=Test, code[0]=AAA-000-A, version[0]=0, id[0]=29, list$size=1, command=list, principal=acme.framework.entities.Principal@18ccdc6a, org.springframework.validation.BindingResult.principal=org.springframework.validation.BeanPropertyBindingResult: 0 errors} 
2022-06-03 17:03:50.832 DEBUG [org.apache.jasper.servlet.JspServlet@http-nio-8080-exec-2] JspEngine --> /WEB-INF/views/master/page.jsp 
2022-06-03 17:03:50.832 DEBUG [org.apache.jasper.servlet.JspServlet@http-nio-8080-exec-2] ServletPath: /WEB-INF/views/master/page.jsp 
2022-06-03 17:03:50.832 DEBUG [org.apache.jasper.servlet.JspServlet@http-nio-8080-exec-2] PathInfo: null 
2022-06-03 17:03:50.833 DEBUG [org.apache.jasper.servlet.JspServlet@http-nio-8080-exec-2] RealPath: C:\Users\oliva\git\examen-dp2-pedolirod\target\classes\WEB-INF\views\master\page.jsp 
2022-06-03 17:03:50.833 DEBUG [org.apache.jasper.servlet.JspServlet@http-nio-8080-exec-2] RequestURI: /acme-toolkit-22.1/WEB-INF/views/master/page.jsp 
2022-06-03 17:03:50.833 DEBUG [org.apache.jasper.servlet.JspServlet@http-nio-8080-exec-2] QueryString: null 
2022-06-03 17:03:50.915 DEBUG [org.apache.jasper.servlet.JspServlet@http-nio-8080-exec-2] JspEngine --> /WEB-INF/views/inventor/hustle/list.jsp 
2022-06-03 17:03:50.915 DEBUG [org.apache.jasper.servlet.JspServlet@http-nio-8080-exec-2] ServletPath: /WEB-INF/views/master/page.jsp 
2022-06-03 17:03:50.915 DEBUG [org.apache.jasper.servlet.JspServlet@http-nio-8080-exec-2] PathInfo: null 
2022-06-03 17:03:50.916 DEBUG [org.apache.jasper.servlet.JspServlet@http-nio-8080-exec-2] RealPath: C:\Users\oliva\git\examen-dp2-pedolirod\target\classes\WEB-INF\views\inventor\hustle\list.jsp 
2022-06-03 17:03:50.916 DEBUG [org.apache.jasper.servlet.JspServlet@http-nio-8080-exec-2] RequestURI: /acme-toolkit-22.1/WEB-INF/views/master/page.jsp 
2022-06-03 17:03:50.917 DEBUG [org.apache.jasper.servlet.JspServlet@http-nio-8080-exec-2] QueryString: null 
2022-06-03 17:03:52.963 DEBUG [acme.framework.controllers.AbstractController@http-nio-8080-exec-1] DISPATCHING GET /acme-toolkit-22.1/inventor/hustle/create 
2022-06-03 17:03:52.963 DEBUG [acme.framework.controllers.AbstractController@http-nio-8080-exec-1] Command: create 
2022-06-03 17:03:52.963 DEBUG [acme.framework.controllers.AbstractController@http-nio-8080-exec-1] Model:   {} 
2022-06-03 17:03:52.964 DEBUG [acme.framework.controllers.AbstractController@http-nio-8080-exec-1] Locale:  es 
2022-06-03 17:03:52.964 DEBUG [acme.framework.controllers.AbstractController@http-nio-8080-exec-1] Starting transaction 1527c015-77cc-4991-8b73-dae23bd7a965 
2022-06-03 17:03:52.966 DEBUG [org.hibernate.SQL@http-nio-8080-exec-1] select artifact0_.id as id1_0_, artifact0_.version as version2_0_, artifact0_.code as code1_5_, artifact0_.description as descript2_5_, artifact0_.inventor_id as invento10_5_, artifact0_.is_publish as is_publi3_5_, artifact0_.link as link4_5_, artifact0_.name as name5_5_, artifact0_.retail_price_amount as retail_p6_5_, artifact0_.retail_price_currency as retail_p7_5_, artifact0_.technology as technolo8_5_, artifact0_.type as type9_5_ from artifact artifact0_ left outer join hustle hustle1_ on (hustle1_.component_id=artifact0_.id) where (hustle1_.id is null) and artifact0_.type=? 
2022-06-03 17:03:52.967 TRACE [org.hibernate.type.descriptor.sql.BasicBinder@http-nio-8080-exec-1] binding parameter [1] as [INTEGER] - [0] 
2022-06-03 17:03:52.969 DEBUG [org.hibernate.SQL@http-nio-8080-exec-1] select inventor0_.id as id1_0_0_, inventor0_.version as version2_0_0_, inventor0_.user_account_id as user_acc1_19_0_, inventor0_.company as company1_10_0_, inventor0_.link as link2_10_0_, inventor0_.statement as statemen3_10_0_, useraccoun1_.id as id1_0_1_, useraccoun1_.version as version2_0_1_, useraccoun1_.enabled as enabled1_18_1_, useraccoun1_.identity as identity2_18_1_, useraccoun1_.password as password3_18_1_, useraccoun1_.username as username4_18_1_ from inventor inventor0_ inner join user_account useraccoun1_ on inventor0_.user_account_id=useraccoun1_.id where inventor0_.id=? 
2022-06-03 17:03:52.970 TRACE [org.hibernate.type.descriptor.sql.BasicBinder@http-nio-8080-exec-1] binding parameter [1] as [INTEGER] - [14] 
2022-06-03 17:03:52.973 DEBUG [org.hibernate.SQL@http-nio-8080-exec-1] select inventor0_.id as id1_0_0_, inventor0_.version as version2_0_0_, inventor0_.user_account_id as user_acc1_19_0_, inventor0_.company as company1_10_0_, inventor0_.link as link2_10_0_, inventor0_.statement as statemen3_10_0_, useraccoun1_.id as id1_0_1_, useraccoun1_.version as version2_0_1_, useraccoun1_.enabled as enabled1_18_1_, useraccoun1_.identity as identity2_18_1_, useraccoun1_.password as password3_18_1_, useraccoun1_.username as username4_18_1_ from inventor inventor0_ inner join user_account useraccoun1_ on inventor0_.user_account_id=useraccoun1_.id where inventor0_.id=? 
2022-06-03 17:03:52.973 TRACE [org.hibernate.type.descriptor.sql.BasicBinder@http-nio-8080-exec-1] binding parameter [1] as [INTEGER] - [13] 
2022-06-03 17:03:52.989 DEBUG [org.hibernate.SQL@http-nio-8080-exec-1] select artifact0_.id as id1_0_, artifact0_.version as version2_0_, artifact0_.code as code1_5_, artifact0_.description as descript2_5_, artifact0_.inventor_id as invento10_5_, artifact0_.is_publish as is_publi3_5_, artifact0_.link as link4_5_, artifact0_.name as name5_5_, artifact0_.retail_price_amount as retail_p6_5_, artifact0_.retail_price_currency as retail_p7_5_, artifact0_.technology as technolo8_5_, artifact0_.type as type9_5_ from artifact artifact0_ left outer join hustle hustle1_ on (hustle1_.component_id=artifact0_.id) where (hustle1_.id is null) and artifact0_.type=? 
2022-06-03 17:03:52.989 TRACE [org.hibernate.type.descriptor.sql.BasicBinder@http-nio-8080-exec-1] binding parameter [1] as [INTEGER] - [0] 
2022-06-03 17:03:52.990 DEBUG [acme.framework.controllers.AbstractController@http-nio-8080-exec-1] Committing transaction 1527c015-77cc-4991-8b73-dae23bd7a965 
2022-06-03 17:03:52.993 DEBUG [acme.framework.controllers.AbstractController@http-nio-8080-exec-1] Starting transaction 46aaf431-1c20-4740-a6b0-d5b12ad9f2ef 
2022-06-03 17:03:52.994 DEBUG [acme.framework.controllers.AbstractController@http-nio-8080-exec-1] Committing transaction 46aaf431-1c20-4740-a6b0-d5b12ad9f2ef 
2022-06-03 17:03:52.994 DEBUG [acme.framework.controllers.AbstractController@http-nio-8080-exec-1] SERVING GET /acme-toolkit-22.1/inventor/hustle/create 
2022-06-03 17:03:52.994 DEBUG [acme.framework.controllers.AbstractController@http-nio-8080-exec-1] Result: ModelAndView [view="inventor/hustle/form"; model={summary=null, artifact=[acme.artifact.Artifact{id=24, version=0}, acme.artifact.Artifact{id=25, version=0}, acme.artifact.Artifact{id=26, version=0}, acme.artifact.Artifact{id=0, version=0}], period=null, code=null, theme=null, share=null, id=0, isNew=true, version=0, furtherInfo=null, command=create, principal=acme.framework.entities.Principal@18ccdc6a}] 
2022-06-03 17:03:52.995 DEBUG [acme.framework.components.tiles.DynamicTilesView@http-nio-8080-exec-1] View name 'inventor/hustle/form', model {summary=null, artifact=[acme.artifact.Artifact{id=24, version=0}, acme.artifact.Artifact{id=25, version=0}, acme.artifact.Artifact{id=26, version=0}, acme.artifact.Artifact{id=0, version=0}], period=null, code=null, theme=null, share=null, id=0, isNew=true, version=0, furtherInfo=null, command=create, principal=acme.framework.entities.Principal@18ccdc6a, org.springframework.validation.BindingResult.principal=org.springframework.validation.BeanPropertyBindingResult: 0 errors} 
2022-06-03 17:03:52.995 DEBUG [org.apache.jasper.servlet.JspServlet@http-nio-8080-exec-1] JspEngine --> /WEB-INF/views/master/page.jsp 
2022-06-03 17:03:52.995 DEBUG [org.apache.jasper.servlet.JspServlet@http-nio-8080-exec-1] ServletPath: /WEB-INF/views/master/page.jsp 
2022-06-03 17:03:52.996 DEBUG [org.apache.jasper.servlet.JspServlet@http-nio-8080-exec-1] PathInfo: null 
2022-06-03 17:03:52.996 DEBUG [org.apache.jasper.servlet.JspServlet@http-nio-8080-exec-1] RealPath: C:\Users\oliva\git\examen-dp2-pedolirod\target\classes\WEB-INF\views\master\page.jsp 
2022-06-03 17:03:52.997 DEBUG [org.apache.jasper.servlet.JspServlet@http-nio-8080-exec-1] RequestURI: /acme-toolkit-22.1/WEB-INF/views/master/page.jsp 
2022-06-03 17:03:52.997 DEBUG [org.apache.jasper.servlet.JspServlet@http-nio-8080-exec-1] QueryString: null 
2022-06-03 17:03:53.106 DEBUG [org.apache.jasper.servlet.JspServlet@http-nio-8080-exec-1] JspEngine --> /WEB-INF/views/inventor/hustle/form.jsp 
2022-06-03 17:03:53.106 DEBUG [org.apache.jasper.servlet.JspServlet@http-nio-8080-exec-1] ServletPath: /WEB-INF/views/master/page.jsp 
2022-06-03 17:03:53.107 DEBUG [org.apache.jasper.servlet.JspServlet@http-nio-8080-exec-1] PathInfo: null 
2022-06-03 17:03:53.108 DEBUG [org.apache.jasper.servlet.JspServlet@http-nio-8080-exec-1] RealPath: C:\Users\oliva\git\examen-dp2-pedolirod\target\classes\WEB-INF\views\inventor\hustle\form.jsp 
2022-06-03 17:03:53.108 DEBUG [org.apache.jasper.servlet.JspServlet@http-nio-8080-exec-1] RequestURI: /acme-toolkit-22.1/WEB-INF/views/master/page.jsp 
2022-06-03 17:03:53.108 DEBUG [org.apache.jasper.servlet.JspServlet@http-nio-8080-exec-1] QueryString: null 
2022-06-03 17:05:11.482 DEBUG [acme.framework.controllers.AbstractController@http-nio-8080-exec-2] DISPATCHING POST /acme-toolkit-22.1/inventor/hustle/create 
2022-06-03 17:05:11.482 DEBUG [acme.framework.controllers.AbstractController@http-nio-8080-exec-2] Command: create 
2022-06-03 17:05:11.482 DEBUG [acme.framework.controllers.AbstractController@http-nio-8080-exec-2] Model:   {id=0, version=0, _csrf=cce7d9a4-c163-4b72-9946-fb05ec62437b, theme=AAA-000-A, code=QQQ-346-W, summary=asdas, period=02/22/20, share=90.9 EUR, furtherInfo=http://localhost:8080/acme-toolkit-22.1/inventor/hustle/create, artifactId=24, artifactId_proxy=24} 
2022-06-03 17:05:11.482 DEBUG [acme.framework.controllers.AbstractController@http-nio-8080-exec-2] Locale:  es 
2022-06-03 17:05:11.483 DEBUG [acme.framework.controllers.AbstractController@http-nio-8080-exec-2] Starting transaction addcaa24-c771-445a-ab01-22a84e82cdd5 
2022-06-03 17:05:11.484 DEBUG [org.hibernate.SQL@http-nio-8080-exec-2] select artifact0_.id as id1_0_, artifact0_.version as version2_0_, artifact0_.code as code1_5_, artifact0_.description as descript2_5_, artifact0_.inventor_id as invento10_5_, artifact0_.is_publish as is_publi3_5_, artifact0_.link as link4_5_, artifact0_.name as name5_5_, artifact0_.retail_price_amount as retail_p6_5_, artifact0_.retail_price_currency as retail_p7_5_, artifact0_.technology as technolo8_5_, artifact0_.type as type9_5_ from artifact artifact0_ left outer join hustle hustle1_ on (hustle1_.component_id=artifact0_.id) where (hustle1_.id is null) and artifact0_.type=? 
2022-06-03 17:05:11.485 TRACE [org.hibernate.type.descriptor.sql.BasicBinder@http-nio-8080-exec-2] binding parameter [1] as [INTEGER] - [0] 
2022-06-03 17:05:11.486 DEBUG [org.hibernate.SQL@http-nio-8080-exec-2] select inventor0_.id as id1_0_0_, inventor0_.version as version2_0_0_, inventor0_.user_account_id as user_acc1_19_0_, inventor0_.company as company1_10_0_, inventor0_.link as link2_10_0_, inventor0_.statement as statemen3_10_0_, useraccoun1_.id as id1_0_1_, useraccoun1_.version as version2_0_1_, useraccoun1_.enabled as enabled1_18_1_, useraccoun1_.identity as identity2_18_1_, useraccoun1_.password as password3_18_1_, useraccoun1_.username as username4_18_1_ from inventor inventor0_ inner join user_account useraccoun1_ on inventor0_.user_account_id=useraccoun1_.id where inventor0_.id=? 
2022-06-03 17:05:11.487 TRACE [org.hibernate.type.descriptor.sql.BasicBinder@http-nio-8080-exec-2] binding parameter [1] as [INTEGER] - [14] 
2022-06-03 17:05:11.488 DEBUG [org.hibernate.SQL@http-nio-8080-exec-2] select inventor0_.id as id1_0_0_, inventor0_.version as version2_0_0_, inventor0_.user_account_id as user_acc1_19_0_, inventor0_.company as company1_10_0_, inventor0_.link as link2_10_0_, inventor0_.statement as statemen3_10_0_, useraccoun1_.id as id1_0_1_, useraccoun1_.version as version2_0_1_, useraccoun1_.enabled as enabled1_18_1_, useraccoun1_.identity as identity2_18_1_, useraccoun1_.password as password3_18_1_, useraccoun1_.username as username4_18_1_ from inventor inventor0_ inner join user_account useraccoun1_ on inventor0_.user_account_id=useraccoun1_.id where inventor0_.id=? 
2022-06-03 17:05:11.489 TRACE [org.hibernate.type.descriptor.sql.BasicBinder@http-nio-8080-exec-2] binding parameter [1] as [INTEGER] - [13] 
2022-06-03 17:05:11.490 DEBUG [acme.framework.controllers.AbstractController@http-nio-8080-exec-2] Rolling transaction addcaa24-c771-445a-ab01-22a84e82cdd5 back 
2022-06-03 17:05:11.492 DEBUG [acme.framework.controllers.AbstractController@http-nio-8080-exec-2] Starting transaction bd09bd2c-a623-4729-a362-d442a56c289b 
2022-06-03 17:05:11.492 DEBUG [acme.framework.controllers.AbstractController@http-nio-8080-exec-2] Committing transaction bd09bd2c-a623-4729-a362-d442a56c289b 
2022-06-03 17:05:11.493 DEBUG [acme.framework.controllers.AbstractController@http-nio-8080-exec-2] SERVING POST /acme-toolkit-22.1/inventor/hustle/create 
2022-06-03 17:05:11.493 DEBUG [acme.framework.controllers.AbstractController@http-nio-8080-exec-2] Result: ModelAndView [view="master/panic"; model={oops=java.lang.AssertionError: Attribute 'title' is missing in your model}] 
2022-06-03 17:05:11.493 DEBUG [acme.framework.components.tiles.DynamicTilesView@http-nio-8080-exec-2] View name 'master/panic', model {oops=java.lang.AssertionError: Attribute 'title' is missing in your model, org.springframework.validation.BindingResult.oops=org.springframework.validation.BeanPropertyBindingResult: 0 errors} 
2022-06-03 17:05:11.494 DEBUG [org.apache.jasper.servlet.JspServlet@http-nio-8080-exec-2] JspEngine --> /WEB-INF/views/master/page.jsp 
2022-06-03 17:05:11.494 DEBUG [org.apache.jasper.servlet.JspServlet@http-nio-8080-exec-2] ServletPath: /WEB-INF/views/master/page.jsp 
2022-06-03 17:05:11.494 DEBUG [org.apache.jasper.servlet.JspServlet@http-nio-8080-exec-2] PathInfo: null 
2022-06-03 17:05:11.495 DEBUG [org.apache.jasper.servlet.JspServlet@http-nio-8080-exec-2] RealPath: C:\Users\oliva\git\examen-dp2-pedolirod\target\classes\WEB-INF\views\master\page.jsp 
2022-06-03 17:05:11.495 DEBUG [org.apache.jasper.servlet.JspServlet@http-nio-8080-exec-2] RequestURI: /acme-toolkit-22.1/WEB-INF/views/master/page.jsp 
2022-06-03 17:05:11.495 DEBUG [org.apache.jasper.servlet.JspServlet@http-nio-8080-exec-2] QueryString: null 
2022-06-03 17:05:11.590 DEBUG [org.apache.jasper.servlet.JspServlet@http-nio-8080-exec-2] JspEngine --> /WEB-INF/views/master/panic.jsp 
2022-06-03 17:05:11.591 DEBUG [org.apache.jasper.servlet.JspServlet@http-nio-8080-exec-2] ServletPath: /WEB-INF/views/master/page.jsp 
2022-06-03 17:05:11.591 DEBUG [org.apache.jasper.servlet.JspServlet@http-nio-8080-exec-2] PathInfo: null 
2022-06-03 17:05:11.591 DEBUG [org.apache.jasper.servlet.JspServlet@http-nio-8080-exec-2] RealPath: C:\Users\oliva\git\examen-dp2-pedolirod\target\classes\WEB-INF\views\master\panic.jsp 
2022-06-03 17:05:11.592 DEBUG [org.apache.jasper.servlet.JspServlet@http-nio-8080-exec-2] RequestURI: /acme-toolkit-22.1/WEB-INF/views/master/page.jsp 
2022-06-03 17:05:11.592 DEBUG [org.apache.jasper.servlet.JspServlet@http-nio-8080-exec-2] QueryString: null 
2022-06-03 17:05:11.721 ERROR [org.apache.jsp.WEB_002dINF.views.master.panic_jsp@http-nio-8080-exec-2] HTTP POST /acme-toolkit-22.1/WEB-INF/views/master/page.jsp HTTP/1.1 
2022-06-03 17:05:11.721 ERROR [org.apache.jsp.WEB_002dINF.views.master.panic_jsp@http-nio-8080-exec-2] Status: 500 
2022-06-03 17:05:11.721 ERROR [org.apache.jsp.WEB_002dINF.views.master.panic_jsp@http-nio-8080-exec-2] Exception: acme.framework.components.models.Model.getAttribute(Model.java:136): Attribute 'title' is missing in your model 
