2022-04-20 15:08:28.661 INFO  [acme.Launcher@main] Starting Launcher using Java 1.8.0_281 on DESKTOP-UVONV50 with PID 6120 (C:\Users\juanq\Desktop\Workspace-22.0\Frameworks\Acme-Framework-22.3\target\classes started by juanq in C:\Users\juanq\Desktop\Workspace-22.0\Projects\Acme-Toolkit) 
2022-04-20 15:08:28.662 DEBUG [acme.Launcher@main] Running with Spring Boot v2.4.2, Spring v5.3.3 
2022-04-20 15:08:28.663 INFO  [acme.Launcher@main] The following profiles are active: development,default 
2022-04-20 15:08:30.367 DEBUG [org.apache.jasper.servlet.JasperInitializer@main] Initializing Jasper for context [application] 
2022-04-20 15:08:33.552 DEBUG [org.apache.jasper.servlet.JspServlet@main] Scratch dir for the JSP engine is: [C:\Users\juanq\AppData\Local\Temp\tomcat.8080.2307234985359501561\work\Tomcat\localhost\acme-toolkit-22.1] 
2022-04-20 15:08:33.552 DEBUG [org.apache.jasper.servlet.JspServlet@main] IMPORTANT: Do not modify the generated servlets 
2022-04-20 15:08:33.561 INFO  [acme.Launcher@main] Started Launcher in 5.396 seconds (JVM running for 5.792) 
2022-04-20 15:08:33.566 DEBUG [acme.Launcher@main] Found classpath entry '/C:/Users/juanq/Desktop/Workspace-22.0/Projects/Acme-Toolkit/target/test-classes/' 
2022-04-20 15:08:33.566 DEBUG [acme.Launcher@main] Found classpath entry '/C:/Users/juanq/Desktop/Workspace-22.0/Projects/Acme-Toolkit/target/classes/' 
2022-04-20 15:08:33.566 DEBUG [acme.Launcher@main] Found classpath entry '/C:/Users/juanq/Desktop/Workspace-22.0/Frameworks/Acme-Framework-22.3/target/classes/' 
2022-04-20 15:08:33.566 DEBUG [acme.Launcher@main] Found classpath entry '/C:/Users/juanq/Desktop/Workspace-22.0/Frameworks/Acme-Framework-22.3/target/test-classes/' 
2022-04-20 15:08:33.566 DEBUG [acme.Launcher@main] Found classpath entry '/C:/Users/juanq/.m2/repository/org/springframework/boot/spring-boot-starter-tomcat/2.4.2/spring-boot-starter-tomcat-2.4.2.jar' 
2022-04-20 15:08:33.567 DEBUG [acme.Launcher@main] Found classpath entry '/C:/Users/juanq/.m2/repository/jakarta/annotation/jakarta.annotation-api/1.3.5/jakarta.annotation-api-1.3.5.jar' 
2022-04-20 15:08:33.567 DEBUG [acme.Launcher@main] Found classpath entry '/C:/Users/juanq/.m2/repository/org/apache/tomcat/embed/tomcat-embed-core/9.0.41/tomcat-embed-core-9.0.41.jar' 
2022-04-20 15:08:33.567 DEBUG [acme.Launcher@main] Found classpath entry '/C:/Users/juanq/.m2/repository/org/glassfish/jakarta.el/3.0.3/jakarta.el-3.0.3.jar' 
2022-04-20 15:08:33.567 DEBUG [acme.Launcher@main] Found classpath entry '/C:/Users/juanq/.m2/repository/org/apache/tomcat/embed/tomcat-embed-websocket/9.0.41/tomcat-embed-websocket-9.0.41.jar' 
2022-04-20 15:08:33.567 DEBUG [acme.Launcher@main] Found classpath entry '/C:/Users/juanq/.m2/repository/org/apache/tomcat/embed/tomcat-embed-jasper/9.0.41/tomcat-embed-jasper-9.0.41.jar' 
2022-04-20 15:08:33.567 DEBUG [acme.Launcher@main] Found classpath entry '/C:/Users/juanq/.m2/repository/org/apache/tomcat/embed/tomcat-embed-el/9.0.41/tomcat-embed-el-9.0.41.jar' 
2022-04-20 15:08:33.567 DEBUG [acme.Launcher@main] Found classpath entry '/C:/Users/juanq/.m2/repository/org/eclipse/jdt/ecj/3.18.0/ecj-3.18.0.jar' 
2022-04-20 15:08:33.567 DEBUG [acme.Launcher@main] Found classpath entry '/C:/Users/juanq/.m2/repository/javax/servlet/jstl/1.2/jstl-1.2.jar' 
2022-04-20 15:08:33.568 DEBUG [acme.Launcher@main] Found classpath entry '/C:/Users/juanq/.m2/repository/org/springframework/boot/spring-boot-starter-test/2.4.2/spring-boot-starter-test-2.4.2.jar' 
2022-04-20 15:08:33.568 DEBUG [acme.Launcher@main] Found classpath entry '/C:/Users/juanq/.m2/repository/org/springframework/boot/spring-boot-starter/2.4.2/spring-boot-starter-2.4.2.jar' 
2022-04-20 15:08:33.568 DEBUG [acme.Launcher@main] Found classpath entry '/C:/Users/juanq/.m2/repository/org/springframework/boot/spring-boot/2.4.2/spring-boot-2.4.2.jar' 
2022-04-20 15:08:33.568 DEBUG [acme.Launcher@main] Found classpath entry '/C:/Users/juanq/.m2/repository/org/springframework/boot/spring-boot-autoconfigure/2.4.2/spring-boot-autoconfigure-2.4.2.jar' 
2022-04-20 15:08:33.568 DEBUG [acme.Launcher@main] Found classpath entry '/C:/Users/juanq/.m2/repository/org/springframework/boot/spring-boot-starter-logging/2.4.2/spring-boot-starter-logging-2.4.2.jar' 
2022-04-20 15:08:33.568 DEBUG [acme.Launcher@main] Found classpath entry '/C:/Users/juanq/.m2/repository/ch/qos/logback/logback-classic/1.2.3/logback-classic-1.2.3.jar' 
2022-04-20 15:08:33.568 DEBUG [acme.Launcher@main] Found classpath entry '/C:/Users/juanq/.m2/repository/ch/qos/logback/logback-core/1.2.3/logback-core-1.2.3.jar' 
2022-04-20 15:08:33.568 DEBUG [acme.Launcher@main] Found classpath entry '/C:/Users/juanq/.m2/repository/org/apache/logging/log4j/log4j-to-slf4j/2.13.3/log4j-to-slf4j-2.13.3.jar' 
2022-04-20 15:08:33.569 DEBUG [acme.Launcher@main] Found classpath entry '/C:/Users/juanq/.m2/repository/org/apache/logging/log4j/log4j-api/2.13.3/log4j-api-2.13.3.jar' 
2022-04-20 15:08:33.569 DEBUG [acme.Launcher@main] Found classpath entry '/C:/Users/juanq/.m2/repository/org/slf4j/jul-to-slf4j/1.7.30/jul-to-slf4j-1.7.30.jar' 
2022-04-20 15:08:33.569 DEBUG [acme.Launcher@main] Found classpath entry '/C:/Users/juanq/.m2/repository/org/yaml/snakeyaml/1.27/snakeyaml-1.27.jar' 
2022-04-20 15:08:33.569 DEBUG [acme.Launcher@main] Found classpath entry '/C:/Users/juanq/.m2/repository/org/springframework/boot/spring-boot-test/2.4.2/spring-boot-test-2.4.2.jar' 
2022-04-20 15:08:33.569 DEBUG [acme.Launcher@main] Found classpath entry '/C:/Users/juanq/.m2/repository/org/springframework/boot/spring-boot-test-autoconfigure/2.4.2/spring-boot-test-autoconfigure-2.4.2.jar' 
2022-04-20 15:08:33.569 DEBUG [acme.Launcher@main] Found classpath entry '/C:/Users/juanq/.m2/repository/com/jayway/jsonpath/json-path/2.4.0/json-path-2.4.0.jar' 
2022-04-20 15:08:33.569 DEBUG [acme.Launcher@main] Found classpath entry '/C:/Users/juanq/.m2/repository/net/minidev/json-smart/2.3/json-smart-2.3.jar' 
2022-04-20 15:08:33.569 DEBUG [acme.Launcher@main] Found classpath entry '/C:/Users/juanq/.m2/repository/net/minidev/accessors-smart/1.2/accessors-smart-1.2.jar' 
2022-04-20 15:08:33.569 DEBUG [acme.Launcher@main] Found classpath entry '/C:/Users/juanq/.m2/repository/org/ow2/asm/asm/5.0.4/asm-5.0.4.jar' 
2022-04-20 15:08:33.569 DEBUG [acme.Launcher@main] Found classpath entry '/C:/Users/juanq/.m2/repository/jakarta/xml/bind/jakarta.xml.bind-api/2.3.3/jakarta.xml.bind-api-2.3.3.jar' 
2022-04-20 15:08:33.570 DEBUG [acme.Launcher@main] Found classpath entry '/C:/Users/juanq/.m2/repository/jakarta/activation/jakarta.activation-api/1.2.2/jakarta.activation-api-1.2.2.jar' 
2022-04-20 15:08:33.570 DEBUG [acme.Launcher@main] Found classpath entry '/C:/Users/juanq/.m2/repository/org/assertj/assertj-core/3.18.1/assertj-core-3.18.1.jar' 
2022-04-20 15:08:33.570 DEBUG [acme.Launcher@main] Found classpath entry '/C:/Users/juanq/.m2/repository/org/hamcrest/hamcrest/2.2/hamcrest-2.2.jar' 
2022-04-20 15:08:33.570 DEBUG [acme.Launcher@main] Found classpath entry '/C:/Users/juanq/.m2/repository/org/junit/jupiter/junit-jupiter/5.7.0/junit-jupiter-5.7.0.jar' 
2022-04-20 15:08:33.570 DEBUG [acme.Launcher@main] Found classpath entry '/C:/Users/juanq/.m2/repository/org/mockito/mockito-core/3.6.28/mockito-core-3.6.28.jar' 
2022-04-20 15:08:33.570 DEBUG [acme.Launcher@main] Found classpath entry '/C:/Users/juanq/.m2/repository/net/bytebuddy/byte-buddy-agent/1.10.19/byte-buddy-agent-1.10.19.jar' 
2022-04-20 15:08:33.570 DEBUG [acme.Launcher@main] Found classpath entry '/C:/Users/juanq/.m2/repository/org/objenesis/objenesis/3.1/objenesis-3.1.jar' 
2022-04-20 15:08:33.571 DEBUG [acme.Launcher@main] Found classpath entry '/C:/Users/juanq/.m2/repository/org/mockito/mockito-junit-jupiter/3.6.28/mockito-junit-jupiter-3.6.28.jar' 
2022-04-20 15:08:33.571 DEBUG [acme.Launcher@main] Found classpath entry '/C:/Users/juanq/.m2/repository/org/skyscreamer/jsonassert/1.5.0/jsonassert-1.5.0.jar' 
2022-04-20 15:08:33.571 DEBUG [acme.Launcher@main] Found classpath entry '/C:/Users/juanq/.m2/repository/com/vaadin/external/google/android-json/0.0.20131108.vaadin1/android-json-0.0.20131108.vaadin1.jar' 
2022-04-20 15:08:33.571 DEBUG [acme.Launcher@main] Found classpath entry '/C:/Users/juanq/.m2/repository/org/springframework/spring-core/5.3.3/spring-core-5.3.3.jar' 
2022-04-20 15:08:33.571 DEBUG [acme.Launcher@main] Found classpath entry '/C:/Users/juanq/.m2/repository/org/springframework/spring-jcl/5.3.3/spring-jcl-5.3.3.jar' 
2022-04-20 15:08:33.571 DEBUG [acme.Launcher@main] Found classpath entry '/C:/Users/juanq/.m2/repository/org/springframework/spring-test/5.3.3/spring-test-5.3.3.jar' 
2022-04-20 15:08:33.571 DEBUG [acme.Launcher@main] Found classpath entry '/C:/Users/juanq/.m2/repository/org/xmlunit/xmlunit-core/2.7.0/xmlunit-core-2.7.0.jar' 
2022-04-20 15:08:33.571 DEBUG [acme.Launcher@main] Found classpath entry '/C:/Users/juanq/.m2/repository/org/springframework/boot/spring-boot-starter-security/2.4.2/spring-boot-starter-security-2.4.2.jar' 
2022-04-20 15:08:33.571 DEBUG [acme.Launcher@main] Found classpath entry '/C:/Users/juanq/.m2/repository/org/springframework/spring-aop/5.3.3/spring-aop-5.3.3.jar' 
2022-04-20 15:08:33.571 DEBUG [acme.Launcher@main] Found classpath entry '/C:/Users/juanq/.m2/repository/org/springframework/security/spring-security-web/5.4.2/spring-security-web-5.4.2.jar' 
2022-04-20 15:08:33.572 DEBUG [acme.Launcher@main] Found classpath entry '/C:/Users/juanq/.m2/repository/org/springframework/security/spring-security-core/5.4.2/spring-security-core-5.4.2.jar' 
2022-04-20 15:08:33.572 DEBUG [acme.Launcher@main] Found classpath entry '/C:/Users/juanq/.m2/repository/org/springframework/spring-beans/5.3.3/spring-beans-5.3.3.jar' 
2022-04-20 15:08:33.572 DEBUG [acme.Launcher@main] Found classpath entry '/C:/Users/juanq/.m2/repository/org/springframework/spring-context/5.3.3/spring-context-5.3.3.jar' 
2022-04-20 15:08:33.572 DEBUG [acme.Launcher@main] Found classpath entry '/C:/Users/juanq/.m2/repository/org/springframework/spring-expression/5.3.3/spring-expression-5.3.3.jar' 
2022-04-20 15:08:33.572 DEBUG [acme.Launcher@main] Found classpath entry '/C:/Users/juanq/.m2/repository/org/springframework/spring-web/5.3.3/spring-web-5.3.3.jar' 
2022-04-20 15:08:33.572 DEBUG [acme.Launcher@main] Found classpath entry '/C:/Users/juanq/.m2/repository/org/springframework/security/spring-security-config/5.4.2/spring-security-config-5.4.2.jar' 
2022-04-20 15:08:33.572 DEBUG [acme.Launcher@main] Found classpath entry '/C:/Users/juanq/.m2/repository/org/springframework/security/spring-security-taglibs/5.4.2/spring-security-taglibs-5.4.2.jar' 
2022-04-20 15:08:33.572 DEBUG [acme.Launcher@main] Found classpath entry '/C:/Users/juanq/.m2/repository/org/springframework/security/spring-security-acl/5.4.2/spring-security-acl-5.4.2.jar' 
2022-04-20 15:08:33.573 DEBUG [acme.Launcher@main] Found classpath entry '/C:/Users/juanq/.m2/repository/org/springframework/spring-jdbc/5.3.3/spring-jdbc-5.3.3.jar' 
2022-04-20 15:08:33.573 DEBUG [acme.Launcher@main] Found classpath entry '/C:/Users/juanq/.m2/repository/org/springframework/spring-tx/5.3.3/spring-tx-5.3.3.jar' 
2022-04-20 15:08:33.573 DEBUG [acme.Launcher@main] Found classpath entry '/C:/Users/juanq/.m2/repository/org/springframework/boot/spring-boot-starter-web/2.4.2/spring-boot-starter-web-2.4.2.jar' 
2022-04-20 15:08:33.573 DEBUG [acme.Launcher@main] Found classpath entry '/C:/Users/juanq/.m2/repository/org/springframework/boot/spring-boot-starter-json/2.4.2/spring-boot-starter-json-2.4.2.jar' 
2022-04-20 15:08:33.573 DEBUG [acme.Launcher@main] Found classpath entry '/C:/Users/juanq/.m2/repository/com/fasterxml/jackson/core/jackson-databind/2.11.4/jackson-databind-2.11.4.jar' 
2022-04-20 15:08:33.573 DEBUG [acme.Launcher@main] Found classpath entry '/C:/Users/juanq/.m2/repository/com/fasterxml/jackson/core/jackson-annotations/2.11.4/jackson-annotations-2.11.4.jar' 
2022-04-20 15:08:33.573 DEBUG [acme.Launcher@main] Found classpath entry '/C:/Users/juanq/.m2/repository/com/fasterxml/jackson/core/jackson-core/2.11.4/jackson-core-2.11.4.jar' 
2022-04-20 15:08:33.573 DEBUG [acme.Launcher@main] Found classpath entry '/C:/Users/juanq/.m2/repository/com/fasterxml/jackson/datatype/jackson-datatype-jdk8/2.11.4/jackson-datatype-jdk8-2.11.4.jar' 
2022-04-20 15:08:33.573 DEBUG [acme.Launcher@main] Found classpath entry '/C:/Users/juanq/.m2/repository/com/fasterxml/jackson/datatype/jackson-datatype-jsr310/2.11.4/jackson-datatype-jsr310-2.11.4.jar' 
2022-04-20 15:08:33.574 DEBUG [acme.Launcher@main] Found classpath entry '/C:/Users/juanq/.m2/repository/com/fasterxml/jackson/module/jackson-module-parameter-names/2.11.4/jackson-module-parameter-names-2.11.4.jar' 
2022-04-20 15:08:33.574 DEBUG [acme.Launcher@main] Found classpath entry '/C:/Users/juanq/.m2/repository/org/springframework/spring-webmvc/5.3.3/spring-webmvc-5.3.3.jar' 
2022-04-20 15:08:33.574 DEBUG [acme.Launcher@main] Found classpath entry '/C:/Users/juanq/.m2/repository/org/apache/tiles/tiles-jsp/3.0.8/tiles-jsp-3.0.8.jar' 
2022-04-20 15:08:33.574 DEBUG [acme.Launcher@main] Found classpath entry '/C:/Users/juanq/.m2/repository/org/apache/tiles/tiles-servlet/3.0.8/tiles-servlet-3.0.8.jar' 
2022-04-20 15:08:33.574 DEBUG [acme.Launcher@main] Found classpath entry '/C:/Users/juanq/.m2/repository/org/apache/tiles/tiles-core/3.0.8/tiles-core-3.0.8.jar' 
2022-04-20 15:08:33.574 DEBUG [acme.Launcher@main] Found classpath entry '/C:/Users/juanq/.m2/repository/commons-digester/commons-digester/2.0/commons-digester-2.0.jar' 
2022-04-20 15:08:33.574 DEBUG [acme.Launcher@main] Found classpath entry '/C:/Users/juanq/.m2/repository/org/slf4j/jcl-over-slf4j/1.7.30/jcl-over-slf4j-1.7.30.jar' 
2022-04-20 15:08:33.575 DEBUG [acme.Launcher@main] Found classpath entry '/C:/Users/juanq/.m2/repository/org/apache/tiles/tiles-request-servlet/1.0.7/tiles-request-servlet-1.0.7.jar' 
2022-04-20 15:08:33.575 DEBUG [acme.Launcher@main] Found classpath entry '/C:/Users/juanq/.m2/repository/org/apache/tiles/tiles-template/3.0.8/tiles-template-3.0.8.jar' 
2022-04-20 15:08:33.575 DEBUG [acme.Launcher@main] Found classpath entry '/C:/Users/juanq/.m2/repository/org/apache/tiles/tiles-api/3.0.8/tiles-api-3.0.8.jar' 
2022-04-20 15:08:33.575 DEBUG [acme.Launcher@main] Found classpath entry '/C:/Users/juanq/.m2/repository/org/apache/tiles/tiles-autotag-core-runtime/1.2/tiles-autotag-core-runtime-1.2.jar' 
2022-04-20 15:08:33.575 DEBUG [acme.Launcher@main] Found classpath entry '/C:/Users/juanq/.m2/repository/org/slf4j/slf4j-api/1.7.30/slf4j-api-1.7.30.jar' 
2022-04-20 15:08:33.575 DEBUG [acme.Launcher@main] Found classpath entry '/C:/Users/juanq/.m2/repository/org/apache/tiles/tiles-request-jsp/1.0.7/tiles-request-jsp-1.0.7.jar' 
2022-04-20 15:08:33.575 DEBUG [acme.Launcher@main] Found classpath entry '/C:/Users/juanq/.m2/repository/org/apache/tiles/tiles-request-api/1.0.7/tiles-request-api-1.0.7.jar' 
2022-04-20 15:08:33.575 DEBUG [acme.Launcher@main] Found classpath entry '/C:/Users/juanq/.m2/repository/org/springframework/boot/spring-boot-starter-data-jpa/2.4.2/spring-boot-starter-data-jpa-2.4.2.jar' 
2022-04-20 15:08:33.575 DEBUG [acme.Launcher@main] Found classpath entry '/C:/Users/juanq/.m2/repository/org/springframework/boot/spring-boot-starter-aop/2.4.2/spring-boot-starter-aop-2.4.2.jar' 
2022-04-20 15:08:33.575 DEBUG [acme.Launcher@main] Found classpath entry '/C:/Users/juanq/.m2/repository/org/aspectj/aspectjweaver/1.9.6/aspectjweaver-1.9.6.jar' 
2022-04-20 15:08:33.575 DEBUG [acme.Launcher@main] Found classpath entry '/C:/Users/juanq/.m2/repository/org/springframework/boot/spring-boot-starter-jdbc/2.4.2/spring-boot-starter-jdbc-2.4.2.jar' 
2022-04-20 15:08:33.576 DEBUG [acme.Launcher@main] Found classpath entry '/C:/Users/juanq/.m2/repository/jakarta/transaction/jakarta.transaction-api/1.3.3/jakarta.transaction-api-1.3.3.jar' 
2022-04-20 15:08:33.576 DEBUG [acme.Launcher@main] Found classpath entry '/C:/Users/juanq/.m2/repository/jakarta/persistence/jakarta.persistence-api/2.2.3/jakarta.persistence-api-2.2.3.jar' 
2022-04-20 15:08:33.576 DEBUG [acme.Launcher@main] Found classpath entry '/C:/Users/juanq/.m2/repository/org/hibernate/hibernate-core/5.4.27.Final/hibernate-core-5.4.27.Final.jar' 
2022-04-20 15:08:33.576 DEBUG [acme.Launcher@main] Found classpath entry '/C:/Users/juanq/.m2/repository/org/jboss/logging/jboss-logging/3.4.1.Final/jboss-logging-3.4.1.Final.jar' 
2022-04-20 15:08:33.576 DEBUG [acme.Launcher@main] Found classpath entry '/C:/Users/juanq/.m2/repository/org/javassist/javassist/3.27.0-GA/javassist-3.27.0-GA.jar' 
2022-04-20 15:08:33.576 DEBUG [acme.Launcher@main] Found classpath entry '/C:/Users/juanq/.m2/repository/antlr/antlr/2.7.7/antlr-2.7.7.jar' 
2022-04-20 15:08:33.576 DEBUG [acme.Launcher@main] Found classpath entry '/C:/Users/juanq/.m2/repository/org/jboss/jandex/2.1.3.Final/jandex-2.1.3.Final.jar' 
2022-04-20 15:08:33.576 DEBUG [acme.Launcher@main] Found classpath entry '/C:/Users/juanq/.m2/repository/com/fasterxml/classmate/1.5.1/classmate-1.5.1.jar' 
2022-04-20 15:08:33.576 DEBUG [acme.Launcher@main] Found classpath entry '/C:/Users/juanq/.m2/repository/org/dom4j/dom4j/2.1.3/dom4j-2.1.3.jar' 
2022-04-20 15:08:33.577 DEBUG [acme.Launcher@main] Found classpath entry '/C:/Users/juanq/.m2/repository/org/hibernate/common/hibernate-commons-annotations/5.1.2.Final/hibernate-commons-annotations-5.1.2.Final.jar' 
2022-04-20 15:08:33.577 DEBUG [acme.Launcher@main] Found classpath entry '/C:/Users/juanq/.m2/repository/org/glassfish/jaxb/jaxb-runtime/2.3.3/jaxb-runtime-2.3.3.jar' 
2022-04-20 15:08:33.577 DEBUG [acme.Launcher@main] Found classpath entry '/C:/Users/juanq/.m2/repository/org/glassfish/jaxb/txw2/2.3.3/txw2-2.3.3.jar' 
2022-04-20 15:08:33.577 DEBUG [acme.Launcher@main] Found classpath entry '/C:/Users/juanq/.m2/repository/com/sun/istack/istack-commons-runtime/3.0.11/istack-commons-runtime-3.0.11.jar' 
2022-04-20 15:08:33.577 DEBUG [acme.Launcher@main] Found classpath entry '/C:/Users/juanq/.m2/repository/com/sun/activation/jakarta.activation/1.2.2/jakarta.activation-1.2.2.jar' 
2022-04-20 15:08:33.577 DEBUG [acme.Launcher@main] Found classpath entry '/C:/Users/juanq/.m2/repository/org/springframework/data/spring-data-jpa/2.4.3/spring-data-jpa-2.4.3.jar' 
2022-04-20 15:08:33.577 DEBUG [acme.Launcher@main] Found classpath entry '/C:/Users/juanq/.m2/repository/org/springframework/data/spring-data-commons/2.4.3/spring-data-commons-2.4.3.jar' 
2022-04-20 15:08:33.577 DEBUG [acme.Launcher@main] Found classpath entry '/C:/Users/juanq/.m2/repository/org/springframework/spring-orm/5.3.3/spring-orm-5.3.3.jar' 
2022-04-20 15:08:33.577 DEBUG [acme.Launcher@main] Found classpath entry '/C:/Users/juanq/.m2/repository/org/springframework/spring-aspects/5.3.3/spring-aspects-5.3.3.jar' 
2022-04-20 15:08:33.577 DEBUG [acme.Launcher@main] Found classpath entry '/C:/Users/juanq/.m2/repository/org/springframework/boot/spring-boot-starter-validation/2.4.2/spring-boot-starter-validation-2.4.2.jar' 
2022-04-20 15:08:33.577 DEBUG [acme.Launcher@main] Found classpath entry '/C:/Users/juanq/.m2/repository/org/hibernate/validator/hibernate-validator/6.1.7.Final/hibernate-validator-6.1.7.Final.jar' 
2022-04-20 15:08:33.577 DEBUG [acme.Launcher@main] Found classpath entry '/C:/Users/juanq/.m2/repository/jakarta/validation/jakarta.validation-api/2.0.2/jakarta.validation-api-2.0.2.jar' 
2022-04-20 15:08:33.578 DEBUG [acme.Launcher@main] Found classpath entry '/C:/Users/juanq/.m2/repository/mysql/mysql-connector-java/8.0.22/mysql-connector-java-8.0.22.jar' 
2022-04-20 15:08:33.578 DEBUG [acme.Launcher@main] Found classpath entry '/C:/Users/juanq/.m2/repository/com/zaxxer/HikariCP/3.4.5/HikariCP-3.4.5.jar' 
2022-04-20 15:08:33.578 DEBUG [acme.Launcher@main] Found classpath entry '/C:/Users/juanq/.m2/repository/org/junit/jupiter/junit-jupiter-engine/5.7.0/junit-jupiter-engine-5.7.0.jar' 
2022-04-20 15:08:33.578 DEBUG [acme.Launcher@main] Found classpath entry '/C:/Users/juanq/.m2/repository/org/apiguardian/apiguardian-api/1.1.0/apiguardian-api-1.1.0.jar' 
2022-04-20 15:08:33.578 DEBUG [acme.Launcher@main] Found classpath entry '/C:/Users/juanq/.m2/repository/org/junit/platform/junit-platform-engine/1.7.0/junit-platform-engine-1.7.0.jar' 
2022-04-20 15:08:33.578 DEBUG [acme.Launcher@main] Found classpath entry '/C:/Users/juanq/.m2/repository/org/junit/jupiter/junit-jupiter-api/5.7.0/junit-jupiter-api-5.7.0.jar' 
2022-04-20 15:08:33.578 DEBUG [acme.Launcher@main] Found classpath entry '/C:/Users/juanq/.m2/repository/org/opentest4j/opentest4j/1.2.0/opentest4j-1.2.0.jar' 
2022-04-20 15:08:33.578 DEBUG [acme.Launcher@main] Found classpath entry '/C:/Users/juanq/.m2/repository/org/junit/platform/junit-platform-commons/1.7.0/junit-platform-commons-1.7.0.jar' 
2022-04-20 15:08:33.578 DEBUG [acme.Launcher@main] Found classpath entry '/C:/Users/juanq/.m2/repository/org/junit/jupiter/junit-jupiter-params/5.7.0/junit-jupiter-params-5.7.0.jar' 
2022-04-20 15:08:33.578 DEBUG [acme.Launcher@main] Found classpath entry '/C:/Users/juanq/.m2/repository/org/junit/platform/junit-platform-launcher/1.7.0/junit-platform-launcher-1.7.0.jar' 
2022-04-20 15:08:33.578 DEBUG [acme.Launcher@main] Found classpath entry '/C:/Users/juanq/.m2/repository/org/seleniumhq/selenium/selenium-java/3.141.59/selenium-java-3.141.59.jar' 
2022-04-20 15:08:33.579 DEBUG [acme.Launcher@main] Found classpath entry '/C:/Users/juanq/.m2/repository/org/seleniumhq/selenium/selenium-api/3.141.59/selenium-api-3.141.59.jar' 
2022-04-20 15:08:33.579 DEBUG [acme.Launcher@main] Found classpath entry '/C:/Users/juanq/.m2/repository/org/seleniumhq/selenium/selenium-chrome-driver/3.141.59/selenium-chrome-driver-3.141.59.jar' 
2022-04-20 15:08:33.579 DEBUG [acme.Launcher@main] Found classpath entry '/C:/Users/juanq/.m2/repository/org/seleniumhq/selenium/selenium-edge-driver/3.141.59/selenium-edge-driver-3.141.59.jar' 
2022-04-20 15:08:33.579 DEBUG [acme.Launcher@main] Found classpath entry '/C:/Users/juanq/.m2/repository/org/seleniumhq/selenium/selenium-firefox-driver/3.141.59/selenium-firefox-driver-3.141.59.jar' 
2022-04-20 15:08:33.579 DEBUG [acme.Launcher@main] Found classpath entry '/C:/Users/juanq/.m2/repository/org/seleniumhq/selenium/selenium-ie-driver/3.141.59/selenium-ie-driver-3.141.59.jar' 
2022-04-20 15:08:33.579 DEBUG [acme.Launcher@main] Found classpath entry '/C:/Users/juanq/.m2/repository/org/seleniumhq/selenium/selenium-opera-driver/3.141.59/selenium-opera-driver-3.141.59.jar' 
2022-04-20 15:08:33.579 DEBUG [acme.Launcher@main] Found classpath entry '/C:/Users/juanq/.m2/repository/org/seleniumhq/selenium/selenium-remote-driver/3.141.59/selenium-remote-driver-3.141.59.jar' 
2022-04-20 15:08:33.579 DEBUG [acme.Launcher@main] Found classpath entry '/C:/Users/juanq/.m2/repository/org/seleniumhq/selenium/selenium-safari-driver/3.141.59/selenium-safari-driver-3.141.59.jar' 
2022-04-20 15:08:33.579 DEBUG [acme.Launcher@main] Found classpath entry '/C:/Users/juanq/.m2/repository/org/seleniumhq/selenium/selenium-support/3.141.59/selenium-support-3.141.59.jar' 
2022-04-20 15:08:33.579 DEBUG [acme.Launcher@main] Found classpath entry '/C:/Users/juanq/.m2/repository/net/bytebuddy/byte-buddy/1.10.19/byte-buddy-1.10.19.jar' 
2022-04-20 15:08:33.579 DEBUG [acme.Launcher@main] Found classpath entry '/C:/Users/juanq/.m2/repository/org/apache/commons/commons-exec/1.3/commons-exec-1.3.jar' 
2022-04-20 15:08:33.579 DEBUG [acme.Launcher@main] Found classpath entry '/C:/Users/juanq/.m2/repository/com/google/guava/guava/25.0-jre/guava-25.0-jre.jar' 
2022-04-20 15:08:33.579 DEBUG [acme.Launcher@main] Found classpath entry '/C:/Users/juanq/.m2/repository/com/google/code/findbugs/jsr305/1.3.9/jsr305-1.3.9.jar' 
2022-04-20 15:08:33.580 DEBUG [acme.Launcher@main] Found classpath entry '/C:/Users/juanq/.m2/repository/org/checkerframework/checker-compat-qual/2.0.0/checker-compat-qual-2.0.0.jar' 
2022-04-20 15:08:33.580 DEBUG [acme.Launcher@main] Found classpath entry '/C:/Users/juanq/.m2/repository/com/google/errorprone/error_prone_annotations/2.1.3/error_prone_annotations-2.1.3.jar' 
2022-04-20 15:08:33.580 DEBUG [acme.Launcher@main] Found classpath entry '/C:/Users/juanq/.m2/repository/com/google/j2objc/j2objc-annotations/1.1/j2objc-annotations-1.1.jar' 
2022-04-20 15:08:33.580 DEBUG [acme.Launcher@main] Found classpath entry '/C:/Users/juanq/.m2/repository/org/codehaus/mojo/animal-sniffer-annotations/1.14/animal-sniffer-annotations-1.14.jar' 
2022-04-20 15:08:33.580 DEBUG [acme.Launcher@main] Found classpath entry '/C:/Users/juanq/.m2/repository/com/squareup/okhttp3/okhttp/3.14.9/okhttp-3.14.9.jar' 
2022-04-20 15:08:33.580 DEBUG [acme.Launcher@main] Found classpath entry '/C:/Users/juanq/.m2/repository/com/squareup/okio/okio/1.14.0/okio-1.14.0.jar' 
2022-04-20 15:08:33.580 DEBUG [acme.Launcher@main] Found classpath entry '/C:/Users/juanq/.m2/repository/org/apache/commons/commons-lang3/3.11/commons-lang3-3.11.jar' 
2022-04-20 15:08:33.580 DEBUG [acme.Launcher@main] Found classpath entry '/C:/Users/juanq/.m2/repository/org/apache/commons/commons-text/1.8/commons-text-1.8.jar' 
2022-04-20 15:08:33.580 DEBUG [acme.Launcher@main] Found classpath entry '/C:/Users/juanq/.m2/repository/commons-io/commons-io/2.6/commons-io-2.6.jar' 
2022-04-20 15:08:33.580 DEBUG [acme.Launcher@main] Found classpath entry '/C:/Users/juanq/.m2/repository/commons-cli/commons-cli/1.4/commons-cli-1.4.jar' 
2022-04-20 15:08:33.580 DEBUG [acme.Launcher@main] Found classpath entry '/C:/Users/juanq/.m2/repository/org/projectlombok/lombok/1.18.16/lombok-1.18.16.jar' 
2022-04-20 15:08:33.580 DEBUG [acme.Launcher@main] Found classpath entry '/C:/Users/juanq/.m2/repository/com/opencsv/opencsv/5.4/opencsv-5.4.jar' 
2022-04-20 15:08:33.580 DEBUG [acme.Launcher@main] Found classpath entry '/C:/Users/juanq/.m2/repository/commons-beanutils/commons-beanutils/1.9.4/commons-beanutils-1.9.4.jar' 
2022-04-20 15:08:33.581 DEBUG [acme.Launcher@main] Found classpath entry '/C:/Users/juanq/.m2/repository/commons-logging/commons-logging/1.2/commons-logging-1.2.jar' 
2022-04-20 15:08:33.581 DEBUG [acme.Launcher@main] Found classpath entry '/C:/Users/juanq/.m2/repository/commons-collections/commons-collections/3.2.2/commons-collections-3.2.2.jar' 
2022-04-20 15:08:33.581 DEBUG [acme.Launcher@main] Found classpath entry '/C:/Users/juanq/.m2/repository/org/apache/commons/commons-collections4/4.4/commons-collections4-4.4.jar' 
2022-04-20 15:08:33.643 DEBUG [acme.Launcher@main] Found entity class 'acme.artifact.Artifact 
2022-04-20 15:08:33.643 DEBUG [acme.Launcher@main] Found entity class 'acme.artifact.PartOf 
2022-04-20 15:08:33.643 DEBUG [acme.Launcher@main] Found entity class 'acme.artifact.ToolKit 
2022-04-20 15:08:33.643 DEBUG [acme.Launcher@main] Found entity class 'acme.entities.announcement.Announcement 
2022-04-20 15:08:33.643 DEBUG [acme.Launcher@main] Found entity class 'acme.entities.chirp.Chirp 
2022-04-20 15:08:33.644 DEBUG [acme.Launcher@main] Found entity class 'acme.entities.patronage.Patronage 
2022-04-20 15:08:33.644 DEBUG [acme.Launcher@main] Found entity class 'acme.entities.patronage.PatronageReport 
2022-04-20 15:08:33.644 DEBUG [acme.Launcher@main] Found entity class 'acme.roles.Consumer 
2022-04-20 15:08:33.644 DEBUG [acme.Launcher@main] Found entity class 'acme.roles.Inventor 
2022-04-20 15:08:33.644 DEBUG [acme.Launcher@main] Found entity class 'acme.roles.Patron 
2022-04-20 15:08:33.644 DEBUG [acme.Launcher@main] Found entity class 'acme.roles.Provider 
2022-04-20 15:08:33.644 DEBUG [acme.Launcher@main] Found entity class 'acme.systemSetting.SystemSetting 
2022-04-20 15:08:33.644 DEBUG [acme.Launcher@main] Found entity class 'acme.framework.entities.UserAccount 
2022-04-20 15:08:33.644 DEBUG [acme.Launcher@main] Found entity class 'acme.framework.roles.Administrator 
2022-04-20 15:08:33.644 DEBUG [acme.Launcher@main] Found entity class 'acme.framework.roles.Anonymous 
2022-04-20 15:08:33.644 DEBUG [acme.Launcher@main] Found entity class 'acme.framework.roles.Any 
2022-04-20 15:08:33.644 DEBUG [acme.Launcher@main] Found entity class 'acme.framework.roles.Authenticated 
2022-04-20 15:08:33.647 INFO  [acme.Launcher@main] Running application (Standalone) 
2022-04-20 15:08:42.927 DEBUG [acme.framework.components.tiles.DynamicTilesView@http-nio-8080-exec-3] View name 'fragments/welcome', model {} 
2022-04-20 15:08:42.939 DEBUG [org.apache.tiles.definition.dao.BaseLocaleUrlDefinitionDAO@http-nio-8080-exec-3] File Resource file:/C:/Users/juanq/Desktop/Workspace-22.0/Projects/Acme-Toolkit/target/classes/WEB-INF/views/master/tiles_es.xml at file:/C:/Users/juanq/Desktop/Workspace-22.0/Projects/Acme-Toolkit/target/classes/WEB-INF/views/master/tiles_es.xml not found, continue 
2022-04-20 15:08:42.944 DEBUG [org.apache.jasper.servlet.JspServlet@http-nio-8080-exec-3] JspEngine --> /WEB-INF/views/master/page.jsp 
2022-04-20 15:08:42.944 DEBUG [org.apache.jasper.servlet.JspServlet@http-nio-8080-exec-3] ServletPath: /WEB-INF/views/master/page.jsp 
2022-04-20 15:08:42.944 DEBUG [org.apache.jasper.servlet.JspServlet@http-nio-8080-exec-3] PathInfo: null 
2022-04-20 15:08:42.945 DEBUG [org.apache.jasper.servlet.JspServlet@http-nio-8080-exec-3] RealPath: C:\Users\juanq\Desktop\Workspace-22.0\Projects\Acme-Toolkit\target\classes\WEB-INF\views\master\page.jsp 
2022-04-20 15:08:42.946 DEBUG [org.apache.jasper.servlet.JspServlet@http-nio-8080-exec-3] RequestURI: /acme-toolkit-22.1/WEB-INF/views/master/page.jsp 
2022-04-20 15:08:42.946 DEBUG [org.apache.jasper.servlet.JspServlet@http-nio-8080-exec-3] QueryString: null 
2022-04-20 15:08:45.454 DEBUG [acme.framework.configuration.ExtendedMessageSource@http-nio-8080-exec-3] Loading properties [C:\Users\juanq\Desktop\Workspace-22.0\Projects\Acme-Toolkit\target\classes\WEB-INF\views\administrator\user-account\messages-en.i18n] with encoding 'utf-8' 
2022-04-20 15:08:45.455 DEBUG [acme.framework.configuration.ExtendedMessageSource@http-nio-8080-exec-3] Loading properties [C:\Users\juanq\Desktop\Workspace-22.0\Projects\Acme-Toolkit\target\classes\WEB-INF\views\anonymous\user-account\messages-en.i18n] with encoding 'utf-8' 
2022-04-20 15:08:45.456 DEBUG [acme.framework.configuration.ExtendedMessageSource@http-nio-8080-exec-3] Loading properties [C:\Users\juanq\Desktop\Workspace-22.0\Projects\Acme-Toolkit\target\classes\WEB-INF\views\any\part-of\messages-en.i18n] with encoding 'utf-8' 
2022-04-20 15:08:45.456 DEBUG [acme.framework.configuration.ExtendedMessageSource@http-nio-8080-exec-3] Loading properties [C:\Users\juanq\Desktop\Workspace-22.0\Projects\Acme-Toolkit\target\classes\WEB-INF\views\any\tool-kit\messages-en.i18n] with encoding 'utf-8' 
2022-04-20 15:08:45.457 DEBUG [acme.framework.configuration.ExtendedMessageSource@http-nio-8080-exec-3] Loading properties [C:\Users\juanq\Desktop\Workspace-22.0\Projects\Acme-Toolkit\target\classes\WEB-INF\views\authenticated\announcement\messages-en.i18n] with encoding 'utf-8' 
2022-04-20 15:08:45.457 DEBUG [acme.framework.configuration.ExtendedMessageSource@http-nio-8080-exec-3] Loading properties [C:\Users\juanq\Desktop\Workspace-22.0\Projects\Acme-Toolkit\target\classes\WEB-INF\views\authenticated\consumer\messsages-en.i18n] with encoding 'utf-8' 
2022-04-20 15:08:45.457 DEBUG [acme.framework.configuration.ExtendedMessageSource@http-nio-8080-exec-3] Loading properties [C:\Users\juanq\Desktop\Workspace-22.0\Projects\Acme-Toolkit\target\classes\WEB-INF\views\authenticated\provider\messsages-en.i18n] with encoding 'utf-8' 
2022-04-20 15:08:45.458 DEBUG [acme.framework.configuration.ExtendedMessageSource@http-nio-8080-exec-3] Loading properties [C:\Users\juanq\Desktop\Workspace-22.0\Projects\Acme-Toolkit\target\classes\WEB-INF\views\authenticated\user-account\messages-en.i18n] with encoding 'utf-8' 
2022-04-20 15:08:45.458 DEBUG [acme.framework.configuration.ExtendedMessageSource@http-nio-8080-exec-3] Loading properties [C:\Users\juanq\Desktop\Workspace-22.0\Projects\Acme-Toolkit\target\classes\WEB-INF\views\fragments\banner-en.i18n] with encoding 'utf-8' 
2022-04-20 15:08:45.459 DEBUG [acme.framework.configuration.ExtendedMessageSource@http-nio-8080-exec-3] Loading properties [C:\Users\juanq\Desktop\Workspace-22.0\Projects\Acme-Toolkit\target\classes\WEB-INF\views\fragments\company-en.i18n] with encoding 'utf-8' 
2022-04-20 15:08:45.459 DEBUG [acme.framework.configuration.ExtendedMessageSource@http-nio-8080-exec-3] Loading properties [C:\Users\juanq\Desktop\Workspace-22.0\Projects\Acme-Toolkit\target\classes\WEB-INF\views\fragments\footer-en.i18n] with encoding 'utf-8' 
2022-04-20 15:08:45.459 DEBUG [acme.framework.configuration.ExtendedMessageSource@http-nio-8080-exec-3] Loading properties [C:\Users\juanq\Desktop\Workspace-22.0\Projects\Acme-Toolkit\target\classes\WEB-INF\views\fragments\license-en.i18n] with encoding 'utf-8' 
2022-04-20 15:08:45.460 DEBUG [acme.framework.configuration.ExtendedMessageSource@http-nio-8080-exec-3] Loading properties [C:\Users\juanq\Desktop\Workspace-22.0\Projects\Acme-Toolkit\target\classes\WEB-INF\views\fragments\menu-en.i18n] with encoding 'utf-8' 
2022-04-20 15:08:45.460 DEBUG [acme.framework.configuration.ExtendedMessageSource@http-nio-8080-exec-3] Loading properties [C:\Users\juanq\Desktop\Workspace-22.0\Projects\Acme-Toolkit\target\classes\WEB-INF\views\fragments\messsages-en.i18n] with encoding 'utf-8' 
2022-04-20 15:08:45.461 DEBUG [acme.framework.configuration.ExtendedMessageSource@http-nio-8080-exec-3] Loading properties [C:\Users\juanq\Desktop\Workspace-22.0\Projects\Acme-Toolkit\target\classes\WEB-INF\views\fragments\title-en.i18n] with encoding 'utf-8' 
2022-04-20 15:08:45.461 DEBUG [acme.framework.configuration.ExtendedMessageSource@http-nio-8080-exec-3] Loading properties [C:\Users\juanq\Desktop\Workspace-22.0\Projects\Acme-Toolkit\target\classes\WEB-INF\views\fragments\welcome-en.i18n] with encoding 'utf-8' 
2022-04-20 15:08:45.462 DEBUG [acme.framework.configuration.ExtendedMessageSource@http-nio-8080-exec-3] Loading properties [C:\Users\juanq\Desktop\Workspace-22.0\Projects\Acme-Toolkit\target\classes\WEB-INF\views\master\defaults-en.i18n] with encoding 'utf-8' 
2022-04-20 15:08:45.462 DEBUG [acme.framework.configuration.ExtendedMessageSource@http-nio-8080-exec-3] Loading properties [C:\Users\juanq\Desktop\Workspace-22.0\Projects\Acme-Toolkit\target\classes\WEB-INF\views\master\master-en.i18n] with encoding 'utf-8' 
2022-04-20 15:08:45.463 DEBUG [acme.framework.configuration.ExtendedMessageSource@http-nio-8080-exec-3] Loading properties [C:\Users\juanq\Desktop\Workspace-22.0\Projects\Acme-Toolkit\target\classes\WEB-INF\views\master\throwables-en.i18n] with encoding 'utf-8' 
2022-04-20 15:08:45.464 DEBUG [acme.framework.configuration.ExtendedMessageSource@http-nio-8080-exec-3] Loading properties [C:\Users\juanq\Desktop\Workspace-22.0\Projects\Acme-Toolkit\target\classes\WEB-INF\views\master\validation-en.i18n] with encoding 'utf-8' 
2022-04-20 15:08:45.470 DEBUG [acme.framework.configuration.ExtendedMessageSource@http-nio-8080-exec-3] Loading properties [C:\Users\juanq\Desktop\Workspace-22.0\Projects\Acme-Toolkit\target\classes\WEB-INF\views\administrator\user-account\messages-es.i18n] with encoding 'utf-8' 
2022-04-20 15:08:45.470 DEBUG [acme.framework.configuration.ExtendedMessageSource@http-nio-8080-exec-3] Loading properties [C:\Users\juanq\Desktop\Workspace-22.0\Projects\Acme-Toolkit\target\classes\WEB-INF\views\anonymous\user-account\messages-es.i18n] with encoding 'utf-8' 
2022-04-20 15:08:45.471 DEBUG [acme.framework.configuration.ExtendedMessageSource@http-nio-8080-exec-3] Loading properties [C:\Users\juanq\Desktop\Workspace-22.0\Projects\Acme-Toolkit\target\classes\WEB-INF\views\any\part-of\messages-es.i18n] with encoding 'utf-8' 
2022-04-20 15:08:45.472 DEBUG [acme.framework.configuration.ExtendedMessageSource@http-nio-8080-exec-3] Loading properties [C:\Users\juanq\Desktop\Workspace-22.0\Projects\Acme-Toolkit\target\classes\WEB-INF\views\any\tool-kit\messages-es.i18n] with encoding 'utf-8' 
2022-04-20 15:08:45.472 DEBUG [acme.framework.configuration.ExtendedMessageSource@http-nio-8080-exec-3] Loading properties [C:\Users\juanq\Desktop\Workspace-22.0\Projects\Acme-Toolkit\target\classes\WEB-INF\views\authenticated\announcement\messages-es.i18n] with encoding 'utf-8' 
2022-04-20 15:08:45.473 DEBUG [acme.framework.configuration.ExtendedMessageSource@http-nio-8080-exec-3] Loading properties [C:\Users\juanq\Desktop\Workspace-22.0\Projects\Acme-Toolkit\target\classes\WEB-INF\views\authenticated\consumer\messsages-es.i18n] with encoding 'utf-8' 
2022-04-20 15:08:45.473 DEBUG [acme.framework.configuration.ExtendedMessageSource@http-nio-8080-exec-3] Loading properties [C:\Users\juanq\Desktop\Workspace-22.0\Projects\Acme-Toolkit\target\classes\WEB-INF\views\authenticated\provider\messsages-es.i18n] with encoding 'utf-8' 
2022-04-20 15:08:45.474 DEBUG [acme.framework.configuration.ExtendedMessageSource@http-nio-8080-exec-3] Loading properties [C:\Users\juanq\Desktop\Workspace-22.0\Projects\Acme-Toolkit\target\classes\WEB-INF\views\authenticated\user-account\messages-es.i18n] with encoding 'utf-8' 
2022-04-20 15:08:45.474 DEBUG [acme.framework.configuration.ExtendedMessageSource@http-nio-8080-exec-3] Loading properties [C:\Users\juanq\Desktop\Workspace-22.0\Projects\Acme-Toolkit\target\classes\WEB-INF\views\fragments\banner-es.i18n] with encoding 'utf-8' 
2022-04-20 15:08:45.474 DEBUG [acme.framework.configuration.ExtendedMessageSource@http-nio-8080-exec-3] Loading properties [C:\Users\juanq\Desktop\Workspace-22.0\Projects\Acme-Toolkit\target\classes\WEB-INF\views\fragments\company-es.i18n] with encoding 'utf-8' 
2022-04-20 15:08:45.475 DEBUG [acme.framework.configuration.ExtendedMessageSource@http-nio-8080-exec-3] Loading properties [C:\Users\juanq\Desktop\Workspace-22.0\Projects\Acme-Toolkit\target\classes\WEB-INF\views\fragments\footer-es.i18n] with encoding 'utf-8' 
2022-04-20 15:08:45.475 DEBUG [acme.framework.configuration.ExtendedMessageSource@http-nio-8080-exec-3] Loading properties [C:\Users\juanq\Desktop\Workspace-22.0\Projects\Acme-Toolkit\target\classes\WEB-INF\views\fragments\license-es.i18n] with encoding 'utf-8' 
2022-04-20 15:08:45.476 DEBUG [acme.framework.configuration.ExtendedMessageSource@http-nio-8080-exec-3] Loading properties [C:\Users\juanq\Desktop\Workspace-22.0\Projects\Acme-Toolkit\target\classes\WEB-INF\views\fragments\menu-es.i18n] with encoding 'utf-8' 
2022-04-20 15:08:45.477 DEBUG [acme.framework.configuration.ExtendedMessageSource@http-nio-8080-exec-3] Loading properties [C:\Users\juanq\Desktop\Workspace-22.0\Projects\Acme-Toolkit\target\classes\WEB-INF\views\fragments\messsages-es.i18n] with encoding 'utf-8' 
2022-04-20 15:08:45.477 DEBUG [acme.framework.configuration.ExtendedMessageSource@http-nio-8080-exec-3] Loading properties [C:\Users\juanq\Desktop\Workspace-22.0\Projects\Acme-Toolkit\target\classes\WEB-INF\views\fragments\title-es.i18n] with encoding 'utf-8' 
2022-04-20 15:08:45.477 DEBUG [acme.framework.configuration.ExtendedMessageSource@http-nio-8080-exec-3] Loading properties [C:\Users\juanq\Desktop\Workspace-22.0\Projects\Acme-Toolkit\target\classes\WEB-INF\views\fragments\welcome-es.i18n] with encoding 'utf-8' 
2022-04-20 15:08:45.480 DEBUG [acme.framework.configuration.ExtendedMessageSource@http-nio-8080-exec-3] Loading properties [C:\Users\juanq\Desktop\Workspace-22.0\Projects\Acme-Toolkit\target\classes\WEB-INF\views\master\defaults-es.i18n] with encoding 'utf-8' 
2022-04-20 15:08:45.483 DEBUG [acme.framework.configuration.ExtendedMessageSource@http-nio-8080-exec-3] Loading properties [C:\Users\juanq\Desktop\Workspace-22.0\Projects\Acme-Toolkit\target\classes\WEB-INF\views\master\master-es.i18n] with encoding 'utf-8' 
2022-04-20 15:08:45.485 DEBUG [acme.framework.configuration.ExtendedMessageSource@http-nio-8080-exec-3] Loading properties [C:\Users\juanq\Desktop\Workspace-22.0\Projects\Acme-Toolkit\target\classes\WEB-INF\views\master\throwables-es.i18n] with encoding 'utf-8' 
2022-04-20 15:08:45.486 DEBUG [acme.framework.configuration.ExtendedMessageSource@http-nio-8080-exec-3] Loading properties [C:\Users\juanq\Desktop\Workspace-22.0\Projects\Acme-Toolkit\target\classes\WEB-INF\views\master\validation-es.i18n] with encoding 'utf-8' 
2022-04-20 15:08:45.605 DEBUG [org.apache.jasper.servlet.JspServlet@http-nio-8080-exec-3] JspEngine --> /WEB-INF/views/fragments/welcome.jsp 
2022-04-20 15:08:45.606 DEBUG [org.apache.jasper.servlet.JspServlet@http-nio-8080-exec-3] ServletPath: /WEB-INF/views/master/page.jsp 
2022-04-20 15:08:45.606 DEBUG [org.apache.jasper.servlet.JspServlet@http-nio-8080-exec-3] PathInfo: null 
2022-04-20 15:08:45.607 DEBUG [org.apache.jasper.servlet.JspServlet@http-nio-8080-exec-3] RealPath: C:\Users\juanq\Desktop\Workspace-22.0\Projects\Acme-Toolkit\target\classes\WEB-INF\views\fragments\welcome.jsp 
2022-04-20 15:08:45.607 DEBUG [org.apache.jasper.servlet.JspServlet@http-nio-8080-exec-3] RequestURI: /acme-toolkit-22.1/WEB-INF/views/master/page.jsp 
2022-04-20 15:08:45.607 DEBUG [org.apache.jasper.servlet.JspServlet@http-nio-8080-exec-3] QueryString: null 
2022-04-20 15:08:45.817 DEBUG [org.hibernate.SQL@http-nio-8080-exec-3] select useraccoun0_.id as id1_0_, useraccoun0_.version as version2_0_, useraccoun0_.enabled as enabled1_17_, useraccoun0_.identity as identity2_17_, useraccoun0_.password as password3_17_, useraccoun0_.username as username4_17_ from user_account useraccoun0_ where useraccoun0_.username=? 
2022-04-20 15:08:45.831 TRACE [org.hibernate.type.descriptor.sql.BasicBinder@http-nio-8080-exec-3] binding parameter [1] as [VARCHAR] - [anonymous] 
2022-04-20 15:08:45.869 DEBUG [org.hibernate.SQL@http-nio-8080-exec-3] select roles0_.user_account_id as user_acc1_18_0_, roles0_.id as id1_18_0_, roles0_.id as id1_0_1_, roles0_.version as version2_0_1_, roles0_.user_account_id as user_acc1_18_1_, roles0_.company as company1_8_1_, roles0_.sector as sector2_8_1_, roles0_.company as company1_9_1_, roles0_.link as link2_9_1_, roles0_.statement as statemen3_9_1_, roles0_.company as company1_11_1_, roles0_.link as link2_11_1_, roles0_.statement as statemen3_11_1_, roles0_.company as company1_14_1_, roles0_.sector as sector2_14_1_, roles0_.clazz_ as clazz_1_ from ( select id, version, user_account_id, company, sector, null as link, null as statement, 9 as clazz_ from consumer union all select id, version, user_account_id, company, null as sector, link, statement, 10 as clazz_ from inventor union all select id, version, user_account_id, company, null as sector, link, statement, 11 as clazz_ from patron union all select id, version, user_account_id, company, sector, null as link, null as statement, 12 as clazz_ from provider union all select id, version, user_account_id, null as company, null as sector, null as link, null as statement, 15 as clazz_ from administrator union all select id, version, user_account_id, null as company, null as sector, null as link, null as statement, 16 as clazz_ from anonymous union all select id, version, user_account_id, null as company, null as sector, null as link, null as statement, 17 as clazz_ from any union all select id, version, user_account_id, null as company, null as sector, null as link, null as statement, 18 as clazz_ from authenticated ) roles0_ where roles0_.user_account_id=? 
2022-04-20 15:08:45.870 TRACE [org.hibernate.type.descriptor.sql.BasicBinder@http-nio-8080-exec-3] binding parameter [1] as [INTEGER] - [1] 
2022-04-20 15:08:47.765 DEBUG [acme.framework.controllers.AbstractController@http-nio-8080-exec-3] DISPATCHING GET /acme-toolkit-22.1/any/tool-kit/list 
2022-04-20 15:08:47.765 DEBUG [acme.framework.controllers.AbstractController@http-nio-8080-exec-3] Command: list 
2022-04-20 15:08:47.765 DEBUG [acme.framework.controllers.AbstractController@http-nio-8080-exec-3] Model:   {} 
2022-04-20 15:08:47.765 DEBUG [acme.framework.controllers.AbstractController@http-nio-8080-exec-3] Locale:  es 
2022-04-20 15:08:47.775 DEBUG [org.hibernate.SQL@http-nio-8080-exec-3] select useraccoun0_.id as id1_0_, useraccoun0_.version as version2_0_, useraccoun0_.enabled as enabled1_17_, useraccoun0_.identity as identity2_17_, useraccoun0_.password as password3_17_, useraccoun0_.username as username4_17_ from user_account useraccoun0_ where useraccoun0_.username=? 
2022-04-20 15:08:47.775 TRACE [org.hibernate.type.descriptor.sql.BasicBinder@http-nio-8080-exec-3] binding parameter [1] as [VARCHAR] - [anonymous] 
2022-04-20 15:08:47.777 DEBUG [org.hibernate.SQL@http-nio-8080-exec-3] select roles0_.user_account_id as user_acc1_18_0_, roles0_.id as id1_18_0_, roles0_.id as id1_0_1_, roles0_.version as version2_0_1_, roles0_.user_account_id as user_acc1_18_1_, roles0_.company as company1_8_1_, roles0_.sector as sector2_8_1_, roles0_.company as company1_9_1_, roles0_.link as link2_9_1_, roles0_.statement as statemen3_9_1_, roles0_.company as company1_11_1_, roles0_.link as link2_11_1_, roles0_.statement as statemen3_11_1_, roles0_.company as company1_14_1_, roles0_.sector as sector2_14_1_, roles0_.clazz_ as clazz_1_ from ( select id, version, user_account_id, company, sector, null as link, null as statement, 9 as clazz_ from consumer union all select id, version, user_account_id, company, null as sector, link, statement, 10 as clazz_ from inventor union all select id, version, user_account_id, company, null as sector, link, statement, 11 as clazz_ from patron union all select id, version, user_account_id, company, sector, null as link, null as statement, 12 as clazz_ from provider union all select id, version, user_account_id, null as company, null as sector, null as link, null as statement, 15 as clazz_ from administrator union all select id, version, user_account_id, null as company, null as sector, null as link, null as statement, 16 as clazz_ from anonymous union all select id, version, user_account_id, null as company, null as sector, null as link, null as statement, 17 as clazz_ from any union all select id, version, user_account_id, null as company, null as sector, null as link, null as statement, 18 as clazz_ from authenticated ) roles0_ where roles0_.user_account_id=? 
2022-04-20 15:08:47.777 TRACE [org.hibernate.type.descriptor.sql.BasicBinder@http-nio-8080-exec-3] binding parameter [1] as [INTEGER] - [1] 
2022-04-20 15:08:47.798 DEBUG [org.hibernate.SQL@http-nio-8080-exec-3] select toolkit0_.id as id1_0_, toolkit0_.version as version2_0_, toolkit0_.assembly_notes as assembly1_16_, toolkit0_.code as code2_16_, toolkit0_.description as descript3_16_, toolkit0_.link as link4_16_, toolkit0_.title as title5_16_ from tool_kit toolkit0_ 
2022-04-20 15:08:47.813 DEBUG [acme.framework.controllers.AbstractController@http-nio-8080-exec-3] SERVING GET /acme-toolkit-22.1/any/tool-kit/list 
2022-04-20 15:08:47.813 DEBUG [acme.framework.controllers.AbstractController@http-nio-8080-exec-3] Result: ModelAndView [view="any/tool-kit/list"; model={description[1]=This is the first toolkit, description[2]=This is the first toolkit, description[3]=This artifact's description will add up to 155 characters in total to check the constraints work as intended so this text is just here to lengthen the stringAAAAAAAAAAAAAAAAAAAAAAAAAAAAAAAAAAAAAAAAAAAAAAAAAAAAAAAAAAAAAAAAAAAAAAAAAAAAAAAAAAAAAAAAAAAAAAAAAA, title[3]=Toolkit 2, version[3]=0, title[1]=Toolkit 4, version[2]=0, description[0]=This is the first toolkit, version[1]=0, title[2]=Toolkit 1, list$size=4, code[0]=QXA-001-Z, version[0]=0, title[0]=toolkit long 100 length string titleAAAAAAAAAAAAAAAAAAAAAAAAAAAAAAAAAAAAAAAAAAAAAAAAAAAAAAAAAAAAAAAA, code[1]=AKL-869-A, id[1]=14, code[2]=AAA-000-P, id[0]=13, code[3]=ZZZ-999-A, id[3]=16, id[2]=15, command=list, principal=acme.framework.entities.Principal@1559cfe6}] 
2022-04-20 15:08:47.818 DEBUG [acme.framework.components.tiles.DynamicTilesView@http-nio-8080-exec-3] View name 'any/tool-kit/list', model {description[1]=This is the first toolkit, description[2]=This is the first toolkit, description[3]=This artifact's description will add up to 155 characters in total to check the constraints work as intended so this text is just here to lengthen the stringAAAAAAAAAAAAAAAAAAAAAAAAAAAAAAAAAAAAAAAAAAAAAAAAAAAAAAAAAAAAAAAAAAAAAAAAAAAAAAAAAAAAAAAAAAAAAAAAAA, title[3]=Toolkit 2, version[3]=0, title[1]=Toolkit 4, version[2]=0, description[0]=This is the first toolkit, version[1]=0, title[2]=Toolkit 1, list$size=4, code[0]=QXA-001-Z, version[0]=0, title[0]=toolkit long 100 length string titleAAAAAAAAAAAAAAAAAAAAAAAAAAAAAAAAAAAAAAAAAAAAAAAAAAAAAAAAAAAAAAAA, code[1]=AKL-869-A, id[1]=14, code[2]=AAA-000-P, id[0]=13, code[3]=ZZZ-999-A, id[3]=16, id[2]=15, command=list, principal=acme.framework.entities.Principal@1559cfe6, org.springframework.validation.BindingResult.principal=org.springframework.validation.BeanPropertyBindingResult: 0 errors} 
2022-04-20 15:08:47.819 DEBUG [org.apache.jasper.servlet.JspServlet@http-nio-8080-exec-3] JspEngine --> /WEB-INF/views/master/page.jsp 
2022-04-20 15:08:47.820 DEBUG [org.apache.jasper.servlet.JspServlet@http-nio-8080-exec-3] ServletPath: /WEB-INF/views/master/page.jsp 
2022-04-20 15:08:47.820 DEBUG [org.apache.jasper.servlet.JspServlet@http-nio-8080-exec-3] PathInfo: null 
2022-04-20 15:08:47.820 DEBUG [org.apache.jasper.servlet.JspServlet@http-nio-8080-exec-3] RealPath: C:\Users\juanq\Desktop\Workspace-22.0\Projects\Acme-Toolkit\target\classes\WEB-INF\views\master\page.jsp 
2022-04-20 15:08:47.821 DEBUG [org.apache.jasper.servlet.JspServlet@http-nio-8080-exec-3] RequestURI: /acme-toolkit-22.1/WEB-INF/views/master/page.jsp 
2022-04-20 15:08:47.821 DEBUG [org.apache.jasper.servlet.JspServlet@http-nio-8080-exec-3] QueryString: null 
2022-04-20 15:08:47.896 DEBUG [org.apache.jasper.servlet.JspServlet@http-nio-8080-exec-3] JspEngine --> /WEB-INF/views/any/tool-kit/list.jsp 
2022-04-20 15:08:47.897 DEBUG [org.apache.jasper.servlet.JspServlet@http-nio-8080-exec-3] ServletPath: /WEB-INF/views/master/page.jsp 
2022-04-20 15:08:47.897 DEBUG [org.apache.jasper.servlet.JspServlet@http-nio-8080-exec-3] PathInfo: null 
2022-04-20 15:08:47.898 DEBUG [org.apache.jasper.servlet.JspServlet@http-nio-8080-exec-3] RealPath: C:\Users\juanq\Desktop\Workspace-22.0\Projects\Acme-Toolkit\target\classes\WEB-INF\views\any\tool-kit\list.jsp 
2022-04-20 15:08:47.898 DEBUG [org.apache.jasper.servlet.JspServlet@http-nio-8080-exec-3] RequestURI: /acme-toolkit-22.1/WEB-INF/views/master/page.jsp 
2022-04-20 15:08:47.898 DEBUG [org.apache.jasper.servlet.JspServlet@http-nio-8080-exec-3] QueryString: null 
2022-04-20 15:08:48.579 DEBUG [org.hibernate.SQL@http-nio-8080-exec-3] select useraccoun0_.id as id1_0_, useraccoun0_.version as version2_0_, useraccoun0_.enabled as enabled1_17_, useraccoun0_.identity as identity2_17_, useraccoun0_.password as password3_17_, useraccoun0_.username as username4_17_ from user_account useraccoun0_ where useraccoun0_.username=? 
2022-04-20 15:08:48.579 TRACE [org.hibernate.type.descriptor.sql.BasicBinder@http-nio-8080-exec-3] binding parameter [1] as [VARCHAR] - [anonymous] 
2022-04-20 15:08:48.580 DEBUG [org.hibernate.SQL@http-nio-8080-exec-3] select roles0_.user_account_id as user_acc1_18_0_, roles0_.id as id1_18_0_, roles0_.id as id1_0_1_, roles0_.version as version2_0_1_, roles0_.user_account_id as user_acc1_18_1_, roles0_.company as company1_8_1_, roles0_.sector as sector2_8_1_, roles0_.company as company1_9_1_, roles0_.link as link2_9_1_, roles0_.statement as statemen3_9_1_, roles0_.company as company1_11_1_, roles0_.link as link2_11_1_, roles0_.statement as statemen3_11_1_, roles0_.company as company1_14_1_, roles0_.sector as sector2_14_1_, roles0_.clazz_ as clazz_1_ from ( select id, version, user_account_id, company, sector, null as link, null as statement, 9 as clazz_ from consumer union all select id, version, user_account_id, company, null as sector, link, statement, 10 as clazz_ from inventor union all select id, version, user_account_id, company, null as sector, link, statement, 11 as clazz_ from patron union all select id, version, user_account_id, company, sector, null as link, null as statement, 12 as clazz_ from provider union all select id, version, user_account_id, null as company, null as sector, null as link, null as statement, 15 as clazz_ from administrator union all select id, version, user_account_id, null as company, null as sector, null as link, null as statement, 16 as clazz_ from anonymous union all select id, version, user_account_id, null as company, null as sector, null as link, null as statement, 17 as clazz_ from any union all select id, version, user_account_id, null as company, null as sector, null as link, null as statement, 18 as clazz_ from authenticated ) roles0_ where roles0_.user_account_id=? 
2022-04-20 15:08:48.581 TRACE [org.hibernate.type.descriptor.sql.BasicBinder@http-nio-8080-exec-3] binding parameter [1] as [INTEGER] - [1] 
2022-04-20 15:08:51.192 DEBUG [acme.framework.controllers.AbstractController@http-nio-8080-exec-7] DISPATCHING GET /acme-toolkit-22.1/any/tool-kit/show 
2022-04-20 15:08:51.192 DEBUG [acme.framework.controllers.AbstractController@http-nio-8080-exec-7] Command: show 
2022-04-20 15:08:51.192 DEBUG [acme.framework.controllers.AbstractController@http-nio-8080-exec-7] Model:   {id=15} 
2022-04-20 15:08:51.192 DEBUG [acme.framework.controllers.AbstractController@http-nio-8080-exec-7] Locale:  es 
2022-04-20 15:08:51.193 DEBUG [org.hibernate.SQL@http-nio-8080-exec-7] select useraccoun0_.id as id1_0_, useraccoun0_.version as version2_0_, useraccoun0_.enabled as enabled1_17_, useraccoun0_.identity as identity2_17_, useraccoun0_.password as password3_17_, useraccoun0_.username as username4_17_ from user_account useraccoun0_ where useraccoun0_.username=? 
2022-04-20 15:08:51.194 TRACE [org.hibernate.type.descriptor.sql.BasicBinder@http-nio-8080-exec-7] binding parameter [1] as [VARCHAR] - [anonymous] 
2022-04-20 15:08:51.196 DEBUG [org.hibernate.SQL@http-nio-8080-exec-7] select roles0_.user_account_id as user_acc1_18_0_, roles0_.id as id1_18_0_, roles0_.id as id1_0_1_, roles0_.version as version2_0_1_, roles0_.user_account_id as user_acc1_18_1_, roles0_.company as company1_8_1_, roles0_.sector as sector2_8_1_, roles0_.company as company1_9_1_, roles0_.link as link2_9_1_, roles0_.statement as statemen3_9_1_, roles0_.company as company1_11_1_, roles0_.link as link2_11_1_, roles0_.statement as statemen3_11_1_, roles0_.company as company1_14_1_, roles0_.sector as sector2_14_1_, roles0_.clazz_ as clazz_1_ from ( select id, version, user_account_id, company, sector, null as link, null as statement, 9 as clazz_ from consumer union all select id, version, user_account_id, company, null as sector, link, statement, 10 as clazz_ from inventor union all select id, version, user_account_id, company, null as sector, link, statement, 11 as clazz_ from patron union all select id, version, user_account_id, company, sector, null as link, null as statement, 12 as clazz_ from provider union all select id, version, user_account_id, null as company, null as sector, null as link, null as statement, 15 as clazz_ from administrator union all select id, version, user_account_id, null as company, null as sector, null as link, null as statement, 16 as clazz_ from anonymous union all select id, version, user_account_id, null as company, null as sector, null as link, null as statement, 17 as clazz_ from any union all select id, version, user_account_id, null as company, null as sector, null as link, null as statement, 18 as clazz_ from authenticated ) roles0_ where roles0_.user_account_id=? 
2022-04-20 15:08:51.197 TRACE [org.hibernate.type.descriptor.sql.BasicBinder@http-nio-8080-exec-7] binding parameter [1] as [INTEGER] - [1] 
2022-04-20 15:08:51.203 DEBUG [org.hibernate.SQL@http-nio-8080-exec-7] select toolkit0_.id as id1_0_, toolkit0_.version as version2_0_, toolkit0_.assembly_notes as assembly1_16_, toolkit0_.code as code2_16_, toolkit0_.description as descript3_16_, toolkit0_.link as link4_16_, toolkit0_.title as title5_16_ from tool_kit toolkit0_ where toolkit0_.id=? 
2022-04-20 15:08:51.203 TRACE [org.hibernate.type.descriptor.sql.BasicBinder@http-nio-8080-exec-7] binding parameter [1] as [INTEGER] - [15] 
2022-04-20 15:08:51.205 DEBUG [acme.framework.controllers.AbstractController@http-nio-8080-exec-7] SERVING GET /acme-toolkit-22.1/any/tool-kit/show 
2022-04-20 15:08:51.205 DEBUG [acme.framework.controllers.AbstractController@http-nio-8080-exec-7] Result: ModelAndView [view="any/tool-kit/form"; model={assemblyNotes=Assembly notes for toolkit number 1, code=AAA-000-P, link=https://es.wikipedia.org/wiki/Artefacto, description=This is the first toolkit, id=15, title=Toolkit 1, version=0, command=show, principal=acme.framework.entities.Principal@1b079039}] 
2022-04-20 15:08:51.206 DEBUG [acme.framework.components.tiles.DynamicTilesView@http-nio-8080-exec-7] View name 'any/tool-kit/form', model {assemblyNotes=Assembly notes for toolkit number 1, code=AAA-000-P, link=https://es.wikipedia.org/wiki/Artefacto, description=This is the first toolkit, id=15, title=Toolkit 1, version=0, command=show, principal=acme.framework.entities.Principal@1b079039, org.springframework.validation.BindingResult.principal=org.springframework.validation.BeanPropertyBindingResult: 0 errors} 
2022-04-20 15:08:51.206 DEBUG [org.apache.jasper.servlet.JspServlet@http-nio-8080-exec-7] JspEngine --> /WEB-INF/views/master/page.jsp 
2022-04-20 15:08:51.207 DEBUG [org.apache.jasper.servlet.JspServlet@http-nio-8080-exec-7] ServletPath: /WEB-INF/views/master/page.jsp 
2022-04-20 15:08:51.207 DEBUG [org.apache.jasper.servlet.JspServlet@http-nio-8080-exec-7] PathInfo: null 
2022-04-20 15:08:51.208 DEBUG [org.apache.jasper.servlet.JspServlet@http-nio-8080-exec-7] RealPath: C:\Users\juanq\Desktop\Workspace-22.0\Projects\Acme-Toolkit\target\classes\WEB-INF\views\master\page.jsp 
2022-04-20 15:08:51.208 DEBUG [org.apache.jasper.servlet.JspServlet@http-nio-8080-exec-7] RequestURI: /acme-toolkit-22.1/WEB-INF/views/master/page.jsp 
2022-04-20 15:08:51.208 DEBUG [org.apache.jasper.servlet.JspServlet@http-nio-8080-exec-7] QueryString: id=15 
2022-04-20 15:08:51.276 DEBUG [org.apache.jasper.servlet.JspServlet@http-nio-8080-exec-7] JspEngine --> /WEB-INF/views/any/tool-kit/form.jsp 
2022-04-20 15:08:51.276 DEBUG [org.apache.jasper.servlet.JspServlet@http-nio-8080-exec-7] ServletPath: /WEB-INF/views/master/page.jsp 
2022-04-20 15:08:51.276 DEBUG [org.apache.jasper.servlet.JspServlet@http-nio-8080-exec-7] PathInfo: null 
2022-04-20 15:08:51.276 DEBUG [org.apache.jasper.servlet.JspServlet@http-nio-8080-exec-7] RealPath: C:\Users\juanq\Desktop\Workspace-22.0\Projects\Acme-Toolkit\target\classes\WEB-INF\views\any\tool-kit\form.jsp 
2022-04-20 15:08:51.276 DEBUG [org.apache.jasper.servlet.JspServlet@http-nio-8080-exec-7] RequestURI: /acme-toolkit-22.1/WEB-INF/views/master/page.jsp 
2022-04-20 15:08:51.276 DEBUG [org.apache.jasper.servlet.JspServlet@http-nio-8080-exec-7] QueryString: id=15 
2022-04-20 15:08:51.906 DEBUG [org.hibernate.SQL@http-nio-8080-exec-7] select useraccoun0_.id as id1_0_, useraccoun0_.version as version2_0_, useraccoun0_.enabled as enabled1_17_, useraccoun0_.identity as identity2_17_, useraccoun0_.password as password3_17_, useraccoun0_.username as username4_17_ from user_account useraccoun0_ where useraccoun0_.username=? 
2022-04-20 15:08:51.907 TRACE [org.hibernate.type.descriptor.sql.BasicBinder@http-nio-8080-exec-7] binding parameter [1] as [VARCHAR] - [anonymous] 
2022-04-20 15:08:51.908 DEBUG [org.hibernate.SQL@http-nio-8080-exec-7] select roles0_.user_account_id as user_acc1_18_0_, roles0_.id as id1_18_0_, roles0_.id as id1_0_1_, roles0_.version as version2_0_1_, roles0_.user_account_id as user_acc1_18_1_, roles0_.company as company1_8_1_, roles0_.sector as sector2_8_1_, roles0_.company as company1_9_1_, roles0_.link as link2_9_1_, roles0_.statement as statemen3_9_1_, roles0_.company as company1_11_1_, roles0_.link as link2_11_1_, roles0_.statement as statemen3_11_1_, roles0_.company as company1_14_1_, roles0_.sector as sector2_14_1_, roles0_.clazz_ as clazz_1_ from ( select id, version, user_account_id, company, sector, null as link, null as statement, 9 as clazz_ from consumer union all select id, version, user_account_id, company, null as sector, link, statement, 10 as clazz_ from inventor union all select id, version, user_account_id, company, null as sector, link, statement, 11 as clazz_ from patron union all select id, version, user_account_id, company, sector, null as link, null as statement, 12 as clazz_ from provider union all select id, version, user_account_id, null as company, null as sector, null as link, null as statement, 15 as clazz_ from administrator union all select id, version, user_account_id, null as company, null as sector, null as link, null as statement, 16 as clazz_ from anonymous union all select id, version, user_account_id, null as company, null as sector, null as link, null as statement, 17 as clazz_ from any union all select id, version, user_account_id, null as company, null as sector, null as link, null as statement, 18 as clazz_ from authenticated ) roles0_ where roles0_.user_account_id=? 
2022-04-20 15:08:51.908 TRACE [org.hibernate.type.descriptor.sql.BasicBinder@http-nio-8080-exec-7] binding parameter [1] as [INTEGER] - [1] 
2022-04-20 15:08:53.028 DEBUG [acme.framework.controllers.AbstractController@http-nio-8080-exec-6] DISPATCHING GET /acme-toolkit-22.1/any/part-of/list 
2022-04-20 15:08:53.028 DEBUG [acme.framework.controllers.AbstractController@http-nio-8080-exec-6] Command: list 
2022-04-20 15:08:53.028 DEBUG [acme.framework.controllers.AbstractController@http-nio-8080-exec-6] Model:   {masterId=15} 
2022-04-20 15:08:53.028 DEBUG [acme.framework.controllers.AbstractController@http-nio-8080-exec-6] Locale:  es 
2022-04-20 15:08:53.030 DEBUG [org.hibernate.SQL@http-nio-8080-exec-6] select useraccoun0_.id as id1_0_, useraccoun0_.version as version2_0_, useraccoun0_.enabled as enabled1_17_, useraccoun0_.identity as identity2_17_, useraccoun0_.password as password3_17_, useraccoun0_.username as username4_17_ from user_account useraccoun0_ where useraccoun0_.username=? 
2022-04-20 15:08:53.030 TRACE [org.hibernate.type.descriptor.sql.BasicBinder@http-nio-8080-exec-6] binding parameter [1] as [VARCHAR] - [anonymous] 
2022-04-20 15:08:53.033 DEBUG [org.hibernate.SQL@http-nio-8080-exec-6] select roles0_.user_account_id as user_acc1_18_0_, roles0_.id as id1_18_0_, roles0_.id as id1_0_1_, roles0_.version as version2_0_1_, roles0_.user_account_id as user_acc1_18_1_, roles0_.company as company1_8_1_, roles0_.sector as sector2_8_1_, roles0_.company as company1_9_1_, roles0_.link as link2_9_1_, roles0_.statement as statemen3_9_1_, roles0_.company as company1_11_1_, roles0_.link as link2_11_1_, roles0_.statement as statemen3_11_1_, roles0_.company as company1_14_1_, roles0_.sector as sector2_14_1_, roles0_.clazz_ as clazz_1_ from ( select id, version, user_account_id, company, sector, null as link, null as statement, 9 as clazz_ from consumer union all select id, version, user_account_id, company, null as sector, link, statement, 10 as clazz_ from inventor union all select id, version, user_account_id, company, null as sector, link, statement, 11 as clazz_ from patron union all select id, version, user_account_id, company, sector, null as link, null as statement, 12 as clazz_ from provider union all select id, version, user_account_id, null as company, null as sector, null as link, null as statement, 15 as clazz_ from administrator union all select id, version, user_account_id, null as company, null as sector, null as link, null as statement, 16 as clazz_ from anonymous union all select id, version, user_account_id, null as company, null as sector, null as link, null as statement, 17 as clazz_ from any union all select id, version, user_account_id, null as company, null as sector, null as link, null as statement, 18 as clazz_ from authenticated ) roles0_ where roles0_.user_account_id=? 
2022-04-20 15:08:53.033 TRACE [org.hibernate.type.descriptor.sql.BasicBinder@http-nio-8080-exec-6] binding parameter [1] as [INTEGER] - [1] 
2022-04-20 15:08:53.037 DEBUG [org.hibernate.SQL@http-nio-8080-exec-6] select toolkit0_.id as id1_0_, toolkit0_.version as version2_0_, toolkit0_.assembly_notes as assembly1_16_, toolkit0_.code as code2_16_, toolkit0_.description as descript3_16_, toolkit0_.link as link4_16_, toolkit0_.title as title5_16_ from tool_kit toolkit0_ where toolkit0_.id=? 
2022-04-20 15:08:53.037 TRACE [org.hibernate.type.descriptor.sql.BasicBinder@http-nio-8080-exec-6] binding parameter [1] as [INTEGER] - [15] 
2022-04-20 15:08:53.041 DEBUG [org.hibernate.SQL@http-nio-8080-exec-6] select partof0_.id as id1_0_, partof0_.version as version2_0_, partof0_.artifact_id as artifact2_10_, partof0_.quantity as quantity1_10_, partof0_.toolkit_id as toolkit_3_10_ from part_of partof0_ where partof0_.toolkit_id=? 
2022-04-20 15:08:53.041 TRACE [org.hibernate.type.descriptor.sql.BasicBinder@http-nio-8080-exec-6] binding parameter [1] as [INTEGER] - [15] 
2022-04-20 15:08:53.042 DEBUG [org.hibernate.SQL@http-nio-8080-exec-6] select artifact0_.id as id1_0_0_, artifact0_.version as version2_0_0_, artifact0_.code as code1_5_0_, artifact0_.description as descript2_5_0_, artifact0_.inventor_id as inventor9_5_0_, artifact0_.link as link3_5_0_, artifact0_.name as name4_5_0_, artifact0_.retail_price_amount as retail_p5_5_0_, artifact0_.retail_price_currency as retail_p6_5_0_, artifact0_.technology as technolo7_5_0_, artifact0_.type as type8_5_0_, inventor1_.id as id1_0_1_, inventor1_.version as version2_0_1_, inventor1_.user_account_id as user_acc1_18_1_, inventor1_.company as company1_9_1_, inventor1_.link as link2_9_1_, inventor1_.statement as statemen3_9_1_, useraccoun2_.id as id1_0_2_, useraccoun2_.version as version2_0_2_, useraccoun2_.enabled as enabled1_17_2_, useraccoun2_.identity as identity2_17_2_, useraccoun2_.password as password3_17_2_, useraccoun2_.username as username4_17_2_ from artifact artifact0_ inner join inventor inventor1_ on artifact0_.inventor_id=inventor1_.id inner join user_account useraccoun2_ on inventor1_.user_account_id=useraccoun2_.id where artifact0_.id=? 
2022-04-20 15:08:53.042 TRACE [org.hibernate.type.descriptor.sql.BasicBinder@http-nio-8080-exec-6] binding parameter [1] as [INTEGER] - [29] 
2022-04-20 15:08:53.045 DEBUG [org.hibernate.SQL@http-nio-8080-exec-6] select artifact0_.id as id1_0_0_, artifact0_.version as version2_0_0_, artifact0_.code as code1_5_0_, artifact0_.description as descript2_5_0_, artifact0_.inventor_id as inventor9_5_0_, artifact0_.link as link3_5_0_, artifact0_.name as name4_5_0_, artifact0_.retail_price_amount as retail_p5_5_0_, artifact0_.retail_price_currency as retail_p6_5_0_, artifact0_.technology as technolo7_5_0_, artifact0_.type as type8_5_0_, inventor1_.id as id1_0_1_, inventor1_.version as version2_0_1_, inventor1_.user_account_id as user_acc1_18_1_, inventor1_.company as company1_9_1_, inventor1_.link as link2_9_1_, inventor1_.statement as statemen3_9_1_, useraccoun2_.id as id1_0_2_, useraccoun2_.version as version2_0_2_, useraccoun2_.enabled as enabled1_17_2_, useraccoun2_.identity as identity2_17_2_, useraccoun2_.password as password3_17_2_, useraccoun2_.username as username4_17_2_ from artifact artifact0_ inner join inventor inventor1_ on artifact0_.inventor_id=inventor1_.id inner join user_account useraccoun2_ on inventor1_.user_account_id=useraccoun2_.id where artifact0_.id=? 
2022-04-20 15:08:53.046 TRACE [org.hibernate.type.descriptor.sql.BasicBinder@http-nio-8080-exec-6] binding parameter [1] as [INTEGER] - [30] 
2022-04-20 15:08:53.048 DEBUG [org.hibernate.SQL@http-nio-8080-exec-6] select artifact0_.id as id1_0_0_, artifact0_.version as version2_0_0_, artifact0_.code as code1_5_0_, artifact0_.description as descript2_5_0_, artifact0_.inventor_id as inventor9_5_0_, artifact0_.link as link3_5_0_, artifact0_.name as name4_5_0_, artifact0_.retail_price_amount as retail_p5_5_0_, artifact0_.retail_price_currency as retail_p6_5_0_, artifact0_.technology as technolo7_5_0_, artifact0_.type as type8_5_0_, inventor1_.id as id1_0_1_, inventor1_.version as version2_0_1_, inventor1_.user_account_id as user_acc1_18_1_, inventor1_.company as company1_9_1_, inventor1_.link as link2_9_1_, inventor1_.statement as statemen3_9_1_, useraccoun2_.id as id1_0_2_, useraccoun2_.version as version2_0_2_, useraccoun2_.enabled as enabled1_17_2_, useraccoun2_.identity as identity2_17_2_, useraccoun2_.password as password3_17_2_, useraccoun2_.username as username4_17_2_ from artifact artifact0_ inner join inventor inventor1_ on artifact0_.inventor_id=inventor1_.id inner join user_account useraccoun2_ on inventor1_.user_account_id=useraccoun2_.id where artifact0_.id=? 
2022-04-20 15:08:53.048 TRACE [org.hibernate.type.descriptor.sql.BasicBinder@http-nio-8080-exec-6] binding parameter [1] as [INTEGER] - [32] 
2022-04-20 15:08:53.058 DEBUG [acme.framework.controllers.AbstractController@http-nio-8080-exec-6] SERVING GET /acme-toolkit-22.1/any/part-of/list 
2022-04-20 15:08:53.058 DEBUG [acme.framework.controllers.AbstractController@http-nio-8080-exec-6] Result: ModelAndView [view="any/part-of/list"; model={version[2]=0, version[1]=0, artifact.name[1]=A, artifact.name[0]=Artifact 1, list$size=3, quantity[0]=4, quantity[1]=2, quantity[2]=1, artifact.name[2]=Artifact 1, version[0]=0, id[1]=39, id[0]=38, id[2]=40, command=list, principal=acme.framework.entities.Principal@20afdd87}] 
2022-04-20 15:08:53.059 DEBUG [acme.framework.components.tiles.DynamicTilesView@http-nio-8080-exec-6] View name 'any/part-of/list', model {version[2]=0, version[1]=0, artifact.name[1]=A, artifact.name[0]=Artifact 1, list$size=3, quantity[0]=4, quantity[1]=2, quantity[2]=1, artifact.name[2]=Artifact 1, version[0]=0, id[1]=39, id[0]=38, id[2]=40, command=list, principal=acme.framework.entities.Principal@20afdd87, org.springframework.validation.BindingResult.principal=org.springframework.validation.BeanPropertyBindingResult: 0 errors} 
2022-04-20 15:08:53.059 DEBUG [org.apache.jasper.servlet.JspServlet@http-nio-8080-exec-6] JspEngine --> /WEB-INF/views/master/page.jsp 
2022-04-20 15:08:53.060 DEBUG [org.apache.jasper.servlet.JspServlet@http-nio-8080-exec-6] ServletPath: /WEB-INF/views/master/page.jsp 
2022-04-20 15:08:53.060 DEBUG [org.apache.jasper.servlet.JspServlet@http-nio-8080-exec-6] PathInfo: null 
2022-04-20 15:08:53.061 DEBUG [org.apache.jasper.servlet.JspServlet@http-nio-8080-exec-6] RealPath: C:\Users\juanq\Desktop\Workspace-22.0\Projects\Acme-Toolkit\target\classes\WEB-INF\views\master\page.jsp 
2022-04-20 15:08:53.061 DEBUG [org.apache.jasper.servlet.JspServlet@http-nio-8080-exec-6] RequestURI: /acme-toolkit-22.1/WEB-INF/views/master/page.jsp 
2022-04-20 15:08:53.061 DEBUG [org.apache.jasper.servlet.JspServlet@http-nio-8080-exec-6] QueryString: masterId=15 
2022-04-20 15:08:53.126 DEBUG [org.apache.jasper.servlet.JspServlet@http-nio-8080-exec-6] JspEngine --> /WEB-INF/views/any/part-of/list.jsp 
2022-04-20 15:08:53.126 DEBUG [org.apache.jasper.servlet.JspServlet@http-nio-8080-exec-6] ServletPath: /WEB-INF/views/master/page.jsp 
2022-04-20 15:08:53.126 DEBUG [org.apache.jasper.servlet.JspServlet@http-nio-8080-exec-6] PathInfo: null 
2022-04-20 15:08:53.127 DEBUG [org.apache.jasper.servlet.JspServlet@http-nio-8080-exec-6] RealPath: C:\Users\juanq\Desktop\Workspace-22.0\Projects\Acme-Toolkit\target\classes\WEB-INF\views\any\part-of\list.jsp 
2022-04-20 15:08:53.127 DEBUG [org.apache.jasper.servlet.JspServlet@http-nio-8080-exec-6] RequestURI: /acme-toolkit-22.1/WEB-INF/views/master/page.jsp 
2022-04-20 15:08:53.127 DEBUG [org.apache.jasper.servlet.JspServlet@http-nio-8080-exec-6] QueryString: masterId=15 
2022-04-20 15:08:53.293 DEBUG [org.hibernate.SQL@http-nio-8080-exec-6] select useraccoun0_.id as id1_0_, useraccoun0_.version as version2_0_, useraccoun0_.enabled as enabled1_17_, useraccoun0_.identity as identity2_17_, useraccoun0_.password as password3_17_, useraccoun0_.username as username4_17_ from user_account useraccoun0_ where useraccoun0_.username=? 
2022-04-20 15:08:53.293 TRACE [org.hibernate.type.descriptor.sql.BasicBinder@http-nio-8080-exec-6] binding parameter [1] as [VARCHAR] - [anonymous] 
2022-04-20 15:08:53.294 DEBUG [org.hibernate.SQL@http-nio-8080-exec-6] select roles0_.user_account_id as user_acc1_18_0_, roles0_.id as id1_18_0_, roles0_.id as id1_0_1_, roles0_.version as version2_0_1_, roles0_.user_account_id as user_acc1_18_1_, roles0_.company as company1_8_1_, roles0_.sector as sector2_8_1_, roles0_.company as company1_9_1_, roles0_.link as link2_9_1_, roles0_.statement as statemen3_9_1_, roles0_.company as company1_11_1_, roles0_.link as link2_11_1_, roles0_.statement as statemen3_11_1_, roles0_.company as company1_14_1_, roles0_.sector as sector2_14_1_, roles0_.clazz_ as clazz_1_ from ( select id, version, user_account_id, company, sector, null as link, null as statement, 9 as clazz_ from consumer union all select id, version, user_account_id, company, null as sector, link, statement, 10 as clazz_ from inventor union all select id, version, user_account_id, company, null as sector, link, statement, 11 as clazz_ from patron union all select id, version, user_account_id, company, sector, null as link, null as statement, 12 as clazz_ from provider union all select id, version, user_account_id, null as company, null as sector, null as link, null as statement, 15 as clazz_ from administrator union all select id, version, user_account_id, null as company, null as sector, null as link, null as statement, 16 as clazz_ from anonymous union all select id, version, user_account_id, null as company, null as sector, null as link, null as statement, 17 as clazz_ from any union all select id, version, user_account_id, null as company, null as sector, null as link, null as statement, 18 as clazz_ from authenticated ) roles0_ where roles0_.user_account_id=? 
2022-04-20 15:08:53.295 TRACE [org.hibernate.type.descriptor.sql.BasicBinder@http-nio-8080-exec-6] binding parameter [1] as [INTEGER] - [1] 
2022-04-20 15:08:55.319 DEBUG [acme.framework.controllers.AbstractController@http-nio-8080-exec-2] DISPATCHING GET /acme-toolkit-22.1/any/part-of/show 
2022-04-20 15:08:55.319 DEBUG [acme.framework.controllers.AbstractController@http-nio-8080-exec-2] Command: show 
2022-04-20 15:08:55.319 DEBUG [acme.framework.controllers.AbstractController@http-nio-8080-exec-2] Model:   {id=38} 
2022-04-20 15:08:55.320 DEBUG [acme.framework.controllers.AbstractController@http-nio-8080-exec-2] Locale:  es 
2022-04-20 15:08:55.321 DEBUG [org.hibernate.SQL@http-nio-8080-exec-2] select useraccoun0_.id as id1_0_, useraccoun0_.version as version2_0_, useraccoun0_.enabled as enabled1_17_, useraccoun0_.identity as identity2_17_, useraccoun0_.password as password3_17_, useraccoun0_.username as username4_17_ from user_account useraccoun0_ where useraccoun0_.username=? 
2022-04-20 15:08:55.321 TRACE [org.hibernate.type.descriptor.sql.BasicBinder@http-nio-8080-exec-2] binding parameter [1] as [VARCHAR] - [anonymous] 
2022-04-20 15:08:55.324 DEBUG [org.hibernate.SQL@http-nio-8080-exec-2] select roles0_.user_account_id as user_acc1_18_0_, roles0_.id as id1_18_0_, roles0_.id as id1_0_1_, roles0_.version as version2_0_1_, roles0_.user_account_id as user_acc1_18_1_, roles0_.company as company1_8_1_, roles0_.sector as sector2_8_1_, roles0_.company as company1_9_1_, roles0_.link as link2_9_1_, roles0_.statement as statemen3_9_1_, roles0_.company as company1_11_1_, roles0_.link as link2_11_1_, roles0_.statement as statemen3_11_1_, roles0_.company as company1_14_1_, roles0_.sector as sector2_14_1_, roles0_.clazz_ as clazz_1_ from ( select id, version, user_account_id, company, sector, null as link, null as statement, 9 as clazz_ from consumer union all select id, version, user_account_id, company, null as sector, link, statement, 10 as clazz_ from inventor union all select id, version, user_account_id, company, null as sector, link, statement, 11 as clazz_ from patron union all select id, version, user_account_id, company, sector, null as link, null as statement, 12 as clazz_ from provider union all select id, version, user_account_id, null as company, null as sector, null as link, null as statement, 15 as clazz_ from administrator union all select id, version, user_account_id, null as company, null as sector, null as link, null as statement, 16 as clazz_ from anonymous union all select id, version, user_account_id, null as company, null as sector, null as link, null as statement, 17 as clazz_ from any union all select id, version, user_account_id, null as company, null as sector, null as link, null as statement, 18 as clazz_ from authenticated ) roles0_ where roles0_.user_account_id=? 
2022-04-20 15:08:55.325 TRACE [org.hibernate.type.descriptor.sql.BasicBinder@http-nio-8080-exec-2] binding parameter [1] as [INTEGER] - [1] 
2022-04-20 15:08:55.330 DEBUG [org.hibernate.SQL@http-nio-8080-exec-2] select partof0_.id as id1_0_, partof0_.version as version2_0_, partof0_.artifact_id as artifact2_10_, partof0_.quantity as quantity1_10_, partof0_.toolkit_id as toolkit_3_10_ from part_of partof0_ where partof0_.id=? 
2022-04-20 15:08:55.330 TRACE [org.hibernate.type.descriptor.sql.BasicBinder@http-nio-8080-exec-2] binding parameter [1] as [INTEGER] - [38] 
2022-04-20 15:08:55.332 DEBUG [org.hibernate.SQL@http-nio-8080-exec-2] select artifact0_.id as id1_0_0_, artifact0_.version as version2_0_0_, artifact0_.code as code1_5_0_, artifact0_.description as descript2_5_0_, artifact0_.inventor_id as inventor9_5_0_, artifact0_.link as link3_5_0_, artifact0_.name as name4_5_0_, artifact0_.retail_price_amount as retail_p5_5_0_, artifact0_.retail_price_currency as retail_p6_5_0_, artifact0_.technology as technolo7_5_0_, artifact0_.type as type8_5_0_, inventor1_.id as id1_0_1_, inventor1_.version as version2_0_1_, inventor1_.user_account_id as user_acc1_18_1_, inventor1_.company as company1_9_1_, inventor1_.link as link2_9_1_, inventor1_.statement as statemen3_9_1_, useraccoun2_.id as id1_0_2_, useraccoun2_.version as version2_0_2_, useraccoun2_.enabled as enabled1_17_2_, useraccoun2_.identity as identity2_17_2_, useraccoun2_.password as password3_17_2_, useraccoun2_.username as username4_17_2_ from artifact artifact0_ inner join inventor inventor1_ on artifact0_.inventor_id=inventor1_.id inner join user_account useraccoun2_ on inventor1_.user_account_id=useraccoun2_.id where artifact0_.id=? 
2022-04-20 15:08:55.333 TRACE [org.hibernate.type.descriptor.sql.BasicBinder@http-nio-8080-exec-2] binding parameter [1] as [INTEGER] - [29] 
2022-04-20 15:08:55.335 DEBUG [org.hibernate.SQL@http-nio-8080-exec-2] select toolkit0_.id as id1_0_0_, toolkit0_.version as version2_0_0_, toolkit0_.assembly_notes as assembly1_16_0_, toolkit0_.code as code2_16_0_, toolkit0_.description as descript3_16_0_, toolkit0_.link as link4_16_0_, toolkit0_.title as title5_16_0_ from tool_kit toolkit0_ where toolkit0_.id=? 
2022-04-20 15:08:55.335 TRACE [org.hibernate.type.descriptor.sql.BasicBinder@http-nio-8080-exec-2] binding parameter [1] as [INTEGER] - [15] 
2022-04-20 15:08:55.336 DEBUG [acme.framework.controllers.AbstractController@http-nio-8080-exec-2] SERVING GET /acme-toolkit-22.1/any/part-of/show 
2022-04-20 15:08:55.336 DEBUG [acme.framework.controllers.AbstractController@http-nio-8080-exec-2] Result: ModelAndView [view="any/part-of/form"; model={artifact=acme.artifact.Artifact{id=29, version=0}, quantity=4, id=38, version=0, command=show, principal=acme.framework.entities.Principal@12e9a496}] 
2022-04-20 15:08:55.337 DEBUG [acme.framework.components.tiles.DynamicTilesView@http-nio-8080-exec-2] View name 'any/part-of/form', model {artifact=acme.artifact.Artifact{id=29, version=0}, quantity=4, id=38, version=0, command=show, principal=acme.framework.entities.Principal@12e9a496, org.springframework.validation.BindingResult.artifact=org.springframework.validation.BeanPropertyBindingResult: 0 errors, org.springframework.validation.BindingResult.principal=org.springframework.validation.BeanPropertyBindingResult: 0 errors} 
2022-04-20 15:08:55.337 DEBUG [org.apache.jasper.servlet.JspServlet@http-nio-8080-exec-2] JspEngine --> /WEB-INF/views/master/page.jsp 
2022-04-20 15:08:55.338 DEBUG [org.apache.jasper.servlet.JspServlet@http-nio-8080-exec-2] ServletPath: /WEB-INF/views/master/page.jsp 
2022-04-20 15:08:55.338 DEBUG [org.apache.jasper.servlet.JspServlet@http-nio-8080-exec-2] PathInfo: null 
2022-04-20 15:08:55.338 DEBUG [org.apache.jasper.servlet.JspServlet@http-nio-8080-exec-2] RealPath: C:\Users\juanq\Desktop\Workspace-22.0\Projects\Acme-Toolkit\target\classes\WEB-INF\views\master\page.jsp 
2022-04-20 15:08:55.339 DEBUG [org.apache.jasper.servlet.JspServlet@http-nio-8080-exec-2] RequestURI: /acme-toolkit-22.1/WEB-INF/views/master/page.jsp 
2022-04-20 15:08:55.339 DEBUG [org.apache.jasper.servlet.JspServlet@http-nio-8080-exec-2] QueryString: id=38 
2022-04-20 15:08:55.398 DEBUG [org.apache.jasper.servlet.JspServlet@http-nio-8080-exec-2] JspEngine --> /WEB-INF/views/any/part-of/form.jsp 
2022-04-20 15:08:55.399 DEBUG [org.apache.jasper.servlet.JspServlet@http-nio-8080-exec-2] ServletPath: /WEB-INF/views/master/page.jsp 
2022-04-20 15:08:55.399 DEBUG [org.apache.jasper.servlet.JspServlet@http-nio-8080-exec-2] PathInfo: null 
2022-04-20 15:08:55.400 DEBUG [org.apache.jasper.servlet.JspServlet@http-nio-8080-exec-2] RealPath: C:\Users\juanq\Desktop\Workspace-22.0\Projects\Acme-Toolkit\target\classes\WEB-INF\views\any\part-of\form.jsp 
2022-04-20 15:08:55.400 DEBUG [org.apache.jasper.servlet.JspServlet@http-nio-8080-exec-2] RequestURI: /acme-toolkit-22.1/WEB-INF/views/master/page.jsp 
2022-04-20 15:08:55.400 DEBUG [org.apache.jasper.servlet.JspServlet@http-nio-8080-exec-2] QueryString: id=38 
2022-04-20 15:08:55.550 DEBUG [org.hibernate.SQL@http-nio-8080-exec-2] select useraccoun0_.id as id1_0_, useraccoun0_.version as version2_0_, useraccoun0_.enabled as enabled1_17_, useraccoun0_.identity as identity2_17_, useraccoun0_.password as password3_17_, useraccoun0_.username as username4_17_ from user_account useraccoun0_ where useraccoun0_.username=? 
2022-04-20 15:08:55.550 TRACE [org.hibernate.type.descriptor.sql.BasicBinder@http-nio-8080-exec-2] binding parameter [1] as [VARCHAR] - [anonymous] 
2022-04-20 15:08:55.552 DEBUG [org.hibernate.SQL@http-nio-8080-exec-2] select roles0_.user_account_id as user_acc1_18_0_, roles0_.id as id1_18_0_, roles0_.id as id1_0_1_, roles0_.version as version2_0_1_, roles0_.user_account_id as user_acc1_18_1_, roles0_.company as company1_8_1_, roles0_.sector as sector2_8_1_, roles0_.company as company1_9_1_, roles0_.link as link2_9_1_, roles0_.statement as statemen3_9_1_, roles0_.company as company1_11_1_, roles0_.link as link2_11_1_, roles0_.statement as statemen3_11_1_, roles0_.company as company1_14_1_, roles0_.sector as sector2_14_1_, roles0_.clazz_ as clazz_1_ from ( select id, version, user_account_id, company, sector, null as link, null as statement, 9 as clazz_ from consumer union all select id, version, user_account_id, company, null as sector, link, statement, 10 as clazz_ from inventor union all select id, version, user_account_id, company, null as sector, link, statement, 11 as clazz_ from patron union all select id, version, user_account_id, company, sector, null as link, null as statement, 12 as clazz_ from provider union all select id, version, user_account_id, null as company, null as sector, null as link, null as statement, 15 as clazz_ from administrator union all select id, version, user_account_id, null as company, null as sector, null as link, null as statement, 16 as clazz_ from anonymous union all select id, version, user_account_id, null as company, null as sector, null as link, null as statement, 17 as clazz_ from any union all select id, version, user_account_id, null as company, null as sector, null as link, null as statement, 18 as clazz_ from authenticated ) roles0_ where roles0_.user_account_id=? 
2022-04-20 15:08:55.552 TRACE [org.hibernate.type.descriptor.sql.BasicBinder@http-nio-8080-exec-2] binding parameter [1] as [INTEGER] - [1] 
2022-04-20 15:08:57.569 DEBUG [acme.framework.controllers.AbstractController@http-nio-8080-exec-5] DISPATCHING GET /acme-toolkit-22.1/any/part-of/list 
2022-04-20 15:08:57.569 DEBUG [acme.framework.controllers.AbstractController@http-nio-8080-exec-5] Command: list 
2022-04-20 15:08:57.569 DEBUG [acme.framework.controllers.AbstractController@http-nio-8080-exec-5] Model:   {masterId=15} 
2022-04-20 15:08:57.569 DEBUG [acme.framework.controllers.AbstractController@http-nio-8080-exec-5] Locale:  es 
2022-04-20 15:08:57.570 DEBUG [org.hibernate.SQL@http-nio-8080-exec-5] select useraccoun0_.id as id1_0_, useraccoun0_.version as version2_0_, useraccoun0_.enabled as enabled1_17_, useraccoun0_.identity as identity2_17_, useraccoun0_.password as password3_17_, useraccoun0_.username as username4_17_ from user_account useraccoun0_ where useraccoun0_.username=? 
2022-04-20 15:08:57.571 TRACE [org.hibernate.type.descriptor.sql.BasicBinder@http-nio-8080-exec-5] binding parameter [1] as [VARCHAR] - [anonymous] 
2022-04-20 15:08:57.571 DEBUG [org.hibernate.SQL@http-nio-8080-exec-5] select roles0_.user_account_id as user_acc1_18_0_, roles0_.id as id1_18_0_, roles0_.id as id1_0_1_, roles0_.version as version2_0_1_, roles0_.user_account_id as user_acc1_18_1_, roles0_.company as company1_8_1_, roles0_.sector as sector2_8_1_, roles0_.company as company1_9_1_, roles0_.link as link2_9_1_, roles0_.statement as statemen3_9_1_, roles0_.company as company1_11_1_, roles0_.link as link2_11_1_, roles0_.statement as statemen3_11_1_, roles0_.company as company1_14_1_, roles0_.sector as sector2_14_1_, roles0_.clazz_ as clazz_1_ from ( select id, version, user_account_id, company, sector, null as link, null as statement, 9 as clazz_ from consumer union all select id, version, user_account_id, company, null as sector, link, statement, 10 as clazz_ from inventor union all select id, version, user_account_id, company, null as sector, link, statement, 11 as clazz_ from patron union all select id, version, user_account_id, company, sector, null as link, null as statement, 12 as clazz_ from provider union all select id, version, user_account_id, null as company, null as sector, null as link, null as statement, 15 as clazz_ from administrator union all select id, version, user_account_id, null as company, null as sector, null as link, null as statement, 16 as clazz_ from anonymous union all select id, version, user_account_id, null as company, null as sector, null as link, null as statement, 17 as clazz_ from any union all select id, version, user_account_id, null as company, null as sector, null as link, null as statement, 18 as clazz_ from authenticated ) roles0_ where roles0_.user_account_id=? 
2022-04-20 15:08:57.572 TRACE [org.hibernate.type.descriptor.sql.BasicBinder@http-nio-8080-exec-5] binding parameter [1] as [INTEGER] - [1] 
2022-04-20 15:08:57.573 DEBUG [org.hibernate.SQL@http-nio-8080-exec-5] select toolkit0_.id as id1_0_, toolkit0_.version as version2_0_, toolkit0_.assembly_notes as assembly1_16_, toolkit0_.code as code2_16_, toolkit0_.description as descript3_16_, toolkit0_.link as link4_16_, toolkit0_.title as title5_16_ from tool_kit toolkit0_ where toolkit0_.id=? 
2022-04-20 15:08:57.573 TRACE [org.hibernate.type.descriptor.sql.BasicBinder@http-nio-8080-exec-5] binding parameter [1] as [INTEGER] - [15] 
2022-04-20 15:08:57.574 DEBUG [org.hibernate.SQL@http-nio-8080-exec-5] select partof0_.id as id1_0_, partof0_.version as version2_0_, partof0_.artifact_id as artifact2_10_, partof0_.quantity as quantity1_10_, partof0_.toolkit_id as toolkit_3_10_ from part_of partof0_ where partof0_.toolkit_id=? 
2022-04-20 15:08:57.575 TRACE [org.hibernate.type.descriptor.sql.BasicBinder@http-nio-8080-exec-5] binding parameter [1] as [INTEGER] - [15] 
2022-04-20 15:08:57.575 DEBUG [org.hibernate.SQL@http-nio-8080-exec-5] select artifact0_.id as id1_0_0_, artifact0_.version as version2_0_0_, artifact0_.code as code1_5_0_, artifact0_.description as descript2_5_0_, artifact0_.inventor_id as inventor9_5_0_, artifact0_.link as link3_5_0_, artifact0_.name as name4_5_0_, artifact0_.retail_price_amount as retail_p5_5_0_, artifact0_.retail_price_currency as retail_p6_5_0_, artifact0_.technology as technolo7_5_0_, artifact0_.type as type8_5_0_, inventor1_.id as id1_0_1_, inventor1_.version as version2_0_1_, inventor1_.user_account_id as user_acc1_18_1_, inventor1_.company as company1_9_1_, inventor1_.link as link2_9_1_, inventor1_.statement as statemen3_9_1_, useraccoun2_.id as id1_0_2_, useraccoun2_.version as version2_0_2_, useraccoun2_.enabled as enabled1_17_2_, useraccoun2_.identity as identity2_17_2_, useraccoun2_.password as password3_17_2_, useraccoun2_.username as username4_17_2_ from artifact artifact0_ inner join inventor inventor1_ on artifact0_.inventor_id=inventor1_.id inner join user_account useraccoun2_ on inventor1_.user_account_id=useraccoun2_.id where artifact0_.id=? 
2022-04-20 15:08:57.575 TRACE [org.hibernate.type.descriptor.sql.BasicBinder@http-nio-8080-exec-5] binding parameter [1] as [INTEGER] - [29] 
2022-04-20 15:08:57.577 DEBUG [org.hibernate.SQL@http-nio-8080-exec-5] select artifact0_.id as id1_0_0_, artifact0_.version as version2_0_0_, artifact0_.code as code1_5_0_, artifact0_.description as descript2_5_0_, artifact0_.inventor_id as inventor9_5_0_, artifact0_.link as link3_5_0_, artifact0_.name as name4_5_0_, artifact0_.retail_price_amount as retail_p5_5_0_, artifact0_.retail_price_currency as retail_p6_5_0_, artifact0_.technology as technolo7_5_0_, artifact0_.type as type8_5_0_, inventor1_.id as id1_0_1_, inventor1_.version as version2_0_1_, inventor1_.user_account_id as user_acc1_18_1_, inventor1_.company as company1_9_1_, inventor1_.link as link2_9_1_, inventor1_.statement as statemen3_9_1_, useraccoun2_.id as id1_0_2_, useraccoun2_.version as version2_0_2_, useraccoun2_.enabled as enabled1_17_2_, useraccoun2_.identity as identity2_17_2_, useraccoun2_.password as password3_17_2_, useraccoun2_.username as username4_17_2_ from artifact artifact0_ inner join inventor inventor1_ on artifact0_.inventor_id=inventor1_.id inner join user_account useraccoun2_ on inventor1_.user_account_id=useraccoun2_.id where artifact0_.id=? 
2022-04-20 15:08:57.577 TRACE [org.hibernate.type.descriptor.sql.BasicBinder@http-nio-8080-exec-5] binding parameter [1] as [INTEGER] - [30] 
2022-04-20 15:08:57.579 DEBUG [org.hibernate.SQL@http-nio-8080-exec-5] select artifact0_.id as id1_0_0_, artifact0_.version as version2_0_0_, artifact0_.code as code1_5_0_, artifact0_.description as descript2_5_0_, artifact0_.inventor_id as inventor9_5_0_, artifact0_.link as link3_5_0_, artifact0_.name as name4_5_0_, artifact0_.retail_price_amount as retail_p5_5_0_, artifact0_.retail_price_currency as retail_p6_5_0_, artifact0_.technology as technolo7_5_0_, artifact0_.type as type8_5_0_, inventor1_.id as id1_0_1_, inventor1_.version as version2_0_1_, inventor1_.user_account_id as user_acc1_18_1_, inventor1_.company as company1_9_1_, inventor1_.link as link2_9_1_, inventor1_.statement as statemen3_9_1_, useraccoun2_.id as id1_0_2_, useraccoun2_.version as version2_0_2_, useraccoun2_.enabled as enabled1_17_2_, useraccoun2_.identity as identity2_17_2_, useraccoun2_.password as password3_17_2_, useraccoun2_.username as username4_17_2_ from artifact artifact0_ inner join inventor inventor1_ on artifact0_.inventor_id=inventor1_.id inner join user_account useraccoun2_ on inventor1_.user_account_id=useraccoun2_.id where artifact0_.id=? 
2022-04-20 15:08:57.579 TRACE [org.hibernate.type.descriptor.sql.BasicBinder@http-nio-8080-exec-5] binding parameter [1] as [INTEGER] - [32] 
2022-04-20 15:08:57.583 DEBUG [acme.framework.controllers.AbstractController@http-nio-8080-exec-5] SERVING GET /acme-toolkit-22.1/any/part-of/list 
2022-04-20 15:08:57.583 DEBUG [acme.framework.controllers.AbstractController@http-nio-8080-exec-5] Result: ModelAndView [view="any/part-of/list"; model={version[2]=0, version[1]=0, artifact.name[1]=A, artifact.name[0]=Artifact 1, list$size=3, quantity[0]=4, quantity[1]=2, quantity[2]=1, artifact.name[2]=Artifact 1, version[0]=0, id[1]=39, id[0]=38, id[2]=40, command=list, principal=acme.framework.entities.Principal@59caa01e}] 
2022-04-20 15:08:57.584 DEBUG [acme.framework.components.tiles.DynamicTilesView@http-nio-8080-exec-5] View name 'any/part-of/list', model {version[2]=0, version[1]=0, artifact.name[1]=A, artifact.name[0]=Artifact 1, list$size=3, quantity[0]=4, quantity[1]=2, quantity[2]=1, artifact.name[2]=Artifact 1, version[0]=0, id[1]=39, id[0]=38, id[2]=40, command=list, principal=acme.framework.entities.Principal@59caa01e, org.springframework.validation.BindingResult.principal=org.springframework.validation.BeanPropertyBindingResult: 0 errors} 
2022-04-20 15:08:57.586 DEBUG [org.apache.jasper.servlet.JspServlet@http-nio-8080-exec-5] JspEngine --> /WEB-INF/views/master/page.jsp 
2022-04-20 15:08:57.586 DEBUG [org.apache.jasper.servlet.JspServlet@http-nio-8080-exec-5] ServletPath: /WEB-INF/views/master/page.jsp 
2022-04-20 15:08:57.586 DEBUG [org.apache.jasper.servlet.JspServlet@http-nio-8080-exec-5] PathInfo: null 
2022-04-20 15:08:57.587 DEBUG [org.apache.jasper.servlet.JspServlet@http-nio-8080-exec-5] RealPath: C:\Users\juanq\Desktop\Workspace-22.0\Projects\Acme-Toolkit\target\classes\WEB-INF\views\master\page.jsp 
2022-04-20 15:08:57.587 DEBUG [org.apache.jasper.servlet.JspServlet@http-nio-8080-exec-5] RequestURI: /acme-toolkit-22.1/WEB-INF/views/master/page.jsp 
2022-04-20 15:08:57.587 DEBUG [org.apache.jasper.servlet.JspServlet@http-nio-8080-exec-5] QueryString: masterId=15 
2022-04-20 15:08:57.653 DEBUG [org.apache.jasper.servlet.JspServlet@http-nio-8080-exec-5] JspEngine --> /WEB-INF/views/any/part-of/list.jsp 
2022-04-20 15:08:57.653 DEBUG [org.apache.jasper.servlet.JspServlet@http-nio-8080-exec-5] ServletPath: /WEB-INF/views/master/page.jsp 
2022-04-20 15:08:57.654 DEBUG [org.apache.jasper.servlet.JspServlet@http-nio-8080-exec-5] PathInfo: null 
2022-04-20 15:08:57.654 DEBUG [org.apache.jasper.servlet.JspServlet@http-nio-8080-exec-5] RealPath: C:\Users\juanq\Desktop\Workspace-22.0\Projects\Acme-Toolkit\target\classes\WEB-INF\views\any\part-of\list.jsp 
2022-04-20 15:08:57.655 DEBUG [org.apache.jasper.servlet.JspServlet@http-nio-8080-exec-5] RequestURI: /acme-toolkit-22.1/WEB-INF/views/master/page.jsp 
2022-04-20 15:08:57.655 DEBUG [org.apache.jasper.servlet.JspServlet@http-nio-8080-exec-5] QueryString: masterId=15 
2022-04-20 15:08:57.705 DEBUG [org.hibernate.SQL@http-nio-8080-exec-5] select useraccoun0_.id as id1_0_, useraccoun0_.version as version2_0_, useraccoun0_.enabled as enabled1_17_, useraccoun0_.identity as identity2_17_, useraccoun0_.password as password3_17_, useraccoun0_.username as username4_17_ from user_account useraccoun0_ where useraccoun0_.username=? 
2022-04-20 15:08:57.705 TRACE [org.hibernate.type.descriptor.sql.BasicBinder@http-nio-8080-exec-5] binding parameter [1] as [VARCHAR] - [anonymous] 
2022-04-20 15:08:57.706 DEBUG [org.hibernate.SQL@http-nio-8080-exec-5] select roles0_.user_account_id as user_acc1_18_0_, roles0_.id as id1_18_0_, roles0_.id as id1_0_1_, roles0_.version as version2_0_1_, roles0_.user_account_id as user_acc1_18_1_, roles0_.company as company1_8_1_, roles0_.sector as sector2_8_1_, roles0_.company as company1_9_1_, roles0_.link as link2_9_1_, roles0_.statement as statemen3_9_1_, roles0_.company as company1_11_1_, roles0_.link as link2_11_1_, roles0_.statement as statemen3_11_1_, roles0_.company as company1_14_1_, roles0_.sector as sector2_14_1_, roles0_.clazz_ as clazz_1_ from ( select id, version, user_account_id, company, sector, null as link, null as statement, 9 as clazz_ from consumer union all select id, version, user_account_id, company, null as sector, link, statement, 10 as clazz_ from inventor union all select id, version, user_account_id, company, null as sector, link, statement, 11 as clazz_ from patron union all select id, version, user_account_id, company, sector, null as link, null as statement, 12 as clazz_ from provider union all select id, version, user_account_id, null as company, null as sector, null as link, null as statement, 15 as clazz_ from administrator union all select id, version, user_account_id, null as company, null as sector, null as link, null as statement, 16 as clazz_ from anonymous union all select id, version, user_account_id, null as company, null as sector, null as link, null as statement, 17 as clazz_ from any union all select id, version, user_account_id, null as company, null as sector, null as link, null as statement, 18 as clazz_ from authenticated ) roles0_ where roles0_.user_account_id=? 
2022-04-20 15:08:57.706 TRACE [org.hibernate.type.descriptor.sql.BasicBinder@http-nio-8080-exec-5] binding parameter [1] as [INTEGER] - [1] 
