2022-06-02 23:17:54.957 INFO  [acme.Launcher@main] Starting Launcher using Java 1.8.0_281 on LAPTOP-23RRLASM with PID 5912 (C:\Users\oliva\OneDrive\Escritorio\Workspace-22.0\Frameworks\Acme-Framework-22.7\target\classes started by oliva in C:\Users\oliva\OneDrive\Escritorio\Workspace-22.0\Projects\Acme-Toolkit) 
2022-06-02 23:17:54.959 DEBUG [acme.Launcher@main] Running with Spring Boot v2.4.2, Spring v5.3.3 
2022-06-02 23:17:54.961 INFO  [acme.Launcher@main] The following profiles are active: development,default 
2022-06-02 23:18:01.012 DEBUG [org.apache.jasper.servlet.JasperInitializer@main] Initializing Jasper for context [application] 
2022-06-02 23:18:11.336 DEBUG [org.apache.jasper.servlet.JspServlet@main] Scratch dir for the JSP engine is: [C:\Users\oliva\AppData\Local\Temp\tomcat.8080.1107852892503041285\work\Tomcat\localhost\acme-toolkit-22.1] 
2022-06-02 23:18:11.337 DEBUG [org.apache.jasper.servlet.JspServlet@main] IMPORTANT: Do not modify the generated servlets 
2022-06-02 23:18:11.358 INFO  [acme.Launcher@main] Started Launcher in 17.902 seconds (JVM running for 19.721) 
2022-06-02 23:18:11.368 DEBUG [acme.Launcher@main] Found classpath entry '/C:/Users/oliva/OneDrive/Escritorio/Workspace-22.0/Projects/Acme-Toolkit/target/test-classes/' 
2022-06-02 23:18:11.368 DEBUG [acme.Launcher@main] Found classpath entry '/C:/Users/oliva/OneDrive/Escritorio/Workspace-22.0/Projects/Acme-Toolkit/target/classes/' 
2022-06-02 23:18:11.368 DEBUG [acme.Launcher@main] Found classpath entry '/C:/Users/oliva/OneDrive/Escritorio/Workspace-22.0/Frameworks/Acme-Framework-22.7/target/classes/' 
2022-06-02 23:18:11.369 DEBUG [acme.Launcher@main] Found classpath entry '/C:/Users/oliva/OneDrive/Escritorio/Workspace-22.0/Frameworks/Acme-Framework-22.7/target/test-classes/' 
2022-06-02 23:18:11.369 DEBUG [acme.Launcher@main] Found classpath entry '/C:/Users/oliva/.m2/repository/org/springframework/boot/spring-boot-starter-tomcat/2.4.2/spring-boot-starter-tomcat-2.4.2.jar' 
2022-06-02 23:18:11.369 DEBUG [acme.Launcher@main] Found classpath entry '/C:/Users/oliva/.m2/repository/jakarta/annotation/jakarta.annotation-api/1.3.5/jakarta.annotation-api-1.3.5.jar' 
2022-06-02 23:18:11.370 DEBUG [acme.Launcher@main] Found classpath entry '/C:/Users/oliva/.m2/repository/org/apache/tomcat/embed/tomcat-embed-core/9.0.41/tomcat-embed-core-9.0.41.jar' 
2022-06-02 23:18:11.370 DEBUG [acme.Launcher@main] Found classpath entry '/C:/Users/oliva/.m2/repository/org/glassfish/jakarta.el/3.0.3/jakarta.el-3.0.3.jar' 
2022-06-02 23:18:11.370 DEBUG [acme.Launcher@main] Found classpath entry '/C:/Users/oliva/.m2/repository/org/apache/tomcat/embed/tomcat-embed-websocket/9.0.41/tomcat-embed-websocket-9.0.41.jar' 
2022-06-02 23:18:11.370 DEBUG [acme.Launcher@main] Found classpath entry '/C:/Users/oliva/.m2/repository/org/apache/tomcat/embed/tomcat-embed-jasper/9.0.41/tomcat-embed-jasper-9.0.41.jar' 
2022-06-02 23:18:11.371 DEBUG [acme.Launcher@main] Found classpath entry '/C:/Users/oliva/.m2/repository/org/apache/tomcat/embed/tomcat-embed-el/9.0.41/tomcat-embed-el-9.0.41.jar' 
2022-06-02 23:18:11.372 DEBUG [acme.Launcher@main] Found classpath entry '/C:/Users/oliva/.m2/repository/org/eclipse/jdt/ecj/3.18.0/ecj-3.18.0.jar' 
2022-06-02 23:18:11.372 DEBUG [acme.Launcher@main] Found classpath entry '/C:/Users/oliva/.m2/repository/javax/servlet/jstl/1.2/jstl-1.2.jar' 
2022-06-02 23:18:11.373 DEBUG [acme.Launcher@main] Found classpath entry '/C:/Users/oliva/.m2/repository/org/springframework/boot/spring-boot-starter-security/2.4.2/spring-boot-starter-security-2.4.2.jar' 
2022-06-02 23:18:11.373 DEBUG [acme.Launcher@main] Found classpath entry '/C:/Users/oliva/.m2/repository/org/springframework/boot/spring-boot-starter/2.4.2/spring-boot-starter-2.4.2.jar' 
2022-06-02 23:18:11.373 DEBUG [acme.Launcher@main] Found classpath entry '/C:/Users/oliva/.m2/repository/org/springframework/boot/spring-boot/2.4.2/spring-boot-2.4.2.jar' 
2022-06-02 23:18:11.374 DEBUG [acme.Launcher@main] Found classpath entry '/C:/Users/oliva/.m2/repository/org/springframework/boot/spring-boot-autoconfigure/2.4.2/spring-boot-autoconfigure-2.4.2.jar' 
2022-06-02 23:18:11.374 DEBUG [acme.Launcher@main] Found classpath entry '/C:/Users/oliva/.m2/repository/org/springframework/boot/spring-boot-starter-logging/2.4.2/spring-boot-starter-logging-2.4.2.jar' 
2022-06-02 23:18:11.374 DEBUG [acme.Launcher@main] Found classpath entry '/C:/Users/oliva/.m2/repository/ch/qos/logback/logback-classic/1.2.3/logback-classic-1.2.3.jar' 
2022-06-02 23:18:11.374 DEBUG [acme.Launcher@main] Found classpath entry '/C:/Users/oliva/.m2/repository/ch/qos/logback/logback-core/1.2.3/logback-core-1.2.3.jar' 
2022-06-02 23:18:11.375 DEBUG [acme.Launcher@main] Found classpath entry '/C:/Users/oliva/.m2/repository/org/apache/logging/log4j/log4j-to-slf4j/2.13.3/log4j-to-slf4j-2.13.3.jar' 
2022-06-02 23:18:11.375 DEBUG [acme.Launcher@main] Found classpath entry '/C:/Users/oliva/.m2/repository/org/apache/logging/log4j/log4j-api/2.13.3/log4j-api-2.13.3.jar' 
2022-06-02 23:18:11.375 DEBUG [acme.Launcher@main] Found classpath entry '/C:/Users/oliva/.m2/repository/org/slf4j/jul-to-slf4j/1.7.30/jul-to-slf4j-1.7.30.jar' 
2022-06-02 23:18:11.375 DEBUG [acme.Launcher@main] Found classpath entry '/C:/Users/oliva/.m2/repository/org/yaml/snakeyaml/1.27/snakeyaml-1.27.jar' 
2022-06-02 23:18:11.375 DEBUG [acme.Launcher@main] Found classpath entry '/C:/Users/oliva/.m2/repository/org/springframework/spring-aop/5.3.3/spring-aop-5.3.3.jar' 
2022-06-02 23:18:11.375 DEBUG [acme.Launcher@main] Found classpath entry '/C:/Users/oliva/.m2/repository/org/springframework/security/spring-security-web/5.4.2/spring-security-web-5.4.2.jar' 
2022-06-02 23:18:11.376 DEBUG [acme.Launcher@main] Found classpath entry '/C:/Users/oliva/.m2/repository/org/springframework/security/spring-security-core/5.4.2/spring-security-core-5.4.2.jar' 
2022-06-02 23:18:11.376 DEBUG [acme.Launcher@main] Found classpath entry '/C:/Users/oliva/.m2/repository/org/springframework/spring-beans/5.3.3/spring-beans-5.3.3.jar' 
2022-06-02 23:18:11.376 DEBUG [acme.Launcher@main] Found classpath entry '/C:/Users/oliva/.m2/repository/org/springframework/spring-context/5.3.3/spring-context-5.3.3.jar' 
2022-06-02 23:18:11.376 DEBUG [acme.Launcher@main] Found classpath entry '/C:/Users/oliva/.m2/repository/org/springframework/spring-core/5.3.3/spring-core-5.3.3.jar' 
2022-06-02 23:18:11.376 DEBUG [acme.Launcher@main] Found classpath entry '/C:/Users/oliva/.m2/repository/org/springframework/spring-jcl/5.3.3/spring-jcl-5.3.3.jar' 
2022-06-02 23:18:11.377 DEBUG [acme.Launcher@main] Found classpath entry '/C:/Users/oliva/.m2/repository/org/springframework/spring-expression/5.3.3/spring-expression-5.3.3.jar' 
2022-06-02 23:18:11.377 DEBUG [acme.Launcher@main] Found classpath entry '/C:/Users/oliva/.m2/repository/org/springframework/spring-web/5.3.3/spring-web-5.3.3.jar' 
2022-06-02 23:18:11.377 DEBUG [acme.Launcher@main] Found classpath entry '/C:/Users/oliva/.m2/repository/org/springframework/security/spring-security-config/5.4.2/spring-security-config-5.4.2.jar' 
2022-06-02 23:18:11.377 DEBUG [acme.Launcher@main] Found classpath entry '/C:/Users/oliva/.m2/repository/org/springframework/security/spring-security-taglibs/5.4.2/spring-security-taglibs-5.4.2.jar' 
2022-06-02 23:18:11.377 DEBUG [acme.Launcher@main] Found classpath entry '/C:/Users/oliva/.m2/repository/org/springframework/security/spring-security-acl/5.4.2/spring-security-acl-5.4.2.jar' 
2022-06-02 23:18:11.378 DEBUG [acme.Launcher@main] Found classpath entry '/C:/Users/oliva/.m2/repository/org/springframework/spring-jdbc/5.3.3/spring-jdbc-5.3.3.jar' 
2022-06-02 23:18:11.378 DEBUG [acme.Launcher@main] Found classpath entry '/C:/Users/oliva/.m2/repository/org/springframework/spring-tx/5.3.3/spring-tx-5.3.3.jar' 
2022-06-02 23:18:11.378 DEBUG [acme.Launcher@main] Found classpath entry '/C:/Users/oliva/.m2/repository/org/springframework/boot/spring-boot-starter-web/2.4.2/spring-boot-starter-web-2.4.2.jar' 
2022-06-02 23:18:11.378 DEBUG [acme.Launcher@main] Found classpath entry '/C:/Users/oliva/.m2/repository/org/springframework/boot/spring-boot-starter-json/2.4.2/spring-boot-starter-json-2.4.2.jar' 
2022-06-02 23:18:11.378 DEBUG [acme.Launcher@main] Found classpath entry '/C:/Users/oliva/.m2/repository/com/fasterxml/jackson/core/jackson-databind/2.11.4/jackson-databind-2.11.4.jar' 
2022-06-02 23:18:11.379 DEBUG [acme.Launcher@main] Found classpath entry '/C:/Users/oliva/.m2/repository/com/fasterxml/jackson/core/jackson-annotations/2.11.4/jackson-annotations-2.11.4.jar' 
2022-06-02 23:18:11.379 DEBUG [acme.Launcher@main] Found classpath entry '/C:/Users/oliva/.m2/repository/com/fasterxml/jackson/core/jackson-core/2.11.4/jackson-core-2.11.4.jar' 
2022-06-02 23:18:11.379 DEBUG [acme.Launcher@main] Found classpath entry '/C:/Users/oliva/.m2/repository/com/fasterxml/jackson/datatype/jackson-datatype-jdk8/2.11.4/jackson-datatype-jdk8-2.11.4.jar' 
2022-06-02 23:18:11.379 DEBUG [acme.Launcher@main] Found classpath entry '/C:/Users/oliva/.m2/repository/com/fasterxml/jackson/datatype/jackson-datatype-jsr310/2.11.4/jackson-datatype-jsr310-2.11.4.jar' 
2022-06-02 23:18:11.379 DEBUG [acme.Launcher@main] Found classpath entry '/C:/Users/oliva/.m2/repository/com/fasterxml/jackson/module/jackson-module-parameter-names/2.11.4/jackson-module-parameter-names-2.11.4.jar' 
2022-06-02 23:18:11.379 DEBUG [acme.Launcher@main] Found classpath entry '/C:/Users/oliva/.m2/repository/org/springframework/spring-webmvc/5.3.3/spring-webmvc-5.3.3.jar' 
2022-06-02 23:18:11.380 DEBUG [acme.Launcher@main] Found classpath entry '/C:/Users/oliva/.m2/repository/org/apache/tiles/tiles-jsp/3.0.8/tiles-jsp-3.0.8.jar' 
2022-06-02 23:18:11.380 DEBUG [acme.Launcher@main] Found classpath entry '/C:/Users/oliva/.m2/repository/org/apache/tiles/tiles-servlet/3.0.8/tiles-servlet-3.0.8.jar' 
2022-06-02 23:18:11.380 DEBUG [acme.Launcher@main] Found classpath entry '/C:/Users/oliva/.m2/repository/org/apache/tiles/tiles-core/3.0.8/tiles-core-3.0.8.jar' 
2022-06-02 23:18:11.380 DEBUG [acme.Launcher@main] Found classpath entry '/C:/Users/oliva/.m2/repository/commons-digester/commons-digester/2.0/commons-digester-2.0.jar' 
2022-06-02 23:18:11.380 DEBUG [acme.Launcher@main] Found classpath entry '/C:/Users/oliva/.m2/repository/org/slf4j/jcl-over-slf4j/1.7.30/jcl-over-slf4j-1.7.30.jar' 
2022-06-02 23:18:11.381 DEBUG [acme.Launcher@main] Found classpath entry '/C:/Users/oliva/.m2/repository/org/apache/tiles/tiles-request-servlet/1.0.7/tiles-request-servlet-1.0.7.jar' 
2022-06-02 23:18:11.381 DEBUG [acme.Launcher@main] Found classpath entry '/C:/Users/oliva/.m2/repository/org/apache/tiles/tiles-template/3.0.8/tiles-template-3.0.8.jar' 
2022-06-02 23:18:11.381 DEBUG [acme.Launcher@main] Found classpath entry '/C:/Users/oliva/.m2/repository/org/apache/tiles/tiles-api/3.0.8/tiles-api-3.0.8.jar' 
2022-06-02 23:18:11.381 DEBUG [acme.Launcher@main] Found classpath entry '/C:/Users/oliva/.m2/repository/org/apache/tiles/tiles-autotag-core-runtime/1.2/tiles-autotag-core-runtime-1.2.jar' 
2022-06-02 23:18:11.382 DEBUG [acme.Launcher@main] Found classpath entry '/C:/Users/oliva/.m2/repository/org/slf4j/slf4j-api/1.7.30/slf4j-api-1.7.30.jar' 
2022-06-02 23:18:11.382 DEBUG [acme.Launcher@main] Found classpath entry '/C:/Users/oliva/.m2/repository/org/apache/tiles/tiles-request-jsp/1.0.7/tiles-request-jsp-1.0.7.jar' 
2022-06-02 23:18:11.382 DEBUG [acme.Launcher@main] Found classpath entry '/C:/Users/oliva/.m2/repository/org/apache/tiles/tiles-request-api/1.0.7/tiles-request-api-1.0.7.jar' 
2022-06-02 23:18:11.382 DEBUG [acme.Launcher@main] Found classpath entry '/C:/Users/oliva/.m2/repository/org/springframework/boot/spring-boot-starter-data-jpa/2.4.2/spring-boot-starter-data-jpa-2.4.2.jar' 
2022-06-02 23:18:11.383 DEBUG [acme.Launcher@main] Found classpath entry '/C:/Users/oliva/.m2/repository/org/springframework/boot/spring-boot-starter-aop/2.4.2/spring-boot-starter-aop-2.4.2.jar' 
2022-06-02 23:18:11.383 DEBUG [acme.Launcher@main] Found classpath entry '/C:/Users/oliva/.m2/repository/org/aspectj/aspectjweaver/1.9.6/aspectjweaver-1.9.6.jar' 
2022-06-02 23:18:11.383 DEBUG [acme.Launcher@main] Found classpath entry '/C:/Users/oliva/.m2/repository/org/springframework/boot/spring-boot-starter-jdbc/2.4.2/spring-boot-starter-jdbc-2.4.2.jar' 
2022-06-02 23:18:11.384 DEBUG [acme.Launcher@main] Found classpath entry '/C:/Users/oliva/.m2/repository/jakarta/transaction/jakarta.transaction-api/1.3.3/jakarta.transaction-api-1.3.3.jar' 
2022-06-02 23:18:11.384 DEBUG [acme.Launcher@main] Found classpath entry '/C:/Users/oliva/.m2/repository/jakarta/persistence/jakarta.persistence-api/2.2.3/jakarta.persistence-api-2.2.3.jar' 
2022-06-02 23:18:11.384 DEBUG [acme.Launcher@main] Found classpath entry '/C:/Users/oliva/.m2/repository/org/hibernate/hibernate-core/5.4.27.Final/hibernate-core-5.4.27.Final.jar' 
2022-06-02 23:18:11.385 DEBUG [acme.Launcher@main] Found classpath entry '/C:/Users/oliva/.m2/repository/org/jboss/logging/jboss-logging/3.4.1.Final/jboss-logging-3.4.1.Final.jar' 
2022-06-02 23:18:11.385 DEBUG [acme.Launcher@main] Found classpath entry '/C:/Users/oliva/.m2/repository/org/javassist/javassist/3.27.0-GA/javassist-3.27.0-GA.jar' 
2022-06-02 23:18:11.385 DEBUG [acme.Launcher@main] Found classpath entry '/C:/Users/oliva/.m2/repository/antlr/antlr/2.7.7/antlr-2.7.7.jar' 
2022-06-02 23:18:11.386 DEBUG [acme.Launcher@main] Found classpath entry '/C:/Users/oliva/.m2/repository/org/jboss/jandex/2.1.3.Final/jandex-2.1.3.Final.jar' 
2022-06-02 23:18:11.386 DEBUG [acme.Launcher@main] Found classpath entry '/C:/Users/oliva/.m2/repository/com/fasterxml/classmate/1.5.1/classmate-1.5.1.jar' 
2022-06-02 23:18:11.386 DEBUG [acme.Launcher@main] Found classpath entry '/C:/Users/oliva/.m2/repository/org/dom4j/dom4j/2.1.3/dom4j-2.1.3.jar' 
2022-06-02 23:18:11.386 DEBUG [acme.Launcher@main] Found classpath entry '/C:/Users/oliva/.m2/repository/org/hibernate/common/hibernate-commons-annotations/5.1.2.Final/hibernate-commons-annotations-5.1.2.Final.jar' 
2022-06-02 23:18:11.387 DEBUG [acme.Launcher@main] Found classpath entry '/C:/Users/oliva/.m2/repository/org/glassfish/jaxb/jaxb-runtime/2.3.3/jaxb-runtime-2.3.3.jar' 
2022-06-02 23:18:11.387 DEBUG [acme.Launcher@main] Found classpath entry '/C:/Users/oliva/.m2/repository/org/glassfish/jaxb/txw2/2.3.3/txw2-2.3.3.jar' 
2022-06-02 23:18:11.388 DEBUG [acme.Launcher@main] Found classpath entry '/C:/Users/oliva/.m2/repository/com/sun/istack/istack-commons-runtime/3.0.11/istack-commons-runtime-3.0.11.jar' 
2022-06-02 23:18:11.388 DEBUG [acme.Launcher@main] Found classpath entry '/C:/Users/oliva/.m2/repository/com/sun/activation/jakarta.activation/1.2.2/jakarta.activation-1.2.2.jar' 
2022-06-02 23:18:11.388 DEBUG [acme.Launcher@main] Found classpath entry '/C:/Users/oliva/.m2/repository/org/springframework/data/spring-data-jpa/2.4.3/spring-data-jpa-2.4.3.jar' 
2022-06-02 23:18:11.389 DEBUG [acme.Launcher@main] Found classpath entry '/C:/Users/oliva/.m2/repository/org/springframework/data/spring-data-commons/2.4.3/spring-data-commons-2.4.3.jar' 
2022-06-02 23:18:11.389 DEBUG [acme.Launcher@main] Found classpath entry '/C:/Users/oliva/.m2/repository/org/springframework/spring-orm/5.3.3/spring-orm-5.3.3.jar' 
2022-06-02 23:18:11.389 DEBUG [acme.Launcher@main] Found classpath entry '/C:/Users/oliva/.m2/repository/org/springframework/spring-aspects/5.3.3/spring-aspects-5.3.3.jar' 
2022-06-02 23:18:11.389 DEBUG [acme.Launcher@main] Found classpath entry '/C:/Users/oliva/.m2/repository/org/springframework/boot/spring-boot-starter-validation/2.4.2/spring-boot-starter-validation-2.4.2.jar' 
2022-06-02 23:18:11.390 DEBUG [acme.Launcher@main] Found classpath entry '/C:/Users/oliva/.m2/repository/org/hibernate/validator/hibernate-validator/6.1.7.Final/hibernate-validator-6.1.7.Final.jar' 
2022-06-02 23:18:11.390 DEBUG [acme.Launcher@main] Found classpath entry '/C:/Users/oliva/.m2/repository/jakarta/validation/jakarta.validation-api/2.0.2/jakarta.validation-api-2.0.2.jar' 
2022-06-02 23:18:11.390 DEBUG [acme.Launcher@main] Found classpath entry '/C:/Users/oliva/.m2/repository/mysql/mysql-connector-java/8.0.22/mysql-connector-java-8.0.22.jar' 
2022-06-02 23:18:11.391 DEBUG [acme.Launcher@main] Found classpath entry '/C:/Users/oliva/.m2/repository/com/zaxxer/HikariCP/3.4.5/HikariCP-3.4.5.jar' 
2022-06-02 23:18:11.391 DEBUG [acme.Launcher@main] Found classpath entry '/C:/Users/oliva/.m2/repository/org/springframework/boot/spring-boot-starter-test/2.4.2/spring-boot-starter-test-2.4.2.jar' 
2022-06-02 23:18:11.392 DEBUG [acme.Launcher@main] Found classpath entry '/C:/Users/oliva/.m2/repository/org/springframework/boot/spring-boot-test/2.4.2/spring-boot-test-2.4.2.jar' 
2022-06-02 23:18:11.392 DEBUG [acme.Launcher@main] Found classpath entry '/C:/Users/oliva/.m2/repository/org/springframework/boot/spring-boot-test-autoconfigure/2.4.2/spring-boot-test-autoconfigure-2.4.2.jar' 
2022-06-02 23:18:11.392 DEBUG [acme.Launcher@main] Found classpath entry '/C:/Users/oliva/.m2/repository/com/jayway/jsonpath/json-path/2.4.0/json-path-2.4.0.jar' 
2022-06-02 23:18:11.393 DEBUG [acme.Launcher@main] Found classpath entry '/C:/Users/oliva/.m2/repository/net/minidev/json-smart/2.3/json-smart-2.3.jar' 
2022-06-02 23:18:11.393 DEBUG [acme.Launcher@main] Found classpath entry '/C:/Users/oliva/.m2/repository/net/minidev/accessors-smart/1.2/accessors-smart-1.2.jar' 
2022-06-02 23:18:11.393 DEBUG [acme.Launcher@main] Found classpath entry '/C:/Users/oliva/.m2/repository/org/ow2/asm/asm/5.0.4/asm-5.0.4.jar' 
2022-06-02 23:18:11.393 DEBUG [acme.Launcher@main] Found classpath entry '/C:/Users/oliva/.m2/repository/jakarta/xml/bind/jakarta.xml.bind-api/2.3.3/jakarta.xml.bind-api-2.3.3.jar' 
2022-06-02 23:18:11.394 DEBUG [acme.Launcher@main] Found classpath entry '/C:/Users/oliva/.m2/repository/jakarta/activation/jakarta.activation-api/1.2.2/jakarta.activation-api-1.2.2.jar' 
2022-06-02 23:18:11.394 DEBUG [acme.Launcher@main] Found classpath entry '/C:/Users/oliva/.m2/repository/org/assertj/assertj-core/3.18.1/assertj-core-3.18.1.jar' 
2022-06-02 23:18:11.394 DEBUG [acme.Launcher@main] Found classpath entry '/C:/Users/oliva/.m2/repository/org/hamcrest/hamcrest/2.2/hamcrest-2.2.jar' 
2022-06-02 23:18:11.394 DEBUG [acme.Launcher@main] Found classpath entry '/C:/Users/oliva/.m2/repository/org/junit/jupiter/junit-jupiter/5.7.0/junit-jupiter-5.7.0.jar' 
2022-06-02 23:18:11.395 DEBUG [acme.Launcher@main] Found classpath entry '/C:/Users/oliva/.m2/repository/org/mockito/mockito-core/3.6.28/mockito-core-3.6.28.jar' 
2022-06-02 23:18:11.395 DEBUG [acme.Launcher@main] Found classpath entry '/C:/Users/oliva/.m2/repository/net/bytebuddy/byte-buddy-agent/1.10.19/byte-buddy-agent-1.10.19.jar' 
2022-06-02 23:18:11.395 DEBUG [acme.Launcher@main] Found classpath entry '/C:/Users/oliva/.m2/repository/org/objenesis/objenesis/3.1/objenesis-3.1.jar' 
2022-06-02 23:18:11.395 DEBUG [acme.Launcher@main] Found classpath entry '/C:/Users/oliva/.m2/repository/org/mockito/mockito-junit-jupiter/3.6.28/mockito-junit-jupiter-3.6.28.jar' 
2022-06-02 23:18:11.395 DEBUG [acme.Launcher@main] Found classpath entry '/C:/Users/oliva/.m2/repository/org/skyscreamer/jsonassert/1.5.0/jsonassert-1.5.0.jar' 
2022-06-02 23:18:11.395 DEBUG [acme.Launcher@main] Found classpath entry '/C:/Users/oliva/.m2/repository/com/vaadin/external/google/android-json/0.0.20131108.vaadin1/android-json-0.0.20131108.vaadin1.jar' 
2022-06-02 23:18:11.396 DEBUG [acme.Launcher@main] Found classpath entry '/C:/Users/oliva/.m2/repository/org/springframework/spring-test/5.3.3/spring-test-5.3.3.jar' 
2022-06-02 23:18:11.396 DEBUG [acme.Launcher@main] Found classpath entry '/C:/Users/oliva/.m2/repository/org/xmlunit/xmlunit-core/2.7.0/xmlunit-core-2.7.0.jar' 
2022-06-02 23:18:11.396 DEBUG [acme.Launcher@main] Found classpath entry '/C:/Users/oliva/.m2/repository/org/junit/jupiter/junit-jupiter-engine/5.7.0/junit-jupiter-engine-5.7.0.jar' 
2022-06-02 23:18:11.396 DEBUG [acme.Launcher@main] Found classpath entry '/C:/Users/oliva/.m2/repository/org/apiguardian/apiguardian-api/1.1.0/apiguardian-api-1.1.0.jar' 
2022-06-02 23:18:11.396 DEBUG [acme.Launcher@main] Found classpath entry '/C:/Users/oliva/.m2/repository/org/junit/platform/junit-platform-engine/1.7.0/junit-platform-engine-1.7.0.jar' 
2022-06-02 23:18:11.396 DEBUG [acme.Launcher@main] Found classpath entry '/C:/Users/oliva/.m2/repository/org/junit/jupiter/junit-jupiter-api/5.7.0/junit-jupiter-api-5.7.0.jar' 
2022-06-02 23:18:11.396 DEBUG [acme.Launcher@main] Found classpath entry '/C:/Users/oliva/.m2/repository/org/opentest4j/opentest4j/1.2.0/opentest4j-1.2.0.jar' 
2022-06-02 23:18:11.396 DEBUG [acme.Launcher@main] Found classpath entry '/C:/Users/oliva/.m2/repository/org/junit/platform/junit-platform-commons/1.7.0/junit-platform-commons-1.7.0.jar' 
2022-06-02 23:18:11.396 DEBUG [acme.Launcher@main] Found classpath entry '/C:/Users/oliva/.m2/repository/org/junit/jupiter/junit-jupiter-params/5.7.0/junit-jupiter-params-5.7.0.jar' 
2022-06-02 23:18:11.397 DEBUG [acme.Launcher@main] Found classpath entry '/C:/Users/oliva/.m2/repository/org/junit/platform/junit-platform-launcher/1.7.0/junit-platform-launcher-1.7.0.jar' 
2022-06-02 23:18:11.397 DEBUG [acme.Launcher@main] Found classpath entry '/C:/Users/oliva/.m2/repository/org/seleniumhq/selenium/selenium-java/3.141.59/selenium-java-3.141.59.jar' 
2022-06-02 23:18:11.397 DEBUG [acme.Launcher@main] Found classpath entry '/C:/Users/oliva/.m2/repository/org/seleniumhq/selenium/selenium-api/3.141.59/selenium-api-3.141.59.jar' 
2022-06-02 23:18:11.397 DEBUG [acme.Launcher@main] Found classpath entry '/C:/Users/oliva/.m2/repository/org/seleniumhq/selenium/selenium-chrome-driver/3.141.59/selenium-chrome-driver-3.141.59.jar' 
2022-06-02 23:18:11.397 DEBUG [acme.Launcher@main] Found classpath entry '/C:/Users/oliva/.m2/repository/org/seleniumhq/selenium/selenium-edge-driver/3.141.59/selenium-edge-driver-3.141.59.jar' 
2022-06-02 23:18:11.398 DEBUG [acme.Launcher@main] Found classpath entry '/C:/Users/oliva/.m2/repository/org/seleniumhq/selenium/selenium-firefox-driver/3.141.59/selenium-firefox-driver-3.141.59.jar' 
2022-06-02 23:18:11.398 DEBUG [acme.Launcher@main] Found classpath entry '/C:/Users/oliva/.m2/repository/org/seleniumhq/selenium/selenium-ie-driver/3.141.59/selenium-ie-driver-3.141.59.jar' 
2022-06-02 23:18:11.398 DEBUG [acme.Launcher@main] Found classpath entry '/C:/Users/oliva/.m2/repository/org/seleniumhq/selenium/selenium-opera-driver/3.141.59/selenium-opera-driver-3.141.59.jar' 
2022-06-02 23:18:11.398 DEBUG [acme.Launcher@main] Found classpath entry '/C:/Users/oliva/.m2/repository/org/seleniumhq/selenium/selenium-remote-driver/3.141.59/selenium-remote-driver-3.141.59.jar' 
2022-06-02 23:18:11.399 DEBUG [acme.Launcher@main] Found classpath entry '/C:/Users/oliva/.m2/repository/org/seleniumhq/selenium/selenium-safari-driver/3.141.59/selenium-safari-driver-3.141.59.jar' 
2022-06-02 23:18:11.399 DEBUG [acme.Launcher@main] Found classpath entry '/C:/Users/oliva/.m2/repository/org/seleniumhq/selenium/selenium-support/3.141.59/selenium-support-3.141.59.jar' 
2022-06-02 23:18:11.399 DEBUG [acme.Launcher@main] Found classpath entry '/C:/Users/oliva/.m2/repository/net/bytebuddy/byte-buddy/1.10.19/byte-buddy-1.10.19.jar' 
2022-06-02 23:18:11.399 DEBUG [acme.Launcher@main] Found classpath entry '/C:/Users/oliva/.m2/repository/org/apache/commons/commons-exec/1.3/commons-exec-1.3.jar' 
2022-06-02 23:18:11.400 DEBUG [acme.Launcher@main] Found classpath entry '/C:/Users/oliva/.m2/repository/com/google/guava/guava/25.0-jre/guava-25.0-jre.jar' 
2022-06-02 23:18:11.400 DEBUG [acme.Launcher@main] Found classpath entry '/C:/Users/oliva/.m2/repository/com/google/code/findbugs/jsr305/1.3.9/jsr305-1.3.9.jar' 
2022-06-02 23:18:11.400 DEBUG [acme.Launcher@main] Found classpath entry '/C:/Users/oliva/.m2/repository/org/checkerframework/checker-compat-qual/2.0.0/checker-compat-qual-2.0.0.jar' 
2022-06-02 23:18:11.400 DEBUG [acme.Launcher@main] Found classpath entry '/C:/Users/oliva/.m2/repository/com/google/errorprone/error_prone_annotations/2.1.3/error_prone_annotations-2.1.3.jar' 
2022-06-02 23:18:11.400 DEBUG [acme.Launcher@main] Found classpath entry '/C:/Users/oliva/.m2/repository/com/google/j2objc/j2objc-annotations/1.1/j2objc-annotations-1.1.jar' 
2022-06-02 23:18:11.401 DEBUG [acme.Launcher@main] Found classpath entry '/C:/Users/oliva/.m2/repository/org/codehaus/mojo/animal-sniffer-annotations/1.14/animal-sniffer-annotations-1.14.jar' 
2022-06-02 23:18:11.401 DEBUG [acme.Launcher@main] Found classpath entry '/C:/Users/oliva/.m2/repository/com/squareup/okhttp3/okhttp/3.14.9/okhttp-3.14.9.jar' 
2022-06-02 23:18:11.401 DEBUG [acme.Launcher@main] Found classpath entry '/C:/Users/oliva/.m2/repository/com/squareup/okio/okio/1.14.0/okio-1.14.0.jar' 
2022-06-02 23:18:11.402 DEBUG [acme.Launcher@main] Found classpath entry '/C:/Users/oliva/.m2/repository/org/apache/commons/commons-lang3/3.11/commons-lang3-3.11.jar' 
2022-06-02 23:18:11.402 DEBUG [acme.Launcher@main] Found classpath entry '/C:/Users/oliva/.m2/repository/org/apache/commons/commons-text/1.8/commons-text-1.8.jar' 
2022-06-02 23:18:11.402 DEBUG [acme.Launcher@main] Found classpath entry '/C:/Users/oliva/.m2/repository/commons-io/commons-io/2.6/commons-io-2.6.jar' 
2022-06-02 23:18:11.402 DEBUG [acme.Launcher@main] Found classpath entry '/C:/Users/oliva/.m2/repository/commons-cli/commons-cli/1.4/commons-cli-1.4.jar' 
2022-06-02 23:18:11.403 DEBUG [acme.Launcher@main] Found classpath entry '/C:/Users/oliva/.m2/repository/org/projectlombok/lombok/1.18.16/lombok-1.18.16.jar' 
2022-06-02 23:18:11.403 DEBUG [acme.Launcher@main] Found classpath entry '/C:/Users/oliva/.m2/repository/com/opencsv/opencsv/5.4/opencsv-5.4.jar' 
2022-06-02 23:18:11.403 DEBUG [acme.Launcher@main] Found classpath entry '/C:/Users/oliva/.m2/repository/commons-beanutils/commons-beanutils/1.9.4/commons-beanutils-1.9.4.jar' 
2022-06-02 23:18:11.404 DEBUG [acme.Launcher@main] Found classpath entry '/C:/Users/oliva/.m2/repository/commons-logging/commons-logging/1.2/commons-logging-1.2.jar' 
2022-06-02 23:18:11.404 DEBUG [acme.Launcher@main] Found classpath entry '/C:/Users/oliva/.m2/repository/commons-collections/commons-collections/3.2.2/commons-collections-3.2.2.jar' 
2022-06-02 23:18:11.404 DEBUG [acme.Launcher@main] Found classpath entry '/C:/Users/oliva/.m2/repository/org/apache/commons/commons-collections4/4.4/commons-collections4-4.4.jar' 
2022-06-02 23:18:11.405 DEBUG [acme.Launcher@main] Found classpath entry '/C:/Users/oliva/OneDrive/Escritorio/Workspace-22.0/Tools/IDEs/eclipse-jee-2021-12-R/configuration/org.eclipse.osgi/418/0/.cp/lib/javaagent-shaded.jar' 
2022-06-02 23:18:11.582 DEBUG [acme.Launcher@main] Found entity class 'acme.artifact.Artifact 
2022-06-02 23:18:11.582 DEBUG [acme.Launcher@main] Found entity class 'acme.artifact.PartOf 
2022-06-02 23:18:11.583 DEBUG [acme.Launcher@main] Found entity class 'acme.artifact.ToolKit 
2022-06-02 23:18:11.583 DEBUG [acme.Launcher@main] Found entity class 'acme.entities.announcement.Announcement 
2022-06-02 23:18:11.583 DEBUG [acme.Launcher@main] Found entity class 'acme.entities.chirp.Chirp 
2022-06-02 23:18:11.583 DEBUG [acme.Launcher@main] Found entity class 'acme.entities.patronage.Patronage 
2022-06-02 23:18:11.584 DEBUG [acme.Launcher@main] Found entity class 'acme.entities.patronage.PatronageReport 
2022-06-02 23:18:11.584 DEBUG [acme.Launcher@main] Found entity class 'acme.roles.Consumer 
2022-06-02 23:18:11.584 DEBUG [acme.Launcher@main] Found entity class 'acme.roles.Inventor 
2022-06-02 23:18:11.584 DEBUG [acme.Launcher@main] Found entity class 'acme.roles.Patron 
2022-06-02 23:18:11.584 DEBUG [acme.Launcher@main] Found entity class 'acme.roles.Provider 
2022-06-02 23:18:11.585 DEBUG [acme.Launcher@main] Found entity class 'acme.systemSetting.SystemSetting 
2022-06-02 23:18:11.585 DEBUG [acme.Launcher@main] Found entity class 'acme.framework.entities.UserAccount 
2022-06-02 23:18:11.585 DEBUG [acme.Launcher@main] Found entity class 'acme.framework.roles.Administrator 
2022-06-02 23:18:11.585 DEBUG [acme.Launcher@main] Found entity class 'acme.framework.roles.Anonymous 
2022-06-02 23:18:11.585 DEBUG [acme.Launcher@main] Found entity class 'acme.framework.roles.Any 
2022-06-02 23:18:11.586 DEBUG [acme.Launcher@main] Found entity class 'acme.framework.roles.Authenticated 
2022-06-02 23:18:11.593 INFO  [acme.Launcher@main] Running application (Standalone) 
2022-06-02 23:18:15.386 DEBUG [acme.framework.components.tiles.DynamicTilesView@http-nio-8080-exec-1] View name 'fragments/welcome', model {} 
2022-06-02 23:18:15.420 DEBUG [org.apache.tiles.definition.dao.BaseLocaleUrlDefinitionDAO@http-nio-8080-exec-1] File Resource file:/C:/Users/oliva/OneDrive/Escritorio/Workspace-22.0/Projects/Acme-Toolkit/target/classes/WEB-INF/views/master/tiles_es.xml at file:/C:/Users/oliva/OneDrive/Escritorio/Workspace-22.0/Projects/Acme-Toolkit/target/classes/WEB-INF/views/master/tiles_es.xml not found, continue 
2022-06-02 23:18:15.435 DEBUG [org.apache.jasper.servlet.JspServlet@http-nio-8080-exec-1] JspEngine --> /WEB-INF/views/master/page.jsp 
2022-06-02 23:18:15.435 DEBUG [org.apache.jasper.servlet.JspServlet@http-nio-8080-exec-1] ServletPath: /WEB-INF/views/master/page.jsp 
2022-06-02 23:18:15.436 DEBUG [org.apache.jasper.servlet.JspServlet@http-nio-8080-exec-1] PathInfo: null 
2022-06-02 23:18:15.438 DEBUG [org.apache.jasper.servlet.JspServlet@http-nio-8080-exec-1] RealPath: C:\Users\oliva\OneDrive\Escritorio\Workspace-22.0\Projects\Acme-Toolkit\target\classes\WEB-INF\views\master\page.jsp 
2022-06-02 23:18:15.439 DEBUG [org.apache.jasper.servlet.JspServlet@http-nio-8080-exec-1] RequestURI: /acme-toolkit-22.1/WEB-INF/views/master/page.jsp 
2022-06-02 23:18:15.439 DEBUG [org.apache.jasper.servlet.JspServlet@http-nio-8080-exec-1] QueryString: null 
2022-06-02 23:18:22.837 DEBUG [acme.framework.configuration.ExtendedMessageSource@http-nio-8080-exec-1] Loading properties [C:\Users\oliva\OneDrive\Escritorio\Workspace-22.0\Projects\Acme-Toolkit\target\classes\WEB-INF\views\administrator\admin-dashboard\messages-en.i18n] with encoding 'utf-8' 
2022-06-02 23:18:22.839 DEBUG [acme.framework.configuration.ExtendedMessageSource@http-nio-8080-exec-1] Loading properties [C:\Users\oliva\OneDrive\Escritorio\Workspace-22.0\Projects\Acme-Toolkit\target\classes\WEB-INF\views\administrator\announcement\messages-en.i18n] with encoding 'utf-8' 
2022-06-02 23:18:22.840 DEBUG [acme.framework.configuration.ExtendedMessageSource@http-nio-8080-exec-1] Loading properties [C:\Users\oliva\OneDrive\Escritorio\Workspace-22.0\Projects\Acme-Toolkit\target\classes\WEB-INF\views\administrator\system-setting\messsages-en.i18n] with encoding 'utf-8' 
2022-06-02 23:18:22.841 DEBUG [acme.framework.configuration.ExtendedMessageSource@http-nio-8080-exec-1] Loading properties [C:\Users\oliva\OneDrive\Escritorio\Workspace-22.0\Projects\Acme-Toolkit\target\classes\WEB-INF\views\administrator\user-account\messages-en.i18n] with encoding 'utf-8' 
2022-06-02 23:18:22.842 DEBUG [acme.framework.configuration.ExtendedMessageSource@http-nio-8080-exec-1] Loading properties [C:\Users\oliva\OneDrive\Escritorio\Workspace-22.0\Projects\Acme-Toolkit\target\classes\WEB-INF\views\anonymous\user-account\messages-en.i18n] with encoding 'utf-8' 
2022-06-02 23:18:22.842 DEBUG [acme.framework.configuration.ExtendedMessageSource@http-nio-8080-exec-1] Loading properties [C:\Users\oliva\OneDrive\Escritorio\Workspace-22.0\Projects\Acme-Toolkit\target\classes\WEB-INF\views\any\artifact\messages-en.i18n] with encoding 'utf-8' 
2022-06-02 23:18:22.843 DEBUG [acme.framework.configuration.ExtendedMessageSource@http-nio-8080-exec-1] Loading properties [C:\Users\oliva\OneDrive\Escritorio\Workspace-22.0\Projects\Acme-Toolkit\target\classes\WEB-INF\views\any\chirp\messages-en.i18n] with encoding 'utf-8' 
2022-06-02 23:18:22.844 DEBUG [acme.framework.configuration.ExtendedMessageSource@http-nio-8080-exec-1] Loading properties [C:\Users\oliva\OneDrive\Escritorio\Workspace-22.0\Projects\Acme-Toolkit\target\classes\WEB-INF\views\any\part-of\messages-en.i18n] with encoding 'utf-8' 
2022-06-02 23:18:22.846 DEBUG [acme.framework.configuration.ExtendedMessageSource@http-nio-8080-exec-1] Loading properties [C:\Users\oliva\OneDrive\Escritorio\Workspace-22.0\Projects\Acme-Toolkit\target\classes\WEB-INF\views\any\tool-kit\messages-en.i18n] with encoding 'utf-8' 
2022-06-02 23:18:22.847 DEBUG [acme.framework.configuration.ExtendedMessageSource@http-nio-8080-exec-1] Loading properties [C:\Users\oliva\OneDrive\Escritorio\Workspace-22.0\Projects\Acme-Toolkit\target\classes\WEB-INF\views\any\user-account\messsages-en.i18n] with encoding 'utf-8' 
2022-06-02 23:18:22.848 DEBUG [acme.framework.configuration.ExtendedMessageSource@http-nio-8080-exec-1] Loading properties [C:\Users\oliva\OneDrive\Escritorio\Workspace-22.0\Projects\Acme-Toolkit\target\classes\WEB-INF\views\authenticated\announcement\messages-en.i18n] with encoding 'utf-8' 
2022-06-02 23:18:22.849 DEBUG [acme.framework.configuration.ExtendedMessageSource@http-nio-8080-exec-1] Loading properties [C:\Users\oliva\OneDrive\Escritorio\Workspace-22.0\Projects\Acme-Toolkit\target\classes\WEB-INF\views\authenticated\consumer\messsages-en.i18n] with encoding 'utf-8' 
2022-06-02 23:18:22.850 DEBUG [acme.framework.configuration.ExtendedMessageSource@http-nio-8080-exec-1] Loading properties [C:\Users\oliva\OneDrive\Escritorio\Workspace-22.0\Projects\Acme-Toolkit\target\classes\WEB-INF\views\authenticated\inventor\messsages-en.i18n] with encoding 'utf-8' 
2022-06-02 23:18:22.852 DEBUG [acme.framework.configuration.ExtendedMessageSource@http-nio-8080-exec-1] Loading properties [C:\Users\oliva\OneDrive\Escritorio\Workspace-22.0\Projects\Acme-Toolkit\target\classes\WEB-INF\views\authenticated\patron\messsages-en.i18n] with encoding 'utf-8' 
2022-06-02 23:18:22.853 DEBUG [acme.framework.configuration.ExtendedMessageSource@http-nio-8080-exec-1] Loading properties [C:\Users\oliva\OneDrive\Escritorio\Workspace-22.0\Projects\Acme-Toolkit\target\classes\WEB-INF\views\authenticated\provider\messsages-en.i18n] with encoding 'utf-8' 
2022-06-02 23:18:22.854 DEBUG [acme.framework.configuration.ExtendedMessageSource@http-nio-8080-exec-1] Loading properties [C:\Users\oliva\OneDrive\Escritorio\Workspace-22.0\Projects\Acme-Toolkit\target\classes\WEB-INF\views\authenticated\system-setting\messsages-en.i18n] with encoding 'utf-8' 
2022-06-02 23:18:22.855 DEBUG [acme.framework.configuration.ExtendedMessageSource@http-nio-8080-exec-1] Loading properties [C:\Users\oliva\OneDrive\Escritorio\Workspace-22.0\Projects\Acme-Toolkit\target\classes\WEB-INF\views\authenticated\user-account\messages-en.i18n] with encoding 'utf-8' 
2022-06-02 23:18:22.856 DEBUG [acme.framework.configuration.ExtendedMessageSource@http-nio-8080-exec-1] Loading properties [C:\Users\oliva\OneDrive\Escritorio\Workspace-22.0\Projects\Acme-Toolkit\target\classes\WEB-INF\views\fragments\banner-en.i18n] with encoding 'utf-8' 
2022-06-02 23:18:22.858 DEBUG [acme.framework.configuration.ExtendedMessageSource@http-nio-8080-exec-1] Loading properties [C:\Users\oliva\OneDrive\Escritorio\Workspace-22.0\Projects\Acme-Toolkit\target\classes\WEB-INF\views\fragments\company-en.i18n] with encoding 'utf-8' 
2022-06-02 23:18:22.859 DEBUG [acme.framework.configuration.ExtendedMessageSource@http-nio-8080-exec-1] Loading properties [C:\Users\oliva\OneDrive\Escritorio\Workspace-22.0\Projects\Acme-Toolkit\target\classes\WEB-INF\views\fragments\footer-en.i18n] with encoding 'utf-8' 
2022-06-02 23:18:22.860 DEBUG [acme.framework.configuration.ExtendedMessageSource@http-nio-8080-exec-1] Loading properties [C:\Users\oliva\OneDrive\Escritorio\Workspace-22.0\Projects\Acme-Toolkit\target\classes\WEB-INF\views\fragments\license-en.i18n] with encoding 'utf-8' 
2022-06-02 23:18:22.862 DEBUG [acme.framework.configuration.ExtendedMessageSource@http-nio-8080-exec-1] Loading properties [C:\Users\oliva\OneDrive\Escritorio\Workspace-22.0\Projects\Acme-Toolkit\target\classes\WEB-INF\views\fragments\menu-en.i18n] with encoding 'utf-8' 
2022-06-02 23:18:22.864 DEBUG [acme.framework.configuration.ExtendedMessageSource@http-nio-8080-exec-1] Loading properties [C:\Users\oliva\OneDrive\Escritorio\Workspace-22.0\Projects\Acme-Toolkit\target\classes\WEB-INF\views\fragments\messsages-en.i18n] with encoding 'utf-8' 
2022-06-02 23:18:22.865 DEBUG [acme.framework.configuration.ExtendedMessageSource@http-nio-8080-exec-1] Loading properties [C:\Users\oliva\OneDrive\Escritorio\Workspace-22.0\Projects\Acme-Toolkit\target\classes\WEB-INF\views\fragments\title-en.i18n] with encoding 'utf-8' 
2022-06-02 23:18:22.866 DEBUG [acme.framework.configuration.ExtendedMessageSource@http-nio-8080-exec-1] Loading properties [C:\Users\oliva\OneDrive\Escritorio\Workspace-22.0\Projects\Acme-Toolkit\target\classes\WEB-INF\views\fragments\welcome-en.i18n] with encoding 'utf-8' 
2022-06-02 23:18:22.867 DEBUG [acme.framework.configuration.ExtendedMessageSource@http-nio-8080-exec-1] Loading properties [C:\Users\oliva\OneDrive\Escritorio\Workspace-22.0\Projects\Acme-Toolkit\target\classes\WEB-INF\views\inventor\artifact\messages-en.i18n] with encoding 'utf-8' 
2022-06-02 23:18:22.868 DEBUG [acme.framework.configuration.ExtendedMessageSource@http-nio-8080-exec-1] Loading properties [C:\Users\oliva\OneDrive\Escritorio\Workspace-22.0\Projects\Acme-Toolkit\target\classes\WEB-INF\views\inventor\patronage\messages-en.i18n] with encoding 'utf-8' 
2022-06-02 23:18:22.870 DEBUG [acme.framework.configuration.ExtendedMessageSource@http-nio-8080-exec-1] Loading properties [C:\Users\oliva\OneDrive\Escritorio\Workspace-22.0\Projects\Acme-Toolkit\target\classes\WEB-INF\views\inventor\patronage-report\messages-en.i18n] with encoding 'utf-8' 
2022-06-02 23:18:22.871 DEBUG [acme.framework.configuration.ExtendedMessageSource@http-nio-8080-exec-1] Loading properties [C:\Users\oliva\OneDrive\Escritorio\Workspace-22.0\Projects\Acme-Toolkit\target\classes\WEB-INF\views\inventor\tool-kit\messages-en.i18n] with encoding 'utf-8' 
2022-06-02 23:18:22.872 DEBUG [acme.framework.configuration.ExtendedMessageSource@http-nio-8080-exec-1] Loading properties [C:\Users\oliva\OneDrive\Escritorio\Workspace-22.0\Projects\Acme-Toolkit\target\classes\WEB-INF\views\master\defaults-en.i18n] with encoding 'utf-8' 
2022-06-02 23:18:22.873 DEBUG [acme.framework.configuration.ExtendedMessageSource@http-nio-8080-exec-1] Loading properties [C:\Users\oliva\OneDrive\Escritorio\Workspace-22.0\Projects\Acme-Toolkit\target\classes\WEB-INF\views\master\master-en.i18n] with encoding 'utf-8' 
2022-06-02 23:18:22.873 DEBUG [acme.framework.configuration.ExtendedMessageSource@http-nio-8080-exec-1] Loading properties [C:\Users\oliva\OneDrive\Escritorio\Workspace-22.0\Projects\Acme-Toolkit\target\classes\WEB-INF\views\master\throwables-en.i18n] with encoding 'utf-8' 
2022-06-02 23:18:22.874 DEBUG [acme.framework.configuration.ExtendedMessageSource@http-nio-8080-exec-1] Loading properties [C:\Users\oliva\OneDrive\Escritorio\Workspace-22.0\Projects\Acme-Toolkit\target\classes\WEB-INF\views\master\validation-en.i18n] with encoding 'utf-8' 
2022-06-02 23:18:22.875 DEBUG [acme.framework.configuration.ExtendedMessageSource@http-nio-8080-exec-1] Loading properties [C:\Users\oliva\OneDrive\Escritorio\Workspace-22.0\Projects\Acme-Toolkit\target\classes\WEB-INF\views\patron\patron-dashboard\messages-en.i18n] with encoding 'utf-8' 
2022-06-02 23:18:22.876 DEBUG [acme.framework.configuration.ExtendedMessageSource@http-nio-8080-exec-1] Loading properties [C:\Users\oliva\OneDrive\Escritorio\Workspace-22.0\Projects\Acme-Toolkit\target\classes\WEB-INF\views\patron\patronage\messages-en.i18n] with encoding 'utf-8' 
2022-06-02 23:18:22.901 DEBUG [acme.framework.configuration.ExtendedMessageSource@http-nio-8080-exec-1] Loading properties [C:\Users\oliva\OneDrive\Escritorio\Workspace-22.0\Projects\Acme-Toolkit\target\classes\WEB-INF\views\administrator\admin-dashboard\messages-es.i18n] with encoding 'utf-8' 
2022-06-02 23:18:22.902 DEBUG [acme.framework.configuration.ExtendedMessageSource@http-nio-8080-exec-1] Loading properties [C:\Users\oliva\OneDrive\Escritorio\Workspace-22.0\Projects\Acme-Toolkit\target\classes\WEB-INF\views\administrator\announcement\messages-es.i18n] with encoding 'utf-8' 
2022-06-02 23:18:22.903 DEBUG [acme.framework.configuration.ExtendedMessageSource@http-nio-8080-exec-1] Loading properties [C:\Users\oliva\OneDrive\Escritorio\Workspace-22.0\Projects\Acme-Toolkit\target\classes\WEB-INF\views\administrator\system-setting\messsages-es.i18n] with encoding 'utf-8' 
2022-06-02 23:18:22.905 DEBUG [acme.framework.configuration.ExtendedMessageSource@http-nio-8080-exec-1] Loading properties [C:\Users\oliva\OneDrive\Escritorio\Workspace-22.0\Projects\Acme-Toolkit\target\classes\WEB-INF\views\administrator\user-account\messages-es.i18n] with encoding 'utf-8' 
2022-06-02 23:18:22.906 DEBUG [acme.framework.configuration.ExtendedMessageSource@http-nio-8080-exec-1] Loading properties [C:\Users\oliva\OneDrive\Escritorio\Workspace-22.0\Projects\Acme-Toolkit\target\classes\WEB-INF\views\anonymous\user-account\messages-es.i18n] with encoding 'utf-8' 
2022-06-02 23:18:22.907 DEBUG [acme.framework.configuration.ExtendedMessageSource@http-nio-8080-exec-1] Loading properties [C:\Users\oliva\OneDrive\Escritorio\Workspace-22.0\Projects\Acme-Toolkit\target\classes\WEB-INF\views\any\artifact\messages-es.i18n] with encoding 'utf-8' 
2022-06-02 23:18:22.908 DEBUG [acme.framework.configuration.ExtendedMessageSource@http-nio-8080-exec-1] Loading properties [C:\Users\oliva\OneDrive\Escritorio\Workspace-22.0\Projects\Acme-Toolkit\target\classes\WEB-INF\views\any\chirp\messages-es.i18n] with encoding 'utf-8' 
2022-06-02 23:18:22.909 DEBUG [acme.framework.configuration.ExtendedMessageSource@http-nio-8080-exec-1] Loading properties [C:\Users\oliva\OneDrive\Escritorio\Workspace-22.0\Projects\Acme-Toolkit\target\classes\WEB-INF\views\any\part-of\messages-es.i18n] with encoding 'utf-8' 
2022-06-02 23:18:22.911 DEBUG [acme.framework.configuration.ExtendedMessageSource@http-nio-8080-exec-1] Loading properties [C:\Users\oliva\OneDrive\Escritorio\Workspace-22.0\Projects\Acme-Toolkit\target\classes\WEB-INF\views\any\tool-kit\messages-es.i18n] with encoding 'utf-8' 
2022-06-02 23:18:22.912 DEBUG [acme.framework.configuration.ExtendedMessageSource@http-nio-8080-exec-1] Loading properties [C:\Users\oliva\OneDrive\Escritorio\Workspace-22.0\Projects\Acme-Toolkit\target\classes\WEB-INF\views\any\user-account\messsages-es.i18n] with encoding 'utf-8' 
2022-06-02 23:18:22.913 DEBUG [acme.framework.configuration.ExtendedMessageSource@http-nio-8080-exec-1] Loading properties [C:\Users\oliva\OneDrive\Escritorio\Workspace-22.0\Projects\Acme-Toolkit\target\classes\WEB-INF\views\authenticated\announcement\messages-es.i18n] with encoding 'utf-8' 
2022-06-02 23:18:22.914 DEBUG [acme.framework.configuration.ExtendedMessageSource@http-nio-8080-exec-1] Loading properties [C:\Users\oliva\OneDrive\Escritorio\Workspace-22.0\Projects\Acme-Toolkit\target\classes\WEB-INF\views\authenticated\consumer\messsages-es.i18n] with encoding 'utf-8' 
2022-06-02 23:18:22.915 DEBUG [acme.framework.configuration.ExtendedMessageSource@http-nio-8080-exec-1] Loading properties [C:\Users\oliva\OneDrive\Escritorio\Workspace-22.0\Projects\Acme-Toolkit\target\classes\WEB-INF\views\authenticated\inventor\messsages-es.i18n] with encoding 'utf-8' 
2022-06-02 23:18:22.917 DEBUG [acme.framework.configuration.ExtendedMessageSource@http-nio-8080-exec-1] Loading properties [C:\Users\oliva\OneDrive\Escritorio\Workspace-22.0\Projects\Acme-Toolkit\target\classes\WEB-INF\views\authenticated\patron\messsages-es.i18n] with encoding 'utf-8' 
2022-06-02 23:18:22.918 DEBUG [acme.framework.configuration.ExtendedMessageSource@http-nio-8080-exec-1] Loading properties [C:\Users\oliva\OneDrive\Escritorio\Workspace-22.0\Projects\Acme-Toolkit\target\classes\WEB-INF\views\authenticated\provider\messsages-es.i18n] with encoding 'utf-8' 
2022-06-02 23:18:22.919 DEBUG [acme.framework.configuration.ExtendedMessageSource@http-nio-8080-exec-1] Loading properties [C:\Users\oliva\OneDrive\Escritorio\Workspace-22.0\Projects\Acme-Toolkit\target\classes\WEB-INF\views\authenticated\system-setting\messsages-es.i18n] with encoding 'utf-8' 
2022-06-02 23:18:22.920 DEBUG [acme.framework.configuration.ExtendedMessageSource@http-nio-8080-exec-1] Loading properties [C:\Users\oliva\OneDrive\Escritorio\Workspace-22.0\Projects\Acme-Toolkit\target\classes\WEB-INF\views\authenticated\user-account\messages-es.i18n] with encoding 'utf-8' 
2022-06-02 23:18:22.921 DEBUG [acme.framework.configuration.ExtendedMessageSource@http-nio-8080-exec-1] Loading properties [C:\Users\oliva\OneDrive\Escritorio\Workspace-22.0\Projects\Acme-Toolkit\target\classes\WEB-INF\views\fragments\banner-es.i18n] with encoding 'utf-8' 
2022-06-02 23:18:22.922 DEBUG [acme.framework.configuration.ExtendedMessageSource@http-nio-8080-exec-1] Loading properties [C:\Users\oliva\OneDrive\Escritorio\Workspace-22.0\Projects\Acme-Toolkit\target\classes\WEB-INF\views\fragments\company-es.i18n] with encoding 'utf-8' 
2022-06-02 23:18:22.924 DEBUG [acme.framework.configuration.ExtendedMessageSource@http-nio-8080-exec-1] Loading properties [C:\Users\oliva\OneDrive\Escritorio\Workspace-22.0\Projects\Acme-Toolkit\target\classes\WEB-INF\views\fragments\footer-es.i18n] with encoding 'utf-8' 
2022-06-02 23:18:22.925 DEBUG [acme.framework.configuration.ExtendedMessageSource@http-nio-8080-exec-1] Loading properties [C:\Users\oliva\OneDrive\Escritorio\Workspace-22.0\Projects\Acme-Toolkit\target\classes\WEB-INF\views\fragments\license-es.i18n] with encoding 'utf-8' 
2022-06-02 23:18:22.926 DEBUG [acme.framework.configuration.ExtendedMessageSource@http-nio-8080-exec-1] Loading properties [C:\Users\oliva\OneDrive\Escritorio\Workspace-22.0\Projects\Acme-Toolkit\target\classes\WEB-INF\views\fragments\menu-es.i18n] with encoding 'utf-8' 
2022-06-02 23:18:22.928 DEBUG [acme.framework.configuration.ExtendedMessageSource@http-nio-8080-exec-1] Loading properties [C:\Users\oliva\OneDrive\Escritorio\Workspace-22.0\Projects\Acme-Toolkit\target\classes\WEB-INF\views\fragments\messsages-es.i18n] with encoding 'utf-8' 
2022-06-02 23:18:22.929 DEBUG [acme.framework.configuration.ExtendedMessageSource@http-nio-8080-exec-1] Loading properties [C:\Users\oliva\OneDrive\Escritorio\Workspace-22.0\Projects\Acme-Toolkit\target\classes\WEB-INF\views\fragments\title-es.i18n] with encoding 'utf-8' 
2022-06-02 23:18:22.930 DEBUG [acme.framework.configuration.ExtendedMessageSource@http-nio-8080-exec-1] Loading properties [C:\Users\oliva\OneDrive\Escritorio\Workspace-22.0\Projects\Acme-Toolkit\target\classes\WEB-INF\views\fragments\welcome-es.i18n] with encoding 'utf-8' 
2022-06-02 23:18:22.931 DEBUG [acme.framework.configuration.ExtendedMessageSource@http-nio-8080-exec-1] Loading properties [C:\Users\oliva\OneDrive\Escritorio\Workspace-22.0\Projects\Acme-Toolkit\target\classes\WEB-INF\views\inventor\artifact\messages-es.i18n] with encoding 'utf-8' 
2022-06-02 23:18:22.932 DEBUG [acme.framework.configuration.ExtendedMessageSource@http-nio-8080-exec-1] Loading properties [C:\Users\oliva\OneDrive\Escritorio\Workspace-22.0\Projects\Acme-Toolkit\target\classes\WEB-INF\views\inventor\patronage\messages-es.i18n] with encoding 'utf-8' 
2022-06-02 23:18:22.933 DEBUG [acme.framework.configuration.ExtendedMessageSource@http-nio-8080-exec-1] Loading properties [C:\Users\oliva\OneDrive\Escritorio\Workspace-22.0\Projects\Acme-Toolkit\target\classes\WEB-INF\views\inventor\patronage-report\messages-es.i18n] with encoding 'utf-8' 
2022-06-02 23:18:22.934 DEBUG [acme.framework.configuration.ExtendedMessageSource@http-nio-8080-exec-1] Loading properties [C:\Users\oliva\OneDrive\Escritorio\Workspace-22.0\Projects\Acme-Toolkit\target\classes\WEB-INF\views\inventor\tool-kit\messages-es.i18n] with encoding 'utf-8' 
2022-06-02 23:18:22.935 DEBUG [acme.framework.configuration.ExtendedMessageSource@http-nio-8080-exec-1] Loading properties [C:\Users\oliva\OneDrive\Escritorio\Workspace-22.0\Projects\Acme-Toolkit\target\classes\WEB-INF\views\master\defaults-es.i18n] with encoding 'utf-8' 
2022-06-02 23:18:22.936 DEBUG [acme.framework.configuration.ExtendedMessageSource@http-nio-8080-exec-1] Loading properties [C:\Users\oliva\OneDrive\Escritorio\Workspace-22.0\Projects\Acme-Toolkit\target\classes\WEB-INF\views\master\master-es.i18n] with encoding 'utf-8' 
2022-06-02 23:18:22.937 DEBUG [acme.framework.configuration.ExtendedMessageSource@http-nio-8080-exec-1] Loading properties [C:\Users\oliva\OneDrive\Escritorio\Workspace-22.0\Projects\Acme-Toolkit\target\classes\WEB-INF\views\master\throwables-es.i18n] with encoding 'utf-8' 
2022-06-02 23:18:22.938 DEBUG [acme.framework.configuration.ExtendedMessageSource@http-nio-8080-exec-1] Loading properties [C:\Users\oliva\OneDrive\Escritorio\Workspace-22.0\Projects\Acme-Toolkit\target\classes\WEB-INF\views\master\validation-es.i18n] with encoding 'utf-8' 
2022-06-02 23:18:22.939 DEBUG [acme.framework.configuration.ExtendedMessageSource@http-nio-8080-exec-1] Loading properties [C:\Users\oliva\OneDrive\Escritorio\Workspace-22.0\Projects\Acme-Toolkit\target\classes\WEB-INF\views\patron\patron-dashboard\messages-es.i18n] with encoding 'utf-8' 
2022-06-02 23:18:22.939 DEBUG [acme.framework.configuration.ExtendedMessageSource@http-nio-8080-exec-1] Loading properties [C:\Users\oliva\OneDrive\Escritorio\Workspace-22.0\Projects\Acme-Toolkit\target\classes\WEB-INF\views\patron\patronage\messages-es.i18n] with encoding 'utf-8' 
2022-06-02 23:18:23.330 DEBUG [org.apache.jasper.servlet.JspServlet@http-nio-8080-exec-1] JspEngine --> /WEB-INF/views/fragments/welcome.jsp 
2022-06-02 23:18:23.331 DEBUG [org.apache.jasper.servlet.JspServlet@http-nio-8080-exec-1] ServletPath: /WEB-INF/views/master/page.jsp 
2022-06-02 23:18:23.332 DEBUG [org.apache.jasper.servlet.JspServlet@http-nio-8080-exec-1] PathInfo: null 
2022-06-02 23:18:23.337 DEBUG [org.apache.jasper.servlet.JspServlet@http-nio-8080-exec-1] RealPath: C:\Users\oliva\OneDrive\Escritorio\Workspace-22.0\Projects\Acme-Toolkit\target\classes\WEB-INF\views\fragments\welcome.jsp 
2022-06-02 23:18:23.338 DEBUG [org.apache.jasper.servlet.JspServlet@http-nio-8080-exec-1] RequestURI: /acme-toolkit-22.1/WEB-INF/views/master/page.jsp 
2022-06-02 23:18:23.339 DEBUG [org.apache.jasper.servlet.JspServlet@http-nio-8080-exec-1] QueryString: null 
2022-06-02 23:18:24.125 DEBUG [org.hibernate.SQL@http-nio-8080-exec-1] select useraccoun0_.id as id1_0_, useraccoun0_.version as version2_0_, useraccoun0_.enabled as enabled1_17_, useraccoun0_.identity as identity2_17_, useraccoun0_.password as password3_17_, useraccoun0_.username as username4_17_ from user_account useraccoun0_ where useraccoun0_.username=? 
2022-06-02 23:18:24.176 TRACE [org.hibernate.type.descriptor.sql.BasicBinder@http-nio-8080-exec-1] binding parameter [1] as [VARCHAR] - [anonymous] 
2022-06-02 23:18:24.282 DEBUG [org.hibernate.SQL@http-nio-8080-exec-1] select roles0_.user_account_id as user_acc1_18_0_, roles0_.id as id1_18_0_, roles0_.id as id1_0_1_, roles0_.version as version2_0_1_, roles0_.user_account_id as user_acc1_18_1_, roles0_.company as company1_8_1_, roles0_.sector as sector2_8_1_, roles0_.company as company1_9_1_, roles0_.link as link2_9_1_, roles0_.statement as statemen3_9_1_, roles0_.company as company1_11_1_, roles0_.link as link2_11_1_, roles0_.statement as statemen3_11_1_, roles0_.company as company1_14_1_, roles0_.sector as sector2_14_1_, roles0_.clazz_ as clazz_1_ from ( select id, version, user_account_id, company, sector, null as link, null as statement, 9 as clazz_ from consumer union all select id, version, user_account_id, company, null as sector, link, statement, 10 as clazz_ from inventor union all select id, version, user_account_id, company, null as sector, link, statement, 11 as clazz_ from patron union all select id, version, user_account_id, company, sector, null as link, null as statement, 12 as clazz_ from provider union all select id, version, user_account_id, null as company, null as sector, null as link, null as statement, 15 as clazz_ from administrator union all select id, version, user_account_id, null as company, null as sector, null as link, null as statement, 16 as clazz_ from anonymous union all select id, version, user_account_id, null as company, null as sector, null as link, null as statement, 17 as clazz_ from any union all select id, version, user_account_id, null as company, null as sector, null as link, null as statement, 18 as clazz_ from authenticated ) roles0_ where roles0_.user_account_id=? 
2022-06-02 23:18:24.283 TRACE [org.hibernate.type.descriptor.sql.BasicBinder@http-nio-8080-exec-1] binding parameter [1] as [INTEGER] - [1] 
2022-06-02 23:18:31.455 DEBUG [acme.framework.components.tiles.DynamicTilesView@http-nio-8080-exec-6] View name 'master/sign-in', model {username=, password=, remember=false} 
2022-06-02 23:18:31.457 DEBUG [org.apache.jasper.servlet.JspServlet@http-nio-8080-exec-6] JspEngine --> /WEB-INF/views/master/page.jsp 
2022-06-02 23:18:31.458 DEBUG [org.apache.jasper.servlet.JspServlet@http-nio-8080-exec-6] ServletPath: /WEB-INF/views/master/page.jsp 
2022-06-02 23:18:31.458 DEBUG [org.apache.jasper.servlet.JspServlet@http-nio-8080-exec-6] PathInfo: null 
2022-06-02 23:18:31.461 DEBUG [org.apache.jasper.servlet.JspServlet@http-nio-8080-exec-6] RealPath: C:\Users\oliva\OneDrive\Escritorio\Workspace-22.0\Projects\Acme-Toolkit\target\classes\WEB-INF\views\master\page.jsp 
2022-06-02 23:18:31.462 DEBUG [org.apache.jasper.servlet.JspServlet@http-nio-8080-exec-6] RequestURI: /acme-toolkit-22.1/WEB-INF/views/master/page.jsp 
2022-06-02 23:18:31.462 DEBUG [org.apache.jasper.servlet.JspServlet@http-nio-8080-exec-6] QueryString: null 
2022-06-02 23:18:31.740 DEBUG [org.apache.jasper.servlet.JspServlet@http-nio-8080-exec-6] JspEngine --> /WEB-INF/views/master/sign-in.jsp 
2022-06-02 23:18:31.741 DEBUG [org.apache.jasper.servlet.JspServlet@http-nio-8080-exec-6] ServletPath: /WEB-INF/views/master/page.jsp 
2022-06-02 23:18:31.741 DEBUG [org.apache.jasper.servlet.JspServlet@http-nio-8080-exec-6] PathInfo: null 
2022-06-02 23:18:31.742 DEBUG [org.apache.jasper.servlet.JspServlet@http-nio-8080-exec-6] RealPath: C:\Users\oliva\OneDrive\Escritorio\Workspace-22.0\Projects\Acme-Toolkit\target\classes\WEB-INF\views\master\sign-in.jsp 
2022-06-02 23:18:31.743 DEBUG [org.apache.jasper.servlet.JspServlet@http-nio-8080-exec-6] RequestURI: /acme-toolkit-22.1/WEB-INF/views/master/page.jsp 
2022-06-02 23:18:31.743 DEBUG [org.apache.jasper.servlet.JspServlet@http-nio-8080-exec-6] QueryString: null 
2022-06-02 23:18:34.854 DEBUG [org.hibernate.SQL@http-nio-8080-exec-6] select useraccoun0_.id as id1_0_, useraccoun0_.version as version2_0_, useraccoun0_.enabled as enabled1_17_, useraccoun0_.identity as identity2_17_, useraccoun0_.password as password3_17_, useraccoun0_.username as username4_17_ from user_account useraccoun0_ where useraccoun0_.username=? 
2022-06-02 23:18:34.855 TRACE [org.hibernate.type.descriptor.sql.BasicBinder@http-nio-8080-exec-6] binding parameter [1] as [VARCHAR] - [anonymous] 
2022-06-02 23:18:34.858 DEBUG [org.hibernate.SQL@http-nio-8080-exec-6] select roles0_.user_account_id as user_acc1_18_0_, roles0_.id as id1_18_0_, roles0_.id as id1_0_1_, roles0_.version as version2_0_1_, roles0_.user_account_id as user_acc1_18_1_, roles0_.company as company1_8_1_, roles0_.sector as sector2_8_1_, roles0_.company as company1_9_1_, roles0_.link as link2_9_1_, roles0_.statement as statemen3_9_1_, roles0_.company as company1_11_1_, roles0_.link as link2_11_1_, roles0_.statement as statemen3_11_1_, roles0_.company as company1_14_1_, roles0_.sector as sector2_14_1_, roles0_.clazz_ as clazz_1_ from ( select id, version, user_account_id, company, sector, null as link, null as statement, 9 as clazz_ from consumer union all select id, version, user_account_id, company, null as sector, link, statement, 10 as clazz_ from inventor union all select id, version, user_account_id, company, null as sector, link, statement, 11 as clazz_ from patron union all select id, version, user_account_id, company, sector, null as link, null as statement, 12 as clazz_ from provider union all select id, version, user_account_id, null as company, null as sector, null as link, null as statement, 15 as clazz_ from administrator union all select id, version, user_account_id, null as company, null as sector, null as link, null as statement, 16 as clazz_ from anonymous union all select id, version, user_account_id, null as company, null as sector, null as link, null as statement, 17 as clazz_ from any union all select id, version, user_account_id, null as company, null as sector, null as link, null as statement, 18 as clazz_ from authenticated ) roles0_ where roles0_.user_account_id=? 
2022-06-02 23:18:34.859 TRACE [org.hibernate.type.descriptor.sql.BasicBinder@http-nio-8080-exec-6] binding parameter [1] as [INTEGER] - [1] 
2022-06-02 23:18:44.615 DEBUG [org.hibernate.SQL@http-nio-8080-exec-2] select useraccoun0_.id as id1_0_, useraccoun0_.version as version2_0_, useraccoun0_.enabled as enabled1_17_, useraccoun0_.identity as identity2_17_, useraccoun0_.password as password3_17_, useraccoun0_.username as username4_17_ from user_account useraccoun0_ where useraccoun0_.username=? 
2022-06-02 23:18:44.616 TRACE [org.hibernate.type.descriptor.sql.BasicBinder@http-nio-8080-exec-2] binding parameter [1] as [VARCHAR] - [inventor1] 
2022-06-02 23:18:44.618 DEBUG [org.hibernate.SQL@http-nio-8080-exec-2] select roles0_.user_account_id as user_acc1_18_0_, roles0_.id as id1_18_0_, roles0_.id as id1_0_1_, roles0_.version as version2_0_1_, roles0_.user_account_id as user_acc1_18_1_, roles0_.company as company1_8_1_, roles0_.sector as sector2_8_1_, roles0_.company as company1_9_1_, roles0_.link as link2_9_1_, roles0_.statement as statemen3_9_1_, roles0_.company as company1_11_1_, roles0_.link as link2_11_1_, roles0_.statement as statemen3_11_1_, roles0_.company as company1_14_1_, roles0_.sector as sector2_14_1_, roles0_.clazz_ as clazz_1_ from ( select id, version, user_account_id, company, sector, null as link, null as statement, 9 as clazz_ from consumer union all select id, version, user_account_id, company, null as sector, link, statement, 10 as clazz_ from inventor union all select id, version, user_account_id, company, null as sector, link, statement, 11 as clazz_ from patron union all select id, version, user_account_id, company, sector, null as link, null as statement, 12 as clazz_ from provider union all select id, version, user_account_id, null as company, null as sector, null as link, null as statement, 15 as clazz_ from administrator union all select id, version, user_account_id, null as company, null as sector, null as link, null as statement, 16 as clazz_ from anonymous union all select id, version, user_account_id, null as company, null as sector, null as link, null as statement, 17 as clazz_ from any union all select id, version, user_account_id, null as company, null as sector, null as link, null as statement, 18 as clazz_ from authenticated ) roles0_ where roles0_.user_account_id=? 
2022-06-02 23:18:44.620 TRACE [org.hibernate.type.descriptor.sql.BasicBinder@http-nio-8080-exec-2] binding parameter [1] as [INTEGER] - [6] 
2022-06-02 23:18:44.645 DEBUG [acme.framework.components.tiles.DynamicTilesView@http-nio-8080-exec-3] View name 'fragments/welcome', model {} 
2022-06-02 23:18:44.646 DEBUG [org.apache.jasper.servlet.JspServlet@http-nio-8080-exec-3] JspEngine --> /WEB-INF/views/master/page.jsp 
2022-06-02 23:18:44.647 DEBUG [org.apache.jasper.servlet.JspServlet@http-nio-8080-exec-3] ServletPath: /WEB-INF/views/master/page.jsp 
2022-06-02 23:18:44.647 DEBUG [org.apache.jasper.servlet.JspServlet@http-nio-8080-exec-3] PathInfo: null 
2022-06-02 23:18:44.650 DEBUG [org.apache.jasper.servlet.JspServlet@http-nio-8080-exec-3] RealPath: C:\Users\oliva\OneDrive\Escritorio\Workspace-22.0\Projects\Acme-Toolkit\target\classes\WEB-INF\views\master\page.jsp 
2022-06-02 23:18:44.650 DEBUG [org.apache.jasper.servlet.JspServlet@http-nio-8080-exec-3] RequestURI: /acme-toolkit-22.1/WEB-INF/views/master/page.jsp 
2022-06-02 23:18:44.651 DEBUG [org.apache.jasper.servlet.JspServlet@http-nio-8080-exec-3] QueryString: null 
2022-06-02 23:18:44.943 DEBUG [org.apache.jasper.servlet.JspServlet@http-nio-8080-exec-3] JspEngine --> /WEB-INF/views/fragments/welcome.jsp 
2022-06-02 23:18:44.943 DEBUG [org.apache.jasper.servlet.JspServlet@http-nio-8080-exec-3] ServletPath: /WEB-INF/views/master/page.jsp 
2022-06-02 23:18:44.944 DEBUG [org.apache.jasper.servlet.JspServlet@http-nio-8080-exec-3] PathInfo: null 
2022-06-02 23:18:44.947 DEBUG [org.apache.jasper.servlet.JspServlet@http-nio-8080-exec-3] RealPath: C:\Users\oliva\OneDrive\Escritorio\Workspace-22.0\Projects\Acme-Toolkit\target\classes\WEB-INF\views\fragments\welcome.jsp 
2022-06-02 23:18:44.948 DEBUG [org.apache.jasper.servlet.JspServlet@http-nio-8080-exec-3] RequestURI: /acme-toolkit-22.1/WEB-INF/views/master/page.jsp 
2022-06-02 23:18:44.948 DEBUG [org.apache.jasper.servlet.JspServlet@http-nio-8080-exec-3] QueryString: null 
2022-06-02 23:18:51.011 DEBUG [acme.framework.controllers.AbstractController@http-nio-8080-exec-2] DISPATCHING GET /acme-toolkit-22.1/inventor/artifact/list-tool 
2022-06-02 23:18:51.012 DEBUG [acme.framework.controllers.AbstractController@http-nio-8080-exec-2] Command: list-tool 
2022-06-02 23:18:51.012 DEBUG [acme.framework.controllers.AbstractController@http-nio-8080-exec-2] Model:   {} 
2022-06-02 23:18:51.012 DEBUG [acme.framework.controllers.AbstractController@http-nio-8080-exec-2] Locale:  es 
2022-06-02 23:18:51.012 DEBUG [acme.framework.controllers.AbstractController@http-nio-8080-exec-2] Starting transaction 2b536810-1057-4d36-bf97-44fc1a847d8f 
2022-06-02 23:18:51.027 DEBUG [org.hibernate.SQL@http-nio-8080-exec-2] select artifact0_.id as id1_0_, artifact0_.version as version2_0_, artifact0_.code as code1_5_, artifact0_.description as descript2_5_, artifact0_.inventor_id as invento10_5_, artifact0_.is_publish as is_publi3_5_, artifact0_.link as link4_5_, artifact0_.name as name5_5_, artifact0_.retail_price_amount as retail_p6_5_, artifact0_.retail_price_currency as retail_p7_5_, artifact0_.technology as technolo8_5_, artifact0_.type as type9_5_ from artifact artifact0_ where artifact0_.type=? and artifact0_.inventor_id=? 
2022-06-02 23:18:51.028 TRACE [org.hibernate.type.descriptor.sql.BasicBinder@http-nio-8080-exec-2] binding parameter [1] as [INTEGER] - [1] 
2022-06-02 23:18:51.028 TRACE [org.hibernate.type.descriptor.sql.BasicBinder@http-nio-8080-exec-2] binding parameter [2] as [INTEGER] - [9] 
2022-06-02 23:18:51.032 DEBUG [org.hibernate.SQL@http-nio-8080-exec-2] select inventor0_.id as id1_0_0_, inventor0_.version as version2_0_0_, inventor0_.user_account_id as user_acc1_18_0_, inventor0_.company as company1_9_0_, inventor0_.link as link2_9_0_, inventor0_.statement as statemen3_9_0_, useraccoun1_.id as id1_0_1_, useraccoun1_.version as version2_0_1_, useraccoun1_.enabled as enabled1_17_1_, useraccoun1_.identity as identity2_17_1_, useraccoun1_.password as password3_17_1_, useraccoun1_.username as username4_17_1_ from inventor inventor0_ inner join user_account useraccoun1_ on inventor0_.user_account_id=useraccoun1_.id where inventor0_.id=? 
2022-06-02 23:18:51.033 TRACE [org.hibernate.type.descriptor.sql.BasicBinder@http-nio-8080-exec-2] binding parameter [1] as [INTEGER] - [9] 
2022-06-02 23:18:51.074 DEBUG [org.hibernate.SQL@http-nio-8080-exec-2] select systemsett0_.id as id1_0_, systemsett0_.version as version2_0_, systemsett0_.accepted_currencies as accepted1_15_, systemsett0_.default_currency as default_2_15_, systemsett0_.strong_spam as strong_s3_15_, systemsett0_.strong_spam_threshold as strong_s4_15_, systemsett0_.weak_spam as weak_spa5_15_, systemsett0_.weak_spam_threshold as weak_spa6_15_ from system_setting systemsett0_ 
2022-06-02 23:18:52.609 DEBUG [org.hibernate.SQL@http-nio-8080-exec-2] select systemsett0_.id as id1_0_, systemsett0_.version as version2_0_, systemsett0_.accepted_currencies as accepted1_15_, systemsett0_.default_currency as default_2_15_, systemsett0_.strong_spam as strong_s3_15_, systemsett0_.strong_spam_threshold as strong_s4_15_, systemsett0_.weak_spam as weak_spa5_15_, systemsett0_.weak_spam_threshold as weak_spa6_15_ from system_setting systemsett0_ 
2022-06-02 23:18:52.695 DEBUG [org.hibernate.SQL@http-nio-8080-exec-2] select systemsett0_.id as id1_0_, systemsett0_.version as version2_0_, systemsett0_.accepted_currencies as accepted1_15_, systemsett0_.default_currency as default_2_15_, systemsett0_.strong_spam as strong_s3_15_, systemsett0_.strong_spam_threshold as strong_s4_15_, systemsett0_.weak_spam as weak_spa5_15_, systemsett0_.weak_spam_threshold as weak_spa6_15_ from system_setting systemsett0_ 
2022-06-02 23:18:52.780 DEBUG [org.hibernate.SQL@http-nio-8080-exec-2] select systemsett0_.id as id1_0_, systemsett0_.version as version2_0_, systemsett0_.accepted_currencies as accepted1_15_, systemsett0_.default_currency as default_2_15_, systemsett0_.strong_spam as strong_s3_15_, systemsett0_.strong_spam_threshold as strong_s4_15_, systemsett0_.weak_spam as weak_spa5_15_, systemsett0_.weak_spam_threshold as weak_spa6_15_ from system_setting systemsett0_ 
2022-06-02 23:18:52.864 DEBUG [org.hibernate.SQL@http-nio-8080-exec-2] select systemsett0_.id as id1_0_, systemsett0_.version as version2_0_, systemsett0_.accepted_currencies as accepted1_15_, systemsett0_.default_currency as default_2_15_, systemsett0_.strong_spam as strong_s3_15_, systemsett0_.strong_spam_threshold as strong_s4_15_, systemsett0_.weak_spam as weak_spa5_15_, systemsett0_.weak_spam_threshold as weak_spa6_15_ from system_setting systemsett0_ 
2022-06-02 23:18:52.956 DEBUG [org.hibernate.SQL@http-nio-8080-exec-2] select systemsett0_.id as id1_0_, systemsett0_.version as version2_0_, systemsett0_.accepted_currencies as accepted1_15_, systemsett0_.default_currency as default_2_15_, systemsett0_.strong_spam as strong_s3_15_, systemsett0_.strong_spam_threshold as strong_s4_15_, systemsett0_.weak_spam as weak_spa5_15_, systemsett0_.weak_spam_threshold as weak_spa6_15_ from system_setting systemsett0_ 
2022-06-02 23:18:53.038 DEBUG [org.hibernate.SQL@http-nio-8080-exec-2] select systemsett0_.id as id1_0_, systemsett0_.version as version2_0_, systemsett0_.accepted_currencies as accepted1_15_, systemsett0_.default_currency as default_2_15_, systemsett0_.strong_spam as strong_s3_15_, systemsett0_.strong_spam_threshold as strong_s4_15_, systemsett0_.weak_spam as weak_spa5_15_, systemsett0_.weak_spam_threshold as weak_spa6_15_ from system_setting systemsett0_ 
2022-06-02 23:18:53.129 DEBUG [acme.framework.controllers.AbstractController@http-nio-8080-exec-2] Committing transaction 2b536810-1057-4d36-bf97-44fc1a847d8f 
2022-06-02 23:18:53.141 DEBUG [acme.framework.controllers.AbstractController@http-nio-8080-exec-2] Starting transaction 7e3aa043-6fe8-43af-a4f2-f3621db4ad17 
2022-06-02 23:18:53.143 DEBUG [acme.framework.controllers.AbstractController@http-nio-8080-exec-2] Committing transaction 7e3aa043-6fe8-43af-a4f2-f3621db4ad17 
2022-06-02 23:18:53.145 DEBUG [acme.framework.controllers.AbstractController@http-nio-8080-exec-2] SERVING GET /acme-toolkit-22.1/inventor/artifact/list-tool 
2022-06-02 23:18:53.149 DEBUG [acme.framework.controllers.AbstractController@http-nio-8080-exec-2] Result: ModelAndView [view="inventor/artifact/list"; model={description[3]=<sdas, convertedPrice[6]=<<EUR 90.90>>, version[5]=0, convertedPrice[2]=<<EUR 12.40>>, version[1]=0, retailPrice[2]=<<EUR 12.40>>, list$size=7, retailPrice[3]=<<USD 12.40>>, code[4]=KKK-346-A, code[0]=AAA-999-Z, name[3]=PeterOlive, id[1]=36, id[5]=45, description[2]=zsdasd, version[6]=0, version[2]=0, convertedPrice[3]=<<EUR 11.63>>, description[6]=asdfasf, retailPrice[4]=<<EUR 90.90>>, name[6]=Caca, name[2]=Caca, id[0]=35, code[3]=KKK-346-B, id[4]=44, description[1]=artifact, convertedPrice[4]=<<EUR 90.90>>, version[3]=0, isTool=true, description[5]=dadsas, retailPrice[0]=<<USD 1000.45>>, retailPrice[5]=<<EUR 90.90>>, code[6]=QQQ-346-S, convertedPrice[0]=<<EUR 938.46>>, code[2]=KKC-346-A, name[5]=ca, id[3]=43, name[1]=Artifact 1, description[4]=asdasd, version[4]=0, convertedPrice[5]=<<EUR 90.90>>, description[0]=Energy artifact, retailPrice[1]=<<EUR 0.01>>, id[6]=47, retailPrice[6]=<<EUR 90.90>>, code[5]=KKK-346-Z, version[0]=0, code[1]=AAA-000-A, convertedPrice[1]=<<EUR 0.01>>, name[4]=uuuuuuuu, id[2]=42, name[0]=This artifact name has the maximum amount of character which is 100 this is made for testing, command=list-tool, principal=acme.framework.entities.Principal@f61cd67}] 
2022-06-02 23:18:53.168 DEBUG [acme.framework.components.tiles.DynamicTilesView@http-nio-8080-exec-2] View name 'inventor/artifact/list', model {description[3]=<sdas, convertedPrice[6]=<<EUR 90.90>>, version[5]=0, convertedPrice[2]=<<EUR 12.40>>, version[1]=0, retailPrice[2]=<<EUR 12.40>>, list$size=7, retailPrice[3]=<<USD 12.40>>, code[4]=KKK-346-A, code[0]=AAA-999-Z, name[3]=PeterOlive, id[1]=36, id[5]=45, description[2]=zsdasd, version[6]=0, version[2]=0, convertedPrice[3]=<<EUR 11.63>>, description[6]=asdfasf, retailPrice[4]=<<EUR 90.90>>, name[6]=Caca, name[2]=Caca, id[0]=35, code[3]=KKK-346-B, id[4]=44, description[1]=artifact, convertedPrice[4]=<<EUR 90.90>>, version[3]=0, isTool=true, description[5]=dadsas, retailPrice[0]=<<USD 1000.45>>, retailPrice[5]=<<EUR 90.90>>, code[6]=QQQ-346-S, convertedPrice[0]=<<EUR 938.46>>, code[2]=KKC-346-A, name[5]=ca, id[3]=43, name[1]=Artifact 1, description[4]=asdasd, version[4]=0, convertedPrice[5]=<<EUR 90.90>>, description[0]=Energy artifact, retailPrice[1]=<<EUR 0.01>>, id[6]=47, retailPrice[6]=<<EUR 90.90>>, code[5]=KKK-346-Z, version[0]=0, code[1]=AAA-000-A, convertedPrice[1]=<<EUR 0.01>>, name[4]=uuuuuuuu, id[2]=42, name[0]=This artifact name has the maximum amount of character which is 100 this is made for testing, command=list-tool, principal=acme.framework.entities.Principal@f61cd67, org.springframework.validation.BindingResult.convertedPrice[6]=org.springframework.validation.BeanPropertyBindingResult: 0 errors, org.springframework.validation.BindingResult.convertedPrice[2]=org.springframework.validation.BeanPropertyBindingResult: 0 errors, org.springframework.validation.BindingResult.retailPrice[2]=org.springframework.validation.BeanPropertyBindingResult: 0 errors, org.springframework.validation.BindingResult.retailPrice[3]=org.springframework.validation.BeanPropertyBindingResult: 0 errors, org.springframework.validation.BindingResult.convertedPrice[3]=org.springframework.validation.BeanPropertyBindingResult: 0 errors, org.springframework.validation.BindingResult.retailPrice[4]=org.springframework.validation.BeanPropertyBindingResult: 0 errors, org.springframework.validation.BindingResult.convertedPrice[4]=org.springframework.validation.BeanPropertyBindingResult: 0 errors, org.springframework.validation.BindingResult.retailPrice[0]=org.springframework.validation.BeanPropertyBindingResult: 0 errors, org.springframework.validation.BindingResult.retailPrice[5]=org.springframework.validation.BeanPropertyBindingResult: 0 errors, org.springframework.validation.BindingResult.convertedPrice[0]=org.springframework.validation.BeanPropertyBindingResult: 0 errors, org.springframework.validation.BindingResult.convertedPrice[5]=org.springframework.validation.BeanPropertyBindingResult: 0 errors, org.springframework.validation.BindingResult.retailPrice[1]=org.springframework.validation.BeanPropertyBindingResult: 0 errors, org.springframework.validation.BindingResult.retailPrice[6]=org.springframework.validation.BeanPropertyBindingResult: 0 errors, org.springframework.validation.BindingResult.convertedPrice[1]=org.springframework.validation.BeanPropertyBindingResult: 0 errors, org.springframework.validation.BindingResult.principal=org.springframework.validation.BeanPropertyBindingResult: 0 errors} 
2022-06-02 23:18:53.171 DEBUG [org.apache.jasper.servlet.JspServlet@http-nio-8080-exec-2] JspEngine --> /WEB-INF/views/master/page.jsp 
2022-06-02 23:18:53.173 DEBUG [org.apache.jasper.servlet.JspServlet@http-nio-8080-exec-2] ServletPath: /WEB-INF/views/master/page.jsp 
2022-06-02 23:18:53.174 DEBUG [org.apache.jasper.servlet.JspServlet@http-nio-8080-exec-2] PathInfo: null 
2022-06-02 23:18:53.180 DEBUG [org.apache.jasper.servlet.JspServlet@http-nio-8080-exec-2] RealPath: C:\Users\oliva\OneDrive\Escritorio\Workspace-22.0\Projects\Acme-Toolkit\target\classes\WEB-INF\views\master\page.jsp 
2022-06-02 23:18:53.181 DEBUG [org.apache.jasper.servlet.JspServlet@http-nio-8080-exec-2] RequestURI: /acme-toolkit-22.1/WEB-INF/views/master/page.jsp 
2022-06-02 23:18:53.183 DEBUG [org.apache.jasper.servlet.JspServlet@http-nio-8080-exec-2] QueryString: null 
2022-06-02 23:18:53.505 DEBUG [org.apache.jasper.servlet.JspServlet@http-nio-8080-exec-2] JspEngine --> /WEB-INF/views/inventor/artifact/list.jsp 
2022-06-02 23:18:53.505 DEBUG [org.apache.jasper.servlet.JspServlet@http-nio-8080-exec-2] ServletPath: /WEB-INF/views/master/page.jsp 
2022-06-02 23:18:53.506 DEBUG [org.apache.jasper.servlet.JspServlet@http-nio-8080-exec-2] PathInfo: null 
2022-06-02 23:18:53.509 DEBUG [org.apache.jasper.servlet.JspServlet@http-nio-8080-exec-2] RealPath: C:\Users\oliva\OneDrive\Escritorio\Workspace-22.0\Projects\Acme-Toolkit\target\classes\WEB-INF\views\inventor\artifact\list.jsp 
2022-06-02 23:18:53.509 DEBUG [org.apache.jasper.servlet.JspServlet@http-nio-8080-exec-2] RequestURI: /acme-toolkit-22.1/WEB-INF/views/master/page.jsp 
2022-06-02 23:18:53.510 DEBUG [org.apache.jasper.servlet.JspServlet@http-nio-8080-exec-2] QueryString: null 
2022-06-02 23:18:59.584 DEBUG [acme.framework.controllers.AbstractController@http-nio-8080-exec-4] DISPATCHING GET /acme-toolkit-22.1/inventor/artifact/create-tool 
2022-06-02 23:18:59.585 DEBUG [acme.framework.controllers.AbstractController@http-nio-8080-exec-4] Command: create-tool 
2022-06-02 23:18:59.585 DEBUG [acme.framework.controllers.AbstractController@http-nio-8080-exec-4] Model:   {} 
2022-06-02 23:18:59.585 DEBUG [acme.framework.controllers.AbstractController@http-nio-8080-exec-4] Locale:  es 
2022-06-02 23:18:59.585 DEBUG [acme.framework.controllers.AbstractController@http-nio-8080-exec-4] Starting transaction 5dc71fc5-c64e-4fe9-86fa-1a6ce32eda13 
2022-06-02 23:18:59.588 DEBUG [org.hibernate.SQL@http-nio-8080-exec-4] select inventor0_.id as id1_0_, inventor0_.version as version2_0_, inventor0_.user_account_id as user_acc1_18_, inventor0_.company as company1_9_, inventor0_.link as link2_9_, inventor0_.statement as statemen3_9_ from inventor inventor0_ where inventor0_.id=? 
2022-06-02 23:18:59.589 TRACE [org.hibernate.type.descriptor.sql.BasicBinder@http-nio-8080-exec-4] binding parameter [1] as [INTEGER] - [9] 
2022-06-02 23:18:59.591 DEBUG [org.hibernate.SQL@http-nio-8080-exec-4] select useraccoun0_.id as id1_0_0_, useraccoun0_.version as version2_0_0_, useraccoun0_.enabled as enabled1_17_0_, useraccoun0_.identity as identity2_17_0_, useraccoun0_.password as password3_17_0_, useraccoun0_.username as username4_17_0_ from user_account useraccoun0_ where useraccoun0_.id=? 
2022-06-02 23:18:59.591 TRACE [org.hibernate.type.descriptor.sql.BasicBinder@http-nio-8080-exec-4] binding parameter [1] as [INTEGER] - [6] 
2022-06-02 23:18:59.595 DEBUG [acme.framework.controllers.AbstractController@http-nio-8080-exec-4] Committing transaction 5dc71fc5-c64e-4fe9-86fa-1a6ce32eda13 
2022-06-02 23:18:59.607 DEBUG [acme.framework.controllers.AbstractController@http-nio-8080-exec-4] Starting transaction eb07248f-0738-4080-8f3d-4d2fc9ff3b10 
2022-06-02 23:18:59.608 DEBUG [acme.framework.controllers.AbstractController@http-nio-8080-exec-4] Committing transaction eb07248f-0738-4080-8f3d-4d2fc9ff3b10 
2022-06-02 23:18:59.608 DEBUG [acme.framework.controllers.AbstractController@http-nio-8080-exec-4] SERVING GET /acme-toolkit-22.1/inventor/artifact/create-tool 
2022-06-02 23:18:59.609 DEBUG [acme.framework.controllers.AbstractController@http-nio-8080-exec-4] Result: ModelAndView [view="inventor/artifact/form"; model={code=null, name=null, link=null, description=null, technology=null, id=0, isNew=true, isTool=true, retailPrice=null, version=0, command=create-tool, principal=acme.framework.entities.Principal@f61cd67}] 
2022-06-02 23:18:59.609 DEBUG [acme.framework.components.tiles.DynamicTilesView@http-nio-8080-exec-4] View name 'inventor/artifact/form', model {code=null, name=null, link=null, description=null, technology=null, id=0, isNew=true, isTool=true, retailPrice=null, version=0, command=create-tool, principal=acme.framework.entities.Principal@f61cd67, org.springframework.validation.BindingResult.principal=org.springframework.validation.BeanPropertyBindingResult: 0 errors} 
2022-06-02 23:18:59.611 DEBUG [org.apache.jasper.servlet.JspServlet@http-nio-8080-exec-4] JspEngine --> /WEB-INF/views/master/page.jsp 
2022-06-02 23:18:59.612 DEBUG [org.apache.jasper.servlet.JspServlet@http-nio-8080-exec-4] ServletPath: /WEB-INF/views/master/page.jsp 
2022-06-02 23:18:59.612 DEBUG [org.apache.jasper.servlet.JspServlet@http-nio-8080-exec-4] PathInfo: null 
2022-06-02 23:18:59.614 DEBUG [org.apache.jasper.servlet.JspServlet@http-nio-8080-exec-4] RealPath: C:\Users\oliva\OneDrive\Escritorio\Workspace-22.0\Projects\Acme-Toolkit\target\classes\WEB-INF\views\master\page.jsp 
2022-06-02 23:18:59.615 DEBUG [org.apache.jasper.servlet.JspServlet@http-nio-8080-exec-4] RequestURI: /acme-toolkit-22.1/WEB-INF/views/master/page.jsp 
2022-06-02 23:18:59.615 DEBUG [org.apache.jasper.servlet.JspServlet@http-nio-8080-exec-4] QueryString: null 
2022-06-02 23:18:59.898 DEBUG [org.apache.jasper.servlet.JspServlet@http-nio-8080-exec-4] JspEngine --> /WEB-INF/views/inventor/artifact/form.jsp 
2022-06-02 23:18:59.898 DEBUG [org.apache.jasper.servlet.JspServlet@http-nio-8080-exec-4] ServletPath: /WEB-INF/views/master/page.jsp 
2022-06-02 23:18:59.899 DEBUG [org.apache.jasper.servlet.JspServlet@http-nio-8080-exec-4] PathInfo: null 
2022-06-02 23:18:59.901 DEBUG [org.apache.jasper.servlet.JspServlet@http-nio-8080-exec-4] RealPath: C:\Users\oliva\OneDrive\Escritorio\Workspace-22.0\Projects\Acme-Toolkit\target\classes\WEB-INF\views\inventor\artifact\form.jsp 
2022-06-02 23:18:59.901 DEBUG [org.apache.jasper.servlet.JspServlet@http-nio-8080-exec-4] RequestURI: /acme-toolkit-22.1/WEB-INF/views/master/page.jsp 
2022-06-02 23:18:59.902 DEBUG [org.apache.jasper.servlet.JspServlet@http-nio-8080-exec-4] QueryString: null 
2022-06-02 23:19:22.707 DEBUG [acme.framework.controllers.AbstractController@http-nio-8080-exec-4] DISPATCHING POST /acme-toolkit-22.1/inventor/artifact/create-tool 
2022-06-02 23:19:22.707 DEBUG [acme.framework.controllers.AbstractController@http-nio-8080-exec-4] Command: create-tool 
2022-06-02 23:19:22.708 DEBUG [acme.framework.controllers.AbstractController@http-nio-8080-exec-4] Model:   {id=0, version=0, _csrf=bcb8ecb5-b72b-4c85-8107-47b16094a2c2, name=aaaaaaaa, code=KKK-346-Z, technology=asdfasd, description=asdas, retailPrice=90.9 EUR, link=http://localhost:8080/acme-toolkit-22.1/authenticated/patron/create} 
2022-06-02 23:19:22.708 DEBUG [acme.framework.controllers.AbstractController@http-nio-8080-exec-4] Locale:  es 
2022-06-02 23:19:22.708 DEBUG [acme.framework.controllers.AbstractController@http-nio-8080-exec-4] Starting transaction 15ba3400-e8ff-4bd5-9c8b-2dfae3581f0a 
2022-06-02 23:19:22.710 DEBUG [org.hibernate.SQL@http-nio-8080-exec-4] select inventor0_.id as id1_0_, inventor0_.version as version2_0_, inventor0_.user_account_id as user_acc1_18_, inventor0_.company as company1_9_, inventor0_.link as link2_9_, inventor0_.statement as statemen3_9_ from inventor inventor0_ where inventor0_.id=? 
2022-06-02 23:19:22.711 TRACE [org.hibernate.type.descriptor.sql.BasicBinder@http-nio-8080-exec-4] binding parameter [1] as [INTEGER] - [9] 
2022-06-02 23:19:22.712 DEBUG [org.hibernate.SQL@http-nio-8080-exec-4] select useraccoun0_.id as id1_0_0_, useraccoun0_.version as version2_0_0_, useraccoun0_.enabled as enabled1_17_0_, useraccoun0_.identity as identity2_17_0_, useraccoun0_.password as password3_17_0_, useraccoun0_.username as username4_17_0_ from user_account useraccoun0_ where useraccoun0_.id=? 
2022-06-02 23:19:22.713 TRACE [org.hibernate.type.descriptor.sql.BasicBinder@http-nio-8080-exec-4] binding parameter [1] as [INTEGER] - [6] 
2022-06-02 23:19:22.876 DEBUG [org.hibernate.SQL@http-nio-8080-exec-4] select systemsett0_.id as id1_0_, systemsett0_.version as version2_0_, systemsett0_.accepted_currencies as accepted1_15_, systemsett0_.default_currency as default_2_15_, systemsett0_.strong_spam as strong_s3_15_, systemsett0_.strong_spam_threshold as strong_s4_15_, systemsett0_.weak_spam as weak_spa5_15_, systemsett0_.weak_spam_threshold as weak_spa6_15_ from system_setting systemsett0_ 
2022-06-02 23:19:22.881 DEBUG [org.hibernate.SQL@http-nio-8080-exec-4] select artifact0_.id as id1_0_, artifact0_.version as version2_0_, artifact0_.code as code1_5_, artifact0_.description as descript2_5_, artifact0_.inventor_id as invento10_5_, artifact0_.is_publish as is_publi3_5_, artifact0_.link as link4_5_, artifact0_.name as name5_5_, artifact0_.retail_price_amount as retail_p6_5_, artifact0_.retail_price_currency as retail_p7_5_, artifact0_.technology as technolo8_5_, artifact0_.type as type9_5_ from artifact artifact0_ where artifact0_.code=? 
2022-06-02 23:19:22.883 TRACE [org.hibernate.type.descriptor.sql.BasicBinder@http-nio-8080-exec-4] binding parameter [1] as [VARCHAR] - [KKK-346-Z] 
2022-06-02 23:19:22.886 DEBUG [acme.framework.controllers.AbstractController@http-nio-8080-exec-4] Rolling transaction 15ba3400-e8ff-4bd5-9c8b-2dfae3581f0a back 
2022-06-02 23:19:22.891 DEBUG [acme.framework.controllers.AbstractController@http-nio-8080-exec-4] Starting transaction b0ce2a32-adef-42a3-92a6-05d258f98a2f 
2022-06-02 23:19:22.892 DEBUG [acme.framework.controllers.AbstractController@http-nio-8080-exec-4] Committing transaction b0ce2a32-adef-42a3-92a6-05d258f98a2f 
2022-06-02 23:19:22.893 DEBUG [acme.framework.controllers.AbstractController@http-nio-8080-exec-4] SERVING POST /acme-toolkit-22.1/inventor/artifact/create-tool 
2022-06-02 23:19:22.893 DEBUG [acme.framework.controllers.AbstractController@http-nio-8080-exec-4] Result: ModelAndView [view="master/panic"; model={oops=java.lang.NullPointerException}] 
2022-06-02 23:19:22.894 DEBUG [acme.framework.components.tiles.DynamicTilesView@http-nio-8080-exec-4] View name 'master/panic', model {oops=java.lang.NullPointerException, org.springframework.validation.BindingResult.oops=org.springframework.validation.BeanPropertyBindingResult: 0 errors} 
2022-06-02 23:19:22.896 DEBUG [org.apache.jasper.servlet.JspServlet@http-nio-8080-exec-4] JspEngine --> /WEB-INF/views/master/page.jsp 
2022-06-02 23:19:22.896 DEBUG [org.apache.jasper.servlet.JspServlet@http-nio-8080-exec-4] ServletPath: /WEB-INF/views/master/page.jsp 
2022-06-02 23:19:22.897 DEBUG [org.apache.jasper.servlet.JspServlet@http-nio-8080-exec-4] PathInfo: null 
2022-06-02 23:19:22.900 DEBUG [org.apache.jasper.servlet.JspServlet@http-nio-8080-exec-4] RealPath: C:\Users\oliva\OneDrive\Escritorio\Workspace-22.0\Projects\Acme-Toolkit\target\classes\WEB-INF\views\master\page.jsp 
2022-06-02 23:19:22.900 DEBUG [org.apache.jasper.servlet.JspServlet@http-nio-8080-exec-4] RequestURI: /acme-toolkit-22.1/WEB-INF/views/master/page.jsp 
2022-06-02 23:19:22.901 DEBUG [org.apache.jasper.servlet.JspServlet@http-nio-8080-exec-4] QueryString: null 
2022-06-02 23:19:23.233 DEBUG [org.apache.jasper.servlet.JspServlet@http-nio-8080-exec-4] JspEngine --> /WEB-INF/views/master/panic.jsp 
2022-06-02 23:19:23.234 DEBUG [org.apache.jasper.servlet.JspServlet@http-nio-8080-exec-4] ServletPath: /WEB-INF/views/master/page.jsp 
2022-06-02 23:19:23.234 DEBUG [org.apache.jasper.servlet.JspServlet@http-nio-8080-exec-4] PathInfo: null 
2022-06-02 23:19:23.236 DEBUG [org.apache.jasper.servlet.JspServlet@http-nio-8080-exec-4] RealPath: C:\Users\oliva\OneDrive\Escritorio\Workspace-22.0\Projects\Acme-Toolkit\target\classes\WEB-INF\views\master\panic.jsp 
2022-06-02 23:19:23.236 DEBUG [org.apache.jasper.servlet.JspServlet@http-nio-8080-exec-4] RequestURI: /acme-toolkit-22.1/WEB-INF/views/master/page.jsp 
2022-06-02 23:19:23.236 DEBUG [org.apache.jasper.servlet.JspServlet@http-nio-8080-exec-4] QueryString: null 
2022-06-02 23:19:23.549 ERROR [org.apache.jsp.WEB_002dINF.views.master.panic_jsp@http-nio-8080-exec-4] HTTP POST /acme-toolkit-22.1/WEB-INF/views/master/page.jsp HTTP/1.1 
2022-06-02 23:19:23.550 ERROR [org.apache.jsp.WEB_002dINF.views.master.panic_jsp@http-nio-8080-exec-4] Status: 500 
2022-06-02 23:19:23.551 ERROR [org.apache.jsp.WEB_002dINF.views.master.panic_jsp@http-nio-8080-exec-4] Exception: acme.features.inventor.artifact.InventorToolCreateService.validate(InventorToolCreateService.java:78): java.lang.NullPointerException 
