2022-03-21 16:08:26.543 INFO  [acme.Launcher@main] Starting Launcher using Java 1.8.0_281 on DESKTOP-UVONV50 with PID 12684 (C:\Users\juanq\Desktop\Workspace-22.0\Frameworks\Acme-Framework-22.1\target\classes started by juanq in C:\Users\juanq\Desktop\Workspace-22.0\Projects\Acme-Toolkit) 
2022-03-21 16:08:26.544 DEBUG [acme.Launcher@main] Running with Spring Boot v2.4.2, Spring v5.3.3 
2022-03-21 16:08:26.545 INFO  [acme.Launcher@main] The following profiles are active: development,populator 
2022-03-21 16:08:28.665 DEBUG [org.apache.jasper.servlet.JasperInitializer@main] Initializing Jasper for context [application] 
2022-03-21 16:08:32.847 DEBUG [org.apache.jasper.servlet.JspServlet@main] Scratch dir for the JSP engine is: [C:\Users\juanq\AppData\Local\Temp\tomcat.8083.2359079363514127577\work\Tomcat\localhost\acme-toolkit-22.1] 
2022-03-21 16:08:32.847 DEBUG [org.apache.jasper.servlet.JspServlet@main] IMPORTANT: Do not modify the generated servlets 
2022-03-21 16:08:32.865 INFO  [acme.Launcher@main] Started Launcher in 6.891 seconds (JVM running for 7.366) 
2022-03-21 16:08:32.879 DEBUG [acme.Launcher@main] Found classpath entry '/C:/Users/juanq/Desktop/Workspace-22.0/Projects/Acme-Toolkit/target/test-classes/' 
2022-03-21 16:08:32.880 DEBUG [acme.Launcher@main] Found classpath entry '/C:/Users/juanq/Desktop/Workspace-22.0/Projects/Acme-Toolkit/target/classes/' 
2022-03-21 16:08:32.880 DEBUG [acme.Launcher@main] Found classpath entry '/C:/Users/juanq/Desktop/Workspace-22.0/Frameworks/Acme-Framework-22.1/target/classes/' 
2022-03-21 16:08:32.880 DEBUG [acme.Launcher@main] Found classpath entry '/C:/Users/juanq/Desktop/Workspace-22.0/Frameworks/Acme-Framework-22.1/target/test-classes/' 
2022-03-21 16:08:32.880 DEBUG [acme.Launcher@main] Found classpath entry '/C:/Users/juanq/.m2/repository/org/springframework/boot/spring-boot-starter-tomcat/2.4.2/spring-boot-starter-tomcat-2.4.2.jar' 
2022-03-21 16:08:32.881 DEBUG [acme.Launcher@main] Found classpath entry '/C:/Users/juanq/.m2/repository/jakarta/annotation/jakarta.annotation-api/1.3.5/jakarta.annotation-api-1.3.5.jar' 
2022-03-21 16:08:32.881 DEBUG [acme.Launcher@main] Found classpath entry '/C:/Users/juanq/.m2/repository/org/apache/tomcat/embed/tomcat-embed-core/9.0.41/tomcat-embed-core-9.0.41.jar' 
2022-03-21 16:08:32.881 DEBUG [acme.Launcher@main] Found classpath entry '/C:/Users/juanq/.m2/repository/org/glassfish/jakarta.el/3.0.3/jakarta.el-3.0.3.jar' 
2022-03-21 16:08:32.881 DEBUG [acme.Launcher@main] Found classpath entry '/C:/Users/juanq/.m2/repository/org/apache/tomcat/embed/tomcat-embed-websocket/9.0.41/tomcat-embed-websocket-9.0.41.jar' 
2022-03-21 16:08:32.881 DEBUG [acme.Launcher@main] Found classpath entry '/C:/Users/juanq/.m2/repository/org/apache/tomcat/embed/tomcat-embed-jasper/9.0.41/tomcat-embed-jasper-9.0.41.jar' 
2022-03-21 16:08:32.882 DEBUG [acme.Launcher@main] Found classpath entry '/C:/Users/juanq/.m2/repository/org/apache/tomcat/embed/tomcat-embed-el/9.0.41/tomcat-embed-el-9.0.41.jar' 
2022-03-21 16:08:32.882 DEBUG [acme.Launcher@main] Found classpath entry '/C:/Users/juanq/.m2/repository/org/eclipse/jdt/ecj/3.18.0/ecj-3.18.0.jar' 
2022-03-21 16:08:32.882 DEBUG [acme.Launcher@main] Found classpath entry '/C:/Users/juanq/.m2/repository/javax/servlet/jstl/1.2/jstl-1.2.jar' 
2022-03-21 16:08:32.882 DEBUG [acme.Launcher@main] Found classpath entry '/C:/Users/juanq/.m2/repository/org/springframework/boot/spring-boot-starter-test/2.4.2/spring-boot-starter-test-2.4.2.jar' 
2022-03-21 16:08:32.882 DEBUG [acme.Launcher@main] Found classpath entry '/C:/Users/juanq/.m2/repository/org/springframework/boot/spring-boot-starter/2.4.2/spring-boot-starter-2.4.2.jar' 
2022-03-21 16:08:32.883 DEBUG [acme.Launcher@main] Found classpath entry '/C:/Users/juanq/.m2/repository/org/springframework/boot/spring-boot/2.4.2/spring-boot-2.4.2.jar' 
2022-03-21 16:08:32.883 DEBUG [acme.Launcher@main] Found classpath entry '/C:/Users/juanq/.m2/repository/org/springframework/boot/spring-boot-autoconfigure/2.4.2/spring-boot-autoconfigure-2.4.2.jar' 
2022-03-21 16:08:32.883 DEBUG [acme.Launcher@main] Found classpath entry '/C:/Users/juanq/.m2/repository/org/springframework/boot/spring-boot-starter-logging/2.4.2/spring-boot-starter-logging-2.4.2.jar' 
2022-03-21 16:08:32.884 DEBUG [acme.Launcher@main] Found classpath entry '/C:/Users/juanq/.m2/repository/ch/qos/logback/logback-classic/1.2.3/logback-classic-1.2.3.jar' 
2022-03-21 16:08:32.884 DEBUG [acme.Launcher@main] Found classpath entry '/C:/Users/juanq/.m2/repository/ch/qos/logback/logback-core/1.2.3/logback-core-1.2.3.jar' 
2022-03-21 16:08:32.884 DEBUG [acme.Launcher@main] Found classpath entry '/C:/Users/juanq/.m2/repository/org/apache/logging/log4j/log4j-to-slf4j/2.13.3/log4j-to-slf4j-2.13.3.jar' 
2022-03-21 16:08:32.884 DEBUG [acme.Launcher@main] Found classpath entry '/C:/Users/juanq/.m2/repository/org/apache/logging/log4j/log4j-api/2.13.3/log4j-api-2.13.3.jar' 
2022-03-21 16:08:32.884 DEBUG [acme.Launcher@main] Found classpath entry '/C:/Users/juanq/.m2/repository/org/slf4j/jul-to-slf4j/1.7.30/jul-to-slf4j-1.7.30.jar' 
2022-03-21 16:08:32.885 DEBUG [acme.Launcher@main] Found classpath entry '/C:/Users/juanq/.m2/repository/org/yaml/snakeyaml/1.27/snakeyaml-1.27.jar' 
2022-03-21 16:08:32.885 DEBUG [acme.Launcher@main] Found classpath entry '/C:/Users/juanq/.m2/repository/org/springframework/boot/spring-boot-test/2.4.2/spring-boot-test-2.4.2.jar' 
2022-03-21 16:08:32.885 DEBUG [acme.Launcher@main] Found classpath entry '/C:/Users/juanq/.m2/repository/org/springframework/boot/spring-boot-test-autoconfigure/2.4.2/spring-boot-test-autoconfigure-2.4.2.jar' 
2022-03-21 16:08:32.885 DEBUG [acme.Launcher@main] Found classpath entry '/C:/Users/juanq/.m2/repository/com/jayway/jsonpath/json-path/2.4.0/json-path-2.4.0.jar' 
2022-03-21 16:08:32.885 DEBUG [acme.Launcher@main] Found classpath entry '/C:/Users/juanq/.m2/repository/net/minidev/json-smart/2.3/json-smart-2.3.jar' 
2022-03-21 16:08:32.885 DEBUG [acme.Launcher@main] Found classpath entry '/C:/Users/juanq/.m2/repository/net/minidev/accessors-smart/1.2/accessors-smart-1.2.jar' 
2022-03-21 16:08:32.886 DEBUG [acme.Launcher@main] Found classpath entry '/C:/Users/juanq/.m2/repository/org/ow2/asm/asm/5.0.4/asm-5.0.4.jar' 
2022-03-21 16:08:32.886 DEBUG [acme.Launcher@main] Found classpath entry '/C:/Users/juanq/.m2/repository/jakarta/xml/bind/jakarta.xml.bind-api/2.3.3/jakarta.xml.bind-api-2.3.3.jar' 
2022-03-21 16:08:32.886 DEBUG [acme.Launcher@main] Found classpath entry '/C:/Users/juanq/.m2/repository/jakarta/activation/jakarta.activation-api/1.2.2/jakarta.activation-api-1.2.2.jar' 
2022-03-21 16:08:32.886 DEBUG [acme.Launcher@main] Found classpath entry '/C:/Users/juanq/.m2/repository/org/assertj/assertj-core/3.18.1/assertj-core-3.18.1.jar' 
2022-03-21 16:08:32.886 DEBUG [acme.Launcher@main] Found classpath entry '/C:/Users/juanq/.m2/repository/org/hamcrest/hamcrest/2.2/hamcrest-2.2.jar' 
2022-03-21 16:08:32.887 DEBUG [acme.Launcher@main] Found classpath entry '/C:/Users/juanq/.m2/repository/org/junit/jupiter/junit-jupiter/5.7.0/junit-jupiter-5.7.0.jar' 
2022-03-21 16:08:32.887 DEBUG [acme.Launcher@main] Found classpath entry '/C:/Users/juanq/.m2/repository/org/mockito/mockito-core/3.6.28/mockito-core-3.6.28.jar' 
2022-03-21 16:08:32.887 DEBUG [acme.Launcher@main] Found classpath entry '/C:/Users/juanq/.m2/repository/net/bytebuddy/byte-buddy-agent/1.10.19/byte-buddy-agent-1.10.19.jar' 
2022-03-21 16:08:32.887 DEBUG [acme.Launcher@main] Found classpath entry '/C:/Users/juanq/.m2/repository/org/objenesis/objenesis/3.1/objenesis-3.1.jar' 
2022-03-21 16:08:32.887 DEBUG [acme.Launcher@main] Found classpath entry '/C:/Users/juanq/.m2/repository/org/mockito/mockito-junit-jupiter/3.6.28/mockito-junit-jupiter-3.6.28.jar' 
2022-03-21 16:08:32.887 DEBUG [acme.Launcher@main] Found classpath entry '/C:/Users/juanq/.m2/repository/org/skyscreamer/jsonassert/1.5.0/jsonassert-1.5.0.jar' 
2022-03-21 16:08:32.888 DEBUG [acme.Launcher@main] Found classpath entry '/C:/Users/juanq/.m2/repository/com/vaadin/external/google/android-json/0.0.20131108.vaadin1/android-json-0.0.20131108.vaadin1.jar' 
2022-03-21 16:08:32.888 DEBUG [acme.Launcher@main] Found classpath entry '/C:/Users/juanq/.m2/repository/org/springframework/spring-core/5.3.3/spring-core-5.3.3.jar' 
2022-03-21 16:08:32.888 DEBUG [acme.Launcher@main] Found classpath entry '/C:/Users/juanq/.m2/repository/org/springframework/spring-jcl/5.3.3/spring-jcl-5.3.3.jar' 
2022-03-21 16:08:32.888 DEBUG [acme.Launcher@main] Found classpath entry '/C:/Users/juanq/.m2/repository/org/springframework/spring-test/5.3.3/spring-test-5.3.3.jar' 
2022-03-21 16:08:32.888 DEBUG [acme.Launcher@main] Found classpath entry '/C:/Users/juanq/.m2/repository/org/xmlunit/xmlunit-core/2.7.0/xmlunit-core-2.7.0.jar' 
2022-03-21 16:08:32.889 DEBUG [acme.Launcher@main] Found classpath entry '/C:/Users/juanq/.m2/repository/org/springframework/boot/spring-boot-starter-security/2.4.2/spring-boot-starter-security-2.4.2.jar' 
2022-03-21 16:08:32.889 DEBUG [acme.Launcher@main] Found classpath entry '/C:/Users/juanq/.m2/repository/org/springframework/spring-aop/5.3.3/spring-aop-5.3.3.jar' 
2022-03-21 16:08:32.889 DEBUG [acme.Launcher@main] Found classpath entry '/C:/Users/juanq/.m2/repository/org/springframework/security/spring-security-web/5.4.2/spring-security-web-5.4.2.jar' 
2022-03-21 16:08:32.890 DEBUG [acme.Launcher@main] Found classpath entry '/C:/Users/juanq/.m2/repository/org/springframework/security/spring-security-core/5.4.2/spring-security-core-5.4.2.jar' 
2022-03-21 16:08:32.890 DEBUG [acme.Launcher@main] Found classpath entry '/C:/Users/juanq/.m2/repository/org/springframework/spring-beans/5.3.3/spring-beans-5.3.3.jar' 
2022-03-21 16:08:32.890 DEBUG [acme.Launcher@main] Found classpath entry '/C:/Users/juanq/.m2/repository/org/springframework/spring-context/5.3.3/spring-context-5.3.3.jar' 
2022-03-21 16:08:32.890 DEBUG [acme.Launcher@main] Found classpath entry '/C:/Users/juanq/.m2/repository/org/springframework/spring-expression/5.3.3/spring-expression-5.3.3.jar' 
2022-03-21 16:08:32.891 DEBUG [acme.Launcher@main] Found classpath entry '/C:/Users/juanq/.m2/repository/org/springframework/spring-web/5.3.3/spring-web-5.3.3.jar' 
2022-03-21 16:08:32.891 DEBUG [acme.Launcher@main] Found classpath entry '/C:/Users/juanq/.m2/repository/org/springframework/security/spring-security-config/5.4.2/spring-security-config-5.4.2.jar' 
2022-03-21 16:08:32.891 DEBUG [acme.Launcher@main] Found classpath entry '/C:/Users/juanq/.m2/repository/org/springframework/security/spring-security-taglibs/5.4.2/spring-security-taglibs-5.4.2.jar' 
2022-03-21 16:08:32.891 DEBUG [acme.Launcher@main] Found classpath entry '/C:/Users/juanq/.m2/repository/org/springframework/security/spring-security-acl/5.4.2/spring-security-acl-5.4.2.jar' 
2022-03-21 16:08:32.892 DEBUG [acme.Launcher@main] Found classpath entry '/C:/Users/juanq/.m2/repository/org/springframework/spring-jdbc/5.3.3/spring-jdbc-5.3.3.jar' 
2022-03-21 16:08:32.892 DEBUG [acme.Launcher@main] Found classpath entry '/C:/Users/juanq/.m2/repository/org/springframework/spring-tx/5.3.3/spring-tx-5.3.3.jar' 
2022-03-21 16:08:32.892 DEBUG [acme.Launcher@main] Found classpath entry '/C:/Users/juanq/.m2/repository/org/springframework/boot/spring-boot-starter-web/2.4.2/spring-boot-starter-web-2.4.2.jar' 
2022-03-21 16:08:32.893 DEBUG [acme.Launcher@main] Found classpath entry '/C:/Users/juanq/.m2/repository/org/springframework/boot/spring-boot-starter-json/2.4.2/spring-boot-starter-json-2.4.2.jar' 
2022-03-21 16:08:32.893 DEBUG [acme.Launcher@main] Found classpath entry '/C:/Users/juanq/.m2/repository/com/fasterxml/jackson/core/jackson-databind/2.11.4/jackson-databind-2.11.4.jar' 
2022-03-21 16:08:32.894 DEBUG [acme.Launcher@main] Found classpath entry '/C:/Users/juanq/.m2/repository/com/fasterxml/jackson/core/jackson-annotations/2.11.4/jackson-annotations-2.11.4.jar' 
2022-03-21 16:08:32.894 DEBUG [acme.Launcher@main] Found classpath entry '/C:/Users/juanq/.m2/repository/com/fasterxml/jackson/core/jackson-core/2.11.4/jackson-core-2.11.4.jar' 
2022-03-21 16:08:32.894 DEBUG [acme.Launcher@main] Found classpath entry '/C:/Users/juanq/.m2/repository/com/fasterxml/jackson/datatype/jackson-datatype-jdk8/2.11.4/jackson-datatype-jdk8-2.11.4.jar' 
2022-03-21 16:08:32.894 DEBUG [acme.Launcher@main] Found classpath entry '/C:/Users/juanq/.m2/repository/com/fasterxml/jackson/datatype/jackson-datatype-jsr310/2.11.4/jackson-datatype-jsr310-2.11.4.jar' 
2022-03-21 16:08:32.895 DEBUG [acme.Launcher@main] Found classpath entry '/C:/Users/juanq/.m2/repository/com/fasterxml/jackson/module/jackson-module-parameter-names/2.11.4/jackson-module-parameter-names-2.11.4.jar' 
2022-03-21 16:08:32.895 DEBUG [acme.Launcher@main] Found classpath entry '/C:/Users/juanq/.m2/repository/org/springframework/spring-webmvc/5.3.3/spring-webmvc-5.3.3.jar' 
2022-03-21 16:08:32.895 DEBUG [acme.Launcher@main] Found classpath entry '/C:/Users/juanq/.m2/repository/org/apache/tiles/tiles-jsp/3.0.8/tiles-jsp-3.0.8.jar' 
2022-03-21 16:08:32.895 DEBUG [acme.Launcher@main] Found classpath entry '/C:/Users/juanq/.m2/repository/org/apache/tiles/tiles-servlet/3.0.8/tiles-servlet-3.0.8.jar' 
2022-03-21 16:08:32.895 DEBUG [acme.Launcher@main] Found classpath entry '/C:/Users/juanq/.m2/repository/org/apache/tiles/tiles-core/3.0.8/tiles-core-3.0.8.jar' 
2022-03-21 16:08:32.895 DEBUG [acme.Launcher@main] Found classpath entry '/C:/Users/juanq/.m2/repository/commons-digester/commons-digester/2.0/commons-digester-2.0.jar' 
2022-03-21 16:08:32.896 DEBUG [acme.Launcher@main] Found classpath entry '/C:/Users/juanq/.m2/repository/org/slf4j/jcl-over-slf4j/1.7.30/jcl-over-slf4j-1.7.30.jar' 
2022-03-21 16:08:32.896 DEBUG [acme.Launcher@main] Found classpath entry '/C:/Users/juanq/.m2/repository/org/apache/tiles/tiles-request-servlet/1.0.7/tiles-request-servlet-1.0.7.jar' 
2022-03-21 16:08:32.896 DEBUG [acme.Launcher@main] Found classpath entry '/C:/Users/juanq/.m2/repository/org/apache/tiles/tiles-template/3.0.8/tiles-template-3.0.8.jar' 
2022-03-21 16:08:32.896 DEBUG [acme.Launcher@main] Found classpath entry '/C:/Users/juanq/.m2/repository/org/apache/tiles/tiles-api/3.0.8/tiles-api-3.0.8.jar' 
2022-03-21 16:08:32.896 DEBUG [acme.Launcher@main] Found classpath entry '/C:/Users/juanq/.m2/repository/org/apache/tiles/tiles-autotag-core-runtime/1.2/tiles-autotag-core-runtime-1.2.jar' 
2022-03-21 16:08:32.896 DEBUG [acme.Launcher@main] Found classpath entry '/C:/Users/juanq/.m2/repository/org/slf4j/slf4j-api/1.7.30/slf4j-api-1.7.30.jar' 
2022-03-21 16:08:32.896 DEBUG [acme.Launcher@main] Found classpath entry '/C:/Users/juanq/.m2/repository/org/apache/tiles/tiles-request-jsp/1.0.7/tiles-request-jsp-1.0.7.jar' 
2022-03-21 16:08:32.896 DEBUG [acme.Launcher@main] Found classpath entry '/C:/Users/juanq/.m2/repository/org/apache/tiles/tiles-request-api/1.0.7/tiles-request-api-1.0.7.jar' 
2022-03-21 16:08:32.897 DEBUG [acme.Launcher@main] Found classpath entry '/C:/Users/juanq/.m2/repository/org/springframework/boot/spring-boot-starter-data-jpa/2.4.2/spring-boot-starter-data-jpa-2.4.2.jar' 
2022-03-21 16:08:32.897 DEBUG [acme.Launcher@main] Found classpath entry '/C:/Users/juanq/.m2/repository/org/springframework/boot/spring-boot-starter-aop/2.4.2/spring-boot-starter-aop-2.4.2.jar' 
2022-03-21 16:08:32.897 DEBUG [acme.Launcher@main] Found classpath entry '/C:/Users/juanq/.m2/repository/org/aspectj/aspectjweaver/1.9.6/aspectjweaver-1.9.6.jar' 
2022-03-21 16:08:32.897 DEBUG [acme.Launcher@main] Found classpath entry '/C:/Users/juanq/.m2/repository/org/springframework/boot/spring-boot-starter-jdbc/2.4.2/spring-boot-starter-jdbc-2.4.2.jar' 
2022-03-21 16:08:32.897 DEBUG [acme.Launcher@main] Found classpath entry '/C:/Users/juanq/.m2/repository/jakarta/transaction/jakarta.transaction-api/1.3.3/jakarta.transaction-api-1.3.3.jar' 
2022-03-21 16:08:32.897 DEBUG [acme.Launcher@main] Found classpath entry '/C:/Users/juanq/.m2/repository/jakarta/persistence/jakarta.persistence-api/2.2.3/jakarta.persistence-api-2.2.3.jar' 
2022-03-21 16:08:32.897 DEBUG [acme.Launcher@main] Found classpath entry '/C:/Users/juanq/.m2/repository/org/hibernate/hibernate-core/5.4.27.Final/hibernate-core-5.4.27.Final.jar' 
2022-03-21 16:08:32.897 DEBUG [acme.Launcher@main] Found classpath entry '/C:/Users/juanq/.m2/repository/org/jboss/logging/jboss-logging/3.4.1.Final/jboss-logging-3.4.1.Final.jar' 
2022-03-21 16:08:32.897 DEBUG [acme.Launcher@main] Found classpath entry '/C:/Users/juanq/.m2/repository/org/javassist/javassist/3.27.0-GA/javassist-3.27.0-GA.jar' 
2022-03-21 16:08:32.898 DEBUG [acme.Launcher@main] Found classpath entry '/C:/Users/juanq/.m2/repository/antlr/antlr/2.7.7/antlr-2.7.7.jar' 
2022-03-21 16:08:32.898 DEBUG [acme.Launcher@main] Found classpath entry '/C:/Users/juanq/.m2/repository/org/jboss/jandex/2.1.3.Final/jandex-2.1.3.Final.jar' 
2022-03-21 16:08:32.898 DEBUG [acme.Launcher@main] Found classpath entry '/C:/Users/juanq/.m2/repository/com/fasterxml/classmate/1.5.1/classmate-1.5.1.jar' 
2022-03-21 16:08:32.898 DEBUG [acme.Launcher@main] Found classpath entry '/C:/Users/juanq/.m2/repository/org/dom4j/dom4j/2.1.3/dom4j-2.1.3.jar' 
2022-03-21 16:08:32.898 DEBUG [acme.Launcher@main] Found classpath entry '/C:/Users/juanq/.m2/repository/org/hibernate/common/hibernate-commons-annotations/5.1.2.Final/hibernate-commons-annotations-5.1.2.Final.jar' 
2022-03-21 16:08:32.898 DEBUG [acme.Launcher@main] Found classpath entry '/C:/Users/juanq/.m2/repository/org/glassfish/jaxb/jaxb-runtime/2.3.3/jaxb-runtime-2.3.3.jar' 
2022-03-21 16:08:32.898 DEBUG [acme.Launcher@main] Found classpath entry '/C:/Users/juanq/.m2/repository/org/glassfish/jaxb/txw2/2.3.3/txw2-2.3.3.jar' 
2022-03-21 16:08:32.898 DEBUG [acme.Launcher@main] Found classpath entry '/C:/Users/juanq/.m2/repository/com/sun/istack/istack-commons-runtime/3.0.11/istack-commons-runtime-3.0.11.jar' 
2022-03-21 16:08:32.898 DEBUG [acme.Launcher@main] Found classpath entry '/C:/Users/juanq/.m2/repository/com/sun/activation/jakarta.activation/1.2.2/jakarta.activation-1.2.2.jar' 
2022-03-21 16:08:32.898 DEBUG [acme.Launcher@main] Found classpath entry '/C:/Users/juanq/.m2/repository/org/springframework/data/spring-data-jpa/2.4.3/spring-data-jpa-2.4.3.jar' 
2022-03-21 16:08:32.899 DEBUG [acme.Launcher@main] Found classpath entry '/C:/Users/juanq/.m2/repository/org/springframework/data/spring-data-commons/2.4.3/spring-data-commons-2.4.3.jar' 
2022-03-21 16:08:32.899 DEBUG [acme.Launcher@main] Found classpath entry '/C:/Users/juanq/.m2/repository/org/springframework/spring-orm/5.3.3/spring-orm-5.3.3.jar' 
2022-03-21 16:08:32.899 DEBUG [acme.Launcher@main] Found classpath entry '/C:/Users/juanq/.m2/repository/org/springframework/spring-aspects/5.3.3/spring-aspects-5.3.3.jar' 
2022-03-21 16:08:32.899 DEBUG [acme.Launcher@main] Found classpath entry '/C:/Users/juanq/.m2/repository/org/springframework/boot/spring-boot-starter-validation/2.4.2/spring-boot-starter-validation-2.4.2.jar' 
2022-03-21 16:08:32.899 DEBUG [acme.Launcher@main] Found classpath entry '/C:/Users/juanq/.m2/repository/org/hibernate/validator/hibernate-validator/6.1.7.Final/hibernate-validator-6.1.7.Final.jar' 
2022-03-21 16:08:32.899 DEBUG [acme.Launcher@main] Found classpath entry '/C:/Users/juanq/.m2/repository/jakarta/validation/jakarta.validation-api/2.0.2/jakarta.validation-api-2.0.2.jar' 
2022-03-21 16:08:32.899 DEBUG [acme.Launcher@main] Found classpath entry '/C:/Users/juanq/.m2/repository/mysql/mysql-connector-java/8.0.22/mysql-connector-java-8.0.22.jar' 
2022-03-21 16:08:32.899 DEBUG [acme.Launcher@main] Found classpath entry '/C:/Users/juanq/.m2/repository/com/zaxxer/HikariCP/3.4.5/HikariCP-3.4.5.jar' 
2022-03-21 16:08:32.899 DEBUG [acme.Launcher@main] Found classpath entry '/C:/Users/juanq/.m2/repository/org/junit/jupiter/junit-jupiter-engine/5.7.0/junit-jupiter-engine-5.7.0.jar' 
2022-03-21 16:08:32.900 DEBUG [acme.Launcher@main] Found classpath entry '/C:/Users/juanq/.m2/repository/org/apiguardian/apiguardian-api/1.1.0/apiguardian-api-1.1.0.jar' 
2022-03-21 16:08:32.900 DEBUG [acme.Launcher@main] Found classpath entry '/C:/Users/juanq/.m2/repository/org/junit/platform/junit-platform-engine/1.7.0/junit-platform-engine-1.7.0.jar' 
2022-03-21 16:08:32.900 DEBUG [acme.Launcher@main] Found classpath entry '/C:/Users/juanq/.m2/repository/org/junit/jupiter/junit-jupiter-api/5.7.0/junit-jupiter-api-5.7.0.jar' 
2022-03-21 16:08:32.900 DEBUG [acme.Launcher@main] Found classpath entry '/C:/Users/juanq/.m2/repository/org/opentest4j/opentest4j/1.2.0/opentest4j-1.2.0.jar' 
2022-03-21 16:08:32.900 DEBUG [acme.Launcher@main] Found classpath entry '/C:/Users/juanq/.m2/repository/org/junit/platform/junit-platform-commons/1.7.0/junit-platform-commons-1.7.0.jar' 
2022-03-21 16:08:32.900 DEBUG [acme.Launcher@main] Found classpath entry '/C:/Users/juanq/.m2/repository/org/junit/jupiter/junit-jupiter-params/5.7.0/junit-jupiter-params-5.7.0.jar' 
2022-03-21 16:08:32.900 DEBUG [acme.Launcher@main] Found classpath entry '/C:/Users/juanq/.m2/repository/org/junit/platform/junit-platform-launcher/1.7.0/junit-platform-launcher-1.7.0.jar' 
2022-03-21 16:08:32.900 DEBUG [acme.Launcher@main] Found classpath entry '/C:/Users/juanq/.m2/repository/org/seleniumhq/selenium/selenium-java/3.141.59/selenium-java-3.141.59.jar' 
2022-03-21 16:08:32.901 DEBUG [acme.Launcher@main] Found classpath entry '/C:/Users/juanq/.m2/repository/org/seleniumhq/selenium/selenium-api/3.141.59/selenium-api-3.141.59.jar' 
2022-03-21 16:08:32.901 DEBUG [acme.Launcher@main] Found classpath entry '/C:/Users/juanq/.m2/repository/org/seleniumhq/selenium/selenium-chrome-driver/3.141.59/selenium-chrome-driver-3.141.59.jar' 
2022-03-21 16:08:32.901 DEBUG [acme.Launcher@main] Found classpath entry '/C:/Users/juanq/.m2/repository/org/seleniumhq/selenium/selenium-edge-driver/3.141.59/selenium-edge-driver-3.141.59.jar' 
2022-03-21 16:08:32.901 DEBUG [acme.Launcher@main] Found classpath entry '/C:/Users/juanq/.m2/repository/org/seleniumhq/selenium/selenium-firefox-driver/3.141.59/selenium-firefox-driver-3.141.59.jar' 
2022-03-21 16:08:32.901 DEBUG [acme.Launcher@main] Found classpath entry '/C:/Users/juanq/.m2/repository/org/seleniumhq/selenium/selenium-ie-driver/3.141.59/selenium-ie-driver-3.141.59.jar' 
2022-03-21 16:08:32.901 DEBUG [acme.Launcher@main] Found classpath entry '/C:/Users/juanq/.m2/repository/org/seleniumhq/selenium/selenium-opera-driver/3.141.59/selenium-opera-driver-3.141.59.jar' 
2022-03-21 16:08:32.901 DEBUG [acme.Launcher@main] Found classpath entry '/C:/Users/juanq/.m2/repository/org/seleniumhq/selenium/selenium-remote-driver/3.141.59/selenium-remote-driver-3.141.59.jar' 
2022-03-21 16:08:32.902 DEBUG [acme.Launcher@main] Found classpath entry '/C:/Users/juanq/.m2/repository/org/seleniumhq/selenium/selenium-safari-driver/3.141.59/selenium-safari-driver-3.141.59.jar' 
2022-03-21 16:08:32.902 DEBUG [acme.Launcher@main] Found classpath entry '/C:/Users/juanq/.m2/repository/org/seleniumhq/selenium/selenium-support/3.141.59/selenium-support-3.141.59.jar' 
2022-03-21 16:08:32.902 DEBUG [acme.Launcher@main] Found classpath entry '/C:/Users/juanq/.m2/repository/net/bytebuddy/byte-buddy/1.10.19/byte-buddy-1.10.19.jar' 
2022-03-21 16:08:32.902 DEBUG [acme.Launcher@main] Found classpath entry '/C:/Users/juanq/.m2/repository/org/apache/commons/commons-exec/1.3/commons-exec-1.3.jar' 
2022-03-21 16:08:32.902 DEBUG [acme.Launcher@main] Found classpath entry '/C:/Users/juanq/.m2/repository/com/google/guava/guava/25.0-jre/guava-25.0-jre.jar' 
2022-03-21 16:08:32.902 DEBUG [acme.Launcher@main] Found classpath entry '/C:/Users/juanq/.m2/repository/com/google/code/findbugs/jsr305/1.3.9/jsr305-1.3.9.jar' 
2022-03-21 16:08:32.902 DEBUG [acme.Launcher@main] Found classpath entry '/C:/Users/juanq/.m2/repository/org/checkerframework/checker-compat-qual/2.0.0/checker-compat-qual-2.0.0.jar' 
2022-03-21 16:08:32.902 DEBUG [acme.Launcher@main] Found classpath entry '/C:/Users/juanq/.m2/repository/com/google/errorprone/error_prone_annotations/2.1.3/error_prone_annotations-2.1.3.jar' 
2022-03-21 16:08:32.902 DEBUG [acme.Launcher@main] Found classpath entry '/C:/Users/juanq/.m2/repository/com/google/j2objc/j2objc-annotations/1.1/j2objc-annotations-1.1.jar' 
2022-03-21 16:08:32.902 DEBUG [acme.Launcher@main] Found classpath entry '/C:/Users/juanq/.m2/repository/org/codehaus/mojo/animal-sniffer-annotations/1.14/animal-sniffer-annotations-1.14.jar' 
2022-03-21 16:08:32.902 DEBUG [acme.Launcher@main] Found classpath entry '/C:/Users/juanq/.m2/repository/com/squareup/okhttp3/okhttp/3.14.9/okhttp-3.14.9.jar' 
2022-03-21 16:08:32.903 DEBUG [acme.Launcher@main] Found classpath entry '/C:/Users/juanq/.m2/repository/com/squareup/okio/okio/1.14.0/okio-1.14.0.jar' 
2022-03-21 16:08:32.903 DEBUG [acme.Launcher@main] Found classpath entry '/C:/Users/juanq/.m2/repository/org/apache/commons/commons-lang3/3.11/commons-lang3-3.11.jar' 
2022-03-21 16:08:32.903 DEBUG [acme.Launcher@main] Found classpath entry '/C:/Users/juanq/.m2/repository/org/apache/commons/commons-text/1.8/commons-text-1.8.jar' 
2022-03-21 16:08:32.903 DEBUG [acme.Launcher@main] Found classpath entry '/C:/Users/juanq/.m2/repository/commons-io/commons-io/2.6/commons-io-2.6.jar' 
2022-03-21 16:08:32.903 DEBUG [acme.Launcher@main] Found classpath entry '/C:/Users/juanq/.m2/repository/commons-cli/commons-cli/1.4/commons-cli-1.4.jar' 
2022-03-21 16:08:32.903 DEBUG [acme.Launcher@main] Found classpath entry '/C:/Users/juanq/.m2/repository/org/projectlombok/lombok/1.18.16/lombok-1.18.16.jar' 
2022-03-21 16:08:32.903 DEBUG [acme.Launcher@main] Found classpath entry '/C:/Users/juanq/.m2/repository/com/opencsv/opencsv/5.4/opencsv-5.4.jar' 
2022-03-21 16:08:32.903 DEBUG [acme.Launcher@main] Found classpath entry '/C:/Users/juanq/.m2/repository/commons-beanutils/commons-beanutils/1.9.4/commons-beanutils-1.9.4.jar' 
2022-03-21 16:08:32.903 DEBUG [acme.Launcher@main] Found classpath entry '/C:/Users/juanq/.m2/repository/commons-logging/commons-logging/1.2/commons-logging-1.2.jar' 
2022-03-21 16:08:32.903 DEBUG [acme.Launcher@main] Found classpath entry '/C:/Users/juanq/.m2/repository/commons-collections/commons-collections/3.2.2/commons-collections-3.2.2.jar' 
2022-03-21 16:08:32.904 DEBUG [acme.Launcher@main] Found classpath entry '/C:/Users/juanq/.m2/repository/org/apache/commons/commons-collections4/4.4/commons-collections4-4.4.jar' 
2022-03-21 16:08:32.979 DEBUG [acme.Launcher@main] Found entity class 'acme.artifact.Artifact 
2022-03-21 16:08:32.979 DEBUG [acme.Launcher@main] Found entity class 'acme.artifact.PartOf 
2022-03-21 16:08:32.979 DEBUG [acme.Launcher@main] Found entity class 'acme.artifact.ToolKit 
2022-03-21 16:08:32.980 DEBUG [acme.Launcher@main] Found entity class 'acme.entities.announcement.Annoucenment 
2022-03-21 16:08:32.980 DEBUG [acme.Launcher@main] Found entity class 'acme.entities.chirp.Chirp 
2022-03-21 16:08:32.980 DEBUG [acme.Launcher@main] Found entity class 'acme.entities.patronage.Patronage 
2022-03-21 16:08:32.980 DEBUG [acme.Launcher@main] Found entity class 'acme.entities.patronage.PatronageReport 
2022-03-21 16:08:32.980 DEBUG [acme.Launcher@main] Found entity class 'acme.roles.Consumer 
2022-03-21 16:08:32.980 DEBUG [acme.Launcher@main] Found entity class 'acme.roles.Inventor 
2022-03-21 16:08:32.980 DEBUG [acme.Launcher@main] Found entity class 'acme.roles.Patron 
2022-03-21 16:08:32.980 DEBUG [acme.Launcher@main] Found entity class 'acme.roles.Provider 
2022-03-21 16:08:32.980 DEBUG [acme.Launcher@main] Found entity class 'acme.framework.entities.UserAccount 
2022-03-21 16:08:32.981 DEBUG [acme.Launcher@main] Found entity class 'acme.framework.roles.Administrator 
2022-03-21 16:08:32.981 DEBUG [acme.Launcher@main] Found entity class 'acme.framework.roles.Anonymous 
2022-03-21 16:08:32.981 DEBUG [acme.Launcher@main] Found entity class 'acme.framework.roles.Authenticated 
2022-03-21 16:08:32.989 INFO  [acme.Launcher@main] Populating (sample data) 
2022-03-21 16:08:32.990 INFO  [acme.framework.components.database.DatabasePopulator@main] Building database schema 
2022-03-21 16:08:33.029 DEBUG [acme.framework.components.database.DatabaseUtil@main] Executing script. 
2022-03-21 16:08:33.029 DEBUG [acme.framework.components.database.DatabaseUtil@main] Starting new transaction. 
2022-03-21 16:08:33.037 DEBUG [acme.framework.components.database.DatabaseUtil@main] Executing command 'set transaction isolation level read uncommitted;'. 
2022-03-21 16:08:33.050 DEBUG [acme.framework.components.database.DatabaseUtil@main] Starting transaction '138303640'. 
2022-03-21 16:08:33.050 DEBUG [acme.framework.components.database.DatabaseUtil@main] Executing script command 'set foreign_key_checks=0'. 
2022-03-21 16:08:33.051 DEBUG [acme.framework.components.database.DatabaseUtil@main] Executing script command 'drop table if exists administrator'. 
2022-03-21 16:08:33.062 DEBUG [acme.framework.components.database.DatabaseUtil@main] Executing script command 'drop table if exists annoucenment'. 
2022-03-21 16:08:33.071 DEBUG [acme.framework.components.database.DatabaseUtil@main] Executing script command 'drop table if exists anonymous'. 
2022-03-21 16:08:33.079 DEBUG [acme.framework.components.database.DatabaseUtil@main] Executing script command 'drop table if exists artifact'. 
2022-03-21 16:08:33.087 DEBUG [acme.framework.components.database.DatabaseUtil@main] Executing script command 'drop table if exists authenticated'. 
2022-03-21 16:08:33.097 DEBUG [acme.framework.components.database.DatabaseUtil@main] Executing script command 'drop table if exists chirp'. 
2022-03-21 16:08:33.105 DEBUG [acme.framework.components.database.DatabaseUtil@main] Executing script command 'drop table if exists consumer'. 
2022-03-21 16:08:33.114 DEBUG [acme.framework.components.database.DatabaseUtil@main] Executing script command 'drop table if exists hibernate_sequence'. 
2022-03-21 16:08:33.122 DEBUG [acme.framework.components.database.DatabaseUtil@main] Executing script command 'drop table if exists inventor'. 
2022-03-21 16:08:33.131 DEBUG [acme.framework.components.database.DatabaseUtil@main] Executing script command 'drop table if exists part_of'. 
2022-03-21 16:08:33.141 DEBUG [acme.framework.components.database.DatabaseUtil@main] Executing script command 'drop table if exists patron'. 
2022-03-21 16:08:33.149 DEBUG [acme.framework.components.database.DatabaseUtil@main] Executing script command 'drop table if exists patronage'. 
2022-03-21 16:08:33.159 DEBUG [acme.framework.components.database.DatabaseUtil@main] Executing script command 'drop table if exists patronage_report'. 
2022-03-21 16:08:33.167 DEBUG [acme.framework.components.database.DatabaseUtil@main] Executing script command 'drop table if exists provider'. 
2022-03-21 16:08:33.176 DEBUG [acme.framework.components.database.DatabaseUtil@main] Executing script command 'drop table if exists tool_kit'. 
2022-03-21 16:08:33.185 DEBUG [acme.framework.components.database.DatabaseUtil@main] Executing script command 'drop table if exists user_account'. 
2022-03-21 16:08:33.195 DEBUG [acme.framework.components.database.DatabaseUtil@main] Executing script command 'set foreign_key_checks=1'. 
2022-03-21 16:08:33.195 DEBUG [acme.framework.components.database.DatabaseUtil@main] Committing transaction '138303640'. 
2022-03-21 16:08:33.206 DEBUG [acme.framework.components.database.DatabaseUtil@main] Executing script. 
2022-03-21 16:08:33.206 DEBUG [acme.framework.components.database.DatabaseUtil@main] Starting new transaction. 
2022-03-21 16:08:33.207 DEBUG [acme.framework.components.database.DatabaseUtil@main] Executing command 'set transaction isolation level read uncommitted;'. 
2022-03-21 16:08:33.207 DEBUG [acme.framework.components.database.DatabaseUtil@main] Starting transaction '490030841'. 
2022-03-21 16:08:33.207 DEBUG [acme.framework.components.database.DatabaseUtil@main] Executing script command 'set foreign_key_checks=0'. 
2022-03-21 16:08:33.207 DEBUG [acme.framework.components.database.DatabaseUtil@main] Executing script command 'create table administrator (id integer not null, version integer not null, user_account_id integer, primary key (id)) engine=InnoDB'. 
2022-03-21 16:08:33.220 DEBUG [acme.framework.components.database.DatabaseUtil@main] Executing script command 'create table annoucenment (id integer not null, version integer not null, body varchar(255), creation_moment datetime, flag bit, link varchar(255), title varchar(255), primary key (id)) engine=InnoDB'. 
2022-03-21 16:08:33.233 DEBUG [acme.framework.components.database.DatabaseUtil@main] Executing script command 'create table anonymous (id integer not null, version integer not null, user_account_id integer, primary key (id)) engine=InnoDB'. 
2022-03-21 16:08:33.243 DEBUG [acme.framework.components.database.DatabaseUtil@main] Executing script command 'create table artifact (id integer not null, version integer not null, code varchar(255), description varchar(255), link varchar(255), name varchar(255), retail_price_amount double precision, retail_price_currency varchar(255), technology varchar(255), type integer, primary key (id)) engine=InnoDB'. 
2022-03-21 16:08:33.254 DEBUG [acme.framework.components.database.DatabaseUtil@main] Executing script command 'create table authenticated (id integer not null, version integer not null, user_account_id integer, primary key (id)) engine=InnoDB'. 
2022-03-21 16:08:33.265 DEBUG [acme.framework.components.database.DatabaseUtil@main] Executing script command 'create table chirp (id integer not null, version integer not null, author varchar(255), body varchar(255), creation_moment datetime, email varchar(255), title varchar(255), primary key (id)) engine=InnoDB'. 
2022-03-21 16:08:33.275 DEBUG [acme.framework.components.database.DatabaseUtil@main] Executing script command 'create table consumer (id integer not null, version integer not null, user_account_id integer, company varchar(255), sector varchar(255), primary key (id)) engine=InnoDB'. 
2022-03-21 16:08:33.286 DEBUG [acme.framework.components.database.DatabaseUtil@main] Executing script command 'create table hibernate_sequence (next_val bigint) engine=InnoDB'. 
2022-03-21 16:08:33.297 DEBUG [acme.framework.components.database.DatabaseUtil@main] Executing script command 'insert into hibernate_sequence values ( 1 )'. 
2022-03-21 16:08:33.298 DEBUG [acme.framework.components.database.DatabaseUtil@main] Executing script command 'create table inventor (id integer not null, version integer not null, user_account_id integer, company varchar(255), link varchar(255), statement varchar(255), artifact_id integer not null, primary key (id)) engine=InnoDB'. 
2022-03-21 16:08:33.310 DEBUG [acme.framework.components.database.DatabaseUtil@main] Executing script command 'create table part_of (id integer not null, version integer not null, quantity integer, artifact_id integer not null, toolkit_id integer not null, primary key (id)) engine=InnoDB'. 
2022-03-21 16:08:33.322 DEBUG [acme.framework.components.database.DatabaseUtil@main] Executing script command 'create table patron (id integer not null, version integer not null, user_account_id integer, company varchar(255), link varchar(255), statement varchar(255), primary key (id)) engine=InnoDB'. 
2022-03-21 16:08:33.331 DEBUG [acme.framework.components.database.DatabaseUtil@main] Executing script command 'create table patronage (id integer not null, version integer not null, budget_amount double precision, budget_currency varchar(255), code varchar(255), finish_date datetime, legal_stuff varchar(255), link varchar(255), start_date datetime, status integer, primary key (id)) engine=InnoDB'. 
2022-03-21 16:08:33.341 DEBUG [acme.framework.components.database.DatabaseUtil@main] Executing script command 'create table patronage_report (id integer not null, version integer not null, creation_moment datetime, link varchar(255), memorandum varchar(255), sequence_number varchar(255), primary key (id)) engine=InnoDB'. 
2022-03-21 16:08:33.353 DEBUG [acme.framework.components.database.DatabaseUtil@main] Executing script command 'create table provider (id integer not null, version integer not null, user_account_id integer, company varchar(255), sector varchar(255), primary key (id)) engine=InnoDB'. 
2022-03-21 16:08:33.363 DEBUG [acme.framework.components.database.DatabaseUtil@main] Executing script command 'create table tool_kit (id integer not null, version integer not null, assembly_notes varchar(255), code varchar(255), description varchar(255), link varchar(255), title varchar(255), primary key (id)) engine=InnoDB'. 
2022-03-21 16:08:33.374 DEBUG [acme.framework.components.database.DatabaseUtil@main] Executing script command 'create table user_account (id integer not null, version integer not null, enabled bit not null, identity blob, password varchar(255), username varchar(255), primary key (id)) engine=InnoDB'. 
2022-03-21 16:08:33.384 DEBUG [acme.framework.components.database.DatabaseUtil@main] Executing script command 'alter table artifact add constraint UK_g1ad0tae8u6y364oiwfi6am2n unique (code)'. 
2022-03-21 16:08:33.399 DEBUG [acme.framework.components.database.DatabaseUtil@main] Executing script command 'alter table patronage add constraint UK_7s289l63ihnn85qwyna5cqbfh unique (code)'. 
2022-03-21 16:08:33.415 DEBUG [acme.framework.components.database.DatabaseUtil@main] Executing script command 'alter table tool_kit add constraint UK_hh417ujk9uobk95o9or9kcekd unique (code)'. 
2022-03-21 16:08:33.433 DEBUG [acme.framework.components.database.DatabaseUtil@main] Executing script command 'alter table user_account add constraint UK_castjbvpeeus0r8lbpehiu0e4 unique (username)'. 
2022-03-21 16:08:33.449 DEBUG [acme.framework.components.database.DatabaseUtil@main] Executing script command 'alter table administrator add constraint FK_2a5vcjo3stlfcwadosjfq49l1 foreign key (user_account_id) references user_account (id)'. 
2022-03-21 16:08:33.465 DEBUG [acme.framework.components.database.DatabaseUtil@main] Executing script command 'alter table anonymous add constraint FK_6lnbc6fo3om54vugoh8icg78m foreign key (user_account_id) references user_account (id)'. 
2022-03-21 16:08:33.481 DEBUG [acme.framework.components.database.DatabaseUtil@main] Executing script command 'alter table authenticated add constraint FK_h52w0f3wjoi68b63wv9vwon57 foreign key (user_account_id) references user_account (id)'. 
2022-03-21 16:08:33.497 DEBUG [acme.framework.components.database.DatabaseUtil@main] Executing script command 'alter table consumer add constraint FK_6cyha9f1wpj0dpbxrrjddrqed foreign key (user_account_id) references user_account (id)'. 
2022-03-21 16:08:33.513 DEBUG [acme.framework.components.database.DatabaseUtil@main] Executing script command 'alter table inventor add constraint FK5xq6qxs64guy7omsuy1rb5v9p foreign key (artifact_id) references artifact (id)'. 
2022-03-21 16:08:33.530 DEBUG [acme.framework.components.database.DatabaseUtil@main] Executing script command 'alter table inventor add constraint FK_2upmsx50p5pou2l4uy8trxor6 foreign key (user_account_id) references user_account (id)'. 
2022-03-21 16:08:33.547 DEBUG [acme.framework.components.database.DatabaseUtil@main] Executing script command 'alter table part_of add constraint FKrqy6b4b1929c1guetqjkopvr3 foreign key (artifact_id) references artifact (id)'. 
2022-03-21 16:08:33.562 DEBUG [acme.framework.components.database.DatabaseUtil@main] Executing script command 'alter table part_of add constraint FK40hbgdo8yeso1s2jr0flura1d foreign key (toolkit_id) references tool_kit (id)'. 
2022-03-21 16:08:33.578 DEBUG [acme.framework.components.database.DatabaseUtil@main] Executing script command 'alter table patron add constraint FK_8xx5nujhuio3advxc2freyu65 foreign key (user_account_id) references user_account (id)'. 
2022-03-21 16:08:33.593 DEBUG [acme.framework.components.database.DatabaseUtil@main] Executing script command 'alter table provider add constraint FK_b1gwnjqm6ggy9yuiqm0o4rlmd foreign key (user_account_id) references user_account (id)'. 
2022-03-21 16:08:33.609 DEBUG [acme.framework.components.database.DatabaseUtil@main] Executing script command 'set foreign_key_checks=1'. 
2022-03-21 16:08:33.609 DEBUG [acme.framework.components.database.DatabaseUtil@main] Committing transaction '490030841'. 
2022-03-21 16:08:33.611 INFO  [acme.framework.components.database.DatabasePopulator@main] Reading entities from 'classpath:/WEB-INF/resources/initial-data' 
2022-03-21 16:08:33.615 DEBUG [acme.framework.components.database.Dataset@main] Reading dataset from 'C:\Users\juanq\Desktop\Workspace-22.0\Projects\Acme-Toolkit\target\classes\WEB-INF\resources\initial-data\administrator.csv' 
2022-03-21 16:08:33.669 DEBUG [acme.framework.components.database.Dataset@main] Reading mapping '{key:user-account=user-account-administrator-01, key=administrator-01}' from 'C:\Users\juanq\Desktop\Workspace-22.0\Projects\Acme-Toolkit\target\classes\WEB-INF\resources\initial-data\administrator.csv' 
2022-03-21 16:08:33.670 DEBUG [acme.framework.components.database.Dataset@main] Reading dataset from 'C:\Users\juanq\Desktop\Workspace-22.0\Projects\Acme-Toolkit\target\classes\WEB-INF\resources\initial-data\anonymous.csv' 
2022-03-21 16:08:33.670 DEBUG [acme.framework.components.database.Dataset@main] Reading mapping '{key:user-account=user-account-anonymous-01, key=anonymous-01}' from 'C:\Users\juanq\Desktop\Workspace-22.0\Projects\Acme-Toolkit\target\classes\WEB-INF\resources\initial-data\anonymous.csv' 
2022-03-21 16:08:33.670 DEBUG [acme.framework.components.database.Dataset@main] Reading dataset from 'C:\Users\juanq\Desktop\Workspace-22.0\Projects\Acme-Toolkit\target\classes\WEB-INF\resources\initial-data\authenticated.csv' 
2022-03-21 16:08:33.671 DEBUG [acme.framework.components.database.Dataset@main] Reading mapping '{key:user-account=user-account-administrator-01, key=authenticated-administrator-01}' from 'C:\Users\juanq\Desktop\Workspace-22.0\Projects\Acme-Toolkit\target\classes\WEB-INF\resources\initial-data\authenticated.csv' 
2022-03-21 16:08:33.671 DEBUG [acme.framework.components.database.Dataset@main] Reading dataset from 'C:\Users\juanq\Desktop\Workspace-22.0\Projects\Acme-Toolkit\target\classes\WEB-INF\resources\initial-data\user-account.csv' 
2022-03-21 16:08:33.671 DEBUG [acme.framework.components.database.Dataset@main] Reading mapping '{password=HIDDEN-PASSWORD, identity=UserIdentity{name: 'John', surname: 'Doe', email: 'john.doe@acme.com'}, key=user-account-anonymous-01, enabled=false, username=anonymous}' from 'C:\Users\juanq\Desktop\Workspace-22.0\Projects\Acme-Toolkit\target\classes\WEB-INF\resources\initial-data\user-account.csv' 
2022-03-21 16:08:33.671 DEBUG [acme.framework.components.database.Dataset@main] Reading mapping '{password=administrator, identity=UserIdentity{name: 'Administrator', surname: 'Acme', email: 'administrator@acme.com'}, key=user-account-administrator-01, enabled=true, username=administrator}' from 'C:\Users\juanq\Desktop\Workspace-22.0\Projects\Acme-Toolkit\target\classes\WEB-INF\resources\initial-data\user-account.csv' 
2022-03-21 16:08:33.672 DEBUG [acme.framework.components.database.EntityWeb@main] Setting attributes of entities of class acme.framework.roles.Authenticated 
2022-03-21 16:08:33.672 DEBUG [acme.framework.components.database.EntityWeb@main] Setting attributes of entities of class acme.framework.entities.UserAccount 
2022-03-21 16:08:33.830 DEBUG [acme.framework.components.database.EntityWeb@main] Setting attributes of entities of class acme.framework.roles.Administrator 
2022-03-21 16:08:33.830 DEBUG [acme.framework.components.database.EntityWeb@main] Setting attributes of entities of class acme.framework.roles.Anonymous 
2022-03-21 16:08:33.831 DEBUG [acme.framework.components.database.EntityWeb@main] Linking entities of class acme.framework.roles.Authenticated 
2022-03-21 16:08:33.838 DEBUG [acme.framework.components.database.EntityWeb@main] Linking entities of class acme.framework.entities.UserAccount 
2022-03-21 16:08:33.838 DEBUG [acme.framework.components.database.EntityWeb@main] Linking entities of class acme.framework.roles.Administrator 
2022-03-21 16:08:33.842 DEBUG [acme.framework.components.database.EntityWeb@main] Linking entities of class acme.framework.roles.Anonymous 
2022-03-21 16:08:33.846 INFO  [acme.framework.components.database.DatabasePopulator@main] Reading entities from 'classpath:/WEB-INF/resources/sample-data' 
2022-03-21 16:08:33.847 DEBUG [acme.framework.components.database.Dataset@main] Reading dataset from 'C:\Users\juanq\Desktop\Workspace-22.0\Projects\Acme-Toolkit\target\classes\WEB-INF\resources\sample-data\artifact.csv' 
2022-03-21 16:08:33.848 DEBUG [acme.framework.components.database.Dataset@main] Reading mapping '{code=AAA-000-A, name=Artifact 1, link=https://es.wikipedia.org/wiki/Artefacto, description=artifact, technology=Telecommunications, type=TOOL, retailPrice=EUR 0.01, key=artifact-01}' from 'C:\Users\juanq\Desktop\Workspace-22.0\Projects\Acme-Toolkit\target\classes\WEB-INF\resources\sample-data\artifact.csv' 
2022-03-21 16:08:33.848 DEBUG [acme.framework.components.database.Dataset@main] Reading mapping '{code=AAA-999-Z, name=This artifact name has the maximum amount of character which is 100 this is made for testing, link=null, description=Energy artifact, technology=Telecommunications, type=TOOL, retailPrice=USD 1,000.45, key=artifact-02}' from 'C:\Users\juanq\Desktop\Workspace-22.0\Projects\Acme-Toolkit\target\classes\WEB-INF\resources\sample-data\artifact.csv' 
2022-03-21 16:08:33.848 DEBUG [acme.framework.components.database.Dataset@main] Reading mapping '{code=ABJ-556-V, name=A, link=https://es.wikipedia.org/wiki/Software, description=Medical artifact, technology=Telecommunications, type=COMPONENT, retailPrice=GBP 123.45, key=artifact-03}' from 'C:\Users\juanq\Desktop\Workspace-22.0\Projects\Acme-Toolkit\target\classes\WEB-INF\resources\sample-data\artifact.csv' 
2022-03-21 16:08:33.849 DEBUG [acme.framework.components.database.Dataset@main] Reading mapping '{code=ZZZ-000-J, name=Artifact 1, link=null, description=This artifact's description will add up to 155 characters in total to check the constraints work as intended so this text is just here to lengthen the stringAAAAAAAAAAAAAAAAAAAAAAAAAAAAAAAAAAAAAAAAAAAAAAAAAAAAAAAAAAAAAAAAAAAAAAAAAAAAAAAAAAAAAAAAAAAAAAAAAA, technology=Telecommunications, type=COMPONENT, retailPrice=THB 999.45, key=artifact-04}' from 'C:\Users\juanq\Desktop\Workspace-22.0\Projects\Acme-Toolkit\target\classes\WEB-INF\resources\sample-data\artifact.csv' 
2022-03-21 16:08:33.849 DEBUG [acme.framework.components.database.Dataset@main] Reading mapping '{code=ZZZ-999-A, name=Transportation truck with lenghty name, link=null, description=Transportation artifact, technology=Transportation, type=COMPONENT, retailPrice=EUR 10,000.01, key=artifact-05}' from 'C:\Users\juanq\Desktop\Workspace-22.0\Projects\Acme-Toolkit\target\classes\WEB-INF\resources\sample-data\artifact.csv' 
2022-03-21 16:08:33.849 DEBUG [acme.framework.components.database.Dataset@main] Reading dataset from 'C:\Users\juanq\Desktop\Workspace-22.0\Projects\Acme-Toolkit\target\classes\WEB-INF\resources\sample-data\consumer.csv' 
2022-03-21 16:08:33.850 DEBUG [acme.framework.components.database.Dataset@main] Reading mapping '{key:user-account=user-account-administrator-01, company=Macarena, Inc., sector=Telecommunications, key=consumer-01}' from 'C:\Users\juanq\Desktop\Workspace-22.0\Projects\Acme-Toolkit\target\classes\WEB-INF\resources\sample-data\consumer.csv' 
2022-03-21 16:08:33.850 DEBUG [acme.framework.components.database.Dataset@main] Reading dataset from 'C:\Users\juanq\Desktop\Workspace-22.0\Projects\Acme-Toolkit\target\classes\WEB-INF\resources\sample-data\partOf.csv' 
2022-03-21 16:08:33.851 DEBUG [acme.framework.components.database.Dataset@main] Reading mapping '{key:artifact=artifact-01, quantity=1, key:toolkit=toolkit-01, key=partOf-01}' from 'C:\Users\juanq\Desktop\Workspace-22.0\Projects\Acme-Toolkit\target\classes\WEB-INF\resources\sample-data\partOf.csv' 
2022-03-21 16:08:33.851 DEBUG [acme.framework.components.database.Dataset@main] Reading mapping '{key:artifact=artifact-03, quantity=2, key:toolkit=toolkit-01, key=partOf-02}' from 'C:\Users\juanq\Desktop\Workspace-22.0\Projects\Acme-Toolkit\target\classes\WEB-INF\resources\sample-data\partOf.csv' 
2022-03-21 16:08:33.851 DEBUG [acme.framework.components.database.Dataset@main] Reading mapping '{key:artifact=artifact-04, quantity=4, key:toolkit=toolkit-01, key=partOf-03}' from 'C:\Users\juanq\Desktop\Workspace-22.0\Projects\Acme-Toolkit\target\classes\WEB-INF\resources\sample-data\partOf.csv' 
2022-03-21 16:08:33.851 DEBUG [acme.framework.components.database.Dataset@main] Reading mapping '{key:artifact=artifact-04, quantity=1, key:toolkit=toolkit-02, key=partOf-04}' from 'C:\Users\juanq\Desktop\Workspace-22.0\Projects\Acme-Toolkit\target\classes\WEB-INF\resources\sample-data\partOf.csv' 
2022-03-21 16:08:33.852 DEBUG [acme.framework.components.database.Dataset@main] Reading mapping '{key:artifact=artifact-02, quantity=1, key:toolkit=toolkit-02, key=partOf-05}' from 'C:\Users\juanq\Desktop\Workspace-22.0\Projects\Acme-Toolkit\target\classes\WEB-INF\resources\sample-data\partOf.csv' 
2022-03-21 16:08:33.852 DEBUG [acme.framework.components.database.Dataset@main] Reading dataset from 'C:\Users\juanq\Desktop\Workspace-22.0\Projects\Acme-Toolkit\target\classes\WEB-INF\resources\sample-data\provider.csv' 
2022-03-21 16:08:33.854 DEBUG [acme.framework.components.database.Dataset@main] Reading mapping '{key:user-account=user-account-administrator-01, company=Terra Nets, S.A., sector=Internet, key=provider-01}' from 'C:\Users\juanq\Desktop\Workspace-22.0\Projects\Acme-Toolkit\target\classes\WEB-INF\resources\sample-data\provider.csv' 
2022-03-21 16:08:33.854 DEBUG [acme.framework.components.database.Dataset@main] Reading dataset from 'C:\Users\juanq\Desktop\Workspace-22.0\Projects\Acme-Toolkit\target\classes\WEB-INF\resources\sample-data\toolKit.csv' 
2022-03-21 16:08:33.855 DEBUG [acme.framework.components.database.Dataset@main] Reading mapping '{assemblyNotes=Assembly notes for toolkit number 1, code=AAA-000-P, link=https://es.wikipedia.org/wiki/Artefacto, description=This is the first toolkit, title=Toolkit 1, key=toolkit-01}' from 'C:\Users\juanq\Desktop\Workspace-22.0\Projects\Acme-Toolkit\target\classes\WEB-INF\resources\sample-data\toolKit.csv' 
2022-03-21 16:08:33.855 DEBUG [acme.framework.components.database.Dataset@main] Reading mapping '{assemblyNotes=Assembly notes for toolkit number 2, code=ZZZ-999-A, link=null, description=This artifact's description will add up to 155 characters in total to check the constraints work as intended so this text is just here to lengthen the stringAAAAAAAAAAAAAAAAAAAAAAAAAAAAAAAAAAAAAAAAAAAAAAAAAAAAAAAAAAAAAAAAAAAAAAAAAAAAAAAAAAAAAAAAAAAAAAAAAA, title=Toolkit 2, key=toolkit-02}' from 'C:\Users\juanq\Desktop\Workspace-22.0\Projects\Acme-Toolkit\target\classes\WEB-INF\resources\sample-data\toolKit.csv' 
2022-03-21 16:08:33.855 DEBUG [acme.framework.components.database.Dataset@main] Reading mapping '{assemblyNotes=Assembly notes for toolkit number 1, code=QXA-001-Z, link=null, description=This is the first toolkit, title=toolkit long 100 length string titleAAAAAAAAAAAAAAAAAAAAAAAAAAAAAAAAAAAAAAAAAAAAAAAAAAAAAAAAAAAAAAAA, key=toolkit-03}' from 'C:\Users\juanq\Desktop\Workspace-22.0\Projects\Acme-Toolkit\target\classes\WEB-INF\resources\sample-data\toolKit.csv' 
2022-03-21 16:08:33.856 DEBUG [acme.framework.components.database.Dataset@main] Reading mapping '{assemblyNotes=Assembly notes for toolkit number 5, code=AKL-869-A, link=https://www.areatecnologia.com/informatica/que-es-software.html, description=This is the first toolkit, title=Toolkit 4, key=toolkit-04}' from 'C:\Users\juanq\Desktop\Workspace-22.0\Projects\Acme-Toolkit\target\classes\WEB-INF\resources\sample-data\toolKit.csv' 
2022-03-21 16:08:33.856 DEBUG [acme.framework.components.database.EntityWeb@main] Setting attributes of entities of class acme.artifact.Artifact 
2022-03-21 16:08:33.863 DEBUG [acme.framework.components.database.EntityWeb@main] Setting attributes of entities of class acme.roles.Provider 
2022-03-21 16:08:33.868 DEBUG [acme.framework.components.database.EntityWeb@main] Setting attributes of entities of class acme.artifact.ToolKit 
2022-03-21 16:08:33.872 DEBUG [acme.framework.components.database.EntityWeb@main] Setting attributes of entities of class acme.artifact.PartOf 
2022-03-21 16:08:33.875 DEBUG [acme.framework.components.database.EntityWeb@main] Setting attributes of entities of class acme.roles.Consumer 
2022-03-21 16:08:33.877 DEBUG [acme.framework.components.database.EntityWeb@main] Linking entities of class acme.artifact.Artifact 
2022-03-21 16:08:33.878 DEBUG [acme.framework.components.database.EntityWeb@main] Linking entities of class acme.roles.Provider 
2022-03-21 16:08:33.878 DEBUG [acme.framework.components.database.EntityWeb@main] Linking entities of class acme.artifact.ToolKit 
2022-03-21 16:08:33.878 DEBUG [acme.framework.components.database.EntityWeb@main] Linking entities of class acme.artifact.PartOf 
2022-03-21 16:08:33.878 DEBUG [acme.framework.components.database.EntityWeb@main] Linking entities of class acme.roles.Consumer 
2022-03-21 16:08:33.879 INFO  [acme.framework.components.database.DatabasePopulator@main] Validating your entities 
2022-03-21 16:08:33.962 DEBUG [acme.framework.components.database.DatabasePopulator@main] Validating 'acme.framework.entities.UserAccount@user-account-anonymous-01' ... PASS 
2022-03-21 16:08:33.978 DEBUG [acme.framework.components.database.DatabasePopulator@main] Validating 'acme.artifact.Artifact@artifact-05' ... PASS 
2022-03-21 16:08:33.990 DEBUG [acme.framework.components.database.DatabasePopulator@main] Validating 'acme.artifact.PartOf@partOf-04' ... PASS 
2022-03-21 16:08:33.994 DEBUG [acme.framework.components.database.DatabasePopulator@main] Validating 'acme.artifact.PartOf@partOf-03' ... PASS 
2022-03-21 16:08:33.995 DEBUG [acme.framework.components.database.DatabasePopulator@main] Validating 'acme.artifact.PartOf@partOf-02' ... PASS 
2022-03-21 16:08:33.996 DEBUG [acme.framework.components.database.DatabasePopulator@main] Validating 'acme.artifact.PartOf@partOf-01' ... PASS 
2022-03-21 16:08:33.997 DEBUG [acme.framework.components.database.DatabasePopulator@main] Validating 'acme.framework.entities.UserAccount@user-account-administrator-01' ... PASS 
2022-03-21 16:08:33.999 DEBUG [acme.framework.components.database.DatabasePopulator@main] Validating 'acme.artifact.PartOf@partOf-05' ... PASS 
2022-03-21 16:08:34.009 DEBUG [acme.framework.components.database.DatabasePopulator@main] Validating 'acme.roles.Provider@provider-01' ... PASS 
2022-03-21 16:08:34.015 DEBUG [acme.framework.components.database.DatabasePopulator@main] Validating 'acme.roles.Consumer@consumer-01' ... PASS 
2022-03-21 16:08:34.019 DEBUG [acme.framework.components.database.DatabasePopulator@main] Validating 'acme.framework.roles.Administrator@administrator-01' ... PASS 
2022-03-21 16:08:34.024 DEBUG [acme.framework.components.database.DatabasePopulator@main] Validating 'acme.framework.roles.Anonymous@anonymous-01' ... PASS 
2022-03-21 16:08:34.026 DEBUG [acme.framework.components.database.DatabasePopulator@main] Validating 'acme.artifact.ToolKit@toolkit-03' ... PASS 
2022-03-21 16:08:34.026 DEBUG [acme.framework.components.database.DatabasePopulator@main] Validating 'acme.artifact.ToolKit@toolkit-04' ... PASS 
2022-03-21 16:08:34.027 DEBUG [acme.framework.components.database.DatabasePopulator@main] Validating 'acme.artifact.ToolKit@toolkit-01' ... PASS 
2022-03-21 16:08:34.028 DEBUG [acme.framework.components.database.DatabasePopulator@main] Validating 'acme.artifact.ToolKit@toolkit-02' ... PASS 
2022-03-21 16:08:34.030 DEBUG [acme.framework.components.database.DatabasePopulator@main] Validating 'acme.framework.roles.Authenticated@authenticated-administrator-01' ... PASS 
2022-03-21 16:08:34.030 DEBUG [acme.framework.components.database.DatabasePopulator@main] Validating 'acme.artifact.Artifact@artifact-04' ... PASS 
2022-03-21 16:08:34.031 DEBUG [acme.framework.components.database.DatabasePopulator@main] Validating 'acme.artifact.Artifact@artifact-03' ... PASS 
2022-03-21 16:08:34.032 DEBUG [acme.framework.components.database.DatabasePopulator@main] Validating 'acme.artifact.Artifact@artifact-02' ... PASS 
2022-03-21 16:08:34.032 DEBUG [acme.framework.components.database.DatabasePopulator@main] Validating 'acme.artifact.Artifact@artifact-01' ... PASS 
2022-03-21 16:08:34.032 INFO  [acme.framework.components.database.DatabasePopulator@main] Sorting your entity classes 
2022-03-21 16:08:34.033 DEBUG [acme.framework.components.database.DatabasePopulator@main] Best topological order for your entity clazzes: 
2022-03-21 16:08:34.033 DEBUG [acme.framework.components.database.DatabasePopulator@main] - acme.framework.entities.UserAccount 
2022-03-21 16:08:34.033 DEBUG [acme.framework.components.database.DatabasePopulator@main] - acme.framework.roles.Authenticated 
2022-03-21 16:08:34.033 DEBUG [acme.framework.components.database.DatabasePopulator@main] - acme.artifact.Artifact 
2022-03-21 16:08:34.033 DEBUG [acme.framework.components.database.DatabasePopulator@main] - acme.roles.Provider 
2022-03-21 16:08:34.033 DEBUG [acme.framework.components.database.DatabasePopulator@main] - acme.artifact.ToolKit 
2022-03-21 16:08:34.033 DEBUG [acme.framework.components.database.DatabasePopulator@main] - acme.framework.roles.Administrator 
2022-03-21 16:08:34.033 DEBUG [acme.framework.components.database.DatabasePopulator@main] - acme.artifact.PartOf 
2022-03-21 16:08:34.033 DEBUG [acme.framework.components.database.DatabasePopulator@main] - acme.roles.Consumer 
2022-03-21 16:08:34.033 DEBUG [acme.framework.components.database.DatabasePopulator@main] - acme.framework.roles.Anonymous 
2022-03-21 16:08:34.033 INFO  [acme.framework.components.database.DatabasePopulator@main] Persisting your entities 
2022-03-21 16:08:34.033 DEBUG [acme.framework.components.database.DatabaseUtil@main] Starting new transaction. 
2022-03-21 16:08:34.034 DEBUG [acme.framework.components.database.DatabaseUtil@main] Executing command 'set transaction isolation level read uncommitted;'. 
2022-03-21 16:08:34.035 DEBUG [acme.framework.components.database.DatabaseUtil@main] Starting transaction '1468111065'. 
2022-03-21 16:08:34.036 DEBUG [acme.framework.components.database.DatabasePopulator@main] Persising entities of clazz 'acme.framework.entities.UserAccount' 
2022-03-21 16:08:34.054 DEBUG [org.hibernate.SQL@main] select next_val as id_val from hibernate_sequence for update 
2022-03-21 16:08:34.076 DEBUG [org.hibernate.SQL@main] update hibernate_sequence set next_val= ? where next_val=? 
2022-03-21 16:08:34.127 DEBUG [acme.framework.components.database.DatabaseUtil@main] Persisting entity UserAccount(username=anonymous) 
2022-03-21 16:08:34.128 DEBUG [org.hibernate.SQL@main] select next_val as id_val from hibernate_sequence for update 
2022-03-21 16:08:34.128 DEBUG [org.hibernate.SQL@main] update hibernate_sequence set next_val= ? where next_val=? 
2022-03-21 16:08:34.130 DEBUG [acme.framework.components.database.DatabaseUtil@main] Persisting entity UserAccount(username=administrator) 
2022-03-21 16:08:34.130 DEBUG [acme.framework.components.database.DatabasePopulator@main] Persising entities of clazz 'acme.framework.roles.Authenticated' 
2022-03-21 16:08:34.130 DEBUG [org.hibernate.SQL@main] select next_val as id_val from hibernate_sequence for update 
2022-03-21 16:08:34.131 DEBUG [org.hibernate.SQL@main] update hibernate_sequence set next_val= ? where next_val=? 
2022-03-21 16:08:34.133 DEBUG [acme.framework.components.database.DatabaseUtil@main] Persisting entity UserRole(userAccount=UserAccount(username=administrator)) 
2022-03-21 16:08:34.133 DEBUG [acme.framework.components.database.DatabasePopulator@main] Persising entities of clazz 'acme.artifact.Artifact' 
2022-03-21 16:08:34.133 DEBUG [org.hibernate.SQL@main] select next_val as id_val from hibernate_sequence for update 
2022-03-21 16:08:34.134 DEBUG [org.hibernate.SQL@main] update hibernate_sequence set next_val= ? where next_val=? 
2022-03-21 16:08:34.136 DEBUG [acme.framework.components.database.DatabaseUtil@main] Persisting entity acme.artifact.Artifact{id=4, version=0} 
2022-03-21 16:08:34.138 DEBUG [org.hibernate.SQL@main] select next_val as id_val from hibernate_sequence for update 
2022-03-21 16:08:34.138 DEBUG [org.hibernate.SQL@main] update hibernate_sequence set next_val= ? where next_val=? 
2022-03-21 16:08:34.139 DEBUG [acme.framework.components.database.DatabaseUtil@main] Persisting entity acme.artifact.Artifact{id=5, version=0} 
2022-03-21 16:08:34.140 DEBUG [org.hibernate.SQL@main] select next_val as id_val from hibernate_sequence for update 
2022-03-21 16:08:34.140 DEBUG [org.hibernate.SQL@main] update hibernate_sequence set next_val= ? where next_val=? 
2022-03-21 16:08:34.141 DEBUG [acme.framework.components.database.DatabaseUtil@main] Persisting entity acme.artifact.Artifact{id=6, version=0} 
2022-03-21 16:08:34.142 DEBUG [org.hibernate.SQL@main] select next_val as id_val from hibernate_sequence for update 
2022-03-21 16:08:34.142 DEBUG [org.hibernate.SQL@main] update hibernate_sequence set next_val= ? where next_val=? 
2022-03-21 16:08:34.144 DEBUG [acme.framework.components.database.DatabaseUtil@main] Persisting entity acme.artifact.Artifact{id=7, version=0} 
2022-03-21 16:08:34.144 DEBUG [org.hibernate.SQL@main] select next_val as id_val from hibernate_sequence for update 
2022-03-21 16:08:34.144 DEBUG [org.hibernate.SQL@main] update hibernate_sequence set next_val= ? where next_val=? 
2022-03-21 16:08:34.146 DEBUG [acme.framework.components.database.DatabaseUtil@main] Persisting entity acme.artifact.Artifact{id=8, version=0} 
2022-03-21 16:08:34.146 DEBUG [acme.framework.components.database.DatabasePopulator@main] Persising entities of clazz 'acme.roles.Provider' 
2022-03-21 16:08:34.146 DEBUG [org.hibernate.SQL@main] select next_val as id_val from hibernate_sequence for update 
2022-03-21 16:08:34.147 DEBUG [org.hibernate.SQL@main] update hibernate_sequence set next_val= ? where next_val=? 
2022-03-21 16:08:34.149 DEBUG [acme.framework.components.database.DatabaseUtil@main] Persisting entity UserRole(userAccount=UserAccount(username=administrator)) 
2022-03-21 16:08:34.150 DEBUG [acme.framework.components.database.DatabasePopulator@main] Persising entities of clazz 'acme.artifact.ToolKit' 
2022-03-21 16:08:34.150 DEBUG [org.hibernate.SQL@main] select next_val as id_val from hibernate_sequence for update 
2022-03-21 16:08:34.151 DEBUG [org.hibernate.SQL@main] update hibernate_sequence set next_val= ? where next_val=? 
2022-03-21 16:08:34.153 DEBUG [acme.framework.components.database.DatabaseUtil@main] Persisting entity acme.artifact.ToolKit{id=10, version=0} 
2022-03-21 16:08:34.154 DEBUG [org.hibernate.SQL@main] select next_val as id_val from hibernate_sequence for update 
2022-03-21 16:08:34.154 DEBUG [org.hibernate.SQL@main] update hibernate_sequence set next_val= ? where next_val=? 
2022-03-21 16:08:34.156 DEBUG [acme.framework.components.database.DatabaseUtil@main] Persisting entity acme.artifact.ToolKit{id=11, version=0} 
2022-03-21 16:08:34.156 DEBUG [org.hibernate.SQL@main] select next_val as id_val from hibernate_sequence for update 
2022-03-21 16:08:34.157 DEBUG [org.hibernate.SQL@main] update hibernate_sequence set next_val= ? where next_val=? 
2022-03-21 16:08:34.158 DEBUG [acme.framework.components.database.DatabaseUtil@main] Persisting entity acme.artifact.ToolKit{id=12, version=0} 
2022-03-21 16:08:34.158 DEBUG [org.hibernate.SQL@main] select next_val as id_val from hibernate_sequence for update 
2022-03-21 16:08:34.158 DEBUG [org.hibernate.SQL@main] update hibernate_sequence set next_val= ? where next_val=? 
2022-03-21 16:08:34.159 DEBUG [acme.framework.components.database.DatabaseUtil@main] Persisting entity acme.artifact.ToolKit{id=13, version=0} 
2022-03-21 16:08:34.159 DEBUG [acme.framework.components.database.DatabasePopulator@main] Persising entities of clazz 'acme.framework.roles.Administrator' 
2022-03-21 16:08:34.159 DEBUG [org.hibernate.SQL@main] select next_val as id_val from hibernate_sequence for update 
2022-03-21 16:08:34.160 DEBUG [org.hibernate.SQL@main] update hibernate_sequence set next_val= ? where next_val=? 
2022-03-21 16:08:34.161 DEBUG [acme.framework.components.database.DatabaseUtil@main] Persisting entity UserRole(userAccount=UserAccount(username=administrator)) 
2022-03-21 16:08:34.161 DEBUG [acme.framework.components.database.DatabasePopulator@main] Persising entities of clazz 'acme.artifact.PartOf' 
2022-03-21 16:08:34.162 DEBUG [org.hibernate.SQL@main] select next_val as id_val from hibernate_sequence for update 
2022-03-21 16:08:34.162 DEBUG [org.hibernate.SQL@main] update hibernate_sequence set next_val= ? where next_val=? 
2022-03-21 16:08:34.163 DEBUG [acme.framework.components.database.DatabaseUtil@main] Persisting entity acme.artifact.PartOf{id=15, version=0} 
2022-03-21 16:08:34.164 DEBUG [org.hibernate.SQL@main] select next_val as id_val from hibernate_sequence for update 
2022-03-21 16:08:34.164 DEBUG [org.hibernate.SQL@main] update hibernate_sequence set next_val= ? where next_val=? 
2022-03-21 16:08:34.166 DEBUG [acme.framework.components.database.DatabaseUtil@main] Persisting entity acme.artifact.PartOf{id=16, version=0} 
2022-03-21 16:08:34.166 DEBUG [org.hibernate.SQL@main] select next_val as id_val from hibernate_sequence for update 
2022-03-21 16:08:34.167 DEBUG [org.hibernate.SQL@main] update hibernate_sequence set next_val= ? where next_val=? 
2022-03-21 16:08:34.168 DEBUG [acme.framework.components.database.DatabaseUtil@main] Persisting entity acme.artifact.PartOf{id=17, version=0} 
2022-03-21 16:08:34.168 DEBUG [org.hibernate.SQL@main] select next_val as id_val from hibernate_sequence for update 
2022-03-21 16:08:34.169 DEBUG [org.hibernate.SQL@main] update hibernate_sequence set next_val= ? where next_val=? 
2022-03-21 16:08:34.170 DEBUG [acme.framework.components.database.DatabaseUtil@main] Persisting entity acme.artifact.PartOf{id=18, version=0} 
2022-03-21 16:08:34.170 DEBUG [org.hibernate.SQL@main] select next_val as id_val from hibernate_sequence for update 
2022-03-21 16:08:34.170 DEBUG [org.hibernate.SQL@main] update hibernate_sequence set next_val= ? where next_val=? 
2022-03-21 16:08:34.171 DEBUG [acme.framework.components.database.DatabaseUtil@main] Persisting entity acme.artifact.PartOf{id=19, version=0} 
2022-03-21 16:08:34.172 DEBUG [acme.framework.components.database.DatabasePopulator@main] Persising entities of clazz 'acme.roles.Consumer' 
2022-03-21 16:08:34.172 DEBUG [org.hibernate.SQL@main] select next_val as id_val from hibernate_sequence for update 
2022-03-21 16:08:34.173 DEBUG [org.hibernate.SQL@main] update hibernate_sequence set next_val= ? where next_val=? 
2022-03-21 16:08:34.174 DEBUG [acme.framework.components.database.DatabaseUtil@main] Persisting entity UserRole(userAccount=UserAccount(username=administrator)) 
2022-03-21 16:08:34.174 DEBUG [acme.framework.components.database.DatabasePopulator@main] Persising entities of clazz 'acme.framework.roles.Anonymous' 
2022-03-21 16:08:34.174 DEBUG [org.hibernate.SQL@main] select next_val as id_val from hibernate_sequence for update 
2022-03-21 16:08:34.175 DEBUG [org.hibernate.SQL@main] update hibernate_sequence set next_val= ? where next_val=? 
2022-03-21 16:08:34.176 DEBUG [acme.framework.components.database.DatabaseUtil@main] Persisting entity UserRole(userAccount=UserAccount(username=anonymous)) 
2022-03-21 16:08:34.176 DEBUG [acme.framework.components.database.DatabaseUtil@main] Committing transaction '1468111065'. 
2022-03-21 16:08:34.201 DEBUG [org.hibernate.SQL@main] insert into user_account (version, enabled, identity, password, username, id) values (?, ?, ?, ?, ?, ?) 
2022-03-21 16:08:34.203 TRACE [org.hibernate.type.descriptor.sql.BasicBinder@main] binding parameter [1] as [INTEGER] - [0] 
2022-03-21 16:08:34.204 TRACE [org.hibernate.type.descriptor.sql.BasicBinder@main] binding parameter [2] as [BOOLEAN] - [false] 
2022-03-21 16:08:34.204 TRACE [org.hibernate.type.descriptor.sql.BasicBinder@main] binding parameter [3] as [BLOB] - [DefaultUserIdentity(name=John, surname=Doe, email=john.doe@acme.com)] 
2022-03-21 16:08:34.206 TRACE [org.hibernate.type.descriptor.sql.BasicBinder@main] binding parameter [4] as [VARCHAR] - [$2a$05$FHje/FCMjVBh01cowDaJie1BhOg7CT3OkHSyOh9p2BnUAtHoZT/yS] 
2022-03-21 16:08:34.206 TRACE [org.hibernate.type.descriptor.sql.BasicBinder@main] binding parameter [5] as [VARCHAR] - [anonymous] 
2022-03-21 16:08:34.206 TRACE [org.hibernate.type.descriptor.sql.BasicBinder@main] binding parameter [6] as [INTEGER] - [1] 
2022-03-21 16:08:34.210 DEBUG [org.hibernate.SQL@main] insert into user_account (version, enabled, identity, password, username, id) values (?, ?, ?, ?, ?, ?) 
2022-03-21 16:08:34.211 TRACE [org.hibernate.type.descriptor.sql.BasicBinder@main] binding parameter [1] as [INTEGER] - [0] 
2022-03-21 16:08:34.211 TRACE [org.hibernate.type.descriptor.sql.BasicBinder@main] binding parameter [2] as [BOOLEAN] - [true] 
2022-03-21 16:08:34.211 TRACE [org.hibernate.type.descriptor.sql.BasicBinder@main] binding parameter [3] as [BLOB] - [DefaultUserIdentity(name=Administrator, surname=Acme, email=administrator@acme.com)] 
2022-03-21 16:08:34.211 TRACE [org.hibernate.type.descriptor.sql.BasicBinder@main] binding parameter [4] as [VARCHAR] - [$2a$05$7daI3GK/4G8dfv2zaqRbHu/ulPK3HjAk8O6C94NsKjB5x1htd.Nry] 
2022-03-21 16:08:34.211 TRACE [org.hibernate.type.descriptor.sql.BasicBinder@main] binding parameter [5] as [VARCHAR] - [administrator] 
2022-03-21 16:08:34.211 TRACE [org.hibernate.type.descriptor.sql.BasicBinder@main] binding parameter [6] as [INTEGER] - [2] 
2022-03-21 16:08:34.212 DEBUG [org.hibernate.SQL@main] insert into authenticated (version, user_account_id, id) values (?, ?, ?) 
2022-03-21 16:08:34.212 TRACE [org.hibernate.type.descriptor.sql.BasicBinder@main] binding parameter [1] as [INTEGER] - [0] 
2022-03-21 16:08:34.213 TRACE [org.hibernate.type.descriptor.sql.BasicBinder@main] binding parameter [2] as [INTEGER] - [2] 
2022-03-21 16:08:34.213 TRACE [org.hibernate.type.descriptor.sql.BasicBinder@main] binding parameter [3] as [INTEGER] - [3] 
2022-03-21 16:08:34.215 DEBUG [org.hibernate.SQL@main] insert into artifact (version, code, description, link, name, retail_price_amount, retail_price_currency, technology, type, id) values (?, ?, ?, ?, ?, ?, ?, ?, ?, ?) 
2022-03-21 16:08:34.215 TRACE [org.hibernate.type.descriptor.sql.BasicBinder@main] binding parameter [1] as [INTEGER] - [0] 
2022-03-21 16:08:34.216 TRACE [org.hibernate.type.descriptor.sql.BasicBinder@main] binding parameter [2] as [VARCHAR] - [ZZZ-999-A] 
2022-03-21 16:08:34.216 TRACE [org.hibernate.type.descriptor.sql.BasicBinder@main] binding parameter [3] as [VARCHAR] - [Transportation artifact] 
2022-03-21 16:08:34.216 TRACE [org.hibernate.type.descriptor.sql.BasicBinder@main] binding parameter [4] as [VARCHAR] - [null] 
2022-03-21 16:08:34.216 TRACE [org.hibernate.type.descriptor.sql.BasicBinder@main] binding parameter [5] as [VARCHAR] - [Transportation truck with lenghty name] 
2022-03-21 16:08:34.218 TRACE [org.hibernate.type.descriptor.sql.BasicBinder@main] binding parameter [6] as [DOUBLE] - [10000.01] 
2022-03-21 16:08:34.218 TRACE [org.hibernate.type.descriptor.sql.BasicBinder@main] binding parameter [7] as [VARCHAR] - [EUR] 
2022-03-21 16:08:34.219 TRACE [org.hibernate.type.descriptor.sql.BasicBinder@main] binding parameter [8] as [VARCHAR] - [Transportation] 
2022-03-21 16:08:34.219 TRACE [org.hibernate.type.descriptor.sql.BasicBinder@main] binding parameter [9] as [INTEGER] - [0] 
2022-03-21 16:08:34.219 TRACE [org.hibernate.type.descriptor.sql.BasicBinder@main] binding parameter [10] as [INTEGER] - [4] 
2022-03-21 16:08:34.223 DEBUG [org.hibernate.SQL@main] insert into artifact (version, code, description, link, name, retail_price_amount, retail_price_currency, technology, type, id) values (?, ?, ?, ?, ?, ?, ?, ?, ?, ?) 
2022-03-21 16:08:34.223 TRACE [org.hibernate.type.descriptor.sql.BasicBinder@main] binding parameter [1] as [INTEGER] - [0] 
2022-03-21 16:08:34.223 TRACE [org.hibernate.type.descriptor.sql.BasicBinder@main] binding parameter [2] as [VARCHAR] - [ZZZ-000-J] 
2022-03-21 16:08:34.223 TRACE [org.hibernate.type.descriptor.sql.BasicBinder@main] binding parameter [3] as [VARCHAR] - [This artifact's description will add up to 155 characters in total to check the constraints work as intended so this text is just here to lengthen the stringAAAAAAAAAAAAAAAAAAAAAAAAAAAAAAAAAAAAAAAAAAAAAAAAAAAAAAAAAAAAAAAAAAAAAAAAAAAAAAAAAAAAAAAAAAAAAAAAAA] 
2022-03-21 16:08:34.223 TRACE [org.hibernate.type.descriptor.sql.BasicBinder@main] binding parameter [4] as [VARCHAR] - [null] 
2022-03-21 16:08:34.224 TRACE [org.hibernate.type.descriptor.sql.BasicBinder@main] binding parameter [5] as [VARCHAR] - [Artifact 1] 
2022-03-21 16:08:34.224 TRACE [org.hibernate.type.descriptor.sql.BasicBinder@main] binding parameter [6] as [DOUBLE] - [999.45] 
2022-03-21 16:08:34.224 TRACE [org.hibernate.type.descriptor.sql.BasicBinder@main] binding parameter [7] as [VARCHAR] - [THB] 
2022-03-21 16:08:34.224 TRACE [org.hibernate.type.descriptor.sql.BasicBinder@main] binding parameter [8] as [VARCHAR] - [Telecommunications] 
2022-03-21 16:08:34.224 TRACE [org.hibernate.type.descriptor.sql.BasicBinder@main] binding parameter [9] as [INTEGER] - [0] 
2022-03-21 16:08:34.224 TRACE [org.hibernate.type.descriptor.sql.BasicBinder@main] binding parameter [10] as [INTEGER] - [5] 
2022-03-21 16:08:34.225 DEBUG [org.hibernate.SQL@main] insert into artifact (version, code, description, link, name, retail_price_amount, retail_price_currency, technology, type, id) values (?, ?, ?, ?, ?, ?, ?, ?, ?, ?) 
2022-03-21 16:08:34.225 TRACE [org.hibernate.type.descriptor.sql.BasicBinder@main] binding parameter [1] as [INTEGER] - [0] 
2022-03-21 16:08:34.225 TRACE [org.hibernate.type.descriptor.sql.BasicBinder@main] binding parameter [2] as [VARCHAR] - [ABJ-556-V] 
2022-03-21 16:08:34.225 TRACE [org.hibernate.type.descriptor.sql.BasicBinder@main] binding parameter [3] as [VARCHAR] - [Medical artifact] 
2022-03-21 16:08:34.225 TRACE [org.hibernate.type.descriptor.sql.BasicBinder@main] binding parameter [4] as [VARCHAR] - [https://es.wikipedia.org/wiki/Software] 
2022-03-21 16:08:34.225 TRACE [org.hibernate.type.descriptor.sql.BasicBinder@main] binding parameter [5] as [VARCHAR] - [A] 
2022-03-21 16:08:34.225 TRACE [org.hibernate.type.descriptor.sql.BasicBinder@main] binding parameter [6] as [DOUBLE] - [123.45] 
2022-03-21 16:08:34.225 TRACE [org.hibernate.type.descriptor.sql.BasicBinder@main] binding parameter [7] as [VARCHAR] - [GBP] 
2022-03-21 16:08:34.225 TRACE [org.hibernate.type.descriptor.sql.BasicBinder@main] binding parameter [8] as [VARCHAR] - [Telecommunications] 
2022-03-21 16:08:34.225 TRACE [org.hibernate.type.descriptor.sql.BasicBinder@main] binding parameter [9] as [INTEGER] - [0] 
2022-03-21 16:08:34.225 TRACE [org.hibernate.type.descriptor.sql.BasicBinder@main] binding parameter [10] as [INTEGER] - [6] 
2022-03-21 16:08:34.226 DEBUG [org.hibernate.SQL@main] insert into artifact (version, code, description, link, name, retail_price_amount, retail_price_currency, technology, type, id) values (?, ?, ?, ?, ?, ?, ?, ?, ?, ?) 
2022-03-21 16:08:34.226 TRACE [org.hibernate.type.descriptor.sql.BasicBinder@main] binding parameter [1] as [INTEGER] - [0] 
2022-03-21 16:08:34.226 TRACE [org.hibernate.type.descriptor.sql.BasicBinder@main] binding parameter [2] as [VARCHAR] - [AAA-999-Z] 
2022-03-21 16:08:34.226 TRACE [org.hibernate.type.descriptor.sql.BasicBinder@main] binding parameter [3] as [VARCHAR] - [Energy artifact] 
2022-03-21 16:08:34.226 TRACE [org.hibernate.type.descriptor.sql.BasicBinder@main] binding parameter [4] as [VARCHAR] - [null] 
2022-03-21 16:08:34.226 TRACE [org.hibernate.type.descriptor.sql.BasicBinder@main] binding parameter [5] as [VARCHAR] - [This artifact name has the maximum amount of character which is 100 this is made for testing] 
2022-03-21 16:08:34.227 TRACE [org.hibernate.type.descriptor.sql.BasicBinder@main] binding parameter [6] as [DOUBLE] - [1000.45] 
2022-03-21 16:08:34.227 TRACE [org.hibernate.type.descriptor.sql.BasicBinder@main] binding parameter [7] as [VARCHAR] - [USD] 
2022-03-21 16:08:34.227 TRACE [org.hibernate.type.descriptor.sql.BasicBinder@main] binding parameter [8] as [VARCHAR] - [Telecommunications] 
2022-03-21 16:08:34.227 TRACE [org.hibernate.type.descriptor.sql.BasicBinder@main] binding parameter [9] as [INTEGER] - [1] 
2022-03-21 16:08:34.227 TRACE [org.hibernate.type.descriptor.sql.BasicBinder@main] binding parameter [10] as [INTEGER] - [7] 
2022-03-21 16:08:34.227 DEBUG [org.hibernate.SQL@main] insert into artifact (version, code, description, link, name, retail_price_amount, retail_price_currency, technology, type, id) values (?, ?, ?, ?, ?, ?, ?, ?, ?, ?) 
2022-03-21 16:08:34.227 TRACE [org.hibernate.type.descriptor.sql.BasicBinder@main] binding parameter [1] as [INTEGER] - [0] 
2022-03-21 16:08:34.227 TRACE [org.hibernate.type.descriptor.sql.BasicBinder@main] binding parameter [2] as [VARCHAR] - [AAA-000-A] 
2022-03-21 16:08:34.228 TRACE [org.hibernate.type.descriptor.sql.BasicBinder@main] binding parameter [3] as [VARCHAR] - [artifact] 
2022-03-21 16:08:34.228 TRACE [org.hibernate.type.descriptor.sql.BasicBinder@main] binding parameter [4] as [VARCHAR] - [https://es.wikipedia.org/wiki/Artefacto] 
2022-03-21 16:08:34.228 TRACE [org.hibernate.type.descriptor.sql.BasicBinder@main] binding parameter [5] as [VARCHAR] - [Artifact 1] 
2022-03-21 16:08:34.228 TRACE [org.hibernate.type.descriptor.sql.BasicBinder@main] binding parameter [6] as [DOUBLE] - [0.01] 
2022-03-21 16:08:34.228 TRACE [org.hibernate.type.descriptor.sql.BasicBinder@main] binding parameter [7] as [VARCHAR] - [EUR] 
2022-03-21 16:08:34.228 TRACE [org.hibernate.type.descriptor.sql.BasicBinder@main] binding parameter [8] as [VARCHAR] - [Telecommunications] 
2022-03-21 16:08:34.228 TRACE [org.hibernate.type.descriptor.sql.BasicBinder@main] binding parameter [9] as [INTEGER] - [1] 
2022-03-21 16:08:34.228 TRACE [org.hibernate.type.descriptor.sql.BasicBinder@main] binding parameter [10] as [INTEGER] - [8] 
2022-03-21 16:08:34.228 DEBUG [org.hibernate.SQL@main] insert into provider (version, user_account_id, company, sector, id) values (?, ?, ?, ?, ?) 
2022-03-21 16:08:34.229 TRACE [org.hibernate.type.descriptor.sql.BasicBinder@main] binding parameter [1] as [INTEGER] - [0] 
2022-03-21 16:08:34.229 TRACE [org.hibernate.type.descriptor.sql.BasicBinder@main] binding parameter [2] as [INTEGER] - [2] 
2022-03-21 16:08:34.229 TRACE [org.hibernate.type.descriptor.sql.BasicBinder@main] binding parameter [3] as [VARCHAR] - [Terra Nets, S.A.] 
2022-03-21 16:08:34.229 TRACE [org.hibernate.type.descriptor.sql.BasicBinder@main] binding parameter [4] as [VARCHAR] - [Internet] 
2022-03-21 16:08:34.229 TRACE [org.hibernate.type.descriptor.sql.BasicBinder@main] binding parameter [5] as [INTEGER] - [9] 
2022-03-21 16:08:34.231 DEBUG [org.hibernate.SQL@main] insert into tool_kit (version, assembly_notes, code, description, link, title, id) values (?, ?, ?, ?, ?, ?, ?) 
2022-03-21 16:08:34.232 TRACE [org.hibernate.type.descriptor.sql.BasicBinder@main] binding parameter [1] as [INTEGER] - [0] 
2022-03-21 16:08:34.232 TRACE [org.hibernate.type.descriptor.sql.BasicBinder@main] binding parameter [2] as [VARCHAR] - [Assembly notes for toolkit number 1] 
2022-03-21 16:08:34.232 TRACE [org.hibernate.type.descriptor.sql.BasicBinder@main] binding parameter [3] as [VARCHAR] - [QXA-001-Z] 
2022-03-21 16:08:34.232 TRACE [org.hibernate.type.descriptor.sql.BasicBinder@main] binding parameter [4] as [VARCHAR] - [This is the first toolkit] 
2022-03-21 16:08:34.232 TRACE [org.hibernate.type.descriptor.sql.BasicBinder@main] binding parameter [5] as [VARCHAR] - [null] 
2022-03-21 16:08:34.232 TRACE [org.hibernate.type.descriptor.sql.BasicBinder@main] binding parameter [6] as [VARCHAR] - [toolkit long 100 length string titleAAAAAAAAAAAAAAAAAAAAAAAAAAAAAAAAAAAAAAAAAAAAAAAAAAAAAAAAAAAAAAAA] 
2022-03-21 16:08:34.232 TRACE [org.hibernate.type.descriptor.sql.BasicBinder@main] binding parameter [7] as [INTEGER] - [10] 
2022-03-21 16:08:34.235 DEBUG [org.hibernate.SQL@main] insert into tool_kit (version, assembly_notes, code, description, link, title, id) values (?, ?, ?, ?, ?, ?, ?) 
2022-03-21 16:08:34.235 TRACE [org.hibernate.type.descriptor.sql.BasicBinder@main] binding parameter [1] as [INTEGER] - [0] 
2022-03-21 16:08:34.235 TRACE [org.hibernate.type.descriptor.sql.BasicBinder@main] binding parameter [2] as [VARCHAR] - [Assembly notes for toolkit number 5] 
2022-03-21 16:08:34.235 TRACE [org.hibernate.type.descriptor.sql.BasicBinder@main] binding parameter [3] as [VARCHAR] - [AKL-869-A] 
2022-03-21 16:08:34.235 TRACE [org.hibernate.type.descriptor.sql.BasicBinder@main] binding parameter [4] as [VARCHAR] - [This is the first toolkit] 
2022-03-21 16:08:34.235 TRACE [org.hibernate.type.descriptor.sql.BasicBinder@main] binding parameter [5] as [VARCHAR] - [https://www.areatecnologia.com/informatica/que-es-software.html] 
2022-03-21 16:08:34.235 TRACE [org.hibernate.type.descriptor.sql.BasicBinder@main] binding parameter [6] as [VARCHAR] - [Toolkit 4] 
2022-03-21 16:08:34.235 TRACE [org.hibernate.type.descriptor.sql.BasicBinder@main] binding parameter [7] as [INTEGER] - [11] 
2022-03-21 16:08:34.236 DEBUG [org.hibernate.SQL@main] insert into tool_kit (version, assembly_notes, code, description, link, title, id) values (?, ?, ?, ?, ?, ?, ?) 
2022-03-21 16:08:34.236 TRACE [org.hibernate.type.descriptor.sql.BasicBinder@main] binding parameter [1] as [INTEGER] - [0] 
2022-03-21 16:08:34.236 TRACE [org.hibernate.type.descriptor.sql.BasicBinder@main] binding parameter [2] as [VARCHAR] - [Assembly notes for toolkit number 1] 
2022-03-21 16:08:34.236 TRACE [org.hibernate.type.descriptor.sql.BasicBinder@main] binding parameter [3] as [VARCHAR] - [AAA-000-P] 
2022-03-21 16:08:34.236 TRACE [org.hibernate.type.descriptor.sql.BasicBinder@main] binding parameter [4] as [VARCHAR] - [This is the first toolkit] 
2022-03-21 16:08:34.236 TRACE [org.hibernate.type.descriptor.sql.BasicBinder@main] binding parameter [5] as [VARCHAR] - [https://es.wikipedia.org/wiki/Artefacto] 
2022-03-21 16:08:34.236 TRACE [org.hibernate.type.descriptor.sql.BasicBinder@main] binding parameter [6] as [VARCHAR] - [Toolkit 1] 
2022-03-21 16:08:34.236 TRACE [org.hibernate.type.descriptor.sql.BasicBinder@main] binding parameter [7] as [INTEGER] - [12] 
2022-03-21 16:08:34.237 DEBUG [org.hibernate.SQL@main] insert into tool_kit (version, assembly_notes, code, description, link, title, id) values (?, ?, ?, ?, ?, ?, ?) 
2022-03-21 16:08:34.237 TRACE [org.hibernate.type.descriptor.sql.BasicBinder@main] binding parameter [1] as [INTEGER] - [0] 
2022-03-21 16:08:34.237 TRACE [org.hibernate.type.descriptor.sql.BasicBinder@main] binding parameter [2] as [VARCHAR] - [Assembly notes for toolkit number 2] 
2022-03-21 16:08:34.237 TRACE [org.hibernate.type.descriptor.sql.BasicBinder@main] binding parameter [3] as [VARCHAR] - [ZZZ-999-A] 
2022-03-21 16:08:34.237 TRACE [org.hibernate.type.descriptor.sql.BasicBinder@main] binding parameter [4] as [VARCHAR] - [This artifact's description will add up to 155 characters in total to check the constraints work as intended so this text is just here to lengthen the stringAAAAAAAAAAAAAAAAAAAAAAAAAAAAAAAAAAAAAAAAAAAAAAAAAAAAAAAAAAAAAAAAAAAAAAAAAAAAAAAAAAAAAAAAAAAAAAAAAA] 
2022-03-21 16:08:34.237 TRACE [org.hibernate.type.descriptor.sql.BasicBinder@main] binding parameter [5] as [VARCHAR] - [null] 
2022-03-21 16:08:34.237 TRACE [org.hibernate.type.descriptor.sql.BasicBinder@main] binding parameter [6] as [VARCHAR] - [Toolkit 2] 
2022-03-21 16:08:34.237 TRACE [org.hibernate.type.descriptor.sql.BasicBinder@main] binding parameter [7] as [INTEGER] - [13] 
2022-03-21 16:08:34.238 DEBUG [org.hibernate.SQL@main] insert into administrator (version, user_account_id, id) values (?, ?, ?) 
2022-03-21 16:08:34.238 TRACE [org.hibernate.type.descriptor.sql.BasicBinder@main] binding parameter [1] as [INTEGER] - [0] 
2022-03-21 16:08:34.238 TRACE [org.hibernate.type.descriptor.sql.BasicBinder@main] binding parameter [2] as [INTEGER] - [2] 
2022-03-21 16:08:34.238 TRACE [org.hibernate.type.descriptor.sql.BasicBinder@main] binding parameter [3] as [INTEGER] - [14] 
2022-03-21 16:08:34.240 DEBUG [org.hibernate.SQL@main] insert into part_of (version, artifact_id, quantity, toolkit_id, id) values (?, ?, ?, ?, ?) 
2022-03-21 16:08:34.241 TRACE [org.hibernate.type.descriptor.sql.BasicBinder@main] binding parameter [1] as [INTEGER] - [0] 
2022-03-21 16:08:34.241 TRACE [org.hibernate.type.descriptor.sql.BasicBinder@main] binding parameter [2] as [INTEGER] - [5] 
2022-03-21 16:08:34.241 TRACE [org.hibernate.type.descriptor.sql.BasicBinder@main] binding parameter [3] as [INTEGER] - [1] 
2022-03-21 16:08:34.241 TRACE [org.hibernate.type.descriptor.sql.BasicBinder@main] binding parameter [4] as [INTEGER] - [13] 
2022-03-21 16:08:34.241 TRACE [org.hibernate.type.descriptor.sql.BasicBinder@main] binding parameter [5] as [INTEGER] - [15] 
2022-03-21 16:08:34.244 DEBUG [org.hibernate.SQL@main] insert into part_of (version, artifact_id, quantity, toolkit_id, id) values (?, ?, ?, ?, ?) 
2022-03-21 16:08:34.245 TRACE [org.hibernate.type.descriptor.sql.BasicBinder@main] binding parameter [1] as [INTEGER] - [0] 
2022-03-21 16:08:34.245 TRACE [org.hibernate.type.descriptor.sql.BasicBinder@main] binding parameter [2] as [INTEGER] - [5] 
2022-03-21 16:08:34.245 TRACE [org.hibernate.type.descriptor.sql.BasicBinder@main] binding parameter [3] as [INTEGER] - [4] 
2022-03-21 16:08:34.245 TRACE [org.hibernate.type.descriptor.sql.BasicBinder@main] binding parameter [4] as [INTEGER] - [12] 
2022-03-21 16:08:34.245 TRACE [org.hibernate.type.descriptor.sql.BasicBinder@main] binding parameter [5] as [INTEGER] - [16] 
2022-03-21 16:08:34.246 DEBUG [org.hibernate.SQL@main] insert into part_of (version, artifact_id, quantity, toolkit_id, id) values (?, ?, ?, ?, ?) 
2022-03-21 16:08:34.246 TRACE [org.hibernate.type.descriptor.sql.BasicBinder@main] binding parameter [1] as [INTEGER] - [0] 
2022-03-21 16:08:34.247 TRACE [org.hibernate.type.descriptor.sql.BasicBinder@main] binding parameter [2] as [INTEGER] - [6] 
2022-03-21 16:08:34.247 TRACE [org.hibernate.type.descriptor.sql.BasicBinder@main] binding parameter [3] as [INTEGER] - [2] 
2022-03-21 16:08:34.247 TRACE [org.hibernate.type.descriptor.sql.BasicBinder@main] binding parameter [4] as [INTEGER] - [12] 
2022-03-21 16:08:34.247 TRACE [org.hibernate.type.descriptor.sql.BasicBinder@main] binding parameter [5] as [INTEGER] - [17] 
2022-03-21 16:08:34.247 DEBUG [org.hibernate.SQL@main] insert into part_of (version, artifact_id, quantity, toolkit_id, id) values (?, ?, ?, ?, ?) 
2022-03-21 16:08:34.248 TRACE [org.hibernate.type.descriptor.sql.BasicBinder@main] binding parameter [1] as [INTEGER] - [0] 
2022-03-21 16:08:34.248 TRACE [org.hibernate.type.descriptor.sql.BasicBinder@main] binding parameter [2] as [INTEGER] - [8] 
2022-03-21 16:08:34.248 TRACE [org.hibernate.type.descriptor.sql.BasicBinder@main] binding parameter [3] as [INTEGER] - [1] 
2022-03-21 16:08:34.248 TRACE [org.hibernate.type.descriptor.sql.BasicBinder@main] binding parameter [4] as [INTEGER] - [12] 
2022-03-21 16:08:34.248 TRACE [org.hibernate.type.descriptor.sql.BasicBinder@main] binding parameter [5] as [INTEGER] - [18] 
2022-03-21 16:08:34.248 DEBUG [org.hibernate.SQL@main] insert into part_of (version, artifact_id, quantity, toolkit_id, id) values (?, ?, ?, ?, ?) 
2022-03-21 16:08:34.248 TRACE [org.hibernate.type.descriptor.sql.BasicBinder@main] binding parameter [1] as [INTEGER] - [0] 
2022-03-21 16:08:34.248 TRACE [org.hibernate.type.descriptor.sql.BasicBinder@main] binding parameter [2] as [INTEGER] - [7] 
2022-03-21 16:08:34.249 TRACE [org.hibernate.type.descriptor.sql.BasicBinder@main] binding parameter [3] as [INTEGER] - [1] 
2022-03-21 16:08:34.249 TRACE [org.hibernate.type.descriptor.sql.BasicBinder@main] binding parameter [4] as [INTEGER] - [13] 
2022-03-21 16:08:34.249 TRACE [org.hibernate.type.descriptor.sql.BasicBinder@main] binding parameter [5] as [INTEGER] - [19] 
2022-03-21 16:08:34.249 DEBUG [org.hibernate.SQL@main] insert into consumer (version, user_account_id, company, sector, id) values (?, ?, ?, ?, ?) 
2022-03-21 16:08:34.249 TRACE [org.hibernate.type.descriptor.sql.BasicBinder@main] binding parameter [1] as [INTEGER] - [0] 
2022-03-21 16:08:34.249 TRACE [org.hibernate.type.descriptor.sql.BasicBinder@main] binding parameter [2] as [INTEGER] - [2] 
2022-03-21 16:08:34.249 TRACE [org.hibernate.type.descriptor.sql.BasicBinder@main] binding parameter [3] as [VARCHAR] - [Macarena, Inc.] 
2022-03-21 16:08:34.249 TRACE [org.hibernate.type.descriptor.sql.BasicBinder@main] binding parameter [4] as [VARCHAR] - [Telecommunications] 
2022-03-21 16:08:34.249 TRACE [org.hibernate.type.descriptor.sql.BasicBinder@main] binding parameter [5] as [INTEGER] - [20] 
2022-03-21 16:08:34.253 DEBUG [org.hibernate.SQL@main] insert into anonymous (version, user_account_id, id) values (?, ?, ?) 
2022-03-21 16:08:34.253 TRACE [org.hibernate.type.descriptor.sql.BasicBinder@main] binding parameter [1] as [INTEGER] - [0] 
2022-03-21 16:08:34.254 TRACE [org.hibernate.type.descriptor.sql.BasicBinder@main] binding parameter [2] as [INTEGER] - [1] 
2022-03-21 16:08:34.254 TRACE [org.hibernate.type.descriptor.sql.BasicBinder@main] binding parameter [3] as [INTEGER] - [21] 
2022-03-21 16:08:35.385 INFO  [acme.framework.configuration.ShutdownConfiguration@main] The system is shutting down... 
2022-03-21 16:08:35.395 DEBUG [acme.Launcher@main] Exit code = 0 
