2022-03-20 18:02:57.675 INFO  [acme.Launcher@main] Starting Launcher using Java 1.8.0_281 on DESKTOP-UVONV50 with PID 15872 (C:\Users\juanq\Desktop\Workspace-22.0\Frameworks\Acme-Framework-22.1\target\classes started by juanq in C:\Users\juanq\Desktop\Workspace-22.0\Projects\Acme-Toolkit) 
2022-03-20 18:02:57.676 DEBUG [acme.Launcher@main] Running with Spring Boot v2.4.2, Spring v5.3.3 
2022-03-20 18:02:57.677 INFO  [acme.Launcher@main] The following profiles are active: development,populator 
2022-03-20 18:02:59.472 DEBUG [org.apache.jasper.servlet.JasperInitializer@main] Initializing Jasper for context [application] 
2022-03-20 18:03:02.674 DEBUG [org.apache.jasper.servlet.JspServlet@main] Scratch dir for the JSP engine is: [C:\Users\juanq\AppData\Local\Temp\tomcat.8083.6478735814530342466\work\Tomcat\localhost\acme-toolkit-22.1] 
2022-03-20 18:03:02.674 DEBUG [org.apache.jasper.servlet.JspServlet@main] IMPORTANT: Do not modify the generated servlets 
2022-03-20 18:03:02.682 INFO  [acme.Launcher@main] Started Launcher in 5.488 seconds (JVM running for 5.868) 
2022-03-20 18:03:02.685 DEBUG [acme.Launcher@main] Found classpath entry '/C:/Users/juanq/Desktop/Workspace-22.0/Projects/Acme-Toolkit/target/test-classes/' 
2022-03-20 18:03:02.686 DEBUG [acme.Launcher@main] Found classpath entry '/C:/Users/juanq/Desktop/Workspace-22.0/Projects/Acme-Toolkit/target/classes/' 
2022-03-20 18:03:02.686 DEBUG [acme.Launcher@main] Found classpath entry '/C:/Users/juanq/Desktop/Workspace-22.0/Frameworks/Acme-Framework-22.1/target/classes/' 
2022-03-20 18:03:02.686 DEBUG [acme.Launcher@main] Found classpath entry '/C:/Users/juanq/Desktop/Workspace-22.0/Frameworks/Acme-Framework-22.1/target/test-classes/' 
2022-03-20 18:03:02.686 DEBUG [acme.Launcher@main] Found classpath entry '/C:/Users/juanq/.m2/repository/org/springframework/boot/spring-boot-starter-tomcat/2.4.2/spring-boot-starter-tomcat-2.4.2.jar' 
2022-03-20 18:03:02.686 DEBUG [acme.Launcher@main] Found classpath entry '/C:/Users/juanq/.m2/repository/jakarta/annotation/jakarta.annotation-api/1.3.5/jakarta.annotation-api-1.3.5.jar' 
2022-03-20 18:03:02.686 DEBUG [acme.Launcher@main] Found classpath entry '/C:/Users/juanq/.m2/repository/org/apache/tomcat/embed/tomcat-embed-core/9.0.41/tomcat-embed-core-9.0.41.jar' 
2022-03-20 18:03:02.686 DEBUG [acme.Launcher@main] Found classpath entry '/C:/Users/juanq/.m2/repository/org/glassfish/jakarta.el/3.0.3/jakarta.el-3.0.3.jar' 
2022-03-20 18:03:02.687 DEBUG [acme.Launcher@main] Found classpath entry '/C:/Users/juanq/.m2/repository/org/apache/tomcat/embed/tomcat-embed-websocket/9.0.41/tomcat-embed-websocket-9.0.41.jar' 
2022-03-20 18:03:02.687 DEBUG [acme.Launcher@main] Found classpath entry '/C:/Users/juanq/.m2/repository/org/apache/tomcat/embed/tomcat-embed-jasper/9.0.41/tomcat-embed-jasper-9.0.41.jar' 
2022-03-20 18:03:02.687 DEBUG [acme.Launcher@main] Found classpath entry '/C:/Users/juanq/.m2/repository/org/apache/tomcat/embed/tomcat-embed-el/9.0.41/tomcat-embed-el-9.0.41.jar' 
2022-03-20 18:03:02.687 DEBUG [acme.Launcher@main] Found classpath entry '/C:/Users/juanq/.m2/repository/org/eclipse/jdt/ecj/3.18.0/ecj-3.18.0.jar' 
2022-03-20 18:03:02.687 DEBUG [acme.Launcher@main] Found classpath entry '/C:/Users/juanq/.m2/repository/javax/servlet/jstl/1.2/jstl-1.2.jar' 
2022-03-20 18:03:02.687 DEBUG [acme.Launcher@main] Found classpath entry '/C:/Users/juanq/.m2/repository/org/springframework/boot/spring-boot-starter-test/2.4.2/spring-boot-starter-test-2.4.2.jar' 
2022-03-20 18:03:02.687 DEBUG [acme.Launcher@main] Found classpath entry '/C:/Users/juanq/.m2/repository/org/springframework/boot/spring-boot-starter/2.4.2/spring-boot-starter-2.4.2.jar' 
2022-03-20 18:03:02.687 DEBUG [acme.Launcher@main] Found classpath entry '/C:/Users/juanq/.m2/repository/org/springframework/boot/spring-boot/2.4.2/spring-boot-2.4.2.jar' 
2022-03-20 18:03:02.688 DEBUG [acme.Launcher@main] Found classpath entry '/C:/Users/juanq/.m2/repository/org/springframework/boot/spring-boot-autoconfigure/2.4.2/spring-boot-autoconfigure-2.4.2.jar' 
2022-03-20 18:03:02.688 DEBUG [acme.Launcher@main] Found classpath entry '/C:/Users/juanq/.m2/repository/org/springframework/boot/spring-boot-starter-logging/2.4.2/spring-boot-starter-logging-2.4.2.jar' 
2022-03-20 18:03:02.688 DEBUG [acme.Launcher@main] Found classpath entry '/C:/Users/juanq/.m2/repository/ch/qos/logback/logback-classic/1.2.3/logback-classic-1.2.3.jar' 
2022-03-20 18:03:02.688 DEBUG [acme.Launcher@main] Found classpath entry '/C:/Users/juanq/.m2/repository/ch/qos/logback/logback-core/1.2.3/logback-core-1.2.3.jar' 
2022-03-20 18:03:02.688 DEBUG [acme.Launcher@main] Found classpath entry '/C:/Users/juanq/.m2/repository/org/apache/logging/log4j/log4j-to-slf4j/2.13.3/log4j-to-slf4j-2.13.3.jar' 
2022-03-20 18:03:02.688 DEBUG [acme.Launcher@main] Found classpath entry '/C:/Users/juanq/.m2/repository/org/apache/logging/log4j/log4j-api/2.13.3/log4j-api-2.13.3.jar' 
2022-03-20 18:03:02.688 DEBUG [acme.Launcher@main] Found classpath entry '/C:/Users/juanq/.m2/repository/org/slf4j/jul-to-slf4j/1.7.30/jul-to-slf4j-1.7.30.jar' 
2022-03-20 18:03:02.688 DEBUG [acme.Launcher@main] Found classpath entry '/C:/Users/juanq/.m2/repository/org/yaml/snakeyaml/1.27/snakeyaml-1.27.jar' 
2022-03-20 18:03:02.688 DEBUG [acme.Launcher@main] Found classpath entry '/C:/Users/juanq/.m2/repository/org/springframework/boot/spring-boot-test/2.4.2/spring-boot-test-2.4.2.jar' 
2022-03-20 18:03:02.689 DEBUG [acme.Launcher@main] Found classpath entry '/C:/Users/juanq/.m2/repository/org/springframework/boot/spring-boot-test-autoconfigure/2.4.2/spring-boot-test-autoconfigure-2.4.2.jar' 
2022-03-20 18:03:02.689 DEBUG [acme.Launcher@main] Found classpath entry '/C:/Users/juanq/.m2/repository/com/jayway/jsonpath/json-path/2.4.0/json-path-2.4.0.jar' 
2022-03-20 18:03:02.689 DEBUG [acme.Launcher@main] Found classpath entry '/C:/Users/juanq/.m2/repository/net/minidev/json-smart/2.3/json-smart-2.3.jar' 
2022-03-20 18:03:02.689 DEBUG [acme.Launcher@main] Found classpath entry '/C:/Users/juanq/.m2/repository/net/minidev/accessors-smart/1.2/accessors-smart-1.2.jar' 
2022-03-20 18:03:02.690 DEBUG [acme.Launcher@main] Found classpath entry '/C:/Users/juanq/.m2/repository/org/ow2/asm/asm/5.0.4/asm-5.0.4.jar' 
2022-03-20 18:03:02.690 DEBUG [acme.Launcher@main] Found classpath entry '/C:/Users/juanq/.m2/repository/jakarta/xml/bind/jakarta.xml.bind-api/2.3.3/jakarta.xml.bind-api-2.3.3.jar' 
2022-03-20 18:03:02.690 DEBUG [acme.Launcher@main] Found classpath entry '/C:/Users/juanq/.m2/repository/jakarta/activation/jakarta.activation-api/1.2.2/jakarta.activation-api-1.2.2.jar' 
2022-03-20 18:03:02.690 DEBUG [acme.Launcher@main] Found classpath entry '/C:/Users/juanq/.m2/repository/org/assertj/assertj-core/3.18.1/assertj-core-3.18.1.jar' 
2022-03-20 18:03:02.690 DEBUG [acme.Launcher@main] Found classpath entry '/C:/Users/juanq/.m2/repository/org/hamcrest/hamcrest/2.2/hamcrest-2.2.jar' 
2022-03-20 18:03:02.690 DEBUG [acme.Launcher@main] Found classpath entry '/C:/Users/juanq/.m2/repository/org/junit/jupiter/junit-jupiter/5.7.0/junit-jupiter-5.7.0.jar' 
2022-03-20 18:03:02.690 DEBUG [acme.Launcher@main] Found classpath entry '/C:/Users/juanq/.m2/repository/org/mockito/mockito-core/3.6.28/mockito-core-3.6.28.jar' 
2022-03-20 18:03:02.690 DEBUG [acme.Launcher@main] Found classpath entry '/C:/Users/juanq/.m2/repository/net/bytebuddy/byte-buddy-agent/1.10.19/byte-buddy-agent-1.10.19.jar' 
2022-03-20 18:03:02.690 DEBUG [acme.Launcher@main] Found classpath entry '/C:/Users/juanq/.m2/repository/org/objenesis/objenesis/3.1/objenesis-3.1.jar' 
2022-03-20 18:03:02.690 DEBUG [acme.Launcher@main] Found classpath entry '/C:/Users/juanq/.m2/repository/org/mockito/mockito-junit-jupiter/3.6.28/mockito-junit-jupiter-3.6.28.jar' 
2022-03-20 18:03:02.691 DEBUG [acme.Launcher@main] Found classpath entry '/C:/Users/juanq/.m2/repository/org/skyscreamer/jsonassert/1.5.0/jsonassert-1.5.0.jar' 
2022-03-20 18:03:02.691 DEBUG [acme.Launcher@main] Found classpath entry '/C:/Users/juanq/.m2/repository/com/vaadin/external/google/android-json/0.0.20131108.vaadin1/android-json-0.0.20131108.vaadin1.jar' 
2022-03-20 18:03:02.691 DEBUG [acme.Launcher@main] Found classpath entry '/C:/Users/juanq/.m2/repository/org/springframework/spring-core/5.3.3/spring-core-5.3.3.jar' 
2022-03-20 18:03:02.691 DEBUG [acme.Launcher@main] Found classpath entry '/C:/Users/juanq/.m2/repository/org/springframework/spring-jcl/5.3.3/spring-jcl-5.3.3.jar' 
2022-03-20 18:03:02.691 DEBUG [acme.Launcher@main] Found classpath entry '/C:/Users/juanq/.m2/repository/org/springframework/spring-test/5.3.3/spring-test-5.3.3.jar' 
2022-03-20 18:03:02.691 DEBUG [acme.Launcher@main] Found classpath entry '/C:/Users/juanq/.m2/repository/org/xmlunit/xmlunit-core/2.7.0/xmlunit-core-2.7.0.jar' 
2022-03-20 18:03:02.691 DEBUG [acme.Launcher@main] Found classpath entry '/C:/Users/juanq/.m2/repository/org/springframework/boot/spring-boot-starter-security/2.4.2/spring-boot-starter-security-2.4.2.jar' 
2022-03-20 18:03:02.691 DEBUG [acme.Launcher@main] Found classpath entry '/C:/Users/juanq/.m2/repository/org/springframework/spring-aop/5.3.3/spring-aop-5.3.3.jar' 
2022-03-20 18:03:02.691 DEBUG [acme.Launcher@main] Found classpath entry '/C:/Users/juanq/.m2/repository/org/springframework/security/spring-security-web/5.4.2/spring-security-web-5.4.2.jar' 
2022-03-20 18:03:02.692 DEBUG [acme.Launcher@main] Found classpath entry '/C:/Users/juanq/.m2/repository/org/springframework/security/spring-security-core/5.4.2/spring-security-core-5.4.2.jar' 
2022-03-20 18:03:02.692 DEBUG [acme.Launcher@main] Found classpath entry '/C:/Users/juanq/.m2/repository/org/springframework/spring-beans/5.3.3/spring-beans-5.3.3.jar' 
2022-03-20 18:03:02.692 DEBUG [acme.Launcher@main] Found classpath entry '/C:/Users/juanq/.m2/repository/org/springframework/spring-context/5.3.3/spring-context-5.3.3.jar' 
2022-03-20 18:03:02.692 DEBUG [acme.Launcher@main] Found classpath entry '/C:/Users/juanq/.m2/repository/org/springframework/spring-expression/5.3.3/spring-expression-5.3.3.jar' 
2022-03-20 18:03:02.692 DEBUG [acme.Launcher@main] Found classpath entry '/C:/Users/juanq/.m2/repository/org/springframework/spring-web/5.3.3/spring-web-5.3.3.jar' 
2022-03-20 18:03:02.692 DEBUG [acme.Launcher@main] Found classpath entry '/C:/Users/juanq/.m2/repository/org/springframework/security/spring-security-config/5.4.2/spring-security-config-5.4.2.jar' 
2022-03-20 18:03:02.692 DEBUG [acme.Launcher@main] Found classpath entry '/C:/Users/juanq/.m2/repository/org/springframework/security/spring-security-taglibs/5.4.2/spring-security-taglibs-5.4.2.jar' 
2022-03-20 18:03:02.692 DEBUG [acme.Launcher@main] Found classpath entry '/C:/Users/juanq/.m2/repository/org/springframework/security/spring-security-acl/5.4.2/spring-security-acl-5.4.2.jar' 
2022-03-20 18:03:02.692 DEBUG [acme.Launcher@main] Found classpath entry '/C:/Users/juanq/.m2/repository/org/springframework/spring-jdbc/5.3.3/spring-jdbc-5.3.3.jar' 
2022-03-20 18:03:02.692 DEBUG [acme.Launcher@main] Found classpath entry '/C:/Users/juanq/.m2/repository/org/springframework/spring-tx/5.3.3/spring-tx-5.3.3.jar' 
2022-03-20 18:03:02.693 DEBUG [acme.Launcher@main] Found classpath entry '/C:/Users/juanq/.m2/repository/org/springframework/boot/spring-boot-starter-web/2.4.2/spring-boot-starter-web-2.4.2.jar' 
2022-03-20 18:03:02.693 DEBUG [acme.Launcher@main] Found classpath entry '/C:/Users/juanq/.m2/repository/org/springframework/boot/spring-boot-starter-json/2.4.2/spring-boot-starter-json-2.4.2.jar' 
2022-03-20 18:03:02.693 DEBUG [acme.Launcher@main] Found classpath entry '/C:/Users/juanq/.m2/repository/com/fasterxml/jackson/core/jackson-databind/2.11.4/jackson-databind-2.11.4.jar' 
2022-03-20 18:03:02.693 DEBUG [acme.Launcher@main] Found classpath entry '/C:/Users/juanq/.m2/repository/com/fasterxml/jackson/core/jackson-annotations/2.11.4/jackson-annotations-2.11.4.jar' 
2022-03-20 18:03:02.693 DEBUG [acme.Launcher@main] Found classpath entry '/C:/Users/juanq/.m2/repository/com/fasterxml/jackson/core/jackson-core/2.11.4/jackson-core-2.11.4.jar' 
2022-03-20 18:03:02.693 DEBUG [acme.Launcher@main] Found classpath entry '/C:/Users/juanq/.m2/repository/com/fasterxml/jackson/datatype/jackson-datatype-jdk8/2.11.4/jackson-datatype-jdk8-2.11.4.jar' 
2022-03-20 18:03:02.693 DEBUG [acme.Launcher@main] Found classpath entry '/C:/Users/juanq/.m2/repository/com/fasterxml/jackson/datatype/jackson-datatype-jsr310/2.11.4/jackson-datatype-jsr310-2.11.4.jar' 
2022-03-20 18:03:02.693 DEBUG [acme.Launcher@main] Found classpath entry '/C:/Users/juanq/.m2/repository/com/fasterxml/jackson/module/jackson-module-parameter-names/2.11.4/jackson-module-parameter-names-2.11.4.jar' 
2022-03-20 18:03:02.693 DEBUG [acme.Launcher@main] Found classpath entry '/C:/Users/juanq/.m2/repository/org/springframework/spring-webmvc/5.3.3/spring-webmvc-5.3.3.jar' 
2022-03-20 18:03:02.693 DEBUG [acme.Launcher@main] Found classpath entry '/C:/Users/juanq/.m2/repository/org/apache/tiles/tiles-jsp/3.0.8/tiles-jsp-3.0.8.jar' 
2022-03-20 18:03:02.694 DEBUG [acme.Launcher@main] Found classpath entry '/C:/Users/juanq/.m2/repository/org/apache/tiles/tiles-servlet/3.0.8/tiles-servlet-3.0.8.jar' 
2022-03-20 18:03:02.694 DEBUG [acme.Launcher@main] Found classpath entry '/C:/Users/juanq/.m2/repository/org/apache/tiles/tiles-core/3.0.8/tiles-core-3.0.8.jar' 
2022-03-20 18:03:02.694 DEBUG [acme.Launcher@main] Found classpath entry '/C:/Users/juanq/.m2/repository/commons-digester/commons-digester/2.0/commons-digester-2.0.jar' 
2022-03-20 18:03:02.694 DEBUG [acme.Launcher@main] Found classpath entry '/C:/Users/juanq/.m2/repository/org/slf4j/jcl-over-slf4j/1.7.30/jcl-over-slf4j-1.7.30.jar' 
2022-03-20 18:03:02.694 DEBUG [acme.Launcher@main] Found classpath entry '/C:/Users/juanq/.m2/repository/org/apache/tiles/tiles-request-servlet/1.0.7/tiles-request-servlet-1.0.7.jar' 
2022-03-20 18:03:02.694 DEBUG [acme.Launcher@main] Found classpath entry '/C:/Users/juanq/.m2/repository/org/apache/tiles/tiles-template/3.0.8/tiles-template-3.0.8.jar' 
2022-03-20 18:03:02.694 DEBUG [acme.Launcher@main] Found classpath entry '/C:/Users/juanq/.m2/repository/org/apache/tiles/tiles-api/3.0.8/tiles-api-3.0.8.jar' 
2022-03-20 18:03:02.694 DEBUG [acme.Launcher@main] Found classpath entry '/C:/Users/juanq/.m2/repository/org/apache/tiles/tiles-autotag-core-runtime/1.2/tiles-autotag-core-runtime-1.2.jar' 
2022-03-20 18:03:02.694 DEBUG [acme.Launcher@main] Found classpath entry '/C:/Users/juanq/.m2/repository/org/slf4j/slf4j-api/1.7.30/slf4j-api-1.7.30.jar' 
2022-03-20 18:03:02.694 DEBUG [acme.Launcher@main] Found classpath entry '/C:/Users/juanq/.m2/repository/org/apache/tiles/tiles-request-jsp/1.0.7/tiles-request-jsp-1.0.7.jar' 
2022-03-20 18:03:02.695 DEBUG [acme.Launcher@main] Found classpath entry '/C:/Users/juanq/.m2/repository/org/apache/tiles/tiles-request-api/1.0.7/tiles-request-api-1.0.7.jar' 
2022-03-20 18:03:02.695 DEBUG [acme.Launcher@main] Found classpath entry '/C:/Users/juanq/.m2/repository/org/springframework/boot/spring-boot-starter-data-jpa/2.4.2/spring-boot-starter-data-jpa-2.4.2.jar' 
2022-03-20 18:03:02.695 DEBUG [acme.Launcher@main] Found classpath entry '/C:/Users/juanq/.m2/repository/org/springframework/boot/spring-boot-starter-aop/2.4.2/spring-boot-starter-aop-2.4.2.jar' 
2022-03-20 18:03:02.695 DEBUG [acme.Launcher@main] Found classpath entry '/C:/Users/juanq/.m2/repository/org/aspectj/aspectjweaver/1.9.6/aspectjweaver-1.9.6.jar' 
2022-03-20 18:03:02.695 DEBUG [acme.Launcher@main] Found classpath entry '/C:/Users/juanq/.m2/repository/org/springframework/boot/spring-boot-starter-jdbc/2.4.2/spring-boot-starter-jdbc-2.4.2.jar' 
2022-03-20 18:03:02.695 DEBUG [acme.Launcher@main] Found classpath entry '/C:/Users/juanq/.m2/repository/jakarta/transaction/jakarta.transaction-api/1.3.3/jakarta.transaction-api-1.3.3.jar' 
2022-03-20 18:03:02.695 DEBUG [acme.Launcher@main] Found classpath entry '/C:/Users/juanq/.m2/repository/jakarta/persistence/jakarta.persistence-api/2.2.3/jakarta.persistence-api-2.2.3.jar' 
2022-03-20 18:03:02.695 DEBUG [acme.Launcher@main] Found classpath entry '/C:/Users/juanq/.m2/repository/org/hibernate/hibernate-core/5.4.27.Final/hibernate-core-5.4.27.Final.jar' 
2022-03-20 18:03:02.695 DEBUG [acme.Launcher@main] Found classpath entry '/C:/Users/juanq/.m2/repository/org/jboss/logging/jboss-logging/3.4.1.Final/jboss-logging-3.4.1.Final.jar' 
2022-03-20 18:03:02.696 DEBUG [acme.Launcher@main] Found classpath entry '/C:/Users/juanq/.m2/repository/org/javassist/javassist/3.27.0-GA/javassist-3.27.0-GA.jar' 
2022-03-20 18:03:02.696 DEBUG [acme.Launcher@main] Found classpath entry '/C:/Users/juanq/.m2/repository/antlr/antlr/2.7.7/antlr-2.7.7.jar' 
2022-03-20 18:03:02.696 DEBUG [acme.Launcher@main] Found classpath entry '/C:/Users/juanq/.m2/repository/org/jboss/jandex/2.1.3.Final/jandex-2.1.3.Final.jar' 
2022-03-20 18:03:02.696 DEBUG [acme.Launcher@main] Found classpath entry '/C:/Users/juanq/.m2/repository/com/fasterxml/classmate/1.5.1/classmate-1.5.1.jar' 
2022-03-20 18:03:02.696 DEBUG [acme.Launcher@main] Found classpath entry '/C:/Users/juanq/.m2/repository/org/dom4j/dom4j/2.1.3/dom4j-2.1.3.jar' 
2022-03-20 18:03:02.696 DEBUG [acme.Launcher@main] Found classpath entry '/C:/Users/juanq/.m2/repository/org/hibernate/common/hibernate-commons-annotations/5.1.2.Final/hibernate-commons-annotations-5.1.2.Final.jar' 
2022-03-20 18:03:02.696 DEBUG [acme.Launcher@main] Found classpath entry '/C:/Users/juanq/.m2/repository/org/glassfish/jaxb/jaxb-runtime/2.3.3/jaxb-runtime-2.3.3.jar' 
2022-03-20 18:03:02.696 DEBUG [acme.Launcher@main] Found classpath entry '/C:/Users/juanq/.m2/repository/org/glassfish/jaxb/txw2/2.3.3/txw2-2.3.3.jar' 
2022-03-20 18:03:02.696 DEBUG [acme.Launcher@main] Found classpath entry '/C:/Users/juanq/.m2/repository/com/sun/istack/istack-commons-runtime/3.0.11/istack-commons-runtime-3.0.11.jar' 
2022-03-20 18:03:02.696 DEBUG [acme.Launcher@main] Found classpath entry '/C:/Users/juanq/.m2/repository/com/sun/activation/jakarta.activation/1.2.2/jakarta.activation-1.2.2.jar' 
2022-03-20 18:03:02.696 DEBUG [acme.Launcher@main] Found classpath entry '/C:/Users/juanq/.m2/repository/org/springframework/data/spring-data-jpa/2.4.3/spring-data-jpa-2.4.3.jar' 
2022-03-20 18:03:02.697 DEBUG [acme.Launcher@main] Found classpath entry '/C:/Users/juanq/.m2/repository/org/springframework/data/spring-data-commons/2.4.3/spring-data-commons-2.4.3.jar' 
2022-03-20 18:03:02.697 DEBUG [acme.Launcher@main] Found classpath entry '/C:/Users/juanq/.m2/repository/org/springframework/spring-orm/5.3.3/spring-orm-5.3.3.jar' 
2022-03-20 18:03:02.697 DEBUG [acme.Launcher@main] Found classpath entry '/C:/Users/juanq/.m2/repository/org/springframework/spring-aspects/5.3.3/spring-aspects-5.3.3.jar' 
2022-03-20 18:03:02.697 DEBUG [acme.Launcher@main] Found classpath entry '/C:/Users/juanq/.m2/repository/org/springframework/boot/spring-boot-starter-validation/2.4.2/spring-boot-starter-validation-2.4.2.jar' 
2022-03-20 18:03:02.697 DEBUG [acme.Launcher@main] Found classpath entry '/C:/Users/juanq/.m2/repository/org/hibernate/validator/hibernate-validator/6.1.7.Final/hibernate-validator-6.1.7.Final.jar' 
2022-03-20 18:03:02.697 DEBUG [acme.Launcher@main] Found classpath entry '/C:/Users/juanq/.m2/repository/jakarta/validation/jakarta.validation-api/2.0.2/jakarta.validation-api-2.0.2.jar' 
2022-03-20 18:03:02.697 DEBUG [acme.Launcher@main] Found classpath entry '/C:/Users/juanq/.m2/repository/mysql/mysql-connector-java/8.0.22/mysql-connector-java-8.0.22.jar' 
2022-03-20 18:03:02.697 DEBUG [acme.Launcher@main] Found classpath entry '/C:/Users/juanq/.m2/repository/com/zaxxer/HikariCP/3.4.5/HikariCP-3.4.5.jar' 
2022-03-20 18:03:02.697 DEBUG [acme.Launcher@main] Found classpath entry '/C:/Users/juanq/.m2/repository/org/junit/jupiter/junit-jupiter-engine/5.7.0/junit-jupiter-engine-5.7.0.jar' 
2022-03-20 18:03:02.697 DEBUG [acme.Launcher@main] Found classpath entry '/C:/Users/juanq/.m2/repository/org/apiguardian/apiguardian-api/1.1.0/apiguardian-api-1.1.0.jar' 
2022-03-20 18:03:02.697 DEBUG [acme.Launcher@main] Found classpath entry '/C:/Users/juanq/.m2/repository/org/junit/platform/junit-platform-engine/1.7.0/junit-platform-engine-1.7.0.jar' 
2022-03-20 18:03:02.697 DEBUG [acme.Launcher@main] Found classpath entry '/C:/Users/juanq/.m2/repository/org/junit/jupiter/junit-jupiter-api/5.7.0/junit-jupiter-api-5.7.0.jar' 
2022-03-20 18:03:02.698 DEBUG [acme.Launcher@main] Found classpath entry '/C:/Users/juanq/.m2/repository/org/opentest4j/opentest4j/1.2.0/opentest4j-1.2.0.jar' 
2022-03-20 18:03:02.698 DEBUG [acme.Launcher@main] Found classpath entry '/C:/Users/juanq/.m2/repository/org/junit/platform/junit-platform-commons/1.7.0/junit-platform-commons-1.7.0.jar' 
2022-03-20 18:03:02.698 DEBUG [acme.Launcher@main] Found classpath entry '/C:/Users/juanq/.m2/repository/org/junit/jupiter/junit-jupiter-params/5.7.0/junit-jupiter-params-5.7.0.jar' 
2022-03-20 18:03:02.698 DEBUG [acme.Launcher@main] Found classpath entry '/C:/Users/juanq/.m2/repository/org/junit/platform/junit-platform-launcher/1.7.0/junit-platform-launcher-1.7.0.jar' 
2022-03-20 18:03:02.698 DEBUG [acme.Launcher@main] Found classpath entry '/C:/Users/juanq/.m2/repository/org/seleniumhq/selenium/selenium-java/3.141.59/selenium-java-3.141.59.jar' 
2022-03-20 18:03:02.698 DEBUG [acme.Launcher@main] Found classpath entry '/C:/Users/juanq/.m2/repository/org/seleniumhq/selenium/selenium-api/3.141.59/selenium-api-3.141.59.jar' 
2022-03-20 18:03:02.698 DEBUG [acme.Launcher@main] Found classpath entry '/C:/Users/juanq/.m2/repository/org/seleniumhq/selenium/selenium-chrome-driver/3.141.59/selenium-chrome-driver-3.141.59.jar' 
2022-03-20 18:03:02.698 DEBUG [acme.Launcher@main] Found classpath entry '/C:/Users/juanq/.m2/repository/org/seleniumhq/selenium/selenium-edge-driver/3.141.59/selenium-edge-driver-3.141.59.jar' 
2022-03-20 18:03:02.698 DEBUG [acme.Launcher@main] Found classpath entry '/C:/Users/juanq/.m2/repository/org/seleniumhq/selenium/selenium-firefox-driver/3.141.59/selenium-firefox-driver-3.141.59.jar' 
2022-03-20 18:03:02.698 DEBUG [acme.Launcher@main] Found classpath entry '/C:/Users/juanq/.m2/repository/org/seleniumhq/selenium/selenium-ie-driver/3.141.59/selenium-ie-driver-3.141.59.jar' 
2022-03-20 18:03:02.698 DEBUG [acme.Launcher@main] Found classpath entry '/C:/Users/juanq/.m2/repository/org/seleniumhq/selenium/selenium-opera-driver/3.141.59/selenium-opera-driver-3.141.59.jar' 
2022-03-20 18:03:02.699 DEBUG [acme.Launcher@main] Found classpath entry '/C:/Users/juanq/.m2/repository/org/seleniumhq/selenium/selenium-remote-driver/3.141.59/selenium-remote-driver-3.141.59.jar' 
2022-03-20 18:03:02.699 DEBUG [acme.Launcher@main] Found classpath entry '/C:/Users/juanq/.m2/repository/org/seleniumhq/selenium/selenium-safari-driver/3.141.59/selenium-safari-driver-3.141.59.jar' 
2022-03-20 18:03:02.699 DEBUG [acme.Launcher@main] Found classpath entry '/C:/Users/juanq/.m2/repository/org/seleniumhq/selenium/selenium-support/3.141.59/selenium-support-3.141.59.jar' 
2022-03-20 18:03:02.699 DEBUG [acme.Launcher@main] Found classpath entry '/C:/Users/juanq/.m2/repository/net/bytebuddy/byte-buddy/1.10.19/byte-buddy-1.10.19.jar' 
2022-03-20 18:03:02.699 DEBUG [acme.Launcher@main] Found classpath entry '/C:/Users/juanq/.m2/repository/org/apache/commons/commons-exec/1.3/commons-exec-1.3.jar' 
2022-03-20 18:03:02.699 DEBUG [acme.Launcher@main] Found classpath entry '/C:/Users/juanq/.m2/repository/com/google/guava/guava/25.0-jre/guava-25.0-jre.jar' 
2022-03-20 18:03:02.699 DEBUG [acme.Launcher@main] Found classpath entry '/C:/Users/juanq/.m2/repository/com/google/code/findbugs/jsr305/1.3.9/jsr305-1.3.9.jar' 
2022-03-20 18:03:02.699 DEBUG [acme.Launcher@main] Found classpath entry '/C:/Users/juanq/.m2/repository/org/checkerframework/checker-compat-qual/2.0.0/checker-compat-qual-2.0.0.jar' 
2022-03-20 18:03:02.699 DEBUG [acme.Launcher@main] Found classpath entry '/C:/Users/juanq/.m2/repository/com/google/errorprone/error_prone_annotations/2.1.3/error_prone_annotations-2.1.3.jar' 
2022-03-20 18:03:02.699 DEBUG [acme.Launcher@main] Found classpath entry '/C:/Users/juanq/.m2/repository/com/google/j2objc/j2objc-annotations/1.1/j2objc-annotations-1.1.jar' 
2022-03-20 18:03:02.699 DEBUG [acme.Launcher@main] Found classpath entry '/C:/Users/juanq/.m2/repository/org/codehaus/mojo/animal-sniffer-annotations/1.14/animal-sniffer-annotations-1.14.jar' 
2022-03-20 18:03:02.699 DEBUG [acme.Launcher@main] Found classpath entry '/C:/Users/juanq/.m2/repository/com/squareup/okhttp3/okhttp/3.14.9/okhttp-3.14.9.jar' 
2022-03-20 18:03:02.699 DEBUG [acme.Launcher@main] Found classpath entry '/C:/Users/juanq/.m2/repository/com/squareup/okio/okio/1.14.0/okio-1.14.0.jar' 
2022-03-20 18:03:02.700 DEBUG [acme.Launcher@main] Found classpath entry '/C:/Users/juanq/.m2/repository/org/apache/commons/commons-lang3/3.11/commons-lang3-3.11.jar' 
2022-03-20 18:03:02.700 DEBUG [acme.Launcher@main] Found classpath entry '/C:/Users/juanq/.m2/repository/org/apache/commons/commons-text/1.8/commons-text-1.8.jar' 
2022-03-20 18:03:02.700 DEBUG [acme.Launcher@main] Found classpath entry '/C:/Users/juanq/.m2/repository/commons-io/commons-io/2.6/commons-io-2.6.jar' 
2022-03-20 18:03:02.700 DEBUG [acme.Launcher@main] Found classpath entry '/C:/Users/juanq/.m2/repository/commons-cli/commons-cli/1.4/commons-cli-1.4.jar' 
2022-03-20 18:03:02.700 DEBUG [acme.Launcher@main] Found classpath entry '/C:/Users/juanq/.m2/repository/org/projectlombok/lombok/1.18.16/lombok-1.18.16.jar' 
2022-03-20 18:03:02.700 DEBUG [acme.Launcher@main] Found classpath entry '/C:/Users/juanq/.m2/repository/com/opencsv/opencsv/5.4/opencsv-5.4.jar' 
2022-03-20 18:03:02.700 DEBUG [acme.Launcher@main] Found classpath entry '/C:/Users/juanq/.m2/repository/commons-beanutils/commons-beanutils/1.9.4/commons-beanutils-1.9.4.jar' 
2022-03-20 18:03:02.700 DEBUG [acme.Launcher@main] Found classpath entry '/C:/Users/juanq/.m2/repository/commons-logging/commons-logging/1.2/commons-logging-1.2.jar' 
2022-03-20 18:03:02.700 DEBUG [acme.Launcher@main] Found classpath entry '/C:/Users/juanq/.m2/repository/commons-collections/commons-collections/3.2.2/commons-collections-3.2.2.jar' 
2022-03-20 18:03:02.700 DEBUG [acme.Launcher@main] Found classpath entry '/C:/Users/juanq/.m2/repository/org/apache/commons/commons-collections4/4.4/commons-collections4-4.4.jar' 
2022-03-20 18:03:02.764 DEBUG [acme.Launcher@main] Found entity class 'acme.artifact.Artifact 
2022-03-20 18:03:02.764 DEBUG [acme.Launcher@main] Found entity class 'acme.artifact.PartOf 
2022-03-20 18:03:02.764 DEBUG [acme.Launcher@main] Found entity class 'acme.artifact.ToolKit 
2022-03-20 18:03:02.764 DEBUG [acme.Launcher@main] Found entity class 'acme.entities.announcement.Annoucenment 
2022-03-20 18:03:02.764 DEBUG [acme.Launcher@main] Found entity class 'acme.entities.chirp.Chirp 
2022-03-20 18:03:02.764 DEBUG [acme.Launcher@main] Found entity class 'acme.entities.patronage.Patronage 
2022-03-20 18:03:02.764 DEBUG [acme.Launcher@main] Found entity class 'acme.entities.patronage.PatronageReport 
2022-03-20 18:03:02.764 DEBUG [acme.Launcher@main] Found entity class 'acme.roles.Consumer 
2022-03-20 18:03:02.764 DEBUG [acme.Launcher@main] Found entity class 'acme.roles.Inventor 
2022-03-20 18:03:02.765 DEBUG [acme.Launcher@main] Found entity class 'acme.roles.Patron 
2022-03-20 18:03:02.765 DEBUG [acme.Launcher@main] Found entity class 'acme.roles.Provider 
2022-03-20 18:03:02.765 DEBUG [acme.Launcher@main] Found entity class 'acme.framework.entities.UserAccount 
2022-03-20 18:03:02.765 DEBUG [acme.Launcher@main] Found entity class 'acme.framework.roles.Administrator 
2022-03-20 18:03:02.765 DEBUG [acme.Launcher@main] Found entity class 'acme.framework.roles.Anonymous 
2022-03-20 18:03:02.765 DEBUG [acme.Launcher@main] Found entity class 'acme.framework.roles.Authenticated 
2022-03-20 18:03:02.768 INFO  [acme.Launcher@main] Populating (sample data) 
2022-03-20 18:03:02.769 INFO  [acme.framework.components.database.DatabasePopulator@main] Building database schema 
2022-03-20 18:03:02.799 DEBUG [acme.framework.components.database.DatabaseUtil@main] Executing script. 
2022-03-20 18:03:02.799 DEBUG [acme.framework.components.database.DatabaseUtil@main] Starting new transaction. 
2022-03-20 18:03:02.804 DEBUG [acme.framework.components.database.DatabaseUtil@main] Executing command 'set transaction isolation level read uncommitted;'. 
2022-03-20 18:03:02.814 DEBUG [acme.framework.components.database.DatabaseUtil@main] Starting transaction '1993384592'. 
2022-03-20 18:03:02.814 DEBUG [acme.framework.components.database.DatabaseUtil@main] Executing script command 'set foreign_key_checks=0'. 
2022-03-20 18:03:02.815 DEBUG [acme.framework.components.database.DatabaseUtil@main] Executing script command 'drop table if exists administrator'. 
2022-03-20 18:03:02.830 DEBUG [acme.framework.components.database.DatabaseUtil@main] Executing script command 'drop table if exists annoucenment'. 
2022-03-20 18:03:02.838 DEBUG [acme.framework.components.database.DatabaseUtil@main] Executing script command 'drop table if exists anonymous'. 
2022-03-20 18:03:02.847 DEBUG [acme.framework.components.database.DatabaseUtil@main] Executing script command 'drop table if exists artifact'. 
2022-03-20 18:03:02.856 DEBUG [acme.framework.components.database.DatabaseUtil@main] Executing script command 'drop table if exists authenticated'. 
2022-03-20 18:03:02.865 DEBUG [acme.framework.components.database.DatabaseUtil@main] Executing script command 'drop table if exists chirp'. 
2022-03-20 18:03:02.875 DEBUG [acme.framework.components.database.DatabaseUtil@main] Executing script command 'drop table if exists consumer'. 
2022-03-20 18:03:02.884 DEBUG [acme.framework.components.database.DatabaseUtil@main] Executing script command 'drop table if exists hibernate_sequence'. 
2022-03-20 18:03:02.893 DEBUG [acme.framework.components.database.DatabaseUtil@main] Executing script command 'drop table if exists inventor'. 
2022-03-20 18:03:02.902 DEBUG [acme.framework.components.database.DatabaseUtil@main] Executing script command 'drop table if exists part_of'. 
2022-03-20 18:03:02.910 DEBUG [acme.framework.components.database.DatabaseUtil@main] Executing script command 'drop table if exists patron'. 
2022-03-20 18:03:02.920 DEBUG [acme.framework.components.database.DatabaseUtil@main] Executing script command 'drop table if exists patronage'. 
2022-03-20 18:03:02.930 DEBUG [acme.framework.components.database.DatabaseUtil@main] Executing script command 'drop table if exists patronage_report'. 
2022-03-20 18:03:02.939 DEBUG [acme.framework.components.database.DatabaseUtil@main] Executing script command 'drop table if exists provider'. 
2022-03-20 18:03:02.948 DEBUG [acme.framework.components.database.DatabaseUtil@main] Executing script command 'drop table if exists tool_kit'. 
2022-03-20 18:03:02.957 DEBUG [acme.framework.components.database.DatabaseUtil@main] Executing script command 'drop table if exists user_account'. 
2022-03-20 18:03:02.966 DEBUG [acme.framework.components.database.DatabaseUtil@main] Executing script command 'set foreign_key_checks=1'. 
2022-03-20 18:03:02.967 DEBUG [acme.framework.components.database.DatabaseUtil@main] Committing transaction '1993384592'. 
2022-03-20 18:03:02.974 DEBUG [acme.framework.components.database.DatabaseUtil@main] Executing script. 
2022-03-20 18:03:02.974 DEBUG [acme.framework.components.database.DatabaseUtil@main] Starting new transaction. 
2022-03-20 18:03:02.975 DEBUG [acme.framework.components.database.DatabaseUtil@main] Executing command 'set transaction isolation level read uncommitted;'. 
2022-03-20 18:03:02.975 DEBUG [acme.framework.components.database.DatabaseUtil@main] Starting transaction '1444353676'. 
2022-03-20 18:03:02.975 DEBUG [acme.framework.components.database.DatabaseUtil@main] Executing script command 'set foreign_key_checks=0'. 
2022-03-20 18:03:02.976 DEBUG [acme.framework.components.database.DatabaseUtil@main] Executing script command 'create table administrator (id integer not null, version integer not null, user_account_id integer, primary key (id)) engine=InnoDB'. 
2022-03-20 18:03:02.987 DEBUG [acme.framework.components.database.DatabaseUtil@main] Executing script command 'create table annoucenment (id integer not null, version integer not null, body varchar(255), creation_moment datetime, flag bit, link varchar(255), title varchar(255), primary key (id)) engine=InnoDB'. 
2022-03-20 18:03:02.997 DEBUG [acme.framework.components.database.DatabaseUtil@main] Executing script command 'create table anonymous (id integer not null, version integer not null, user_account_id integer, primary key (id)) engine=InnoDB'. 
2022-03-20 18:03:03.007 DEBUG [acme.framework.components.database.DatabaseUtil@main] Executing script command 'create table artifact (id integer not null, version integer not null, code varchar(255), description varchar(255), link varchar(255), name varchar(255), retail_price_amount double precision, retail_price_currency varchar(255), technology varchar(255), type integer, primary key (id)) engine=InnoDB'. 
2022-03-20 18:03:03.016 DEBUG [acme.framework.components.database.DatabaseUtil@main] Executing script command 'create table authenticated (id integer not null, version integer not null, user_account_id integer, primary key (id)) engine=InnoDB'. 
2022-03-20 18:03:03.026 DEBUG [acme.framework.components.database.DatabaseUtil@main] Executing script command 'create table chirp (id integer not null, version integer not null, author varchar(255), body varchar(255), creation_moment datetime, email varchar(255), title varchar(255), primary key (id)) engine=InnoDB'. 
2022-03-20 18:03:03.037 DEBUG [acme.framework.components.database.DatabaseUtil@main] Executing script command 'create table consumer (id integer not null, version integer not null, user_account_id integer, company varchar(255), sector varchar(255), primary key (id)) engine=InnoDB'. 
2022-03-20 18:03:03.048 DEBUG [acme.framework.components.database.DatabaseUtil@main] Executing script command 'create table hibernate_sequence (next_val bigint) engine=InnoDB'. 
2022-03-20 18:03:03.059 DEBUG [acme.framework.components.database.DatabaseUtil@main] Executing script command 'insert into hibernate_sequence values ( 1 )'. 
2022-03-20 18:03:03.060 DEBUG [acme.framework.components.database.DatabaseUtil@main] Executing script command 'create table inventor (id integer not null, version integer not null, user_account_id integer, company varchar(255), link varchar(255), statement varchar(255), artifact_id integer not null, primary key (id)) engine=InnoDB'. 
2022-03-20 18:03:03.071 DEBUG [acme.framework.components.database.DatabaseUtil@main] Executing script command 'create table part_of (id integer not null, version integer not null, quantity integer, artifact_id integer not null, toolkit_id integer not null, primary key (id)) engine=InnoDB'. 
2022-03-20 18:03:03.081 DEBUG [acme.framework.components.database.DatabaseUtil@main] Executing script command 'create table patron (id integer not null, version integer not null, user_account_id integer, company varchar(255), link varchar(255), statement varchar(255), primary key (id)) engine=InnoDB'. 
2022-03-20 18:03:03.093 DEBUG [acme.framework.components.database.DatabaseUtil@main] Executing script command 'create table patronage (id integer not null, version integer not null, budget_amount double precision, budget_currency varchar(255), code varchar(255), finish_date datetime, legal_stuff varchar(255), link varchar(255), start_date datetime, status integer, primary key (id)) engine=InnoDB'. 
2022-03-20 18:03:03.104 DEBUG [acme.framework.components.database.DatabaseUtil@main] Executing script command 'create table patronage_report (id integer not null, version integer not null, creation_moment datetime, link varchar(255), memorandum varchar(255), sequence_number varchar(255), primary key (id)) engine=InnoDB'. 
2022-03-20 18:03:03.115 DEBUG [acme.framework.components.database.DatabaseUtil@main] Executing script command 'create table provider (id integer not null, version integer not null, user_account_id integer, company varchar(255), sector varchar(255), primary key (id)) engine=InnoDB'. 
2022-03-20 18:03:03.125 DEBUG [acme.framework.components.database.DatabaseUtil@main] Executing script command 'create table tool_kit (id integer not null, version integer not null, assembly_notes varchar(255), code varchar(255), description varchar(255), link varchar(255), title varchar(255), primary key (id)) engine=InnoDB'. 
2022-03-20 18:03:03.136 DEBUG [acme.framework.components.database.DatabaseUtil@main] Executing script command 'create table user_account (id integer not null, version integer not null, enabled bit not null, identity blob, password varchar(255), username varchar(255), primary key (id)) engine=InnoDB'. 
2022-03-20 18:03:03.147 DEBUG [acme.framework.components.database.DatabaseUtil@main] Executing script command 'alter table artifact add constraint UK_g1ad0tae8u6y364oiwfi6am2n unique (code)'. 
2022-03-20 18:03:03.164 DEBUG [acme.framework.components.database.DatabaseUtil@main] Executing script command 'alter table patronage add constraint UK_7s289l63ihnn85qwyna5cqbfh unique (code)'. 
2022-03-20 18:03:03.179 DEBUG [acme.framework.components.database.DatabaseUtil@main] Executing script command 'alter table tool_kit add constraint UK_hh417ujk9uobk95o9or9kcekd unique (code)'. 
2022-03-20 18:03:03.195 DEBUG [acme.framework.components.database.DatabaseUtil@main] Executing script command 'alter table user_account add constraint UK_castjbvpeeus0r8lbpehiu0e4 unique (username)'. 
2022-03-20 18:03:03.211 DEBUG [acme.framework.components.database.DatabaseUtil@main] Executing script command 'alter table administrator add constraint FK_2a5vcjo3stlfcwadosjfq49l1 foreign key (user_account_id) references user_account (id)'. 
2022-03-20 18:03:03.227 DEBUG [acme.framework.components.database.DatabaseUtil@main] Executing script command 'alter table anonymous add constraint FK_6lnbc6fo3om54vugoh8icg78m foreign key (user_account_id) references user_account (id)'. 
2022-03-20 18:03:03.244 DEBUG [acme.framework.components.database.DatabaseUtil@main] Executing script command 'alter table authenticated add constraint FK_h52w0f3wjoi68b63wv9vwon57 foreign key (user_account_id) references user_account (id)'. 
2022-03-20 18:03:03.260 DEBUG [acme.framework.components.database.DatabaseUtil@main] Executing script command 'alter table consumer add constraint FK_6cyha9f1wpj0dpbxrrjddrqed foreign key (user_account_id) references user_account (id)'. 
2022-03-20 18:03:03.276 DEBUG [acme.framework.components.database.DatabaseUtil@main] Executing script command 'alter table inventor add constraint FK5xq6qxs64guy7omsuy1rb5v9p foreign key (artifact_id) references artifact (id)'. 
2022-03-20 18:03:03.293 DEBUG [acme.framework.components.database.DatabaseUtil@main] Executing script command 'alter table inventor add constraint FK_2upmsx50p5pou2l4uy8trxor6 foreign key (user_account_id) references user_account (id)'. 
2022-03-20 18:03:03.309 DEBUG [acme.framework.components.database.DatabaseUtil@main] Executing script command 'alter table part_of add constraint FKrqy6b4b1929c1guetqjkopvr3 foreign key (artifact_id) references artifact (id)'. 
2022-03-20 18:03:03.325 DEBUG [acme.framework.components.database.DatabaseUtil@main] Executing script command 'alter table part_of add constraint FK40hbgdo8yeso1s2jr0flura1d foreign key (toolkit_id) references tool_kit (id)'. 
2022-03-20 18:03:03.341 DEBUG [acme.framework.components.database.DatabaseUtil@main] Executing script command 'alter table patron add constraint FK_8xx5nujhuio3advxc2freyu65 foreign key (user_account_id) references user_account (id)'. 
2022-03-20 18:03:03.358 DEBUG [acme.framework.components.database.DatabaseUtil@main] Executing script command 'alter table provider add constraint FK_b1gwnjqm6ggy9yuiqm0o4rlmd foreign key (user_account_id) references user_account (id)'. 
2022-03-20 18:03:03.374 DEBUG [acme.framework.components.database.DatabaseUtil@main] Executing script command 'set foreign_key_checks=1'. 
2022-03-20 18:03:03.375 DEBUG [acme.framework.components.database.DatabaseUtil@main] Committing transaction '1444353676'. 
2022-03-20 18:03:03.378 INFO  [acme.framework.components.database.DatabasePopulator@main] Reading entities from 'classpath:/WEB-INF/resources/initial-data' 
2022-03-20 18:03:03.382 DEBUG [acme.framework.components.database.Dataset@main] Reading dataset from 'C:\Users\juanq\Desktop\Workspace-22.0\Projects\Acme-Toolkit\target\classes\WEB-INF\resources\initial-data\administrator.csv' 
2022-03-20 18:03:03.454 DEBUG [acme.framework.components.database.Dataset@main] Reading mapping '{key:user-account=user-account-administrator-01, key=administrator-01}' from 'C:\Users\juanq\Desktop\Workspace-22.0\Projects\Acme-Toolkit\target\classes\WEB-INF\resources\initial-data\administrator.csv' 
2022-03-20 18:03:03.455 DEBUG [acme.framework.components.database.Dataset@main] Reading dataset from 'C:\Users\juanq\Desktop\Workspace-22.0\Projects\Acme-Toolkit\target\classes\WEB-INF\resources\initial-data\anonymous.csv' 
2022-03-20 18:03:03.455 DEBUG [acme.framework.components.database.Dataset@main] Reading mapping '{key:user-account=user-account-anonymous-01, key=anonymous-01}' from 'C:\Users\juanq\Desktop\Workspace-22.0\Projects\Acme-Toolkit\target\classes\WEB-INF\resources\initial-data\anonymous.csv' 
2022-03-20 18:03:03.456 DEBUG [acme.framework.components.database.Dataset@main] Reading dataset from 'C:\Users\juanq\Desktop\Workspace-22.0\Projects\Acme-Toolkit\target\classes\WEB-INF\resources\initial-data\authenticated.csv' 
2022-03-20 18:03:03.456 DEBUG [acme.framework.components.database.Dataset@main] Reading mapping '{key:user-account=user-account-administrator-01, key=authenticated-administrator-01}' from 'C:\Users\juanq\Desktop\Workspace-22.0\Projects\Acme-Toolkit\target\classes\WEB-INF\resources\initial-data\authenticated.csv' 
2022-03-20 18:03:03.456 DEBUG [acme.framework.components.database.Dataset@main] Reading dataset from 'C:\Users\juanq\Desktop\Workspace-22.0\Projects\Acme-Toolkit\target\classes\WEB-INF\resources\initial-data\user-account.csv' 
2022-03-20 18:03:03.457 DEBUG [acme.framework.components.database.Dataset@main] Reading mapping '{password=HIDDEN-PASSWORD, identity=UserIdentity{name: 'John', surname: 'Doe', email: 'john.doe@acme.com'}, key=user-account-anonymous-01, enabled=false, username=anonymous}' from 'C:\Users\juanq\Desktop\Workspace-22.0\Projects\Acme-Toolkit\target\classes\WEB-INF\resources\initial-data\user-account.csv' 
2022-03-20 18:03:03.457 DEBUG [acme.framework.components.database.Dataset@main] Reading mapping '{password=administrator, identity=UserIdentity{name: 'Administrator', surname: 'Acme', email: 'administrator@acme.com'}, key=user-account-administrator-01, enabled=true, username=administrator}' from 'C:\Users\juanq\Desktop\Workspace-22.0\Projects\Acme-Toolkit\target\classes\WEB-INF\resources\initial-data\user-account.csv' 
2022-03-20 18:03:03.457 DEBUG [acme.framework.components.database.EntityWeb@main] Setting attributes of entities of class acme.framework.roles.Authenticated 
2022-03-20 18:03:03.457 DEBUG [acme.framework.components.database.EntityWeb@main] Setting attributes of entities of class acme.framework.roles.Administrator 
2022-03-20 18:03:03.457 DEBUG [acme.framework.components.database.EntityWeb@main] Setting attributes of entities of class acme.framework.roles.Anonymous 
2022-03-20 18:03:03.457 DEBUG [acme.framework.components.database.EntityWeb@main] Setting attributes of entities of class acme.framework.entities.UserAccount 
2022-03-20 18:03:03.626 DEBUG [acme.framework.components.database.EntityWeb@main] Linking entities of class acme.framework.roles.Authenticated 
2022-03-20 18:03:03.629 DEBUG [acme.framework.components.database.EntityWeb@main] Linking entities of class acme.framework.roles.Administrator 
2022-03-20 18:03:03.631 DEBUG [acme.framework.components.database.EntityWeb@main] Linking entities of class acme.framework.roles.Anonymous 
2022-03-20 18:03:03.634 DEBUG [acme.framework.components.database.EntityWeb@main] Linking entities of class acme.framework.entities.UserAccount 
2022-03-20 18:03:03.634 INFO  [acme.framework.components.database.DatabasePopulator@main] Reading entities from 'classpath:/WEB-INF/resources/sample-data' 
2022-03-20 18:03:03.635 DEBUG [acme.framework.components.database.Dataset@main] Reading dataset from 'C:\Users\juanq\Desktop\Workspace-22.0\Projects\Acme-Toolkit\target\classes\WEB-INF\resources\sample-data\artifact.csv' 
2022-03-20 18:03:03.642 DEBUG [acme.framework.components.database.Dataset@main] Reading mapping '{ technology=Telecommunications,  type=ArtifactType{TOOL},  description=artifact,  retailPrice=EUR 0.01, name=Artifact 1,  code=AAA-000-A, key=artifact-01,  link=null}' from 'C:\Users\juanq\Desktop\Workspace-22.0\Projects\Acme-Toolkit\target\classes\WEB-INF\resources\sample-data\artifact.csv' 
2022-03-20 18:03:03.642 DEBUG [acme.framework.components.database.Dataset@main] Reading mapping '{ technology=Energy,  type=ArtifactType{TOOL},  description=Energy artifact,  retailPrice=USD 1,000.45, name=This artifact name has the maximum amount of character which is 100 this is made for testing,  code=AAA-999-Z, key=artifact-02,  link=null}' from 'C:\Users\juanq\Desktop\Workspace-22.0\Projects\Acme-Toolkit\target\classes\WEB-INF\resources\sample-data\artifact.csv' 
2022-03-20 18:03:03.642 DEBUG [acme.framework.components.database.Dataset@main] Reading mapping '{ technology=M,  type=ArtifactType{COMPONENT},  description=Medical artifact,  retailPrice=GBP 123.45, name=A,  code=ABJ-556-V, key=artifact-03,  link=null}' from 'C:\Users\juanq\Desktop\Workspace-22.0\Projects\Acme-Toolkit\target\classes\WEB-INF\resources\sample-data\artifact.csv' 
2022-03-20 18:03:03.642 DEBUG [acme.framework.components.database.Dataset@main] Reading mapping '{ technology=TI,  type=ArtifactType{COMPONENT},  description=This artifact's description will add up to 155 characters in total to check the constraints work as intended so this text is just here to lengthen the stringAAAAAAAAAAAAAAAAAAAAAAAAAAAAAAAAAAAAAAAAAAAAAAAAAAAAAAAAAAAAAAAAAAAAAAAAAAAAAAAAAAAAAAAAAAAAAAAAAA,  retailPrice=THB 999.45, name=Artifact 1,  code=ZZZ-000-J, key=artifact-04,  link=null}' from 'C:\Users\juanq\Desktop\Workspace-22.0\Projects\Acme-Toolkit\target\classes\WEB-INF\resources\sample-data\artifact.csv' 
2022-03-20 18:03:03.642 DEBUG [acme.framework.components.database.Dataset@main] Reading mapping '{ technology=Transportation,  type=ArtifactType{COMPONENT},  description=Transportation artifact,  retailPrice=EUR 10,000.01, name=Transportation truck with lenghty name,  code=ZZZ-999-A, key=artifact-05,  link=null}' from 'C:\Users\juanq\Desktop\Workspace-22.0\Projects\Acme-Toolkit\target\classes\WEB-INF\resources\sample-data\artifact.csv' 
2022-03-20 18:03:03.643 DEBUG [acme.framework.components.database.Dataset@main] Reading dataset from 'C:\Users\juanq\Desktop\Workspace-22.0\Projects\Acme-Toolkit\target\classes\WEB-INF\resources\sample-data\consumer.csv' 
2022-03-20 18:03:03.643 DEBUG [acme.framework.components.database.Dataset@main] Reading mapping '{key:user-account=user-account-administrator-01, company=Macarena, Inc., sector=Telecommunications, key=consumer-01}' from 'C:\Users\juanq\Desktop\Workspace-22.0\Projects\Acme-Toolkit\target\classes\WEB-INF\resources\sample-data\consumer.csv' 
2022-03-20 18:03:03.643 DEBUG [acme.framework.components.database.Dataset@main] Reading dataset from 'C:\Users\juanq\Desktop\Workspace-22.0\Projects\Acme-Toolkit\target\classes\WEB-INF\resources\sample-data\partOf.csv' 
2022-03-20 18:03:03.644 DEBUG [acme.framework.components.database.Dataset@main] Reading mapping '{key:artifact=artifact-01,  quantity=1, key=partOf-01,  key:toolkit=toolkit-01}' from 'C:\Users\juanq\Desktop\Workspace-22.0\Projects\Acme-Toolkit\target\classes\WEB-INF\resources\sample-data\partOf.csv' 
2022-03-20 18:03:03.644 DEBUG [acme.framework.components.database.Dataset@main] Reading mapping '{key:artifact=artifact-03,  quantity=9, key=partOf-02,  key:toolkit=toolkit-01}' from 'C:\Users\juanq\Desktop\Workspace-22.0\Projects\Acme-Toolkit\target\classes\WEB-INF\resources\sample-data\partOf.csv' 
2022-03-20 18:03:03.644 DEBUG [acme.framework.components.database.Dataset@main] Reading mapping '{key:artifact=artifact-04,  quantity=3, key=partOf-03,  key:toolkit=toolkit-01}' from 'C:\Users\juanq\Desktop\Workspace-22.0\Projects\Acme-Toolkit\target\classes\WEB-INF\resources\sample-data\partOf.csv' 
2022-03-20 18:03:03.644 DEBUG [acme.framework.components.database.Dataset@main] Reading mapping '{key:artifact=artifact-04,  quantity=1, key=partOf-04,  key:toolkit=toolkit-02}' from 'C:\Users\juanq\Desktop\Workspace-22.0\Projects\Acme-Toolkit\target\classes\WEB-INF\resources\sample-data\partOf.csv' 
2022-03-20 18:03:03.644 DEBUG [acme.framework.components.database.Dataset@main] Reading mapping '{key:artifact=artifact-02,  quantity=1, key=partOf-05,  key:toolkit=toolkit-02}' from 'C:\Users\juanq\Desktop\Workspace-22.0\Projects\Acme-Toolkit\target\classes\WEB-INF\resources\sample-data\partOf.csv' 
2022-03-20 18:03:03.644 DEBUG [acme.framework.components.database.Dataset@main] Reading dataset from 'C:\Users\juanq\Desktop\Workspace-22.0\Projects\Acme-Toolkit\target\classes\WEB-INF\resources\sample-data\provider.csv' 
2022-03-20 18:03:03.645 DEBUG [acme.framework.components.database.Dataset@main] Reading mapping '{key:user-account=user-account-administrator-01, company=Terra Nets, S.A., sector=Internet, key=provider-01}' from 'C:\Users\juanq\Desktop\Workspace-22.0\Projects\Acme-Toolkit\target\classes\WEB-INF\resources\sample-data\provider.csv' 
2022-03-20 18:03:03.645 DEBUG [acme.framework.components.database.Dataset@main] Reading dataset from 'C:\Users\juanq\Desktop\Workspace-22.0\Projects\Acme-Toolkit\target\classes\WEB-INF\resources\sample-data\toolKit.csv' 
2022-03-20 18:03:03.645 DEBUG [acme.framework.components.database.Dataset@main] Reading mapping '{assemblyNotes=Assembly notes for toolkit number 1, code=AAA-000-P, link=https://es.wikipedia.org/wiki/Artefacto, description=This is the first toolkit, title=Toolkit 1, key=toolkit-01}' from 'C:\Users\juanq\Desktop\Workspace-22.0\Projects\Acme-Toolkit\target\classes\WEB-INF\resources\sample-data\toolKit.csv' 
2022-03-20 18:03:03.645 DEBUG [acme.framework.components.database.Dataset@main] Reading mapping '{assemblyNotes=Assembly notes for toolkit number 2, code=ZZZ-999-A, link=null, description=This artifact's description will add up to 155 characters in total to check the constraints work as intended so this text is just here to lengthen the stringAAAAAAAAAAAAAAAAAAAAAAAAAAAAAAAAAAAAAAAAAAAAAAAAAAAAAAAAAAAAAAAAAAAAAAAAAAAAAAAAAAAAAAAAAAAAAAAAAA, title=Toolkit 2, key=toolkit-02}' from 'C:\Users\juanq\Desktop\Workspace-22.0\Projects\Acme-Toolkit\target\classes\WEB-INF\resources\sample-data\toolKit.csv' 
2022-03-20 18:03:03.646 DEBUG [acme.framework.components.database.Dataset@main] Reading mapping '{assemblyNotes=Assembly notes for toolkit number 1, code=QXA-001-Z, link=null, description=This is the first toolkit, title=toolkit long 100 length string titleAAAAAAAAAAAAAAAAAAAAAAAAAAAAAAAAAAAAAAAAAAAAAAAAAAAAAAAAAAAAAAAA, key=toolkit-03}' from 'C:\Users\juanq\Desktop\Workspace-22.0\Projects\Acme-Toolkit\target\classes\WEB-INF\resources\sample-data\toolKit.csv' 
2022-03-20 18:03:03.646 DEBUG [acme.framework.components.database.Dataset@main] Reading mapping '{assemblyNotes=Assembly notes for toolkit number 5, code=AKL-869-A, link=https://www.areatecnologia.com/informatica/que-es-software.html, description=This is the first toolkit, title=Toolkit 4, key=toolkit-04}' from 'C:\Users\juanq\Desktop\Workspace-22.0\Projects\Acme-Toolkit\target\classes\WEB-INF\resources\sample-data\toolKit.csv' 
2022-03-20 18:03:03.646 DEBUG [acme.framework.components.database.EntityWeb@main] Setting attributes of entities of class acme.roles.Consumer 
2022-03-20 18:03:03.649 DEBUG [acme.framework.components.database.EntityWeb@main] Setting attributes of entities of class acme.artifact.Artifact 
2022-03-20 18:03:03.652 ERROR [acme.Launcher@main] acme.framework.components.database.EntityWeb.computeRegularAttributes(EntityWeb.java:252): C:\Users\juanq\Desktop\Workspace-22.0\Projects\Acme-Toolkit\target\classes\WEB-INF\resources\sample-data\artifact.csv: cannot read/write property 'acme.artifact.Artifact:: technology' 
2022-03-20 18:03:03.652 INFO  [acme.Launcher@main] The application log provides additional debugging messages! 
2022-03-20 18:03:04.763 INFO  [acme.framework.configuration.ShutdownConfiguration@main] The system is shutting down... 
2022-03-20 18:03:04.772 DEBUG [acme.Launcher@main] Exit code = 0 
