2022-03-21 17:44:31.841 INFO  [acme.Launcher@main] Starting Launcher using Java 1.8.0_281 on DESKTOP-UVONV50 with PID 3508 (C:\Users\juanq\Desktop\Workspace-22.0\Frameworks\Acme-Framework-22.1\target\classes started by juanq in C:\Users\juanq\Desktop\Workspace-22.0\Projects\Acme-Toolkit) 
2022-03-21 17:44:31.842 DEBUG [acme.Launcher@main] Running with Spring Boot v2.4.2, Spring v5.3.3 
2022-03-21 17:44:31.843 INFO  [acme.Launcher@main] The following profiles are active: development,populator 
2022-03-21 17:44:33.965 DEBUG [org.apache.jasper.servlet.JasperInitializer@main] Initializing Jasper for context [application] 
2022-03-21 17:44:37.987 DEBUG [org.apache.jasper.servlet.JspServlet@main] Scratch dir for the JSP engine is: [C:\Users\juanq\AppData\Local\Temp\tomcat.8083.2580268009795998100\work\Tomcat\localhost\acme-toolkit-22.1] 
2022-03-21 17:44:37.987 DEBUG [org.apache.jasper.servlet.JspServlet@main] IMPORTANT: Do not modify the generated servlets 
2022-03-21 17:44:37.996 INFO  [acme.Launcher@main] Started Launcher in 6.679 seconds (JVM running for 7.146) 
2022-03-21 17:44:37.999 DEBUG [acme.Launcher@main] Found classpath entry '/C:/Users/juanq/Desktop/Workspace-22.0/Projects/Acme-Toolkit/target/test-classes/' 
2022-03-21 17:44:37.999 DEBUG [acme.Launcher@main] Found classpath entry '/C:/Users/juanq/Desktop/Workspace-22.0/Projects/Acme-Toolkit/target/classes/' 
2022-03-21 17:44:37.999 DEBUG [acme.Launcher@main] Found classpath entry '/C:/Users/juanq/Desktop/Workspace-22.0/Frameworks/Acme-Framework-22.1/target/classes/' 
2022-03-21 17:44:37.999 DEBUG [acme.Launcher@main] Found classpath entry '/C:/Users/juanq/Desktop/Workspace-22.0/Frameworks/Acme-Framework-22.1/target/test-classes/' 
2022-03-21 17:44:37.999 DEBUG [acme.Launcher@main] Found classpath entry '/C:/Users/juanq/.m2/repository/org/springframework/boot/spring-boot-starter-tomcat/2.4.2/spring-boot-starter-tomcat-2.4.2.jar' 
2022-03-21 17:44:38 DEBUG [acme.Launcher@main] Found classpath entry '/C:/Users/juanq/.m2/repository/jakarta/annotation/jakarta.annotation-api/1.3.5/jakarta.annotation-api-1.3.5.jar' 
2022-03-21 17:44:38 DEBUG [acme.Launcher@main] Found classpath entry '/C:/Users/juanq/.m2/repository/org/apache/tomcat/embed/tomcat-embed-core/9.0.41/tomcat-embed-core-9.0.41.jar' 
2022-03-21 17:44:38 DEBUG [acme.Launcher@main] Found classpath entry '/C:/Users/juanq/.m2/repository/org/glassfish/jakarta.el/3.0.3/jakarta.el-3.0.3.jar' 
2022-03-21 17:44:38 DEBUG [acme.Launcher@main] Found classpath entry '/C:/Users/juanq/.m2/repository/org/apache/tomcat/embed/tomcat-embed-websocket/9.0.41/tomcat-embed-websocket-9.0.41.jar' 
2022-03-21 17:44:38 DEBUG [acme.Launcher@main] Found classpath entry '/C:/Users/juanq/.m2/repository/org/apache/tomcat/embed/tomcat-embed-jasper/9.0.41/tomcat-embed-jasper-9.0.41.jar' 
2022-03-21 17:44:38 DEBUG [acme.Launcher@main] Found classpath entry '/C:/Users/juanq/.m2/repository/org/apache/tomcat/embed/tomcat-embed-el/9.0.41/tomcat-embed-el-9.0.41.jar' 
2022-03-21 17:44:38 DEBUG [acme.Launcher@main] Found classpath entry '/C:/Users/juanq/.m2/repository/org/eclipse/jdt/ecj/3.18.0/ecj-3.18.0.jar' 
2022-03-21 17:44:38.001 DEBUG [acme.Launcher@main] Found classpath entry '/C:/Users/juanq/.m2/repository/javax/servlet/jstl/1.2/jstl-1.2.jar' 
2022-03-21 17:44:38.001 DEBUG [acme.Launcher@main] Found classpath entry '/C:/Users/juanq/.m2/repository/org/springframework/boot/spring-boot-starter-test/2.4.2/spring-boot-starter-test-2.4.2.jar' 
2022-03-21 17:44:38.001 DEBUG [acme.Launcher@main] Found classpath entry '/C:/Users/juanq/.m2/repository/org/springframework/boot/spring-boot-starter/2.4.2/spring-boot-starter-2.4.2.jar' 
2022-03-21 17:44:38.001 DEBUG [acme.Launcher@main] Found classpath entry '/C:/Users/juanq/.m2/repository/org/springframework/boot/spring-boot/2.4.2/spring-boot-2.4.2.jar' 
2022-03-21 17:44:38.001 DEBUG [acme.Launcher@main] Found classpath entry '/C:/Users/juanq/.m2/repository/org/springframework/boot/spring-boot-autoconfigure/2.4.2/spring-boot-autoconfigure-2.4.2.jar' 
2022-03-21 17:44:38.001 DEBUG [acme.Launcher@main] Found classpath entry '/C:/Users/juanq/.m2/repository/org/springframework/boot/spring-boot-starter-logging/2.4.2/spring-boot-starter-logging-2.4.2.jar' 
2022-03-21 17:44:38.002 DEBUG [acme.Launcher@main] Found classpath entry '/C:/Users/juanq/.m2/repository/ch/qos/logback/logback-classic/1.2.3/logback-classic-1.2.3.jar' 
2022-03-21 17:44:38.002 DEBUG [acme.Launcher@main] Found classpath entry '/C:/Users/juanq/.m2/repository/ch/qos/logback/logback-core/1.2.3/logback-core-1.2.3.jar' 
2022-03-21 17:44:38.002 DEBUG [acme.Launcher@main] Found classpath entry '/C:/Users/juanq/.m2/repository/org/apache/logging/log4j/log4j-to-slf4j/2.13.3/log4j-to-slf4j-2.13.3.jar' 
2022-03-21 17:44:38.002 DEBUG [acme.Launcher@main] Found classpath entry '/C:/Users/juanq/.m2/repository/org/apache/logging/log4j/log4j-api/2.13.3/log4j-api-2.13.3.jar' 
2022-03-21 17:44:38.002 DEBUG [acme.Launcher@main] Found classpath entry '/C:/Users/juanq/.m2/repository/org/slf4j/jul-to-slf4j/1.7.30/jul-to-slf4j-1.7.30.jar' 
2022-03-21 17:44:38.002 DEBUG [acme.Launcher@main] Found classpath entry '/C:/Users/juanq/.m2/repository/org/yaml/snakeyaml/1.27/snakeyaml-1.27.jar' 
2022-03-21 17:44:38.002 DEBUG [acme.Launcher@main] Found classpath entry '/C:/Users/juanq/.m2/repository/org/springframework/boot/spring-boot-test/2.4.2/spring-boot-test-2.4.2.jar' 
2022-03-21 17:44:38.003 DEBUG [acme.Launcher@main] Found classpath entry '/C:/Users/juanq/.m2/repository/org/springframework/boot/spring-boot-test-autoconfigure/2.4.2/spring-boot-test-autoconfigure-2.4.2.jar' 
2022-03-21 17:44:38.003 DEBUG [acme.Launcher@main] Found classpath entry '/C:/Users/juanq/.m2/repository/com/jayway/jsonpath/json-path/2.4.0/json-path-2.4.0.jar' 
2022-03-21 17:44:38.003 DEBUG [acme.Launcher@main] Found classpath entry '/C:/Users/juanq/.m2/repository/net/minidev/json-smart/2.3/json-smart-2.3.jar' 
2022-03-21 17:44:38.003 DEBUG [acme.Launcher@main] Found classpath entry '/C:/Users/juanq/.m2/repository/net/minidev/accessors-smart/1.2/accessors-smart-1.2.jar' 
2022-03-21 17:44:38.003 DEBUG [acme.Launcher@main] Found classpath entry '/C:/Users/juanq/.m2/repository/org/ow2/asm/asm/5.0.4/asm-5.0.4.jar' 
2022-03-21 17:44:38.003 DEBUG [acme.Launcher@main] Found classpath entry '/C:/Users/juanq/.m2/repository/jakarta/xml/bind/jakarta.xml.bind-api/2.3.3/jakarta.xml.bind-api-2.3.3.jar' 
2022-03-21 17:44:38.003 DEBUG [acme.Launcher@main] Found classpath entry '/C:/Users/juanq/.m2/repository/jakarta/activation/jakarta.activation-api/1.2.2/jakarta.activation-api-1.2.2.jar' 
2022-03-21 17:44:38.003 DEBUG [acme.Launcher@main] Found classpath entry '/C:/Users/juanq/.m2/repository/org/assertj/assertj-core/3.18.1/assertj-core-3.18.1.jar' 
2022-03-21 17:44:38.004 DEBUG [acme.Launcher@main] Found classpath entry '/C:/Users/juanq/.m2/repository/org/hamcrest/hamcrest/2.2/hamcrest-2.2.jar' 
2022-03-21 17:44:38.004 DEBUG [acme.Launcher@main] Found classpath entry '/C:/Users/juanq/.m2/repository/org/junit/jupiter/junit-jupiter/5.7.0/junit-jupiter-5.7.0.jar' 
2022-03-21 17:44:38.004 DEBUG [acme.Launcher@main] Found classpath entry '/C:/Users/juanq/.m2/repository/org/mockito/mockito-core/3.6.28/mockito-core-3.6.28.jar' 
2022-03-21 17:44:38.004 DEBUG [acme.Launcher@main] Found classpath entry '/C:/Users/juanq/.m2/repository/net/bytebuddy/byte-buddy-agent/1.10.19/byte-buddy-agent-1.10.19.jar' 
2022-03-21 17:44:38.004 DEBUG [acme.Launcher@main] Found classpath entry '/C:/Users/juanq/.m2/repository/org/objenesis/objenesis/3.1/objenesis-3.1.jar' 
2022-03-21 17:44:38.005 DEBUG [acme.Launcher@main] Found classpath entry '/C:/Users/juanq/.m2/repository/org/mockito/mockito-junit-jupiter/3.6.28/mockito-junit-jupiter-3.6.28.jar' 
2022-03-21 17:44:38.005 DEBUG [acme.Launcher@main] Found classpath entry '/C:/Users/juanq/.m2/repository/org/skyscreamer/jsonassert/1.5.0/jsonassert-1.5.0.jar' 
2022-03-21 17:44:38.005 DEBUG [acme.Launcher@main] Found classpath entry '/C:/Users/juanq/.m2/repository/com/vaadin/external/google/android-json/0.0.20131108.vaadin1/android-json-0.0.20131108.vaadin1.jar' 
2022-03-21 17:44:38.005 DEBUG [acme.Launcher@main] Found classpath entry '/C:/Users/juanq/.m2/repository/org/springframework/spring-core/5.3.3/spring-core-5.3.3.jar' 
2022-03-21 17:44:38.005 DEBUG [acme.Launcher@main] Found classpath entry '/C:/Users/juanq/.m2/repository/org/springframework/spring-jcl/5.3.3/spring-jcl-5.3.3.jar' 
2022-03-21 17:44:38.005 DEBUG [acme.Launcher@main] Found classpath entry '/C:/Users/juanq/.m2/repository/org/springframework/spring-test/5.3.3/spring-test-5.3.3.jar' 
2022-03-21 17:44:38.006 DEBUG [acme.Launcher@main] Found classpath entry '/C:/Users/juanq/.m2/repository/org/xmlunit/xmlunit-core/2.7.0/xmlunit-core-2.7.0.jar' 
2022-03-21 17:44:38.006 DEBUG [acme.Launcher@main] Found classpath entry '/C:/Users/juanq/.m2/repository/org/springframework/boot/spring-boot-starter-security/2.4.2/spring-boot-starter-security-2.4.2.jar' 
2022-03-21 17:44:38.006 DEBUG [acme.Launcher@main] Found classpath entry '/C:/Users/juanq/.m2/repository/org/springframework/spring-aop/5.3.3/spring-aop-5.3.3.jar' 
2022-03-21 17:44:38.006 DEBUG [acme.Launcher@main] Found classpath entry '/C:/Users/juanq/.m2/repository/org/springframework/security/spring-security-web/5.4.2/spring-security-web-5.4.2.jar' 
2022-03-21 17:44:38.006 DEBUG [acme.Launcher@main] Found classpath entry '/C:/Users/juanq/.m2/repository/org/springframework/security/spring-security-core/5.4.2/spring-security-core-5.4.2.jar' 
2022-03-21 17:44:38.006 DEBUG [acme.Launcher@main] Found classpath entry '/C:/Users/juanq/.m2/repository/org/springframework/spring-beans/5.3.3/spring-beans-5.3.3.jar' 
2022-03-21 17:44:38.007 DEBUG [acme.Launcher@main] Found classpath entry '/C:/Users/juanq/.m2/repository/org/springframework/spring-context/5.3.3/spring-context-5.3.3.jar' 
2022-03-21 17:44:38.007 DEBUG [acme.Launcher@main] Found classpath entry '/C:/Users/juanq/.m2/repository/org/springframework/spring-expression/5.3.3/spring-expression-5.3.3.jar' 
2022-03-21 17:44:38.007 DEBUG [acme.Launcher@main] Found classpath entry '/C:/Users/juanq/.m2/repository/org/springframework/spring-web/5.3.3/spring-web-5.3.3.jar' 
2022-03-21 17:44:38.007 DEBUG [acme.Launcher@main] Found classpath entry '/C:/Users/juanq/.m2/repository/org/springframework/security/spring-security-config/5.4.2/spring-security-config-5.4.2.jar' 
2022-03-21 17:44:38.007 DEBUG [acme.Launcher@main] Found classpath entry '/C:/Users/juanq/.m2/repository/org/springframework/security/spring-security-taglibs/5.4.2/spring-security-taglibs-5.4.2.jar' 
2022-03-21 17:44:38.007 DEBUG [acme.Launcher@main] Found classpath entry '/C:/Users/juanq/.m2/repository/org/springframework/security/spring-security-acl/5.4.2/spring-security-acl-5.4.2.jar' 
2022-03-21 17:44:38.008 DEBUG [acme.Launcher@main] Found classpath entry '/C:/Users/juanq/.m2/repository/org/springframework/spring-jdbc/5.3.3/spring-jdbc-5.3.3.jar' 
2022-03-21 17:44:38.008 DEBUG [acme.Launcher@main] Found classpath entry '/C:/Users/juanq/.m2/repository/org/springframework/spring-tx/5.3.3/spring-tx-5.3.3.jar' 
2022-03-21 17:44:38.008 DEBUG [acme.Launcher@main] Found classpath entry '/C:/Users/juanq/.m2/repository/org/springframework/boot/spring-boot-starter-web/2.4.2/spring-boot-starter-web-2.4.2.jar' 
2022-03-21 17:44:38.008 DEBUG [acme.Launcher@main] Found classpath entry '/C:/Users/juanq/.m2/repository/org/springframework/boot/spring-boot-starter-json/2.4.2/spring-boot-starter-json-2.4.2.jar' 
2022-03-21 17:44:38.008 DEBUG [acme.Launcher@main] Found classpath entry '/C:/Users/juanq/.m2/repository/com/fasterxml/jackson/core/jackson-databind/2.11.4/jackson-databind-2.11.4.jar' 
2022-03-21 17:44:38.008 DEBUG [acme.Launcher@main] Found classpath entry '/C:/Users/juanq/.m2/repository/com/fasterxml/jackson/core/jackson-annotations/2.11.4/jackson-annotations-2.11.4.jar' 
2022-03-21 17:44:38.009 DEBUG [acme.Launcher@main] Found classpath entry '/C:/Users/juanq/.m2/repository/com/fasterxml/jackson/core/jackson-core/2.11.4/jackson-core-2.11.4.jar' 
2022-03-21 17:44:38.009 DEBUG [acme.Launcher@main] Found classpath entry '/C:/Users/juanq/.m2/repository/com/fasterxml/jackson/datatype/jackson-datatype-jdk8/2.11.4/jackson-datatype-jdk8-2.11.4.jar' 
2022-03-21 17:44:38.009 DEBUG [acme.Launcher@main] Found classpath entry '/C:/Users/juanq/.m2/repository/com/fasterxml/jackson/datatype/jackson-datatype-jsr310/2.11.4/jackson-datatype-jsr310-2.11.4.jar' 
2022-03-21 17:44:38.009 DEBUG [acme.Launcher@main] Found classpath entry '/C:/Users/juanq/.m2/repository/com/fasterxml/jackson/module/jackson-module-parameter-names/2.11.4/jackson-module-parameter-names-2.11.4.jar' 
2022-03-21 17:44:38.009 DEBUG [acme.Launcher@main] Found classpath entry '/C:/Users/juanq/.m2/repository/org/springframework/spring-webmvc/5.3.3/spring-webmvc-5.3.3.jar' 
2022-03-21 17:44:38.009 DEBUG [acme.Launcher@main] Found classpath entry '/C:/Users/juanq/.m2/repository/org/apache/tiles/tiles-jsp/3.0.8/tiles-jsp-3.0.8.jar' 
2022-03-21 17:44:38.009 DEBUG [acme.Launcher@main] Found classpath entry '/C:/Users/juanq/.m2/repository/org/apache/tiles/tiles-servlet/3.0.8/tiles-servlet-3.0.8.jar' 
2022-03-21 17:44:38.010 DEBUG [acme.Launcher@main] Found classpath entry '/C:/Users/juanq/.m2/repository/org/apache/tiles/tiles-core/3.0.8/tiles-core-3.0.8.jar' 
2022-03-21 17:44:38.010 DEBUG [acme.Launcher@main] Found classpath entry '/C:/Users/juanq/.m2/repository/commons-digester/commons-digester/2.0/commons-digester-2.0.jar' 
2022-03-21 17:44:38.010 DEBUG [acme.Launcher@main] Found classpath entry '/C:/Users/juanq/.m2/repository/org/slf4j/jcl-over-slf4j/1.7.30/jcl-over-slf4j-1.7.30.jar' 
2022-03-21 17:44:38.010 DEBUG [acme.Launcher@main] Found classpath entry '/C:/Users/juanq/.m2/repository/org/apache/tiles/tiles-request-servlet/1.0.7/tiles-request-servlet-1.0.7.jar' 
2022-03-21 17:44:38.010 DEBUG [acme.Launcher@main] Found classpath entry '/C:/Users/juanq/.m2/repository/org/apache/tiles/tiles-template/3.0.8/tiles-template-3.0.8.jar' 
2022-03-21 17:44:38.010 DEBUG [acme.Launcher@main] Found classpath entry '/C:/Users/juanq/.m2/repository/org/apache/tiles/tiles-api/3.0.8/tiles-api-3.0.8.jar' 
2022-03-21 17:44:38.010 DEBUG [acme.Launcher@main] Found classpath entry '/C:/Users/juanq/.m2/repository/org/apache/tiles/tiles-autotag-core-runtime/1.2/tiles-autotag-core-runtime-1.2.jar' 
2022-03-21 17:44:38.010 DEBUG [acme.Launcher@main] Found classpath entry '/C:/Users/juanq/.m2/repository/org/slf4j/slf4j-api/1.7.30/slf4j-api-1.7.30.jar' 
2022-03-21 17:44:38.010 DEBUG [acme.Launcher@main] Found classpath entry '/C:/Users/juanq/.m2/repository/org/apache/tiles/tiles-request-jsp/1.0.7/tiles-request-jsp-1.0.7.jar' 
2022-03-21 17:44:38.010 DEBUG [acme.Launcher@main] Found classpath entry '/C:/Users/juanq/.m2/repository/org/apache/tiles/tiles-request-api/1.0.7/tiles-request-api-1.0.7.jar' 
2022-03-21 17:44:38.011 DEBUG [acme.Launcher@main] Found classpath entry '/C:/Users/juanq/.m2/repository/org/springframework/boot/spring-boot-starter-data-jpa/2.4.2/spring-boot-starter-data-jpa-2.4.2.jar' 
2022-03-21 17:44:38.011 DEBUG [acme.Launcher@main] Found classpath entry '/C:/Users/juanq/.m2/repository/org/springframework/boot/spring-boot-starter-aop/2.4.2/spring-boot-starter-aop-2.4.2.jar' 
2022-03-21 17:44:38.011 DEBUG [acme.Launcher@main] Found classpath entry '/C:/Users/juanq/.m2/repository/org/aspectj/aspectjweaver/1.9.6/aspectjweaver-1.9.6.jar' 
2022-03-21 17:44:38.011 DEBUG [acme.Launcher@main] Found classpath entry '/C:/Users/juanq/.m2/repository/org/springframework/boot/spring-boot-starter-jdbc/2.4.2/spring-boot-starter-jdbc-2.4.2.jar' 
2022-03-21 17:44:38.011 DEBUG [acme.Launcher@main] Found classpath entry '/C:/Users/juanq/.m2/repository/jakarta/transaction/jakarta.transaction-api/1.3.3/jakarta.transaction-api-1.3.3.jar' 
2022-03-21 17:44:38.011 DEBUG [acme.Launcher@main] Found classpath entry '/C:/Users/juanq/.m2/repository/jakarta/persistence/jakarta.persistence-api/2.2.3/jakarta.persistence-api-2.2.3.jar' 
2022-03-21 17:44:38.011 DEBUG [acme.Launcher@main] Found classpath entry '/C:/Users/juanq/.m2/repository/org/hibernate/hibernate-core/5.4.27.Final/hibernate-core-5.4.27.Final.jar' 
2022-03-21 17:44:38.011 DEBUG [acme.Launcher@main] Found classpath entry '/C:/Users/juanq/.m2/repository/org/jboss/logging/jboss-logging/3.4.1.Final/jboss-logging-3.4.1.Final.jar' 
2022-03-21 17:44:38.011 DEBUG [acme.Launcher@main] Found classpath entry '/C:/Users/juanq/.m2/repository/org/javassist/javassist/3.27.0-GA/javassist-3.27.0-GA.jar' 
2022-03-21 17:44:38.012 DEBUG [acme.Launcher@main] Found classpath entry '/C:/Users/juanq/.m2/repository/antlr/antlr/2.7.7/antlr-2.7.7.jar' 
2022-03-21 17:44:38.012 DEBUG [acme.Launcher@main] Found classpath entry '/C:/Users/juanq/.m2/repository/org/jboss/jandex/2.1.3.Final/jandex-2.1.3.Final.jar' 
2022-03-21 17:44:38.012 DEBUG [acme.Launcher@main] Found classpath entry '/C:/Users/juanq/.m2/repository/com/fasterxml/classmate/1.5.1/classmate-1.5.1.jar' 
2022-03-21 17:44:38.012 DEBUG [acme.Launcher@main] Found classpath entry '/C:/Users/juanq/.m2/repository/org/dom4j/dom4j/2.1.3/dom4j-2.1.3.jar' 
2022-03-21 17:44:38.012 DEBUG [acme.Launcher@main] Found classpath entry '/C:/Users/juanq/.m2/repository/org/hibernate/common/hibernate-commons-annotations/5.1.2.Final/hibernate-commons-annotations-5.1.2.Final.jar' 
2022-03-21 17:44:38.012 DEBUG [acme.Launcher@main] Found classpath entry '/C:/Users/juanq/.m2/repository/org/glassfish/jaxb/jaxb-runtime/2.3.3/jaxb-runtime-2.3.3.jar' 
2022-03-21 17:44:38.012 DEBUG [acme.Launcher@main] Found classpath entry '/C:/Users/juanq/.m2/repository/org/glassfish/jaxb/txw2/2.3.3/txw2-2.3.3.jar' 
2022-03-21 17:44:38.012 DEBUG [acme.Launcher@main] Found classpath entry '/C:/Users/juanq/.m2/repository/com/sun/istack/istack-commons-runtime/3.0.11/istack-commons-runtime-3.0.11.jar' 
2022-03-21 17:44:38.012 DEBUG [acme.Launcher@main] Found classpath entry '/C:/Users/juanq/.m2/repository/com/sun/activation/jakarta.activation/1.2.2/jakarta.activation-1.2.2.jar' 
2022-03-21 17:44:38.012 DEBUG [acme.Launcher@main] Found classpath entry '/C:/Users/juanq/.m2/repository/org/springframework/data/spring-data-jpa/2.4.3/spring-data-jpa-2.4.3.jar' 
2022-03-21 17:44:38.012 DEBUG [acme.Launcher@main] Found classpath entry '/C:/Users/juanq/.m2/repository/org/springframework/data/spring-data-commons/2.4.3/spring-data-commons-2.4.3.jar' 
2022-03-21 17:44:38.012 DEBUG [acme.Launcher@main] Found classpath entry '/C:/Users/juanq/.m2/repository/org/springframework/spring-orm/5.3.3/spring-orm-5.3.3.jar' 
2022-03-21 17:44:38.013 DEBUG [acme.Launcher@main] Found classpath entry '/C:/Users/juanq/.m2/repository/org/springframework/spring-aspects/5.3.3/spring-aspects-5.3.3.jar' 
2022-03-21 17:44:38.013 DEBUG [acme.Launcher@main] Found classpath entry '/C:/Users/juanq/.m2/repository/org/springframework/boot/spring-boot-starter-validation/2.4.2/spring-boot-starter-validation-2.4.2.jar' 
2022-03-21 17:44:38.013 DEBUG [acme.Launcher@main] Found classpath entry '/C:/Users/juanq/.m2/repository/org/hibernate/validator/hibernate-validator/6.1.7.Final/hibernate-validator-6.1.7.Final.jar' 
2022-03-21 17:44:38.013 DEBUG [acme.Launcher@main] Found classpath entry '/C:/Users/juanq/.m2/repository/jakarta/validation/jakarta.validation-api/2.0.2/jakarta.validation-api-2.0.2.jar' 
2022-03-21 17:44:38.013 DEBUG [acme.Launcher@main] Found classpath entry '/C:/Users/juanq/.m2/repository/mysql/mysql-connector-java/8.0.22/mysql-connector-java-8.0.22.jar' 
2022-03-21 17:44:38.013 DEBUG [acme.Launcher@main] Found classpath entry '/C:/Users/juanq/.m2/repository/com/zaxxer/HikariCP/3.4.5/HikariCP-3.4.5.jar' 
2022-03-21 17:44:38.013 DEBUG [acme.Launcher@main] Found classpath entry '/C:/Users/juanq/.m2/repository/org/junit/jupiter/junit-jupiter-engine/5.7.0/junit-jupiter-engine-5.7.0.jar' 
2022-03-21 17:44:38.013 DEBUG [acme.Launcher@main] Found classpath entry '/C:/Users/juanq/.m2/repository/org/apiguardian/apiguardian-api/1.1.0/apiguardian-api-1.1.0.jar' 
2022-03-21 17:44:38.013 DEBUG [acme.Launcher@main] Found classpath entry '/C:/Users/juanq/.m2/repository/org/junit/platform/junit-platform-engine/1.7.0/junit-platform-engine-1.7.0.jar' 
2022-03-21 17:44:38.013 DEBUG [acme.Launcher@main] Found classpath entry '/C:/Users/juanq/.m2/repository/org/junit/jupiter/junit-jupiter-api/5.7.0/junit-jupiter-api-5.7.0.jar' 
2022-03-21 17:44:38.013 DEBUG [acme.Launcher@main] Found classpath entry '/C:/Users/juanq/.m2/repository/org/opentest4j/opentest4j/1.2.0/opentest4j-1.2.0.jar' 
2022-03-21 17:44:38.013 DEBUG [acme.Launcher@main] Found classpath entry '/C:/Users/juanq/.m2/repository/org/junit/platform/junit-platform-commons/1.7.0/junit-platform-commons-1.7.0.jar' 
2022-03-21 17:44:38.014 DEBUG [acme.Launcher@main] Found classpath entry '/C:/Users/juanq/.m2/repository/org/junit/jupiter/junit-jupiter-params/5.7.0/junit-jupiter-params-5.7.0.jar' 
2022-03-21 17:44:38.014 DEBUG [acme.Launcher@main] Found classpath entry '/C:/Users/juanq/.m2/repository/org/junit/platform/junit-platform-launcher/1.7.0/junit-platform-launcher-1.7.0.jar' 
2022-03-21 17:44:38.014 DEBUG [acme.Launcher@main] Found classpath entry '/C:/Users/juanq/.m2/repository/org/seleniumhq/selenium/selenium-java/3.141.59/selenium-java-3.141.59.jar' 
2022-03-21 17:44:38.014 DEBUG [acme.Launcher@main] Found classpath entry '/C:/Users/juanq/.m2/repository/org/seleniumhq/selenium/selenium-api/3.141.59/selenium-api-3.141.59.jar' 
2022-03-21 17:44:38.014 DEBUG [acme.Launcher@main] Found classpath entry '/C:/Users/juanq/.m2/repository/org/seleniumhq/selenium/selenium-chrome-driver/3.141.59/selenium-chrome-driver-3.141.59.jar' 
2022-03-21 17:44:38.014 DEBUG [acme.Launcher@main] Found classpath entry '/C:/Users/juanq/.m2/repository/org/seleniumhq/selenium/selenium-edge-driver/3.141.59/selenium-edge-driver-3.141.59.jar' 
2022-03-21 17:44:38.014 DEBUG [acme.Launcher@main] Found classpath entry '/C:/Users/juanq/.m2/repository/org/seleniumhq/selenium/selenium-firefox-driver/3.141.59/selenium-firefox-driver-3.141.59.jar' 
2022-03-21 17:44:38.014 DEBUG [acme.Launcher@main] Found classpath entry '/C:/Users/juanq/.m2/repository/org/seleniumhq/selenium/selenium-ie-driver/3.141.59/selenium-ie-driver-3.141.59.jar' 
2022-03-21 17:44:38.014 DEBUG [acme.Launcher@main] Found classpath entry '/C:/Users/juanq/.m2/repository/org/seleniumhq/selenium/selenium-opera-driver/3.141.59/selenium-opera-driver-3.141.59.jar' 
2022-03-21 17:44:38.014 DEBUG [acme.Launcher@main] Found classpath entry '/C:/Users/juanq/.m2/repository/org/seleniumhq/selenium/selenium-remote-driver/3.141.59/selenium-remote-driver-3.141.59.jar' 
2022-03-21 17:44:38.015 DEBUG [acme.Launcher@main] Found classpath entry '/C:/Users/juanq/.m2/repository/org/seleniumhq/selenium/selenium-safari-driver/3.141.59/selenium-safari-driver-3.141.59.jar' 
2022-03-21 17:44:38.015 DEBUG [acme.Launcher@main] Found classpath entry '/C:/Users/juanq/.m2/repository/org/seleniumhq/selenium/selenium-support/3.141.59/selenium-support-3.141.59.jar' 
2022-03-21 17:44:38.015 DEBUG [acme.Launcher@main] Found classpath entry '/C:/Users/juanq/.m2/repository/net/bytebuddy/byte-buddy/1.10.19/byte-buddy-1.10.19.jar' 
2022-03-21 17:44:38.015 DEBUG [acme.Launcher@main] Found classpath entry '/C:/Users/juanq/.m2/repository/org/apache/commons/commons-exec/1.3/commons-exec-1.3.jar' 
2022-03-21 17:44:38.015 DEBUG [acme.Launcher@main] Found classpath entry '/C:/Users/juanq/.m2/repository/com/google/guava/guava/25.0-jre/guava-25.0-jre.jar' 
2022-03-21 17:44:38.015 DEBUG [acme.Launcher@main] Found classpath entry '/C:/Users/juanq/.m2/repository/com/google/code/findbugs/jsr305/1.3.9/jsr305-1.3.9.jar' 
2022-03-21 17:44:38.015 DEBUG [acme.Launcher@main] Found classpath entry '/C:/Users/juanq/.m2/repository/org/checkerframework/checker-compat-qual/2.0.0/checker-compat-qual-2.0.0.jar' 
2022-03-21 17:44:38.015 DEBUG [acme.Launcher@main] Found classpath entry '/C:/Users/juanq/.m2/repository/com/google/errorprone/error_prone_annotations/2.1.3/error_prone_annotations-2.1.3.jar' 
2022-03-21 17:44:38.015 DEBUG [acme.Launcher@main] Found classpath entry '/C:/Users/juanq/.m2/repository/com/google/j2objc/j2objc-annotations/1.1/j2objc-annotations-1.1.jar' 
2022-03-21 17:44:38.015 DEBUG [acme.Launcher@main] Found classpath entry '/C:/Users/juanq/.m2/repository/org/codehaus/mojo/animal-sniffer-annotations/1.14/animal-sniffer-annotations-1.14.jar' 
2022-03-21 17:44:38.015 DEBUG [acme.Launcher@main] Found classpath entry '/C:/Users/juanq/.m2/repository/com/squareup/okhttp3/okhttp/3.14.9/okhttp-3.14.9.jar' 
2022-03-21 17:44:38.015 DEBUG [acme.Launcher@main] Found classpath entry '/C:/Users/juanq/.m2/repository/com/squareup/okio/okio/1.14.0/okio-1.14.0.jar' 
2022-03-21 17:44:38.015 DEBUG [acme.Launcher@main] Found classpath entry '/C:/Users/juanq/.m2/repository/org/apache/commons/commons-lang3/3.11/commons-lang3-3.11.jar' 
2022-03-21 17:44:38.016 DEBUG [acme.Launcher@main] Found classpath entry '/C:/Users/juanq/.m2/repository/org/apache/commons/commons-text/1.8/commons-text-1.8.jar' 
2022-03-21 17:44:38.016 DEBUG [acme.Launcher@main] Found classpath entry '/C:/Users/juanq/.m2/repository/commons-io/commons-io/2.6/commons-io-2.6.jar' 
2022-03-21 17:44:38.016 DEBUG [acme.Launcher@main] Found classpath entry '/C:/Users/juanq/.m2/repository/commons-cli/commons-cli/1.4/commons-cli-1.4.jar' 
2022-03-21 17:44:38.016 DEBUG [acme.Launcher@main] Found classpath entry '/C:/Users/juanq/.m2/repository/org/projectlombok/lombok/1.18.16/lombok-1.18.16.jar' 
2022-03-21 17:44:38.016 DEBUG [acme.Launcher@main] Found classpath entry '/C:/Users/juanq/.m2/repository/com/opencsv/opencsv/5.4/opencsv-5.4.jar' 
2022-03-21 17:44:38.016 DEBUG [acme.Launcher@main] Found classpath entry '/C:/Users/juanq/.m2/repository/commons-beanutils/commons-beanutils/1.9.4/commons-beanutils-1.9.4.jar' 
2022-03-21 17:44:38.016 DEBUG [acme.Launcher@main] Found classpath entry '/C:/Users/juanq/.m2/repository/commons-logging/commons-logging/1.2/commons-logging-1.2.jar' 
2022-03-21 17:44:38.016 DEBUG [acme.Launcher@main] Found classpath entry '/C:/Users/juanq/.m2/repository/commons-collections/commons-collections/3.2.2/commons-collections-3.2.2.jar' 
2022-03-21 17:44:38.016 DEBUG [acme.Launcher@main] Found classpath entry '/C:/Users/juanq/.m2/repository/org/apache/commons/commons-collections4/4.4/commons-collections4-4.4.jar' 
2022-03-21 17:44:38.059 DEBUG [acme.Launcher@main] Found entity class 'acme.artifact.Artifact 
2022-03-21 17:44:38.059 DEBUG [acme.Launcher@main] Found entity class 'acme.artifact.PartOf 
2022-03-21 17:44:38.059 DEBUG [acme.Launcher@main] Found entity class 'acme.artifact.ToolKit 
2022-03-21 17:44:38.059 DEBUG [acme.Launcher@main] Found entity class 'acme.entities.announcement.Announcement 
2022-03-21 17:44:38.059 DEBUG [acme.Launcher@main] Found entity class 'acme.entities.chirp.Chirp 
2022-03-21 17:44:38.059 DEBUG [acme.Launcher@main] Found entity class 'acme.entities.patronage.Patronage 
2022-03-21 17:44:38.059 DEBUG [acme.Launcher@main] Found entity class 'acme.entities.patronage.PatronageReport 
2022-03-21 17:44:38.059 DEBUG [acme.Launcher@main] Found entity class 'acme.roles.Consumer 
2022-03-21 17:44:38.060 DEBUG [acme.Launcher@main] Found entity class 'acme.roles.Inventor 
2022-03-21 17:44:38.060 DEBUG [acme.Launcher@main] Found entity class 'acme.roles.Patron 
2022-03-21 17:44:38.060 DEBUG [acme.Launcher@main] Found entity class 'acme.roles.Provider 
2022-03-21 17:44:38.060 DEBUG [acme.Launcher@main] Found entity class 'acme.systemSetting.SystemSetting 
2022-03-21 17:44:38.060 DEBUG [acme.Launcher@main] Found entity class 'acme.framework.entities.UserAccount 
2022-03-21 17:44:38.060 DEBUG [acme.Launcher@main] Found entity class 'acme.framework.roles.Administrator 
2022-03-21 17:44:38.060 DEBUG [acme.Launcher@main] Found entity class 'acme.framework.roles.Anonymous 
2022-03-21 17:44:38.060 DEBUG [acme.Launcher@main] Found entity class 'acme.framework.roles.Authenticated 
2022-03-21 17:44:38.063 INFO  [acme.Launcher@main] Populating (sample data) 
2022-03-21 17:44:38.063 INFO  [acme.framework.components.database.DatabasePopulator@main] Building database schema 
2022-03-21 17:44:38.094 DEBUG [acme.framework.components.database.DatabaseUtil@main] Executing script. 
2022-03-21 17:44:38.094 DEBUG [acme.framework.components.database.DatabaseUtil@main] Starting new transaction. 
2022-03-21 17:44:38.102 DEBUG [acme.framework.components.database.DatabaseUtil@main] Executing command 'set transaction isolation level read uncommitted;'. 
2022-03-21 17:44:38.115 DEBUG [acme.framework.components.database.DatabaseUtil@main] Starting transaction '2010850076'. 
2022-03-21 17:44:38.115 DEBUG [acme.framework.components.database.DatabaseUtil@main] Executing script command 'set foreign_key_checks=0'. 
2022-03-21 17:44:38.116 DEBUG [acme.framework.components.database.DatabaseUtil@main] Executing script command 'drop table if exists administrator'. 
2022-03-21 17:44:38.130 DEBUG [acme.framework.components.database.DatabaseUtil@main] Executing script command 'drop table if exists announcement'. 
2022-03-21 17:44:38.141 DEBUG [acme.framework.components.database.DatabaseUtil@main] Executing script command 'drop table if exists anonymous'. 
2022-03-21 17:44:38.149 DEBUG [acme.framework.components.database.DatabaseUtil@main] Executing script command 'drop table if exists artifact'. 
2022-03-21 17:44:38.159 DEBUG [acme.framework.components.database.DatabaseUtil@main] Executing script command 'drop table if exists authenticated'. 
2022-03-21 17:44:38.169 DEBUG [acme.framework.components.database.DatabaseUtil@main] Executing script command 'drop table if exists chirp'. 
2022-03-21 17:44:38.180 DEBUG [acme.framework.components.database.DatabaseUtil@main] Executing script command 'drop table if exists consumer'. 
2022-03-21 17:44:38.189 DEBUG [acme.framework.components.database.DatabaseUtil@main] Executing script command 'drop table if exists hibernate_sequence'. 
2022-03-21 17:44:38.197 DEBUG [acme.framework.components.database.DatabaseUtil@main] Executing script command 'drop table if exists inventor'. 
2022-03-21 17:44:38.208 DEBUG [acme.framework.components.database.DatabaseUtil@main] Executing script command 'drop table if exists part_of'. 
2022-03-21 17:44:38.217 DEBUG [acme.framework.components.database.DatabaseUtil@main] Executing script command 'drop table if exists patron'. 
2022-03-21 17:44:38.227 DEBUG [acme.framework.components.database.DatabaseUtil@main] Executing script command 'drop table if exists patronage'. 
2022-03-21 17:44:38.236 DEBUG [acme.framework.components.database.DatabaseUtil@main] Executing script command 'drop table if exists patronage_report'. 
2022-03-21 17:44:38.245 DEBUG [acme.framework.components.database.DatabaseUtil@main] Executing script command 'drop table if exists provider'. 
2022-03-21 17:44:38.254 DEBUG [acme.framework.components.database.DatabaseUtil@main] Executing script command 'drop table if exists system_setting'. 
2022-03-21 17:44:38.263 DEBUG [acme.framework.components.database.DatabaseUtil@main] Executing script command 'drop table if exists tool_kit'. 
2022-03-21 17:44:38.274 DEBUG [acme.framework.components.database.DatabaseUtil@main] Executing script command 'drop table if exists user_account'. 
2022-03-21 17:44:38.281 DEBUG [acme.framework.components.database.DatabaseUtil@main] Executing script command 'set foreign_key_checks=1'. 
2022-03-21 17:44:38.281 DEBUG [acme.framework.components.database.DatabaseUtil@main] Committing transaction '2010850076'. 
2022-03-21 17:44:38.290 DEBUG [acme.framework.components.database.DatabaseUtil@main] Executing script. 
2022-03-21 17:44:38.290 DEBUG [acme.framework.components.database.DatabaseUtil@main] Starting new transaction. 
2022-03-21 17:44:38.291 DEBUG [acme.framework.components.database.DatabaseUtil@main] Executing command 'set transaction isolation level read uncommitted;'. 
2022-03-21 17:44:38.292 DEBUG [acme.framework.components.database.DatabaseUtil@main] Starting transaction '1311114255'. 
2022-03-21 17:44:38.292 DEBUG [acme.framework.components.database.DatabaseUtil@main] Executing script command 'set foreign_key_checks=0'. 
2022-03-21 17:44:38.292 DEBUG [acme.framework.components.database.DatabaseUtil@main] Executing script command 'create table administrator (id integer not null, version integer not null, user_account_id integer, primary key (id)) engine=InnoDB'. 
2022-03-21 17:44:38.306 DEBUG [acme.framework.components.database.DatabaseUtil@main] Executing script command 'create table announcement (id integer not null, version integer not null, body varchar(255), creation_moment datetime, flag bit not null, link varchar(255), title varchar(255), primary key (id)) engine=InnoDB'. 
2022-03-21 17:44:38.317 DEBUG [acme.framework.components.database.DatabaseUtil@main] Executing script command 'create table anonymous (id integer not null, version integer not null, user_account_id integer, primary key (id)) engine=InnoDB'. 
2022-03-21 17:44:38.328 DEBUG [acme.framework.components.database.DatabaseUtil@main] Executing script command 'create table artifact (id integer not null, version integer not null, code varchar(255), description varchar(255), link varchar(255), name varchar(255), retail_price_amount double precision, retail_price_currency varchar(255), technology varchar(255), type integer, inventor_id integer not null, primary key (id)) engine=InnoDB'. 
2022-03-21 17:44:38.343 DEBUG [acme.framework.components.database.DatabaseUtil@main] Executing script command 'create table authenticated (id integer not null, version integer not null, user_account_id integer, primary key (id)) engine=InnoDB'. 
2022-03-21 17:44:38.355 DEBUG [acme.framework.components.database.DatabaseUtil@main] Executing script command 'create table chirp (id integer not null, version integer not null, author varchar(255), body varchar(255), creation_moment datetime, email varchar(255), title varchar(255), primary key (id)) engine=InnoDB'. 
2022-03-21 17:44:38.366 DEBUG [acme.framework.components.database.DatabaseUtil@main] Executing script command 'create table consumer (id integer not null, version integer not null, user_account_id integer, company varchar(255), sector varchar(255), primary key (id)) engine=InnoDB'. 
2022-03-21 17:44:38.380 DEBUG [acme.framework.components.database.DatabaseUtil@main] Executing script command 'create table hibernate_sequence (next_val bigint) engine=InnoDB'. 
2022-03-21 17:44:38.392 DEBUG [acme.framework.components.database.DatabaseUtil@main] Executing script command 'insert into hibernate_sequence values ( 1 )'. 
2022-03-21 17:44:38.394 DEBUG [acme.framework.components.database.DatabaseUtil@main] Executing script command 'create table inventor (id integer not null, version integer not null, user_account_id integer, company varchar(255), link varchar(255), statement varchar(255), primary key (id)) engine=InnoDB'. 
2022-03-21 17:44:38.406 DEBUG [acme.framework.components.database.DatabaseUtil@main] Executing script command 'create table part_of (id integer not null, version integer not null, quantity integer, artifact_id integer not null, toolkit_id integer not null, primary key (id)) engine=InnoDB'. 
2022-03-21 17:44:38.419 DEBUG [acme.framework.components.database.DatabaseUtil@main] Executing script command 'create table patron (id integer not null, version integer not null, user_account_id integer, company varchar(255), link varchar(255), statement varchar(255), primary key (id)) engine=InnoDB'. 
2022-03-21 17:44:38.430 DEBUG [acme.framework.components.database.DatabaseUtil@main] Executing script command 'create table patronage (id integer not null, version integer not null, budget_amount double precision, budget_currency varchar(255), code varchar(255), finish_date datetime, legal_stuff varchar(255), link varchar(255), start_date datetime, status integer, inventor_id integer not null, patron_id integer not null, primary key (id)) engine=InnoDB'. 
2022-03-21 17:44:38.442 DEBUG [acme.framework.components.database.DatabaseUtil@main] Executing script command 'create table patronage_report (id integer not null, version integer not null, creation_moment datetime, link varchar(255), memorandum varchar(255), sequence_number varchar(255), patronage_id integer not null, primary key (id)) engine=InnoDB'. 
2022-03-21 17:44:38.453 DEBUG [acme.framework.components.database.DatabaseUtil@main] Executing script command 'create table provider (id integer not null, version integer not null, user_account_id integer, company varchar(255), sector varchar(255), primary key (id)) engine=InnoDB'. 
2022-03-21 17:44:38.466 DEBUG [acme.framework.components.database.DatabaseUtil@main] Executing script command 'create table system_setting (id integer not null, version integer not null, accepted_currencies varchar(255), default_currency varchar(255), strong_spam varchar(255), strong_spam_threshold integer, weak_spam varchar(255), weak_spam_threshold integer, primary key (id)) engine=InnoDB'. 
2022-03-21 17:44:38.478 DEBUG [acme.framework.components.database.DatabaseUtil@main] Executing script command 'create table tool_kit (id integer not null, version integer not null, assembly_notes varchar(255), code varchar(255), description varchar(255), link varchar(255), title varchar(255), primary key (id)) engine=InnoDB'. 
2022-03-21 17:44:38.490 DEBUG [acme.framework.components.database.DatabaseUtil@main] Executing script command 'create table user_account (id integer not null, version integer not null, enabled bit not null, identity blob, password varchar(255), username varchar(255), primary key (id)) engine=InnoDB'. 
2022-03-21 17:44:38.502 DEBUG [acme.framework.components.database.DatabaseUtil@main] Executing script command 'alter table artifact add constraint UK_g1ad0tae8u6y364oiwfi6am2n unique (code)'. 
2022-03-21 17:44:38.521 DEBUG [acme.framework.components.database.DatabaseUtil@main] Executing script command 'alter table patronage add constraint UK_7s289l63ihnn85qwyna5cqbfh unique (code)'. 
2022-03-21 17:44:38.539 DEBUG [acme.framework.components.database.DatabaseUtil@main] Executing script command 'alter table tool_kit add constraint UK_hh417ujk9uobk95o9or9kcekd unique (code)'. 
2022-03-21 17:44:38.556 DEBUG [acme.framework.components.database.DatabaseUtil@main] Executing script command 'alter table user_account add constraint UK_castjbvpeeus0r8lbpehiu0e4 unique (username)'. 
2022-03-21 17:44:38.574 DEBUG [acme.framework.components.database.DatabaseUtil@main] Executing script command 'alter table administrator add constraint FK_2a5vcjo3stlfcwadosjfq49l1 foreign key (user_account_id) references user_account (id)'. 
2022-03-21 17:44:38.592 DEBUG [acme.framework.components.database.DatabaseUtil@main] Executing script command 'alter table anonymous add constraint FK_6lnbc6fo3om54vugoh8icg78m foreign key (user_account_id) references user_account (id)'. 
2022-03-21 17:44:38.610 DEBUG [acme.framework.components.database.DatabaseUtil@main] Executing script command 'alter table artifact add constraint FKqxfi564ul5blndurxei140kjt foreign key (inventor_id) references inventor (id)'. 
2022-03-21 17:44:38.628 DEBUG [acme.framework.components.database.DatabaseUtil@main] Executing script command 'alter table authenticated add constraint FK_h52w0f3wjoi68b63wv9vwon57 foreign key (user_account_id) references user_account (id)'. 
2022-03-21 17:44:38.651 DEBUG [acme.framework.components.database.DatabaseUtil@main] Executing script command 'alter table consumer add constraint FK_6cyha9f1wpj0dpbxrrjddrqed foreign key (user_account_id) references user_account (id)'. 
2022-03-21 17:44:38.672 DEBUG [acme.framework.components.database.DatabaseUtil@main] Executing script command 'alter table inventor add constraint FK_2upmsx50p5pou2l4uy8trxor6 foreign key (user_account_id) references user_account (id)'. 
2022-03-21 17:44:38.691 DEBUG [acme.framework.components.database.DatabaseUtil@main] Executing script command 'alter table part_of add constraint FKrqy6b4b1929c1guetqjkopvr3 foreign key (artifact_id) references artifact (id)'. 
2022-03-21 17:44:38.711 DEBUG [acme.framework.components.database.DatabaseUtil@main] Executing script command 'alter table part_of add constraint FK40hbgdo8yeso1s2jr0flura1d foreign key (toolkit_id) references tool_kit (id)'. 
2022-03-21 17:44:38.727 DEBUG [acme.framework.components.database.DatabaseUtil@main] Executing script command 'alter table patron add constraint FK_8xx5nujhuio3advxc2freyu65 foreign key (user_account_id) references user_account (id)'. 
2022-03-21 17:44:38.744 DEBUG [acme.framework.components.database.DatabaseUtil@main] Executing script command 'alter table patronage add constraint FKgkbt6mel1m6joiypsbc2ko6mi foreign key (inventor_id) references inventor (id)'. 
2022-03-21 17:44:38.762 DEBUG [acme.framework.components.database.DatabaseUtil@main] Executing script command 'alter table patronage add constraint FK7d5o2dlu1d9orplkn5g91lsgc foreign key (patron_id) references patron (id)'. 
2022-03-21 17:44:38.779 DEBUG [acme.framework.components.database.DatabaseUtil@main] Executing script command 'alter table patronage_report add constraint FKli7rh2qb2q6bjix6b8o2dpt41 foreign key (patronage_id) references patronage (id)'. 
2022-03-21 17:44:38.795 DEBUG [acme.framework.components.database.DatabaseUtil@main] Executing script command 'alter table provider add constraint FK_b1gwnjqm6ggy9yuiqm0o4rlmd foreign key (user_account_id) references user_account (id)'. 
2022-03-21 17:44:38.813 DEBUG [acme.framework.components.database.DatabaseUtil@main] Executing script command 'set foreign_key_checks=1'. 
2022-03-21 17:44:38.813 DEBUG [acme.framework.components.database.DatabaseUtil@main] Committing transaction '1311114255'. 
2022-03-21 17:44:38.815 INFO  [acme.framework.components.database.DatabasePopulator@main] Reading entities from 'classpath:/WEB-INF/resources/initial-data' 
2022-03-21 17:44:38.819 DEBUG [acme.framework.components.database.Dataset@main] Reading dataset from 'C:\Users\juanq\Desktop\Workspace-22.0\Projects\Acme-Toolkit\target\classes\WEB-INF\resources\initial-data\administrator.csv' 
2022-03-21 17:44:38.884 DEBUG [acme.framework.components.database.Dataset@main] Reading mapping '{key:user-account=user-account-administrator-01, key=administrator-01}' from 'C:\Users\juanq\Desktop\Workspace-22.0\Projects\Acme-Toolkit\target\classes\WEB-INF\resources\initial-data\administrator.csv' 
2022-03-21 17:44:38.885 DEBUG [acme.framework.components.database.Dataset@main] Reading dataset from 'C:\Users\juanq\Desktop\Workspace-22.0\Projects\Acme-Toolkit\target\classes\WEB-INF\resources\initial-data\anonymous.csv' 
2022-03-21 17:44:38.886 DEBUG [acme.framework.components.database.Dataset@main] Reading mapping '{key:user-account=user-account-anonymous-01, key=anonymous-01}' from 'C:\Users\juanq\Desktop\Workspace-22.0\Projects\Acme-Toolkit\target\classes\WEB-INF\resources\initial-data\anonymous.csv' 
2022-03-21 17:44:38.886 DEBUG [acme.framework.components.database.Dataset@main] Reading dataset from 'C:\Users\juanq\Desktop\Workspace-22.0\Projects\Acme-Toolkit\target\classes\WEB-INF\resources\initial-data\authenticated.csv' 
2022-03-21 17:44:38.886 DEBUG [acme.framework.components.database.Dataset@main] Reading mapping '{key:user-account=user-account-administrator-01, key=authenticated-administrator-01}' from 'C:\Users\juanq\Desktop\Workspace-22.0\Projects\Acme-Toolkit\target\classes\WEB-INF\resources\initial-data\authenticated.csv' 
2022-03-21 17:44:38.887 DEBUG [acme.framework.components.database.Dataset@main] Reading dataset from 'C:\Users\juanq\Desktop\Workspace-22.0\Projects\Acme-Toolkit\target\classes\WEB-INF\resources\initial-data\user-account.csv' 
2022-03-21 17:44:38.887 DEBUG [acme.framework.components.database.Dataset@main] Reading mapping '{password=HIDDEN-PASSWORD, identity=UserIdentity{name: 'John', surname: 'Doe', email: 'john.doe@acme.com'}, key=user-account-anonymous-01, enabled=false, username=anonymous}' from 'C:\Users\juanq\Desktop\Workspace-22.0\Projects\Acme-Toolkit\target\classes\WEB-INF\resources\initial-data\user-account.csv' 
2022-03-21 17:44:38.887 DEBUG [acme.framework.components.database.Dataset@main] Reading mapping '{password=administrator, identity=UserIdentity{name: 'Administrator', surname: 'Acme', email: 'administrator@acme.com'}, key=user-account-administrator-01, enabled=true, username=administrator}' from 'C:\Users\juanq\Desktop\Workspace-22.0\Projects\Acme-Toolkit\target\classes\WEB-INF\resources\initial-data\user-account.csv' 
2022-03-21 17:44:38.887 DEBUG [acme.framework.components.database.Dataset@main] Reading mapping '{password=inventor1, identity=UserIdentity{name: 'Inventor', surname: '1', email: 'inventor1@acme.com'}, key=user-account-inventor-01, enabled=true, username=inventor1}' from 'C:\Users\juanq\Desktop\Workspace-22.0\Projects\Acme-Toolkit\target\classes\WEB-INF\resources\initial-data\user-account.csv' 
2022-03-21 17:44:38.887 DEBUG [acme.framework.components.database.Dataset@main] Reading mapping '{password=inventor2, identity=UserIdentity{name: 'Inventor', surname: '2', email: 'inventor2@acme.com'}, key=user-account-inventor-02, enabled=true, username=inventor2}' from 'C:\Users\juanq\Desktop\Workspace-22.0\Projects\Acme-Toolkit\target\classes\WEB-INF\resources\initial-data\user-account.csv' 
2022-03-21 17:44:38.888 DEBUG [acme.framework.components.database.Dataset@main] Reading mapping '{password=patron1, identity=UserIdentity{name: 'Patron', surname: '1', email: 'patron1@acme.com'}, key=user-account-patron-01, enabled=true, username=patron1}' from 'C:\Users\juanq\Desktop\Workspace-22.0\Projects\Acme-Toolkit\target\classes\WEB-INF\resources\initial-data\user-account.csv' 
2022-03-21 17:44:38.888 DEBUG [acme.framework.components.database.Dataset@main] Reading mapping '{password=patron2, identity=UserIdentity{name: 'Patron', surname: '2', email: 'patron2@acme.com'}, key=user-account-patron-02, enabled=true, username=patron2}' from 'C:\Users\juanq\Desktop\Workspace-22.0\Projects\Acme-Toolkit\target\classes\WEB-INF\resources\initial-data\user-account.csv' 
2022-03-21 17:44:38.888 DEBUG [acme.framework.components.database.EntityWeb@main] Setting attributes of entities of class acme.framework.roles.Administrator 
2022-03-21 17:44:38.888 DEBUG [acme.framework.components.database.EntityWeb@main] Setting attributes of entities of class acme.framework.roles.Anonymous 
2022-03-21 17:44:38.888 DEBUG [acme.framework.components.database.EntityWeb@main] Setting attributes of entities of class acme.framework.roles.Authenticated 
2022-03-21 17:44:38.888 DEBUG [acme.framework.components.database.EntityWeb@main] Setting attributes of entities of class acme.framework.entities.UserAccount 
2022-03-21 17:44:39.048 DEBUG [acme.framework.components.database.EntityWeb@main] Linking entities of class acme.framework.roles.Administrator 
2022-03-21 17:44:39.052 DEBUG [acme.framework.components.database.EntityWeb@main] Linking entities of class acme.framework.roles.Anonymous 
2022-03-21 17:44:39.055 DEBUG [acme.framework.components.database.EntityWeb@main] Linking entities of class acme.framework.roles.Authenticated 
2022-03-21 17:44:39.057 DEBUG [acme.framework.components.database.EntityWeb@main] Linking entities of class acme.framework.entities.UserAccount 
2022-03-21 17:44:39.058 INFO  [acme.framework.components.database.DatabasePopulator@main] Reading entities from 'classpath:/WEB-INF/resources/sample-data' 
2022-03-21 17:44:39.058 DEBUG [acme.framework.components.database.Dataset@main] Reading dataset from 'C:\Users\juanq\Desktop\Workspace-22.0\Projects\Acme-Toolkit\target\classes\WEB-INF\resources\sample-data\announcement.csv' 
2022-03-21 17:44:39.059 DEBUG [acme.framework.components.database.Dataset@main] Reading mapping '{flag=true, link=https://www.example.com, creation-moment=2022/03/21 17:00, title=Announcement title, body= This is an announcement, key=announcement-01}' from 'C:\Users\juanq\Desktop\Workspace-22.0\Projects\Acme-Toolkit\target\classes\WEB-INF\resources\sample-data\announcement.csv' 
2022-03-21 17:44:39.059 DEBUG [acme.framework.components.database.Dataset@main] Reading mapping '{flag=false, link=https://www.example.com, creation-moment=2022/01/01 00:00, title=A, body=A, key=announcement-02}' from 'C:\Users\juanq\Desktop\Workspace-22.0\Projects\Acme-Toolkit\target\classes\WEB-INF\resources\sample-data\announcement.csv' 
2022-03-21 17:44:39.059 DEBUG [acme.framework.components.database.Dataset@main] Reading mapping '{flag=false, link=https://www.example.com, creation-moment=2021/12/31 23:59, title=Lorem ipsum dolor sit amet, consectetur adipiscing elit. Aenean non nisl tincidunt, facilisis lacu s, body=Lorem ipsum dolor sit amet, consectetur adipiscing elit. Aenean non nisl tincidunt, facilisis lacus id, euismod libero. Vestibulum cursus nunc odio, sit amet convallis dui fermentum et. Nullam odio erat, consectetur sed lobortis eget, mollis quis augue. M, key=announcement-03}' from 'C:\Users\juanq\Desktop\Workspace-22.0\Projects\Acme-Toolkit\target\classes\WEB-INF\resources\sample-data\announcement.csv' 
2022-03-21 17:44:39.059 DEBUG [acme.framework.components.database.Dataset@main] Reading dataset from 'C:\Users\juanq\Desktop\Workspace-22.0\Projects\Acme-Toolkit\target\classes\WEB-INF\resources\sample-data\artifact.csv' 
2022-03-21 17:44:39.060 DEBUG [acme.framework.components.database.Dataset@main] Reading mapping '{key:inventor=inventor-01, code=AAA-000-A, link=https://es.wikipedia.org/wiki/Artefacto, description=artifact, technology=Telecommunications, type=TOOL, retail-price=EUR 0.01, name=Artifact 1, key=artifact-01}' from 'C:\Users\juanq\Desktop\Workspace-22.0\Projects\Acme-Toolkit\target\classes\WEB-INF\resources\sample-data\artifact.csv' 
2022-03-21 17:44:39.060 DEBUG [acme.framework.components.database.Dataset@main] Reading mapping '{key:inventor=inventor-01, code=AAA-999-Z, link=null, description=Energy artifact, technology=Telecommunications, type=TOOL, retail-price=USD 1,000.45, name=This artifact name has the maximum amount of character which is 100 this is made for testing, key=artifact-02}' from 'C:\Users\juanq\Desktop\Workspace-22.0\Projects\Acme-Toolkit\target\classes\WEB-INF\resources\sample-data\artifact.csv' 
2022-03-21 17:44:39.060 DEBUG [acme.framework.components.database.Dataset@main] Reading mapping '{key:inventor=inventor-01, code=ABJ-556-V, link=https://es.wikipedia.org/wiki/Software, description=Medical artifact, technology=Telecommunications, type=COMPONENT, retail-price=GBP 123.45, name=A, key=artifact-03}' from 'C:\Users\juanq\Desktop\Workspace-22.0\Projects\Acme-Toolkit\target\classes\WEB-INF\resources\sample-data\artifact.csv' 
2022-03-21 17:44:39.060 DEBUG [acme.framework.components.database.Dataset@main] Reading mapping '{key:inventor=inventor-02, code=ZZZ-000-J, link=null, description=This artifact's description will add up to 155 characters in total to check the constraints work as intended so this text is just here to lengthen the stringAAAAAAAAAAAAAAAAAAAAAAAAAAAAAAAAAAAAAAAAAAAAAAAAAAAAAAAAAAAAAAAAAAAAAAAAAAAAAAAAAAAAAAAAAAAAAAAAAA, technology=Telecommunications, type=COMPONENT, retail-price=THB 999.45, name=Artifact 1, key=artifact-04}' from 'C:\Users\juanq\Desktop\Workspace-22.0\Projects\Acme-Toolkit\target\classes\WEB-INF\resources\sample-data\artifact.csv' 
2022-03-21 17:44:39.060 DEBUG [acme.framework.components.database.Dataset@main] Reading mapping '{key:inventor=inventor-01, code=ZZZ-999-A, link=null, description=Transportation artifact, technology=Transportation, type=COMPONENT, retail-price=EUR 10,000.01, name=Transportation truck with lenghty name, key=artifact-05}' from 'C:\Users\juanq\Desktop\Workspace-22.0\Projects\Acme-Toolkit\target\classes\WEB-INF\resources\sample-data\artifact.csv' 
2022-03-21 17:44:39.060 DEBUG [acme.framework.components.database.Dataset@main] Reading dataset from 'C:\Users\juanq\Desktop\Workspace-22.0\Projects\Acme-Toolkit\target\classes\WEB-INF\resources\sample-data\chirp.csv' 
2022-03-21 17:44:39.061 DEBUG [acme.framework.components.database.Dataset@main] Reading mapping '{author=Patron1, creation-moment=2022/03/21 16:00, title=Chirp 01, body=This is a test chirp, key=chirp-01, email=patron@acme.com}' from 'C:\Users\juanq\Desktop\Workspace-22.0\Projects\Acme-Toolkit\target\classes\WEB-INF\resources\sample-data\chirp.csv' 
2022-03-21 17:44:39.061 DEBUG [acme.framework.components.database.Dataset@main] Reading mapping '{author=Administrator, creation-moment=2022/01/01 00:00, title=New Chirp, body=This is a chirp created by an admin, key=chirp-02, email=administrator@acme.com}' from 'C:\Users\juanq\Desktop\Workspace-22.0\Projects\Acme-Toolkit\target\classes\WEB-INF\resources\sample-data\chirp.csv' 
2022-03-21 17:44:39.061 DEBUG [acme.framework.components.database.Dataset@main] Reading mapping '{author=C, creation-moment=2021/12/31 23:59, title=C, body=C, key=chirp-03, email=test@acme.com}' from 'C:\Users\juanq\Desktop\Workspace-22.0\Projects\Acme-Toolkit\target\classes\WEB-INF\resources\sample-data\chirp.csv' 
2022-03-21 17:44:39.061 DEBUG [acme.framework.components.database.Dataset@main] Reading mapping '{author=Lorem ipsum dolor sit amet, consectetur adipiscing elit. Aenean non nisl tincidunt, facilisis lacu s, creation-moment=2021/08/12 09:37, title=Lorem ipsum dolor sit amet, consectetur adipiscing elit. Aenean non nisl tincidunt, facilisis lacu s, body=Lorem ipsum dolor sit amet, consectetur adipiscing elit. Aenean non nisl tincidunt, facilisis lacus id, euismod libero. Vestibulum cursus nunc odio, sit amet convallis dui fermentum et. Nullam odio erat, consectetur sed lobortis eget, mollis quis augue. M, key=chirp-04, email=test@acme.com}' from 'C:\Users\juanq\Desktop\Workspace-22.0\Projects\Acme-Toolkit\target\classes\WEB-INF\resources\sample-data\chirp.csv' 
2022-03-21 17:44:39.061 DEBUG [acme.framework.components.database.Dataset@main] Reading dataset from 'C:\Users\juanq\Desktop\Workspace-22.0\Projects\Acme-Toolkit\target\classes\WEB-INF\resources\sample-data\consumer.csv' 
2022-03-21 17:44:39.062 DEBUG [acme.framework.components.database.Dataset@main] Reading mapping '{key:user-account=user-account-administrator-01, company=Macarena, Inc., sector=Telecommunications, key=consumer-01}' from 'C:\Users\juanq\Desktop\Workspace-22.0\Projects\Acme-Toolkit\target\classes\WEB-INF\resources\sample-data\consumer.csv' 
2022-03-21 17:44:39.062 DEBUG [acme.framework.components.database.Dataset@main] Reading dataset from 'C:\Users\juanq\Desktop\Workspace-22.0\Projects\Acme-Toolkit\target\classes\WEB-INF\resources\sample-data\inventor.csv' 
2022-03-21 17:44:39.062 DEBUG [acme.framework.components.database.Dataset@main] Reading mapping '{key:user-account=user-account-inventor-01, statement=Default statement, link=null, company=Macarena, Inc., key=inventor-01}' from 'C:\Users\juanq\Desktop\Workspace-22.0\Projects\Acme-Toolkit\target\classes\WEB-INF\resources\sample-data\inventor.csv' 
2022-03-21 17:44:39.062 DEBUG [acme.framework.components.database.Dataset@main] Reading mapping '{key:user-account=user-account-inventor-02, statement=Default statement, link=https://www.example.com, company=Acme Toolkit, Inc., key=inventor-02}' from 'C:\Users\juanq\Desktop\Workspace-22.0\Projects\Acme-Toolkit\target\classes\WEB-INF\resources\sample-data\inventor.csv' 
2022-03-21 17:44:39.063 DEBUG [acme.framework.components.database.Dataset@main] Reading dataset from 'C:\Users\juanq\Desktop\Workspace-22.0\Projects\Acme-Toolkit\target\classes\WEB-INF\resources\sample-data\part-of.csv' 
2022-03-21 17:44:39.063 DEBUG [acme.framework.components.database.Dataset@main] Reading mapping '{key:artifact=artifact-01, quantity=1, key:toolkit=toolkit-01, key=partOf-01}' from 'C:\Users\juanq\Desktop\Workspace-22.0\Projects\Acme-Toolkit\target\classes\WEB-INF\resources\sample-data\part-of.csv' 
2022-03-21 17:44:39.063 DEBUG [acme.framework.components.database.Dataset@main] Reading mapping '{key:artifact=artifact-03, quantity=2, key:toolkit=toolkit-01, key=partOf-02}' from 'C:\Users\juanq\Desktop\Workspace-22.0\Projects\Acme-Toolkit\target\classes\WEB-INF\resources\sample-data\part-of.csv' 
2022-03-21 17:44:39.063 DEBUG [acme.framework.components.database.Dataset@main] Reading mapping '{key:artifact=artifact-04, quantity=4, key:toolkit=toolkit-01, key=partOf-03}' from 'C:\Users\juanq\Desktop\Workspace-22.0\Projects\Acme-Toolkit\target\classes\WEB-INF\resources\sample-data\part-of.csv' 
2022-03-21 17:44:39.063 DEBUG [acme.framework.components.database.Dataset@main] Reading mapping '{key:artifact=artifact-04, quantity=1, key:toolkit=toolkit-02, key=partOf-04}' from 'C:\Users\juanq\Desktop\Workspace-22.0\Projects\Acme-Toolkit\target\classes\WEB-INF\resources\sample-data\part-of.csv' 
2022-03-21 17:44:39.063 DEBUG [acme.framework.components.database.Dataset@main] Reading mapping '{key:artifact=artifact-02, quantity=1, key:toolkit=toolkit-02, key=partOf-05}' from 'C:\Users\juanq\Desktop\Workspace-22.0\Projects\Acme-Toolkit\target\classes\WEB-INF\resources\sample-data\part-of.csv' 
2022-03-21 17:44:39.063 DEBUG [acme.framework.components.database.Dataset@main] Reading dataset from 'C:\Users\juanq\Desktop\Workspace-22.0\Projects\Acme-Toolkit\target\classes\WEB-INF\resources\sample-data\patron.csv' 
2022-03-21 17:44:39.064 DEBUG [acme.framework.components.database.Dataset@main] Reading mapping '{key:user-account=user-account-patron-01, statement=Default statement, link=https://www.example.com, company=Terra Nets, S.A., key=patron-01}' from 'C:\Users\juanq\Desktop\Workspace-22.0\Projects\Acme-Toolkit\target\classes\WEB-INF\resources\sample-data\patron.csv' 
2022-03-21 17:44:39.064 DEBUG [acme.framework.components.database.Dataset@main] Reading mapping '{key:user-account=user-account-patron-02, statement=Default statement, link=null, company=Acme Toolkit, S.A., key=patron-02}' from 'C:\Users\juanq\Desktop\Workspace-22.0\Projects\Acme-Toolkit\target\classes\WEB-INF\resources\sample-data\patron.csv' 
2022-03-21 17:44:39.064 DEBUG [acme.framework.components.database.Dataset@main] Reading dataset from 'C:\Users\juanq\Desktop\Workspace-22.0\Projects\Acme-Toolkit\target\classes\WEB-INF\resources\sample-data\patronage.csv' 
2022-03-21 17:44:39.064 DEBUG [acme.framework.components.database.Dataset@main] Reading mapping '{key:inventor=inventor-01, code=AAA-000-A, legal-stuff=a, finish-date=2025/08/25 22:15, link=http://www.example.com, start-date=2019/08/25 22:15, key:patron=patron-01, key=patronage-01, status=PROPOSED, budget=EUR 15,000.98}' from 'C:\Users\juanq\Desktop\Workspace-22.0\Projects\Acme-Toolkit\target\classes\WEB-INF\resources\sample-data\patronage.csv' 
2022-03-21 17:44:39.065 DEBUG [acme.framework.components.database.Dataset@main] Reading mapping '{key:inventor=inventor-01, code=AAA-000-A, legal-stuff=b, finish-date=2035/07/26 12:25, link=http://www.example2.com, start-date=2000/06/25 22:15, key:patron=patron-02, key=patronage-02, status=ACCPETED, budget=EUR 16,000.69}' from 'C:\Users\juanq\Desktop\Workspace-22.0\Projects\Acme-Toolkit\target\classes\WEB-INF\resources\sample-data\patronage.csv' 
2022-03-21 17:44:39.065 DEBUG [acme.framework.components.database.Dataset@main] Reading mapping '{key:inventor=inventor-02, code=AAA-000-A, legal-stuff=c, finish-date=2135/03/22 11:28, link=http://www.example3.com, start-date=2003/05/23 21:18, key:patron=patron-01, key=patronage-03, status=DENIED, budget=EUR 17,069.69}' from 'C:\Users\juanq\Desktop\Workspace-22.0\Projects\Acme-Toolkit\target\classes\WEB-INF\resources\sample-data\patronage.csv' 
2022-03-21 17:44:39.065 DEBUG [acme.framework.components.database.Dataset@main] Reading dataset from 'C:\Users\juanq\Desktop\Workspace-22.0\Projects\Acme-Toolkit\target\classes\WEB-INF\resources\sample-data\patronageReport.csv' 
2022-03-21 17:44:39.065 DEBUG [acme.framework.components.database.Dataset@main] Reading mapping '{sequenceNumber=0001, key:patronage=patronage-01, creationMoment=2019/08/25 22:15, link=http://www.example.com, memorandum=a, key=patronageReport-01}' from 'C:\Users\juanq\Desktop\Workspace-22.0\Projects\Acme-Toolkit\target\classes\WEB-INF\resources\sample-data\patronageReport.csv' 
2022-03-21 17:44:39.066 DEBUG [acme.framework.components.database.Dataset@main] Reading mapping '{sequenceNumber=0002, key:patronage=patronage-02, creationMoment=2014/06/25 12:25, link=http://www.example2.com, memorandum=business, key=patronageReport-02}' from 'C:\Users\juanq\Desktop\Workspace-22.0\Projects\Acme-Toolkit\target\classes\WEB-INF\resources\sample-data\patronageReport.csv' 
2022-03-21 17:44:39.066 DEBUG [acme.framework.components.database.Dataset@main] Reading dataset from 'C:\Users\juanq\Desktop\Workspace-22.0\Projects\Acme-Toolkit\target\classes\WEB-INF\resources\sample-data\provider.csv' 
2022-03-21 17:44:39.066 DEBUG [acme.framework.components.database.Dataset@main] Reading mapping '{key:user-account=user-account-administrator-01, company=Terra Nets, S.A., sector=Internet, key=provider-01}' from 'C:\Users\juanq\Desktop\Workspace-22.0\Projects\Acme-Toolkit\target\classes\WEB-INF\resources\sample-data\provider.csv' 
2022-03-21 17:44:39.067 DEBUG [acme.framework.components.database.Dataset@main] Reading dataset from 'C:\Users\juanq\Desktop\Workspace-22.0\Projects\Acme-Toolkit\target\classes\WEB-INF\resources\sample-data\system-setting.csv' 
2022-03-21 17:44:39.067 DEBUG [acme.framework.components.database.Dataset@main] Reading mapping '{strong-spam-threshold=10, weak-spam=sexy,nigeria,youve won,one million,has ganado,un milln, weak-spam-threshold=25, default-currency=EUR, accepted-currencies=EUR,USD,GBP, key=system-setting-01, strong-spam=cialis,viagra,hard core,sex,duro,sexo}' from 'C:\Users\juanq\Desktop\Workspace-22.0\Projects\Acme-Toolkit\target\classes\WEB-INF\resources\sample-data\system-setting.csv' 
2022-03-21 17:44:39.068 DEBUG [acme.framework.components.database.Dataset@main] Reading dataset from 'C:\Users\juanq\Desktop\Workspace-22.0\Projects\Acme-Toolkit\target\classes\WEB-INF\resources\sample-data\tool-kit.csv' 
2022-03-21 17:44:39.071 DEBUG [acme.framework.components.database.Dataset@main] Reading mapping '{code=AAA-000-P, assembly-notes=Assembly notes for toolkit number 1, link=https://es.wikipedia.org/wiki/Artefacto, description=This is the first toolkit, title=Toolkit 1, key=toolkit-01}' from 'C:\Users\juanq\Desktop\Workspace-22.0\Projects\Acme-Toolkit\target\classes\WEB-INF\resources\sample-data\tool-kit.csv' 
2022-03-21 17:44:39.071 DEBUG [acme.framework.components.database.Dataset@main] Reading mapping '{code=ZZZ-999-A, assembly-notes=Assembly notes for toolkit number 2, link=null, description=This artifact's description will add up to 155 characters in total to check the constraints work as intended so this text is just here to lengthen the stringAAAAAAAAAAAAAAAAAAAAAAAAAAAAAAAAAAAAAAAAAAAAAAAAAAAAAAAAAAAAAAAAAAAAAAAAAAAAAAAAAAAAAAAAAAAAAAAAAA, title=Toolkit 2, key=toolkit-02}' from 'C:\Users\juanq\Desktop\Workspace-22.0\Projects\Acme-Toolkit\target\classes\WEB-INF\resources\sample-data\tool-kit.csv' 
2022-03-21 17:44:39.072 DEBUG [acme.framework.components.database.Dataset@main] Reading mapping '{code=QXA-001-Z, assembly-notes=Assembly notes for toolkit number 1, link=null, description=This is the first toolkit, title=toolkit long 100 length string titleAAAAAAAAAAAAAAAAAAAAAAAAAAAAAAAAAAAAAAAAAAAAAAAAAAAAAAAAAAAAAAAA, key=toolkit-03}' from 'C:\Users\juanq\Desktop\Workspace-22.0\Projects\Acme-Toolkit\target\classes\WEB-INF\resources\sample-data\tool-kit.csv' 
2022-03-21 17:44:39.072 DEBUG [acme.framework.components.database.Dataset@main] Reading mapping '{code=AKL-869-A, assembly-notes=Assembly notes for toolkit number 5, link=https://www.areatecnologia.com/informatica/que-es-software.html, description=This is the first toolkit, title=Toolkit 4, key=toolkit-04}' from 'C:\Users\juanq\Desktop\Workspace-22.0\Projects\Acme-Toolkit\target\classes\WEB-INF\resources\sample-data\tool-kit.csv' 
2022-03-21 17:44:39.072 DEBUG [acme.framework.components.database.EntityWeb@main] Setting attributes of entities of class acme.entities.announcement.Announcement 
2022-03-21 17:44:39.079 DEBUG [acme.framework.configuration.ExtendedMessageSource@main] Loading properties [C:\Users\juanq\Desktop\Workspace-22.0\Projects\Acme-Toolkit\target\classes\WEB-INF\views\administrator\user-account\messages-en.i18n] with encoding 'utf-8' 
2022-03-21 17:44:39.081 DEBUG [acme.framework.configuration.ExtendedMessageSource@main] Loading properties [C:\Users\juanq\Desktop\Workspace-22.0\Projects\Acme-Toolkit\target\classes\WEB-INF\views\anonymous\user-account\messages-en.i18n] with encoding 'utf-8' 
2022-03-21 17:44:39.082 DEBUG [acme.framework.configuration.ExtendedMessageSource@main] Loading properties [C:\Users\juanq\Desktop\Workspace-22.0\Projects\Acme-Toolkit\target\classes\WEB-INF\views\authenticated\consumer\messsages-en.i18n] with encoding 'utf-8' 
2022-03-21 17:44:39.082 DEBUG [acme.framework.configuration.ExtendedMessageSource@main] Loading properties [C:\Users\juanq\Desktop\Workspace-22.0\Projects\Acme-Toolkit\target\classes\WEB-INF\views\authenticated\provider\messsages-en.i18n] with encoding 'utf-8' 
2022-03-21 17:44:39.083 DEBUG [acme.framework.configuration.ExtendedMessageSource@main] Loading properties [C:\Users\juanq\Desktop\Workspace-22.0\Projects\Acme-Toolkit\target\classes\WEB-INF\views\authenticated\user-account\messages-en.i18n] with encoding 'utf-8' 
2022-03-21 17:44:39.083 DEBUG [acme.framework.configuration.ExtendedMessageSource@main] Loading properties [C:\Users\juanq\Desktop\Workspace-22.0\Projects\Acme-Toolkit\target\classes\WEB-INF\views\fragments\banner-en.i18n] with encoding 'utf-8' 
2022-03-21 17:44:39.083 DEBUG [acme.framework.configuration.ExtendedMessageSource@main] Loading properties [C:\Users\juanq\Desktop\Workspace-22.0\Projects\Acme-Toolkit\target\classes\WEB-INF\views\fragments\company-en.i18n] with encoding 'utf-8' 
2022-03-21 17:44:39.084 DEBUG [acme.framework.configuration.ExtendedMessageSource@main] Loading properties [C:\Users\juanq\Desktop\Workspace-22.0\Projects\Acme-Toolkit\target\classes\WEB-INF\views\fragments\footer-en.i18n] with encoding 'utf-8' 
2022-03-21 17:44:39.084 DEBUG [acme.framework.configuration.ExtendedMessageSource@main] Loading properties [C:\Users\juanq\Desktop\Workspace-22.0\Projects\Acme-Toolkit\target\classes\WEB-INF\views\fragments\license-en.i18n] with encoding 'utf-8' 
2022-03-21 17:44:39.085 DEBUG [acme.framework.configuration.ExtendedMessageSource@main] Loading properties [C:\Users\juanq\Desktop\Workspace-22.0\Projects\Acme-Toolkit\target\classes\WEB-INF\views\fragments\menu-en.i18n] with encoding 'utf-8' 
2022-03-21 17:44:39.085 DEBUG [acme.framework.configuration.ExtendedMessageSource@main] Loading properties [C:\Users\juanq\Desktop\Workspace-22.0\Projects\Acme-Toolkit\target\classes\WEB-INF\views\fragments\messsages-en.i18n] with encoding 'utf-8' 
2022-03-21 17:44:39.086 DEBUG [acme.framework.configuration.ExtendedMessageSource@main] Loading properties [C:\Users\juanq\Desktop\Workspace-22.0\Projects\Acme-Toolkit\target\classes\WEB-INF\views\fragments\title-en.i18n] with encoding 'utf-8' 
2022-03-21 17:44:39.086 DEBUG [acme.framework.configuration.ExtendedMessageSource@main] Loading properties [C:\Users\juanq\Desktop\Workspace-22.0\Projects\Acme-Toolkit\target\classes\WEB-INF\views\fragments\welcome-en.i18n] with encoding 'utf-8' 
2022-03-21 17:44:39.087 DEBUG [acme.framework.configuration.ExtendedMessageSource@main] Loading properties [C:\Users\juanq\Desktop\Workspace-22.0\Projects\Acme-Toolkit\target\classes\WEB-INF\views\master\defaults-en.i18n] with encoding 'utf-8' 
2022-03-21 17:44:39.087 DEBUG [acme.framework.configuration.ExtendedMessageSource@main] Loading properties [C:\Users\juanq\Desktop\Workspace-22.0\Projects\Acme-Toolkit\target\classes\WEB-INF\views\master\master-en.i18n] with encoding 'utf-8' 
2022-03-21 17:44:39.088 DEBUG [acme.framework.configuration.ExtendedMessageSource@main] Loading properties [C:\Users\juanq\Desktop\Workspace-22.0\Projects\Acme-Toolkit\target\classes\WEB-INF\views\master\throwables-en.i18n] with encoding 'utf-8' 
2022-03-21 17:44:39.088 DEBUG [acme.framework.configuration.ExtendedMessageSource@main] Loading properties [C:\Users\juanq\Desktop\Workspace-22.0\Projects\Acme-Toolkit\target\classes\WEB-INF\views\master\validation-en.i18n] with encoding 'utf-8' 
2022-03-21 17:44:39.091 DEBUG [acme.framework.components.database.EntityWeb@main] Setting attributes of entities of class acme.systemSetting.SystemSetting 
2022-03-21 17:44:39.096 DEBUG [acme.framework.components.database.EntityWeb@main] Setting attributes of entities of class acme.roles.Inventor 
2022-03-21 17:44:39.103 DEBUG [acme.framework.components.database.EntityWeb@main] Setting attributes of entities of class acme.roles.Provider 
2022-03-21 17:44:39.107 DEBUG [acme.framework.components.database.EntityWeb@main] Setting attributes of entities of class acme.roles.Patron 
2022-03-21 17:44:39.111 DEBUG [acme.framework.components.database.EntityWeb@main] Setting attributes of entities of class acme.artifact.ToolKit 
2022-03-21 17:44:39.115 DEBUG [acme.framework.components.database.EntityWeb@main] Setting attributes of entities of class acme.roles.Consumer 
2022-03-21 17:44:39.119 DEBUG [acme.framework.components.database.EntityWeb@main] Setting attributes of entities of class acme.entities.patronage.Patronage 
2022-03-21 17:44:39.127 DEBUG [acme.framework.components.database.EntityWeb@main] Setting attributes of entities of class acme.artifact.Artifact 
2022-03-21 17:44:39.132 DEBUG [acme.framework.components.database.EntityWeb@main] Setting attributes of entities of class acme.entities.patronage.PatronageReport 
2022-03-21 17:44:39.140 DEBUG [acme.framework.components.database.EntityWeb@main] Setting attributes of entities of class acme.artifact.PartOf 
2022-03-21 17:44:39.143 DEBUG [acme.framework.components.database.EntityWeb@main] Setting attributes of entities of class acme.entities.chirp.Chirp 
2022-03-21 17:44:39.147 DEBUG [acme.framework.components.database.EntityWeb@main] Linking entities of class acme.entities.announcement.Announcement 
2022-03-21 17:44:39.147 DEBUG [acme.framework.components.database.EntityWeb@main] Linking entities of class acme.systemSetting.SystemSetting 
2022-03-21 17:44:39.147 DEBUG [acme.framework.components.database.EntityWeb@main] Linking entities of class acme.roles.Inventor 
2022-03-21 17:44:39.147 DEBUG [acme.framework.components.database.EntityWeb@main] Linking entities of class acme.roles.Provider 
2022-03-21 17:44:39.147 DEBUG [acme.framework.components.database.EntityWeb@main] Linking entities of class acme.roles.Patron 
2022-03-21 17:44:39.148 DEBUG [acme.framework.components.database.EntityWeb@main] Linking entities of class acme.artifact.ToolKit 
2022-03-21 17:44:39.148 DEBUG [acme.framework.components.database.EntityWeb@main] Linking entities of class acme.roles.Consumer 
2022-03-21 17:44:39.148 DEBUG [acme.framework.components.database.EntityWeb@main] Linking entities of class acme.entities.patronage.Patronage 
2022-03-21 17:44:39.148 DEBUG [acme.framework.components.database.EntityWeb@main] Linking entities of class acme.artifact.Artifact 
2022-03-21 17:44:39.149 DEBUG [acme.framework.components.database.EntityWeb@main] Linking entities of class acme.entities.patronage.PatronageReport 
2022-03-21 17:44:39.149 DEBUG [acme.framework.components.database.EntityWeb@main] Linking entities of class acme.artifact.PartOf 
2022-03-21 17:44:39.149 DEBUG [acme.framework.components.database.EntityWeb@main] Linking entities of class acme.entities.chirp.Chirp 
2022-03-21 17:44:39.150 INFO  [acme.framework.components.database.DatabasePopulator@main] Validating your entities 
2022-03-21 17:44:39.210 DEBUG [acme.framework.components.database.DatabasePopulator@main] Validating 'acme.entities.announcement.Announcement@announcement-03' ... PASS 
2022-03-21 17:44:39.211 DEBUG [acme.framework.components.database.DatabasePopulator@main] Validating 'acme.entities.announcement.Announcement@announcement-02' ... PASS 
2022-03-21 17:44:39.252 DEBUG [acme.framework.components.database.DatabasePopulator@main] Validating 'acme.artifact.Artifact@artifact-05' ... PASS 
2022-03-21 17:44:39.259 DEBUG [acme.framework.components.database.DatabasePopulator@main] Validating 'acme.artifact.PartOf@partOf-04' ... PASS 
2022-03-21 17:44:39.260 DEBUG [acme.framework.components.database.DatabasePopulator@main] Validating 'acme.artifact.PartOf@partOf-03' ... PASS 
2022-03-21 17:44:39.262 DEBUG [acme.framework.components.database.DatabasePopulator@main] Validating 'acme.artifact.PartOf@partOf-02' ... PASS 
2022-03-21 17:44:39.264 DEBUG [acme.framework.components.database.DatabasePopulator@main] Validating 'acme.artifact.PartOf@partOf-01' ... PASS 
2022-03-21 17:44:39.265 DEBUG [acme.framework.components.database.DatabasePopulator@main] Validating 'acme.framework.entities.UserAccount@user-account-administrator-01' ... PASS 
2022-03-21 17:44:39.267 DEBUG [acme.framework.components.database.DatabasePopulator@main] Validating 'acme.artifact.PartOf@partOf-05' ... PASS 
2022-03-21 17:44:39.274 DEBUG [acme.framework.components.database.DatabasePopulator@main] Validating 'acme.roles.Patron@patron-01' ... PASS 
2022-03-21 17:44:39.277 DEBUG [acme.framework.components.database.DatabasePopulator@main] Validating 'acme.entities.chirp.Chirp@chirp-04' ... PASS 
2022-03-21 17:44:39.280 DEBUG [acme.framework.components.database.DatabasePopulator@main] Validating 'acme.roles.Provider@provider-01' ... PASS 
2022-03-21 17:44:39.280 DEBUG [acme.framework.components.database.DatabasePopulator@main] Validating 'acme.roles.Patron@patron-02' ... PASS 
2022-03-21 17:44:39.297 DEBUG [acme.framework.configuration.ExtendedMessageSource@main] Loading properties [C:\Users\juanq\Desktop\Workspace-22.0\Projects\Acme-Toolkit\target\classes\WEB-INF\views\administrator\user-account\messages-en.i18n] with encoding 'utf-8' 
2022-03-21 17:44:39.297 DEBUG [acme.framework.configuration.ExtendedMessageSource@main] Loading properties [C:\Users\juanq\Desktop\Workspace-22.0\Projects\Acme-Toolkit\target\classes\WEB-INF\views\anonymous\user-account\messages-en.i18n] with encoding 'utf-8' 
2022-03-21 17:44:39.298 DEBUG [acme.framework.configuration.ExtendedMessageSource@main] Loading properties [C:\Users\juanq\Desktop\Workspace-22.0\Projects\Acme-Toolkit\target\classes\WEB-INF\views\authenticated\consumer\messsages-en.i18n] with encoding 'utf-8' 
2022-03-21 17:44:39.298 DEBUG [acme.framework.configuration.ExtendedMessageSource@main] Loading properties [C:\Users\juanq\Desktop\Workspace-22.0\Projects\Acme-Toolkit\target\classes\WEB-INF\views\authenticated\provider\messsages-en.i18n] with encoding 'utf-8' 
2022-03-21 17:44:39.298 DEBUG [acme.framework.configuration.ExtendedMessageSource@main] Loading properties [C:\Users\juanq\Desktop\Workspace-22.0\Projects\Acme-Toolkit\target\classes\WEB-INF\views\authenticated\user-account\messages-en.i18n] with encoding 'utf-8' 
2022-03-21 17:44:39.298 DEBUG [acme.framework.configuration.ExtendedMessageSource@main] Loading properties [C:\Users\juanq\Desktop\Workspace-22.0\Projects\Acme-Toolkit\target\classes\WEB-INF\views\fragments\banner-en.i18n] with encoding 'utf-8' 
2022-03-21 17:44:39.299 DEBUG [acme.framework.configuration.ExtendedMessageSource@main] Loading properties [C:\Users\juanq\Desktop\Workspace-22.0\Projects\Acme-Toolkit\target\classes\WEB-INF\views\fragments\company-en.i18n] with encoding 'utf-8' 
2022-03-21 17:44:39.299 DEBUG [acme.framework.configuration.ExtendedMessageSource@main] Loading properties [C:\Users\juanq\Desktop\Workspace-22.0\Projects\Acme-Toolkit\target\classes\WEB-INF\views\fragments\footer-en.i18n] with encoding 'utf-8' 
2022-03-21 17:44:39.299 DEBUG [acme.framework.configuration.ExtendedMessageSource@main] Loading properties [C:\Users\juanq\Desktop\Workspace-22.0\Projects\Acme-Toolkit\target\classes\WEB-INF\views\fragments\license-en.i18n] with encoding 'utf-8' 
2022-03-21 17:44:39.300 DEBUG [acme.framework.configuration.ExtendedMessageSource@main] Loading properties [C:\Users\juanq\Desktop\Workspace-22.0\Projects\Acme-Toolkit\target\classes\WEB-INF\views\fragments\menu-en.i18n] with encoding 'utf-8' 
2022-03-21 17:44:39.303 DEBUG [acme.framework.configuration.ExtendedMessageSource@main] Loading properties [C:\Users\juanq\Desktop\Workspace-22.0\Projects\Acme-Toolkit\target\classes\WEB-INF\views\fragments\messsages-en.i18n] with encoding 'utf-8' 
2022-03-21 17:44:39.303 DEBUG [acme.framework.configuration.ExtendedMessageSource@main] Loading properties [C:\Users\juanq\Desktop\Workspace-22.0\Projects\Acme-Toolkit\target\classes\WEB-INF\views\fragments\title-en.i18n] with encoding 'utf-8' 
2022-03-21 17:44:39.304 DEBUG [acme.framework.configuration.ExtendedMessageSource@main] Loading properties [C:\Users\juanq\Desktop\Workspace-22.0\Projects\Acme-Toolkit\target\classes\WEB-INF\views\fragments\welcome-en.i18n] with encoding 'utf-8' 
2022-03-21 17:44:39.304 DEBUG [acme.framework.configuration.ExtendedMessageSource@main] Loading properties [C:\Users\juanq\Desktop\Workspace-22.0\Projects\Acme-Toolkit\target\classes\WEB-INF\views\master\defaults-en.i18n] with encoding 'utf-8' 
2022-03-21 17:44:39.305 DEBUG [acme.framework.configuration.ExtendedMessageSource@main] Loading properties [C:\Users\juanq\Desktop\Workspace-22.0\Projects\Acme-Toolkit\target\classes\WEB-INF\views\master\master-en.i18n] with encoding 'utf-8' 
2022-03-21 17:44:39.305 DEBUG [acme.framework.configuration.ExtendedMessageSource@main] Loading properties [C:\Users\juanq\Desktop\Workspace-22.0\Projects\Acme-Toolkit\target\classes\WEB-INF\views\master\throwables-en.i18n] with encoding 'utf-8' 
2022-03-21 17:44:39.306 DEBUG [acme.framework.configuration.ExtendedMessageSource@main] Loading properties [C:\Users\juanq\Desktop\Workspace-22.0\Projects\Acme-Toolkit\target\classes\WEB-INF\views\master\validation-en.i18n] with encoding 'utf-8' 
2022-03-21 17:44:39.312 ERROR [acme.framework.components.database.DatabasePopulator@main] Validating 'patronage-01' ... FAILED 
2022-03-21 17:44:39.313 ERROR [acme.framework.components.database.DatabasePopulator@main] Errors on entity acme.entities.patronage.Patronage@patronage-01: 'code' - Must match pattern "^(A-Z)(3)-(0,9)(3)(-(A-Z)?$)" 
2022-03-21 17:44:39.313 ERROR [acme.Launcher@main] acme.framework.components.database.DatabasePopulator.validate(DatabasePopulator.java:210): Errors on entity acme.entities.patronage.Patronage@patronage-01: 'code' - Must match pattern "^(A-Z)(3)-(0,9)(3)(-(A-Z)?$)" 
2022-03-21 17:44:39.313 INFO  [acme.Launcher@main] The application log provides additional debugging messages! 
2022-03-21 17:44:40.458 INFO  [acme.framework.configuration.ShutdownConfiguration@main] The system is shutting down... 
2022-03-21 17:44:40.472 DEBUG [acme.Launcher@main] Exit code = 0 
